{"/Users/nicolasbaranowski/Documents/companyOS/components/Button.stories.tsx": {"path":"/Users/nicolasbaranowski/Documents/companyOS/components/Button.stories.tsx","statementMap":{"0":{"start":{"line":40,"column":13},"end":{"line":40,"column":18}},"1":{"start":{"line":26,"column":13},"end":{"line":26,"column":20}},"2":{"start":{"line":33,"column":13},"end":{"line":33,"column":22}},"3":{"start":{"line":47,"column":13},"end":{"line":47,"column":18}},"4":{"start":{"line":23,"column":0},"end":{"line":23,"column":15}},"5":{"start":{"line":2,"column":19},"end":{"line":2,"column":null}},"6":{"start":{"line":4,"column":34},"end":{"line":21,"column":null}},"7":{"start":{"line":23,"column":15},"end":{"line":23,"column":20}},"8":{"start":{"line":26,"column":30},"end":{"line":31,"column":null}},"9":{"start":{"line":33,"column":32},"end":{"line":38,"column":null}},"10":{"start":{"line":40,"column":28},"end":{"line":45,"column":null}},"11":{"start":{"line":47,"column":28},"end":{"line":52,"column":null}}},"fnMap":{},"branchMap":{},"s":{"0":0,"1":0,"2":0,"3":0,"4":0,"5":0,"6":0,"7":0,"8":0,"9":0,"10":0,"11":0},"f":{},"b":{}}
,"/Users/nicolasbaranowski/Documents/companyOS/components/Button.tsx": {"path":"/Users/nicolasbaranowski/Documents/companyOS/components/Button.tsx","statementMap":{"0":{"start":{"line":35,"column":0},"end":{"line":35,"column":15}},"1":{"start":{"line":1,"column":18},"end":{"line":1,"column":null}},"2":{"start":{"line":8,"column":38},"end":{"line":33,"column":null}},"3":{"start":{"line":15,"column":22},"end":{"line":15,"column":null}},"4":{"start":{"line":16,"column":25},"end":{"line":19,"column":null}},"5":{"start":{"line":20,"column":22},"end":{"line":24,"column":null}},"6":{"start":{"line":26,"column":18},"end":{"line":26,"column":95}},"7":{"start":{"line":35,"column":15},"end":{"line":35,"column":null}}},"fnMap":{"0":{"name":"(anonymous_2)","decl":{"start":{"line":8,"column":38},"end":{"line":8,"column":39}},"loc":{"start":{"line":14,"column":1},"end":{"line":33,"column":null}}}},"branchMap":{"0":{"loc":{"start":{"line":10,"column":2},"end":{"line":10,"column":21}},"type":"default-arg","locations":[{"start":{"line":10,"column":12},"end":{"line":10,"column":21}}]},"1":{"loc":{"start":{"line":11,"column":2},"end":{"line":11,"column":17}},"type":"default-arg","locations":[{"start":{"line":11,"column":9},"end":{"line":11,"column":17}}]},"2":{"loc":{"start":{"line":12,"column":2},"end":{"line":12,"column":16}},"type":"default-arg","locations":[{"start":{"line":12,"column":14},"end":{"line":12,"column":16}}]}},"s":{"0":12,"1":2,"2":2,"3":12,"4":12,"5":12,"6":12,"7":2},"f":{"0":12},"b":{"0":[11],"1":[11],"2":[10]}}
,"/Users/nicolasbaranowski/Documents/companyOS/components/KanbanBoard.tsx": {"path":"/Users/nicolasbaranowski/Documents/companyOS/components/KanbanBoard.tsx","statementMap":{"0":{"start":{"line":14,"column":13},"end":{"line":14,"column":55}},"1":{"start":{"line":1,"column":32},"end":{"line":1,"column":null}},"2":{"start":{"line":14,"column":55},"end":{"line":54,"column":null}},"3":{"start":{"line":15,"column":38},"end":{"line":15,"column":null}},"4":{"start":{"line":17,"column":18},"end":{"line":21,"column":null}},"5":{"start":{"line":23,"column":27},"end":{"line":25,"column":null}},"6":{"start":{"line":24,"column":4},"end":{"line":24,"column":null}},"7":{"start":{"line":24,"column":37},"end":{"line":24,"column":null}},"8":{"start":{"line":30,"column":8},"end":{"line":31,"column":null}},"9":{"start":{"line":39,"column":14},"end":{"line":40,"column":null}}},"fnMap":{"0":{"name":"(anonymous_4)","decl":{"start":{"line":14,"column":55},"end":{"line":14,"column":56}},"loc":{"start":{"line":14,"column":70},"end":{"line":54,"column":null}}},"1":{"name":"(anonymous_5)","decl":{"start":{"line":23,"column":27},"end":{"line":23,"column":28}},"loc":{"start":{"line":23,"column":28},"end":{"line":25,"column":null}}},"2":{"name":"(anonymous_6)","decl":{"start":{"line":24,"column":29},"end":{"line":24,"column":37}},"loc":{"start":{"line":24,"column":37},"end":{"line":24,"column":null}}},"3":{"name":"(anonymous_7)","decl":{"start":{"line":29,"column":19},"end":{"line":29,"column":null}},"loc":{"start":{"line":30,"column":8},"end":{"line":31,"column":null}}},"4":{"name":"(anonymous_8)","decl":{"start":{"line":38,"column":45},"end":{"line":38,"column":null}},"loc":{"start":{"line":39,"column":14},"end":{"line":40,"column":null}}}},"branchMap":{"0":{"loc":{"start":{"line":14,"column":58},"end":{"line":14,"column":68}},"type":"default-arg","locations":[{"start":{"line":14,"column":66},"end":{"line":14,"column":68}}]}},"s":{"0":3,"1":2,"2":2,"3":3,"4":3,"5":3,"6":9,"7":18,"8":9,"9":6},"f":{"0":3,"1":9,"2":18,"3":9,"4":6},"b":{"0":[0]}}
,"/Users/nicolasbaranowski/Documents/companyOS/components/Modal.tsx": {"path":"/Users/nicolasbaranowski/Documents/companyOS/components/Modal.tsx","statementMap":{"0":{"start":{"line":11,"column":13},"end":{"line":11,"column":43}},"1":{"start":{"line":1,"column":18},"end":{"line":1,"column":null}},"2":{"start":{"line":11,"column":43},"end":{"line":62,"column":null}},"3":{"start":{"line":18,"column":2},"end":{"line":18,"column":null}},"4":{"start":{"line":18,"column":15},"end":{"line":18,"column":null}},"5":{"start":{"line":20,"column":22},"end":{"line":24,"column":null}}},"fnMap":{"0":{"name":"(anonymous_2)","decl":{"start":{"line":11,"column":43},"end":{"line":11,"column":44}},"loc":{"start":{"line":17,"column":1},"end":{"line":62,"column":null}}}},"branchMap":{"0":{"loc":{"start":{"line":16,"column":2},"end":{"line":16,"column":13}},"type":"default-arg","locations":[{"start":{"line":16,"column":9},"end":{"line":16,"column":13}}]},"1":{"loc":{"start":{"line":18,"column":2},"end":{"line":18,"column":null}},"type":"if","locations":[{"start":{"line":18,"column":2},"end":{"line":18,"column":null}}]}},"s":{"0":6,"1":2,"2":2,"3":6,"4":1,"5":5},"f":{"0":6},"b":{"0":[4],"1":[1]}}
,"/Users/nicolasbaranowski/Documents/companyOS/lib/mongodb.ts": {"path":"/Users/nicolasbaranowski/Documents/companyOS/lib/mongodb.ts","statementMap":{"0":{"start":{"line":47,"column":0},"end":{"line":47,"column":15}},"1":{"start":{"line":3,"column":21},"end":{"line":3,"column":null}},"2":{"start":{"line":5,"column":20},"end":{"line":5,"column":43}},"3":{"start":{"line":7,"column":0},"end":{"line":9,"column":null}},"4":{"start":{"line":8,"column":2},"end":{"line":8,"column":null}},"5":{"start":{"line":16,"column":13},"end":{"line":16,"column":37}},"6":{"start":{"line":18,"column":0},"end":{"line":20,"column":null}},"7":{"start":{"line":19,"column":2},"end":{"line":19,"column":null}},"8":{"start":{"line":23,"column":2},"end":{"line":25,"column":null}},"9":{"start":{"line":24,"column":4},"end":{"line":24,"column":null}},"10":{"start":{"line":27,"column":2},"end":{"line":35,"column":null}},"11":{"start":{"line":28,"column":17},"end":{"line":30,"column":null}},"12":{"start":{"line":32,"column":4},"end":{"line":34,"column":null}},"13":{"start":{"line":33,"column":6},"end":{"line":33,"column":null}},"14":{"start":{"line":37,"column":2},"end":{"line":42,"column":null}},"15":{"start":{"line":38,"column":4},"end":{"line":38,"column":null}},"16":{"start":{"line":40,"column":4},"end":{"line":40,"column":null}},"17":{"start":{"line":41,"column":4},"end":{"line":41,"column":null}},"18":{"start":{"line":44,"column":2},"end":{"line":44,"column":null}},"19":{"start":{"line":47,"column":15},"end":{"line":47,"column":null}}},"fnMap":{"0":{"name":"dbConnect","decl":{"start":{"line":22,"column":15},"end":{"line":22,"column":null}},"loc":{"start":{"line":22,"column":15},"end":{"line":45,"column":null}}},"1":{"name":"(anonymous_3)","decl":{"start":{"line":32,"column":62},"end":{"line":32,"column":63}},"loc":{"start":{"line":32,"column":63},"end":{"line":34,"column":null}}}},"branchMap":{"0":{"loc":{"start":{"line":7,"column":0},"end":{"line":9,"column":null}},"type":"if","locations":[{"start":{"line":7,"column":0},"end":{"line":9,"column":null}}]},"1":{"loc":{"start":{"line":18,"column":0},"end":{"line":20,"column":null}},"type":"if","locations":[{"start":{"line":18,"column":0},"end":{"line":20,"column":null}}]},"2":{"loc":{"start":{"line":23,"column":2},"end":{"line":25,"column":null}},"type":"if","locations":[{"start":{"line":23,"column":2},"end":{"line":25,"column":null}}]},"3":{"loc":{"start":{"line":27,"column":2},"end":{"line":35,"column":null}},"type":"if","locations":[{"start":{"line":27,"column":2},"end":{"line":35,"column":null}}]}},"s":{"0":0,"1":0,"2":0,"3":0,"4":0,"5":0,"6":0,"7":0,"8":0,"9":0,"10":0,"11":0,"12":0,"13":0,"14":0,"15":0,"16":0,"17":0,"18":0,"19":0},"f":{"0":0,"1":0},"b":{"0":[0],"1":[0],"2":[0],"3":[0]}}
,"/Users/nicolasbaranowski/Documents/companyOS/lib/stripe.ts": {"path":"/Users/nicolasbaranowski/Documents/companyOS/lib/stripe.ts","statementMap":{"0":{"start":{"line":12,"column":22},"end":{"line":12,"column":36}},"1":{"start":{"line":20,"column":22},"end":{"line":20,"column":40}},"2":{"start":{"line":9,"column":0},"end":{"line":9,"column":15}},"3":{"start":{"line":3,"column":19},"end":{"line":3,"column":null}},"4":{"start":{"line":5,"column":15},"end":{"line":7,"column":null}},"5":{"start":{"line":9,"column":15},"end":{"line":9,"column":22}},"6":{"start":{"line":13,"column":2},"end":{"line":16,"column":null}},"7":{"start":{"line":21,"column":2},"end":{"line":27,"column":null}}},"fnMap":{"0":{"name":"createCustomer","decl":{"start":{"line":12,"column":22},"end":{"line":12,"column":36}},"loc":{"start":{"line":12,"column":65},"end":{"line":17,"column":null}}},"1":{"name":"createSubscription","decl":{"start":{"line":20,"column":22},"end":{"line":20,"column":40}},"loc":{"start":{"line":20,"column":76},"end":{"line":28,"column":null}}}},"branchMap":{},"s":{"0":0,"1":0,"2":0,"3":0,"4":0,"5":0,"6":0,"7":0},"f":{"0":0,"1":0},"b":{}}
,"/Users/nicolasbaranowski/Documents/companyOS/lib/agents/BaseAgent.ts": {"path":"/Users/nicolasbaranowski/Documents/companyOS/lib/agents/BaseAgent.ts","statementMap":{"0":{"start":{"line":3,"column":22},"end":{"line":3,"column":null}},"1":{"start":{"line":5,"column":20},"end":{"line":5,"column":32}},"2":{"start":{"line":6,"column":20},"end":{"line":6,"column":39}},"3":{"start":{"line":7,"column":20},"end":{"line":7,"column":33}},"4":{"start":{"line":8,"column":20},"end":{"line":8,"column":35}},"5":{"start":{"line":14,"column":4},"end":{"line":14,"column":null}},"6":{"start":{"line":15,"column":4},"end":{"line":24,"column":null}},"7":{"start":{"line":28,"column":4},"end":{"line":38,"column":null}}},"fnMap":{"0":{"name":"(anonymous_1)","decl":{"start":{"line":4,"column":2},"end":{"line":4,"column":null}},"loc":{"start":{"line":9,"column":4},"end":{"line":9,"column":null}}},"1":{"name":"(anonymous_2)","decl":{"start":{"line":13,"column":2},"end":{"line":13,"column":18}},"loc":{"start":{"line":13,"column":66},"end":{"line":25,"column":null}}},"2":{"name":"(anonymous_3)","decl":{"start":{"line":27,"column":12},"end":{"line":27,"column":28}},"loc":{"start":{"line":27,"column":85},"end":{"line":39,"column":null}}}},"branchMap":{},"s":{"0":3,"1":14,"2":14,"3":14,"4":14,"5":2,"6":2,"7":8},"f":{"0":14,"1":2,"2":8},"b":{}}
,"/Users/nicolasbaranowski/Documents/companyOS/lib/agents/orchestrator.ts": {"path":"/Users/nicolasbaranowski/Documents/companyOS/lib/agents/orchestrator.ts","statementMap":{"0":{"start":{"line":4,"column":13},"end":{"line":4,"column":null}},"1":{"start":{"line":2,"column":43},"end":{"line":2,"column":null}},"2":{"start":{"line":5,"column":31},"end":{"line":5,"column":52}},"3":{"start":{"line":8,"column":20},"end":{"line":8,"column":null}},"4":{"start":{"line":9,"column":4},"end":{"line":11,"column":null}},"5":{"start":{"line":10,"column":6},"end":{"line":10,"column":null}},"6":{"start":{"line":13,"column":19},"end":{"line":13,"column":null}},"7":{"start":{"line":14,"column":4},"end":{"line":16,"column":null}},"8":{"start":{"line":15,"column":6},"end":{"line":15,"column":null}},"9":{"start":{"line":18,"column":35},"end":{"line":18,"column":37}},"10":{"start":{"line":19,"column":4},"end":{"line":45,"column":null}},"11":{"start":{"line":20,"column":6},"end":{"line":44,"column":null}},"12":{"start":{"line":22,"column":28},"end":{"line":22,"column":41}},"13":{"start":{"line":22,"column":75},"end":{"line":22,"column":41}},"14":{"start":{"line":23,"column":27},"end":{"line":23,"column":81}},"15":{"start":{"line":25,"column":8},"end":{"line":27,"column":null}},"16":{"start":{"line":26,"column":10},"end":{"line":26,"column":null}},"17":{"start":{"line":29,"column":22},"end":{"line":29,"column":null}},"18":{"start":{"line":30,"column":23},"end":{"line":30,"column":null}},"19":{"start":{"line":31,"column":8},"end":{"line":31,"column":null}},"20":{"start":{"line":34,"column":8},"end":{"line":43,"column":null}},"21":{"start":{"line":47,"column":4},"end":{"line":47,"column":null}},"22":{"start":{"line":51,"column":20},"end":{"line":51,"column":null}},"23":{"start":{"line":52,"column":4},"end":{"line":54,"column":null}},"24":{"start":{"line":53,"column":6},"end":{"line":53,"column":null}},"25":{"start":{"line":56,"column":51},"end":{"line":56,"column":null}},"26":{"start":{"line":58,"column":4},"end":{"line":60,"column":null}},"27":{"start":{"line":59,"column":6},"end":{"line":59,"column":null}},"28":{"start":{"line":62,"column":4},"end":{"line":62,"column":null}},"29":{"start":{"line":66,"column":20},"end":{"line":67,"column":null}},"30":{"start":{"line":67,"column":26},"end":{"line":67,"column":null}},"31":{"start":{"line":70,"column":4},"end":{"line":73,"column":null}},"32":{"start":{"line":71,"column":6},"end":{"line":71,"column":null}},"33":{"start":{"line":72,"column":6},"end":{"line":72,"column":null}}},"fnMap":{"0":{"name":"(anonymous_4)","decl":{"start":{"line":5,"column":2},"end":{"line":5,"column":14}},"loc":{"start":{"line":5,"column":54},"end":{"line":5,"column":null}}},"1":{"name":"(anonymous_5)","decl":{"start":{"line":7,"column":2},"end":{"line":7,"column":8}},"loc":{"start":{"line":7,"column":79},"end":{"line":48,"column":null}}},"2":{"name":"(anonymous_6)","decl":{"start":{"line":22,"column":75},"end":{"line":22,"column":null}},"loc":{"start":{"line":22,"column":75},"end":{"line":22,"column":41}}},"3":{"name":"(anonymous_7)","decl":{"start":{"line":50,"column":2},"end":{"line":50,"column":8}},"loc":{"start":{"line":50,"column":83},"end":{"line":63,"column":null}}},"4":{"name":"(anonymous_8)","decl":{"start":{"line":65,"column":2},"end":{"line":65,"column":8}},"loc":{"start":{"line":65,"column":107},"end":{"line":74,"column":null}}},"5":{"name":"(anonymous_9)","decl":{"start":{"line":67,"column":17},"end":{"line":67,"column":26}},"loc":{"start":{"line":67,"column":26},"end":{"line":67,"column":null}}},"6":{"name":"(anonymous_10)","decl":{"start":{"line":70,"column":25},"end":{"line":70,"column":26}},"loc":{"start":{"line":70,"column":38},"end":{"line":73,"column":7}}}},"branchMap":{"0":{"loc":{"start":{"line":9,"column":4},"end":{"line":11,"column":null}},"type":"if","locations":[{"start":{"line":9,"column":4},"end":{"line":11,"column":null}}]},"1":{"loc":{"start":{"line":14,"column":4},"end":{"line":16,"column":null}},"type":"if","locations":[{"start":{"line":14,"column":4},"end":{"line":16,"column":null}}]},"2":{"loc":{"start":{"line":25,"column":8},"end":{"line":27,"column":null}},"type":"if","locations":[{"start":{"line":25,"column":8},"end":{"line":27,"column":null}}]},"3":{"loc":{"start":{"line":52,"column":4},"end":{"line":54,"column":null}},"type":"if","locations":[{"start":{"line":52,"column":4},"end":{"line":54,"column":null}}]}},"s":{"0":23,"1":4,"2":21,"3":14,"4":14,"5":2,"6":12,"7":12,"8":2,"9":10,"10":10,"11":10,"12":10,"13":10,"14":0,"15":0,"16":0,"17":0,"18":0,"19":0,"20":10,"21":10,"22":4,"23":4,"24":3,"25":1,"26":1,"27":3,"28":1,"29":3,"30":3,"31":3,"32":3,"33":3},"f":{"0":21,"1":14,"2":10,"3":4,"4":3,"5":3,"6":3},"b":{"0":[2],"1":[2],"2":[0],"3":[3]}}
,"/Users/nicolasbaranowski/Documents/companyOS/lib/agents/registry.ts": {"path":"/Users/nicolasbaranowski/Documents/companyOS/lib/agents/registry.ts","statementMap":{"0":{"start":{"line":4,"column":13},"end":{"line":4,"column":28}},"1":{"start":{"line":28,"column":16},"end":{"line":28,"column":24}},"2":{"start":{"line":40,"column":16},"end":{"line":40,"column":31}},"3":{"start":{"line":24,"column":16},"end":{"line":24,"column":26}},"4":{"start":{"line":34,"column":16},"end":{"line":34,"column":30}},"5":{"start":{"line":44,"column":16},"end":{"line":44,"column":31}},"6":{"start":{"line":2,"column":35},"end":{"line":2,"column":null}},"7":{"start":{"line":4,"column":62},"end":{"line":22,"column":null}},"8":{"start":{"line":25,"column":2},"end":{"line":25,"column":null}},"9":{"start":{"line":29,"column":18},"end":{"line":29,"column":null}},"10":{"start":{"line":30,"column":2},"end":{"line":30,"column":null}},"11":{"start":{"line":30,"column":16},"end":{"line":30,"column":null}},"12":{"start":{"line":31,"column":2},"end":{"line":31,"column":null}},"13":{"start":{"line":31,"column":38},"end":{"line":31,"column":null}},"14":{"start":{"line":35,"column":18},"end":{"line":35,"column":null}},"15":{"start":{"line":36,"column":2},"end":{"line":36,"column":null}},"16":{"start":{"line":36,"column":16},"end":{"line":36,"column":null}},"17":{"start":{"line":37,"column":2},"end":{"line":37,"column":null}},"18":{"start":{"line":37,"column":40},"end":{"line":37,"column":null}},"19":{"start":{"line":41,"column":2},"end":{"line":41,"column":null}},"20":{"start":{"line":50,"column":2},"end":{"line":50,"column":null}}},"fnMap":{"0":{"name":"getMetaBox","decl":{"start":{"line":24,"column":16},"end":{"line":24,"column":26}},"loc":{"start":{"line":24,"column":37},"end":{"line":26,"column":null}}},"1":{"name":"getAgent","decl":{"start":{"line":28,"column":16},"end":{"line":28,"column":24}},"loc":{"start":{"line":28,"column":59},"end":{"line":32,"column":null}}},"2":{"name":"(anonymous_9)","decl":{"start":{"line":31,"column":29},"end":{"line":31,"column":38}},"loc":{"start":{"line":31,"column":38},"end":{"line":31,"column":null}}},"3":{"name":"getPhaseAgents","decl":{"start":{"line":34,"column":16},"end":{"line":34,"column":30}},"loc":{"start":{"line":34,"column":63},"end":{"line":38,"column":null}}},"4":{"name":"(anonymous_11)","decl":{"start":{"line":37,"column":31},"end":{"line":37,"column":40}},"loc":{"start":{"line":37,"column":40},"end":{"line":37,"column":null}}},"5":{"name":"getAllMetaBoxes","decl":{"start":{"line":40,"column":16},"end":{"line":40,"column":31}},"loc":{"start":{"line":40,"column":16},"end":{"line":42,"column":null}}},"6":{"name":"validateMetaBox","decl":{"start":{"line":44,"column":16},"end":{"line":44,"column":31}},"loc":{"start":{"line":44,"column":53},"end":{"line":51,"column":null}}}},"branchMap":{"0":{"loc":{"start":{"line":30,"column":2},"end":{"line":30,"column":null}},"type":"if","locations":[{"start":{"line":30,"column":2},"end":{"line":30,"column":null}}]},"1":{"loc":{"start":{"line":36,"column":2},"end":{"line":36,"column":null}},"type":"if","locations":[{"start":{"line":36,"column":2},"end":{"line":36,"column":null}}]}},"s":{"0":5,"1":6,"2":3,"3":7,"4":6,"5":4,"6":6,"7":6,"8":16,"9":5,"10":5,"11":2,"12":3,"13":5,"14":5,"15":5,"16":2,"17":3,"18":6,"19":2,"20":3},"f":{"0":16,"1":5,"2":5,"3":5,"4":6,"5":2,"6":3},"b":{"0":[2],"1":[2]}}
,"/Users/nicolasbaranowski/Documents/companyOS/lib/agents/types.ts": {"path":"/Users/nicolasbaranowski/Documents/companyOS/lib/agents/types.ts","statementMap":{"0":{"start":{"line":24,"column":13},"end":{"line":24,"column":32}},"1":{"start":{"line":43,"column":13},"end":{"line":43,"column":26}},"2":{"start":{"line":1,"column":18},"end":{"line":1,"column":null}},"3":{"start":{"line":24,"column":35},"end":{"line":31,"column":null}},"4":{"start":{"line":43,"column":29},"end":{"line":49,"column":null}}},"fnMap":{},"branchMap":{},"s":{"0":2,"1":2,"2":2,"3":2,"4":2},"f":{},"b":{}}
,"/Users/nicolasbaranowski/Documents/companyOS/lib/agents/fundraising/InvestorResearchAgent.ts": {"path":"/Users/nicolasbaranowski/Documents/companyOS/lib/agents/fundraising/InvestorResearchAgent.ts","statementMap":{"0":{"start":{"line":31,"column":13},"end":{"line":31,"column":43}},"1":{"start":{"line":1,"column":26},"end":{"line":1,"column":null}},"2":{"start":{"line":33,"column":4},"end":{"line":37,"column":null}},"3":{"start":{"line":42,"column":4},"end":{"line":67,"column":null}},"4":{"start":{"line":50,"column":39},"end":{"line":59,"column":null}},"5":{"start":{"line":61,"column":6},"end":{"line":64,"column":null}},"6":{"start":{"line":66,"column":6},"end":{"line":66,"column":null}}},"fnMap":{"0":{"name":"(anonymous_1)","decl":{"start":{"line":32,"column":2},"end":{"line":32,"column":16}},"loc":{"start":{"line":32,"column":16},"end":{"line":39,"column":null}}},"1":{"name":"(anonymous_2)","decl":{"start":{"line":41,"column":2},"end":{"line":41,"column":8}},"loc":{"start":{"line":41,"column":77},"end":{"line":68,"column":null}}}},"branchMap":{},"s":{"0":8,"1":2,"2":7,"3":5,"4":5,"5":5,"6":0},"f":{"0":7,"1":5},"b":{}}
,"/Users/nicolasbaranowski/Documents/companyOS/lib/agents/fundraising/manifest.ts": {"path":"/Users/nicolasbaranowski/Documents/companyOS/lib/agents/fundraising/manifest.ts","statementMap":{"0":{"start":{"line":3,"column":13},"end":{"line":3,"column":49}},"1":{"start":{"line":3,"column":49},"end":{"line":119,"column":null}}},"fnMap":{},"branchMap":{},"s":{"0":5,"1":6},"f":{},"b":{}}
,"/Users/nicolasbaranowski/Documents/companyOS/pages/_app.tsx": {"path":"/Users/nicolasbaranowski/Documents/companyOS/pages/_app.tsx","statementMap":{"0":{"start":{"line":7,"column":24},"end":{"line":7,"column":28}},"1":{"start":{"line":2,"column":26},"end":{"line":2,"column":null}},"2":{"start":{"line":3,"column":30},"end":{"line":3,"column":null}},"3":{"start":{"line":4,"column":20},"end":{"line":4,"column":null}},"4":{"start":{"line":5,"column":7},"end":{"line":5,"column":null}},"5":{"start":{"line":8,"column":2},"end":{"line":18,"column":null}},"6":{"start":{"line":10,"column":4},"end":{"line":17,"column":null}},"7":{"start":{"line":11,"column":6},"end":{"line":16,"column":null}},"8":{"start":{"line":14,"column":10},"end":{"line":14,"column":null}},"9":{"start":{"line":14,"column":54},"end":{"line":14,"column":null}}},"fnMap":{"0":{"name":"App","decl":{"start":{"line":7,"column":24},"end":{"line":7,"column":28}},"loc":{"start":{"line":7,"column":62},"end":{"line":25,"column":null}}},"1":{"name":"(anonymous_3)","decl":{"start":{"line":8,"column":12},"end":{"line":8,"column":null}},"loc":{"start":{"line":8,"column":12},"end":{"line":18,"column":5}}},"2":{"name":"(anonymous_4)","decl":{"start":{"line":13,"column":16},"end":{"line":13,"column":17}},"loc":{"start":{"line":13,"column":17},"end":{"line":15,"column":null}}}},"branchMap":{"0":{"loc":{"start":{"line":10,"column":4},"end":{"line":17,"column":null}},"type":"if","locations":[{"start":{"line":10,"column":4},"end":{"line":17,"column":null}}]},"1":{"loc":{"start":{"line":10,"column":8},"end":{"line":10,"column":83}},"type":"binary-expr","locations":[{"start":{"line":10,"column":8},"end":{"line":10,"column":43}},{"start":{"line":10,"column":47},"end":{"line":10,"column":83}}]},"2":{"loc":{"start":{"line":14,"column":10},"end":{"line":14,"column":null}},"type":"if","locations":[{"start":{"line":14,"column":10},"end":{"line":14,"column":null}}]}},"s":{"0":4,"1":1,"2":1,"3":1,"4":1,"5":8,"6":0,"7":0,"8":0,"9":0},"f":{"0":8,"1":0,"2":0},"b":{"0":[0],"1":[0,0],"2":[0]}}
,"/Users/nicolasbaranowski/Documents/companyOS/pages/dashboard.tsx": {"path":"/Users/nicolasbaranowski/Documents/companyOS/pages/dashboard.tsx","statementMap":{"0":{"start":{"line":5,"column":24},"end":{"line":5,"column":null}},"1":{"start":{"line":1,"column":17},"end":{"line":1,"column":null}},"2":{"start":{"line":2,"column":25},"end":{"line":2,"column":null}},"3":{"start":{"line":3,"column":17},"end":{"line":3,"column":null}},"4":{"start":{"line":6,"column":40},"end":{"line":6,"column":null}},"5":{"start":{"line":8,"column":20},"end":{"line":17,"column":null}},"6":{"start":{"line":19,"column":20},"end":{"line":68,"column":null}},"7":{"start":{"line":88,"column":14},"end":{"line":88,"column":null}},"8":{"start":{"line":198,"column":16},"end":{"line":199,"column":null}}},"fnMap":{"0":{"name":"Dashboard","decl":{"start":{"line":5,"column":24},"end":{"line":5,"column":null}},"loc":{"start":{"line":5,"column":24},"end":{"line":273,"column":null}}},"1":{"name":"(anonymous_3)","decl":{"start":{"line":87,"column":27},"end":{"line":87,"column":28}},"loc":{"start":{"line":88,"column":14},"end":{"line":88,"column":null}}},"2":{"name":"(anonymous_4)","decl":{"start":{"line":197,"column":29},"end":{"line":197,"column":30}},"loc":{"start":{"line":198,"column":16},"end":{"line":199,"column":null}}}},"branchMap":{"0":{"loc":{"start":{"line":92,"column":20},"end":{"line":94,"column":null}},"type":"cond-expr","locations":[{"start":{"line":93,"column":24},"end":{"line":93,"column":null}},{"start":{"line":94,"column":24},"end":{"line":94,"column":null}}]}},"s":{"0":0,"1":0,"2":0,"3":0,"4":0,"5":0,"6":0,"7":0,"8":0},"f":{"0":0,"1":0,"2":0},"b":{"0":[0,0]}}
,"/Users/nicolasbaranowski/Documents/companyOS/pages/fundraising.tsx": {"path":"/Users/nicolasbaranowski/Documents/companyOS/pages/fundraising.tsx","statementMap":{"0":{"start":{"line":16,"column":24},"end":{"line":16,"column":null}},"1":{"start":{"line":1,"column":17},"end":{"line":1,"column":null}},"2":{"start":{"line":2,"column":25},"end":{"line":2,"column":null}},"3":{"start":{"line":3,"column":17},"end":{"line":3,"column":null}},"4":{"start":{"line":17,"column":42},"end":{"line":17,"column":null}},"5":{"start":{"line":18,"column":42},"end":{"line":18,"column":null}},"6":{"start":{"line":20,"column":18},"end":{"line":133,"column":null}},"7":{"start":{"line":135,"column":17},"end":{"line":166,"column":null}},"8":{"start":{"line":168,"column":17},"end":{"line":174,"column":null}},"9":{"start":{"line":176,"column":27},"end":{"line":183,"column":null}},"10":{"start":{"line":177,"column":4},"end":{"line":182,"column":null}},"11":{"start":{"line":178,"column":19},"end":{"line":178,"column":null}},"12":{"start":{"line":179,"column":21},"end":{"line":179,"column":null}},"13":{"start":{"line":180,"column":18},"end":{"line":180,"column":null}},"14":{"start":{"line":181,"column":15},"end":{"line":181,"column":null}},"15":{"start":{"line":185,"column":25},"end":{"line":192,"column":null}},"16":{"start":{"line":186,"column":4},"end":{"line":191,"column":null}},"17":{"start":{"line":187,"column":24},"end":{"line":187,"column":null}},"18":{"start":{"line":188,"column":26},"end":{"line":188,"column":null}},"19":{"start":{"line":189,"column":22},"end":{"line":189,"column":null}},"20":{"start":{"line":190,"column":15},"end":{"line":190,"column":null}},"21":{"start":{"line":218,"column":14},"end":{"line":218,"column":36}},"22":{"start":{"line":263,"column":14},"end":{"line":263,"column":35}},"23":{"start":{"line":274,"column":24},"end":{"line":275,"column":null}},"24":{"start":{"line":278,"column":28},"end":{"line":278,"column":null}},"25":{"start":{"line":279,"column":28},"end":{"line":279,"column":null}},"26":{"start":{"line":291,"column":32},"end":{"line":291,"column":48}},"27":{"start":{"line":316,"column":14},"end":{"line":316,"column":36}},"28":{"start":{"line":324,"column":20},"end":{"line":324,"column":37}},"29":{"start":{"line":344,"column":33},"end":{"line":344,"column":null}},"30":{"start":{"line":377,"column":22},"end":{"line":377,"column":38}}},"fnMap":{"0":{"name":"Fundraising","decl":{"start":{"line":16,"column":24},"end":{"line":16,"column":null}},"loc":{"start":{"line":16,"column":24},"end":{"line":390,"column":null}}},"1":{"name":"(anonymous_3)","decl":{"start":{"line":176,"column":27},"end":{"line":176,"column":28}},"loc":{"start":{"line":176,"column":28},"end":{"line":183,"column":null}}},"2":{"name":"(anonymous_4)","decl":{"start":{"line":185,"column":25},"end":{"line":185,"column":26}},"loc":{"start":{"line":185,"column":26},"end":{"line":192,"column":null}}},"3":{"name":"(anonymous_5)","decl":{"start":{"line":217,"column":24},"end":{"line":217,"column":25}},"loc":{"start":{"line":218,"column":14},"end":{"line":218,"column":36}}},"4":{"name":"(anonymous_6)","decl":{"start":{"line":262,"column":25},"end":{"line":262,"column":26}},"loc":{"start":{"line":263,"column":14},"end":{"line":263,"column":35}}},"5":{"name":"(anonymous_7)","decl":{"start":{"line":273,"column":40},"end":{"line":273,"column":41}},"loc":{"start":{"line":274,"column":24},"end":{"line":275,"column":null}}},"6":{"name":"(anonymous_8)","decl":{"start":{"line":277,"column":35},"end":{"line":277,"column":null}},"loc":{"start":{"line":277,"column":35},"end":{"line":280,"column":null}}},"7":{"name":"(anonymous_9)","decl":{"start":{"line":290,"column":45},"end":{"line":290,"column":46}},"loc":{"start":{"line":291,"column":32},"end":{"line":291,"column":48}}},"8":{"name":"(anonymous_10)","decl":{"start":{"line":315,"column":24},"end":{"line":315,"column":25}},"loc":{"start":{"line":316,"column":14},"end":{"line":316,"column":36}}},"9":{"name":"(anonymous_11)","decl":{"start":{"line":323,"column":36},"end":{"line":323,"column":37}},"loc":{"start":{"line":324,"column":20},"end":{"line":324,"column":37}}},"10":{"name":"(anonymous_12)","decl":{"start":{"line":344,"column":27},"end":{"line":344,"column":33}},"loc":{"start":{"line":344,"column":33},"end":{"line":344,"column":null}}},"11":{"name":"(anonymous_13)","decl":{"start":{"line":376,"column":43},"end":{"line":376,"column":44}},"loc":{"start":{"line":377,"column":22},"end":{"line":377,"column":38}}}},"branchMap":{"0":{"loc":{"start":{"line":177,"column":4},"end":{"line":182,"column":null}},"type":"switch","locations":[{"start":{"line":178,"column":6},"end":{"line":178,"column":null}},{"start":{"line":179,"column":6},"end":{"line":179,"column":null}},{"start":{"line":180,"column":6},"end":{"line":180,"column":null}},{"start":{"line":181,"column":6},"end":{"line":181,"column":null}}]},"1":{"loc":{"start":{"line":186,"column":4},"end":{"line":191,"column":null}},"type":"switch","locations":[{"start":{"line":187,"column":6},"end":{"line":187,"column":null}},{"start":{"line":188,"column":6},"end":{"line":188,"column":null}},{"start":{"line":189,"column":6},"end":{"line":189,"column":null}},{"start":{"line":190,"column":6},"end":{"line":190,"column":null}}]},"2":{"loc":{"start":{"line":221,"column":58},"end":{"line":221,"column":117}},"type":"cond-expr","locations":[{"start":{"line":221,"column":86},"end":{"line":221,"column":103}},{"start":{"line":221,"column":103},"end":{"line":221,"column":117}}]},"3":{"loc":{"start":{"line":226,"column":20},"end":{"line":226,"column":null}},"type":"cond-expr","locations":[{"start":{"line":226,"column":48},"end":{"line":226,"column":80}},{"start":{"line":226,"column":80},"end":{"line":226,"column":null}}]},"4":{"loc":{"start":{"line":337,"column":7},"end":{"line":337,"column":23}},"type":"binary-expr","locations":[{"start":{"line":337,"column":7},"end":{"line":337,"column":23}},{"start":{"line":337,"column":23},"end":{"line":337,"column":null}}]}},"s":{"0":0,"1":0,"2":0,"3":0,"4":0,"5":0,"6":0,"7":0,"8":0,"9":0,"10":0,"11":0,"12":0,"13":0,"14":0,"15":0,"16":0,"17":0,"18":0,"19":0,"20":0,"21":0,"22":0,"23":0,"24":0,"25":0,"26":0,"27":0,"28":0,"29":0,"30":0},"f":{"0":0,"1":0,"2":0,"3":0,"4":0,"5":0,"6":0,"7":0,"8":0,"9":0,"10":0,"11":0},"b":{"0":[0,0,0,0],"1":[0,0,0,0],"2":[0,0],"3":[0,0],"4":[0,0]}}
,"/Users/nicolasbaranowski/Documents/companyOS/pages/hiring.tsx": {"path":"/Users/nicolasbaranowski/Documents/companyOS/pages/hiring.tsx","statementMap":{"0":{"start":{"line":17,"column":24},"end":{"line":17,"column":null}},"1":{"start":{"line":1,"column":17},"end":{"line":1,"column":null}},"2":{"start":{"line":2,"column":25},"end":{"line":2,"column":null}},"3":{"start":{"line":3,"column":17},"end":{"line":3,"column":null}},"4":{"start":{"line":18,"column":52},"end":{"line":18,"column":null}},"5":{"start":{"line":19,"column":42},"end":{"line":19,"column":null}},"6":{"start":{"line":21,"column":18},"end":{"line":123,"column":null}},"7":{"start":{"line":125,"column":17},"end":{"line":156,"column":null}},"8":{"start":{"line":158,"column":17},"end":{"line":164,"column":null}},"9":{"start":{"line":166,"column":27},"end":{"line":173,"column":null}},"10":{"start":{"line":167,"column":4},"end":{"line":172,"column":null}},"11":{"start":{"line":168,"column":19},"end":{"line":168,"column":null}},"12":{"start":{"line":169,"column":21},"end":{"line":169,"column":null}},"13":{"start":{"line":170,"column":18},"end":{"line":170,"column":null}},"14":{"start":{"line":171,"column":15},"end":{"line":171,"column":null}},"15":{"start":{"line":175,"column":25},"end":{"line":182,"column":null}},"16":{"start":{"line":176,"column":4},"end":{"line":181,"column":null}},"17":{"start":{"line":177,"column":24},"end":{"line":177,"column":null}},"18":{"start":{"line":178,"column":26},"end":{"line":178,"column":null}},"19":{"start":{"line":179,"column":22},"end":{"line":179,"column":null}},"20":{"start":{"line":180,"column":15},"end":{"line":180,"column":null}},"21":{"start":{"line":208,"column":14},"end":{"line":208,"column":36}},"22":{"start":{"line":253,"column":14},"end":{"line":253,"column":35}},"23":{"start":{"line":264,"column":24},"end":{"line":265,"column":null}},"24":{"start":{"line":268,"column":28},"end":{"line":268,"column":null}},"25":{"start":{"line":269,"column":28},"end":{"line":269,"column":null}},"26":{"start":{"line":282,"column":32},"end":{"line":282,"column":48}},"27":{"start":{"line":307,"column":14},"end":{"line":307,"column":36}},"28":{"start":{"line":315,"column":20},"end":{"line":315,"column":37}},"29":{"start":{"line":335,"column":33},"end":{"line":335,"column":null}},"30":{"start":{"line":372,"column":22},"end":{"line":372,"column":38}}},"fnMap":{"0":{"name":"Hiring","decl":{"start":{"line":17,"column":24},"end":{"line":17,"column":null}},"loc":{"start":{"line":17,"column":24},"end":{"line":385,"column":null}}},"1":{"name":"(anonymous_3)","decl":{"start":{"line":166,"column":27},"end":{"line":166,"column":28}},"loc":{"start":{"line":166,"column":28},"end":{"line":173,"column":null}}},"2":{"name":"(anonymous_4)","decl":{"start":{"line":175,"column":25},"end":{"line":175,"column":26}},"loc":{"start":{"line":175,"column":26},"end":{"line":182,"column":null}}},"3":{"name":"(anonymous_5)","decl":{"start":{"line":207,"column":24},"end":{"line":207,"column":25}},"loc":{"start":{"line":208,"column":14},"end":{"line":208,"column":36}}},"4":{"name":"(anonymous_6)","decl":{"start":{"line":252,"column":25},"end":{"line":252,"column":26}},"loc":{"start":{"line":253,"column":14},"end":{"line":253,"column":35}}},"5":{"name":"(anonymous_7)","decl":{"start":{"line":263,"column":45},"end":{"line":263,"column":46}},"loc":{"start":{"line":264,"column":24},"end":{"line":265,"column":null}}},"6":{"name":"(anonymous_8)","decl":{"start":{"line":267,"column":35},"end":{"line":267,"column":null}},"loc":{"start":{"line":267,"column":35},"end":{"line":270,"column":null}}},"7":{"name":"(anonymous_9)","decl":{"start":{"line":281,"column":50},"end":{"line":281,"column":51}},"loc":{"start":{"line":282,"column":32},"end":{"line":282,"column":48}}},"8":{"name":"(anonymous_10)","decl":{"start":{"line":306,"column":24},"end":{"line":306,"column":25}},"loc":{"start":{"line":307,"column":14},"end":{"line":307,"column":36}}},"9":{"name":"(anonymous_11)","decl":{"start":{"line":314,"column":36},"end":{"line":314,"column":37}},"loc":{"start":{"line":315,"column":20},"end":{"line":315,"column":37}}},"10":{"name":"(anonymous_12)","decl":{"start":{"line":335,"column":27},"end":{"line":335,"column":33}},"loc":{"start":{"line":335,"column":33},"end":{"line":335,"column":null}}},"11":{"name":"(anonymous_13)","decl":{"start":{"line":371,"column":48},"end":{"line":371,"column":49}},"loc":{"start":{"line":372,"column":22},"end":{"line":372,"column":38}}}},"branchMap":{"0":{"loc":{"start":{"line":167,"column":4},"end":{"line":172,"column":null}},"type":"switch","locations":[{"start":{"line":168,"column":6},"end":{"line":168,"column":null}},{"start":{"line":169,"column":6},"end":{"line":169,"column":null}},{"start":{"line":170,"column":6},"end":{"line":170,"column":null}},{"start":{"line":171,"column":6},"end":{"line":171,"column":null}}]},"1":{"loc":{"start":{"line":176,"column":4},"end":{"line":181,"column":null}},"type":"switch","locations":[{"start":{"line":177,"column":6},"end":{"line":177,"column":null}},{"start":{"line":178,"column":6},"end":{"line":178,"column":null}},{"start":{"line":179,"column":6},"end":{"line":179,"column":null}},{"start":{"line":180,"column":6},"end":{"line":180,"column":null}}]},"2":{"loc":{"start":{"line":211,"column":58},"end":{"line":211,"column":117}},"type":"cond-expr","locations":[{"start":{"line":211,"column":86},"end":{"line":211,"column":103}},{"start":{"line":211,"column":103},"end":{"line":211,"column":117}}]},"3":{"loc":{"start":{"line":216,"column":20},"end":{"line":216,"column":null}},"type":"cond-expr","locations":[{"start":{"line":216,"column":48},"end":{"line":216,"column":80}},{"start":{"line":216,"column":80},"end":{"line":216,"column":null}}]},"4":{"loc":{"start":{"line":328,"column":7},"end":{"line":328,"column":23}},"type":"binary-expr","locations":[{"start":{"line":328,"column":7},"end":{"line":328,"column":23}},{"start":{"line":328,"column":23},"end":{"line":328,"column":null}}]}},"s":{"0":0,"1":0,"2":0,"3":0,"4":0,"5":0,"6":0,"7":0,"8":0,"9":0,"10":0,"11":0,"12":0,"13":0,"14":0,"15":0,"16":0,"17":0,"18":0,"19":0,"20":0,"21":0,"22":0,"23":0,"24":0,"25":0,"26":0,"27":0,"28":0,"29":0,"30":0},"f":{"0":0,"1":0,"2":0,"3":0,"4":0,"5":0,"6":0,"7":0,"8":0,"9":0,"10":0,"11":0},"b":{"0":[0,0,0,0],"1":[0,0,0,0],"2":[0,0],"3":[0,0],"4":[0,0]}}
,"/Users/nicolasbaranowski/Documents/companyOS/pages/index.tsx": {"path":"/Users/nicolasbaranowski/Documents/companyOS/pages/index.tsx","statementMap":{"0":{"start":{"line":6,"column":24},"end":{"line":6,"column":null}},"1":{"start":{"line":1,"column":18},"end":{"line":1,"column":null}},"2":{"start":{"line":2,"column":17},"end":{"line":2,"column":null}},"3":{"start":{"line":3,"column":17},"end":{"line":3,"column":null}},"4":{"start":{"line":7,"column":38},"end":{"line":7,"column":null}},"5":{"start":{"line":9,"column":19},"end":{"line":40,"column":null}},"6":{"start":{"line":42,"column":23},"end":{"line":51,"column":null}},"7":{"start":{"line":133,"column":14},"end":{"line":133,"column":31}},"8":{"start":{"line":157,"column":14},"end":{"line":157,"column":31}}},"fnMap":{"0":{"name":"Homepage","decl":{"start":{"line":6,"column":24},"end":{"line":6,"column":null}},"loc":{"start":{"line":6,"column":24},"end":{"line":223,"column":null}}},"1":{"name":"(anonymous_6)","decl":{"start":{"line":132,"column":26},"end":{"line":132,"column":27}},"loc":{"start":{"line":133,"column":14},"end":{"line":133,"column":31}}},"2":{"name":"(anonymous_7)","decl":{"start":{"line":156,"column":30},"end":{"line":156,"column":31}},"loc":{"start":{"line":157,"column":14},"end":{"line":157,"column":31}}}},"branchMap":{},"s":{"0":0,"1":0,"2":0,"3":0,"4":0,"5":0,"6":0,"7":0,"8":0},"f":{"0":0,"1":0,"2":0},"b":{}}
,"/Users/nicolasbaranowski/Documents/companyOS/pages/login.tsx": {"path":"/Users/nicolasbaranowski/Documents/companyOS/pages/login.tsx","statementMap":{"0":{"start":{"line":5,"column":24},"end":{"line":5,"column":null}},"1":{"start":{"line":1,"column":17},"end":{"line":1,"column":null}},"2":{"start":{"line":2,"column":17},"end":{"line":2,"column":null}},"3":{"start":{"line":3,"column":25},"end":{"line":3,"column":null}},"4":{"start":{"line":6,"column":28},"end":{"line":6,"column":null}},"5":{"start":{"line":7,"column":36},"end":{"line":7,"column":null}},"6":{"start":{"line":8,"column":30},"end":{"line":8,"column":null}},"7":{"start":{"line":10,"column":23},"end":{"line":19,"column":null}},"8":{"start":{"line":11,"column":4},"end":{"line":11,"column":null}},"9":{"start":{"line":12,"column":4},"end":{"line":12,"column":null}},"10":{"start":{"line":15,"column":4},"end":{"line":18,"column":null}},"11":{"start":{"line":16,"column":6},"end":{"line":16,"column":null}},"12":{"start":{"line":17,"column":6},"end":{"line":17,"column":null}},"13":{"start":{"line":21,"column":29},"end":{"line":24,"column":null}},"14":{"start":{"line":23,"column":4},"end":{"line":23,"column":null}},"15":{"start":{"line":65,"column":39},"end":{"line":65,"column":null}}},"fnMap":{"0":{"name":"Login","decl":{"start":{"line":5,"column":24},"end":{"line":5,"column":null}},"loc":{"start":{"line":5,"column":24},"end":{"line":129,"column":null}}},"1":{"name":"(anonymous_3)","decl":{"start":{"line":10,"column":23},"end":{"line":10,"column":30}},"loc":{"start":{"line":10,"column":30},"end":{"line":19,"column":null}}},"2":{"name":"(anonymous_4)","decl":{"start":{"line":15,"column":15},"end":{"line":15,"column":null}},"loc":{"start":{"line":15,"column":15},"end":{"line":18,"column":7}}},"3":{"name":"(anonymous_5)","decl":{"start":{"line":21,"column":29},"end":{"line":21,"column":null}},"loc":{"start":{"line":21,"column":29},"end":{"line":24,"column":null}}},"4":{"name":"(anonymous_6)","decl":{"start":{"line":65,"column":32},"end":{"line":65,"column":33}},"loc":{"start":{"line":65,"column":39},"end":{"line":65,"column":null}}}},"branchMap":{"0":{"loc":{"start":{"line":51,"column":12},"end":{"line":110,"column":13}},"type":"cond-expr","locations":[{"start":{"line":51,"column":12},"end":{"line":110,"column":13}}]},"1":{"loc":{"start":{"line":78,"column":21},"end":{"line":78,"column":null}},"type":"cond-expr","locations":[{"start":{"line":78,"column":33},"end":{"line":78,"column":48}},{"start":{"line":78,"column":48},"end":{"line":78,"column":null}}]}},"s":{"0":0,"1":0,"2":0,"3":0,"4":0,"5":0,"6":0,"7":0,"8":0,"9":0,"10":0,"11":0,"12":0,"13":0,"14":0,"15":0},"f":{"0":0,"1":0,"2":0,"3":0,"4":0},"b":{"0":[0],"1":[0,0]}}
,"/Users/nicolasbaranowski/Documents/companyOS/pages/marketing.tsx": {"path":"/Users/nicolasbaranowski/Documents/companyOS/pages/marketing.tsx","statementMap":{"0":{"start":{"line":17,"column":24},"end":{"line":17,"column":null}},"1":{"start":{"line":1,"column":17},"end":{"line":1,"column":null}},"2":{"start":{"line":2,"column":25},"end":{"line":2,"column":null}},"3":{"start":{"line":3,"column":17},"end":{"line":3,"column":null}},"4":{"start":{"line":18,"column":50},"end":{"line":18,"column":null}},"5":{"start":{"line":19,"column":42},"end":{"line":19,"column":null}},"6":{"start":{"line":21,"column":18},"end":{"line":94,"column":null}},"7":{"start":{"line":96,"column":17},"end":{"line":127,"column":null}},"8":{"start":{"line":129,"column":17},"end":{"line":135,"column":null}},"9":{"start":{"line":137,"column":27},"end":{"line":144,"column":null}},"10":{"start":{"line":138,"column":4},"end":{"line":143,"column":null}},"11":{"start":{"line":139,"column":19},"end":{"line":139,"column":null}},"12":{"start":{"line":140,"column":21},"end":{"line":140,"column":null}},"13":{"start":{"line":141,"column":18},"end":{"line":141,"column":null}},"14":{"start":{"line":142,"column":15},"end":{"line":142,"column":null}},"15":{"start":{"line":146,"column":25},"end":{"line":153,"column":null}},"16":{"start":{"line":147,"column":4},"end":{"line":152,"column":null}},"17":{"start":{"line":148,"column":24},"end":{"line":148,"column":null}},"18":{"start":{"line":149,"column":26},"end":{"line":149,"column":null}},"19":{"start":{"line":150,"column":22},"end":{"line":150,"column":null}},"20":{"start":{"line":151,"column":15},"end":{"line":151,"column":null}},"21":{"start":{"line":179,"column":14},"end":{"line":179,"column":36}},"22":{"start":{"line":224,"column":14},"end":{"line":224,"column":35}},"23":{"start":{"line":235,"column":24},"end":{"line":236,"column":null}},"24":{"start":{"line":239,"column":28},"end":{"line":239,"column":null}},"25":{"start":{"line":240,"column":28},"end":{"line":240,"column":null}},"26":{"start":{"line":253,"column":32},"end":{"line":253,"column":48}},"27":{"start":{"line":278,"column":14},"end":{"line":278,"column":36}},"28":{"start":{"line":286,"column":20},"end":{"line":286,"column":37}},"29":{"start":{"line":306,"column":33},"end":{"line":306,"column":null}},"30":{"start":{"line":343,"column":22},"end":{"line":343,"column":38}}},"fnMap":{"0":{"name":"Marketing","decl":{"start":{"line":17,"column":24},"end":{"line":17,"column":null}},"loc":{"start":{"line":17,"column":24},"end":{"line":356,"column":null}}},"1":{"name":"(anonymous_3)","decl":{"start":{"line":137,"column":27},"end":{"line":137,"column":28}},"loc":{"start":{"line":137,"column":28},"end":{"line":144,"column":null}}},"2":{"name":"(anonymous_4)","decl":{"start":{"line":146,"column":25},"end":{"line":146,"column":26}},"loc":{"start":{"line":146,"column":26},"end":{"line":153,"column":null}}},"3":{"name":"(anonymous_5)","decl":{"start":{"line":178,"column":24},"end":{"line":178,"column":25}},"loc":{"start":{"line":179,"column":14},"end":{"line":179,"column":36}}},"4":{"name":"(anonymous_6)","decl":{"start":{"line":223,"column":25},"end":{"line":223,"column":26}},"loc":{"start":{"line":224,"column":14},"end":{"line":224,"column":35}}},"5":{"name":"(anonymous_7)","decl":{"start":{"line":234,"column":44},"end":{"line":234,"column":45}},"loc":{"start":{"line":235,"column":24},"end":{"line":236,"column":null}}},"6":{"name":"(anonymous_8)","decl":{"start":{"line":238,"column":35},"end":{"line":238,"column":null}},"loc":{"start":{"line":238,"column":35},"end":{"line":241,"column":null}}},"7":{"name":"(anonymous_9)","decl":{"start":{"line":252,"column":49},"end":{"line":252,"column":50}},"loc":{"start":{"line":253,"column":32},"end":{"line":253,"column":48}}},"8":{"name":"(anonymous_10)","decl":{"start":{"line":277,"column":24},"end":{"line":277,"column":25}},"loc":{"start":{"line":278,"column":14},"end":{"line":278,"column":36}}},"9":{"name":"(anonymous_11)","decl":{"start":{"line":285,"column":36},"end":{"line":285,"column":37}},"loc":{"start":{"line":286,"column":20},"end":{"line":286,"column":37}}},"10":{"name":"(anonymous_12)","decl":{"start":{"line":306,"column":27},"end":{"line":306,"column":33}},"loc":{"start":{"line":306,"column":33},"end":{"line":306,"column":null}}},"11":{"name":"(anonymous_13)","decl":{"start":{"line":342,"column":47},"end":{"line":342,"column":48}},"loc":{"start":{"line":343,"column":22},"end":{"line":343,"column":38}}}},"branchMap":{"0":{"loc":{"start":{"line":138,"column":4},"end":{"line":143,"column":null}},"type":"switch","locations":[{"start":{"line":139,"column":6},"end":{"line":139,"column":null}},{"start":{"line":140,"column":6},"end":{"line":140,"column":null}},{"start":{"line":141,"column":6},"end":{"line":141,"column":null}},{"start":{"line":142,"column":6},"end":{"line":142,"column":null}}]},"1":{"loc":{"start":{"line":147,"column":4},"end":{"line":152,"column":null}},"type":"switch","locations":[{"start":{"line":148,"column":6},"end":{"line":148,"column":null}},{"start":{"line":149,"column":6},"end":{"line":149,"column":null}},{"start":{"line":150,"column":6},"end":{"line":150,"column":null}},{"start":{"line":151,"column":6},"end":{"line":151,"column":null}}]},"2":{"loc":{"start":{"line":182,"column":58},"end":{"line":182,"column":117}},"type":"cond-expr","locations":[{"start":{"line":182,"column":86},"end":{"line":182,"column":103}},{"start":{"line":182,"column":103},"end":{"line":182,"column":117}}]},"3":{"loc":{"start":{"line":187,"column":20},"end":{"line":187,"column":null}},"type":"cond-expr","locations":[{"start":{"line":187,"column":48},"end":{"line":187,"column":80}},{"start":{"line":187,"column":80},"end":{"line":187,"column":null}}]},"4":{"loc":{"start":{"line":299,"column":7},"end":{"line":299,"column":23}},"type":"binary-expr","locations":[{"start":{"line":299,"column":7},"end":{"line":299,"column":23}},{"start":{"line":299,"column":23},"end":{"line":299,"column":null}}]}},"s":{"0":0,"1":0,"2":0,"3":0,"4":0,"5":0,"6":0,"7":0,"8":0,"9":0,"10":0,"11":0,"12":0,"13":0,"14":0,"15":0,"16":0,"17":0,"18":0,"19":0,"20":0,"21":0,"22":0,"23":0,"24":0,"25":0,"26":0,"27":0,"28":0,"29":0,"30":0},"f":{"0":0,"1":0,"2":0,"3":0,"4":0,"5":0,"6":0,"7":0,"8":0,"9":0,"10":0,"11":0},"b":{"0":[0,0,0,0],"1":[0,0,0,0],"2":[0,0],"3":[0,0],"4":[0,0]}}
,"/Users/nicolasbaranowski/Documents/companyOS/pages/product.tsx": {"path":"/Users/nicolasbaranowski/Documents/companyOS/pages/product.tsx","statementMap":{"0":{"start":{"line":17,"column":24},"end":{"line":17,"column":null}},"1":{"start":{"line":1,"column":17},"end":{"line":1,"column":null}},"2":{"start":{"line":2,"column":25},"end":{"line":2,"column":null}},"3":{"start":{"line":3,"column":17},"end":{"line":3,"column":null}},"4":{"start":{"line":18,"column":48},"end":{"line":18,"column":null}},"5":{"start":{"line":19,"column":42},"end":{"line":19,"column":null}},"6":{"start":{"line":21,"column":18},"end":{"line":112,"column":null}},"7":{"start":{"line":114,"column":17},"end":{"line":145,"column":null}},"8":{"start":{"line":147,"column":17},"end":{"line":153,"column":null}},"9":{"start":{"line":155,"column":27},"end":{"line":162,"column":null}},"10":{"start":{"line":156,"column":4},"end":{"line":161,"column":null}},"11":{"start":{"line":157,"column":19},"end":{"line":157,"column":null}},"12":{"start":{"line":158,"column":21},"end":{"line":158,"column":null}},"13":{"start":{"line":159,"column":18},"end":{"line":159,"column":null}},"14":{"start":{"line":160,"column":15},"end":{"line":160,"column":null}},"15":{"start":{"line":164,"column":25},"end":{"line":171,"column":null}},"16":{"start":{"line":165,"column":4},"end":{"line":170,"column":null}},"17":{"start":{"line":166,"column":24},"end":{"line":166,"column":null}},"18":{"start":{"line":167,"column":26},"end":{"line":167,"column":null}},"19":{"start":{"line":168,"column":22},"end":{"line":168,"column":null}},"20":{"start":{"line":169,"column":15},"end":{"line":169,"column":null}},"21":{"start":{"line":197,"column":14},"end":{"line":197,"column":36}},"22":{"start":{"line":242,"column":14},"end":{"line":242,"column":35}},"23":{"start":{"line":253,"column":24},"end":{"line":254,"column":null}},"24":{"start":{"line":257,"column":28},"end":{"line":257,"column":null}},"25":{"start":{"line":258,"column":28},"end":{"line":258,"column":null}},"26":{"start":{"line":271,"column":32},"end":{"line":271,"column":48}},"27":{"start":{"line":296,"column":14},"end":{"line":296,"column":36}},"28":{"start":{"line":304,"column":20},"end":{"line":304,"column":37}},"29":{"start":{"line":324,"column":33},"end":{"line":324,"column":null}},"30":{"start":{"line":361,"column":22},"end":{"line":361,"column":38}}},"fnMap":{"0":{"name":"Product","decl":{"start":{"line":17,"column":24},"end":{"line":17,"column":null}},"loc":{"start":{"line":17,"column":24},"end":{"line":374,"column":null}}},"1":{"name":"(anonymous_3)","decl":{"start":{"line":155,"column":27},"end":{"line":155,"column":28}},"loc":{"start":{"line":155,"column":28},"end":{"line":162,"column":null}}},"2":{"name":"(anonymous_4)","decl":{"start":{"line":164,"column":25},"end":{"line":164,"column":26}},"loc":{"start":{"line":164,"column":26},"end":{"line":171,"column":null}}},"3":{"name":"(anonymous_5)","decl":{"start":{"line":196,"column":24},"end":{"line":196,"column":25}},"loc":{"start":{"line":197,"column":14},"end":{"line":197,"column":36}}},"4":{"name":"(anonymous_6)","decl":{"start":{"line":241,"column":25},"end":{"line":241,"column":26}},"loc":{"start":{"line":242,"column":14},"end":{"line":242,"column":35}}},"5":{"name":"(anonymous_7)","decl":{"start":{"line":252,"column":43},"end":{"line":252,"column":44}},"loc":{"start":{"line":253,"column":24},"end":{"line":254,"column":null}}},"6":{"name":"(anonymous_8)","decl":{"start":{"line":256,"column":35},"end":{"line":256,"column":null}},"loc":{"start":{"line":256,"column":35},"end":{"line":259,"column":null}}},"7":{"name":"(anonymous_9)","decl":{"start":{"line":270,"column":48},"end":{"line":270,"column":49}},"loc":{"start":{"line":271,"column":32},"end":{"line":271,"column":48}}},"8":{"name":"(anonymous_10)","decl":{"start":{"line":295,"column":24},"end":{"line":295,"column":25}},"loc":{"start":{"line":296,"column":14},"end":{"line":296,"column":36}}},"9":{"name":"(anonymous_11)","decl":{"start":{"line":303,"column":36},"end":{"line":303,"column":37}},"loc":{"start":{"line":304,"column":20},"end":{"line":304,"column":37}}},"10":{"name":"(anonymous_12)","decl":{"start":{"line":324,"column":27},"end":{"line":324,"column":33}},"loc":{"start":{"line":324,"column":33},"end":{"line":324,"column":null}}},"11":{"name":"(anonymous_13)","decl":{"start":{"line":360,"column":46},"end":{"line":360,"column":47}},"loc":{"start":{"line":361,"column":22},"end":{"line":361,"column":38}}}},"branchMap":{"0":{"loc":{"start":{"line":156,"column":4},"end":{"line":161,"column":null}},"type":"switch","locations":[{"start":{"line":157,"column":6},"end":{"line":157,"column":null}},{"start":{"line":158,"column":6},"end":{"line":158,"column":null}},{"start":{"line":159,"column":6},"end":{"line":159,"column":null}},{"start":{"line":160,"column":6},"end":{"line":160,"column":null}}]},"1":{"loc":{"start":{"line":165,"column":4},"end":{"line":170,"column":null}},"type":"switch","locations":[{"start":{"line":166,"column":6},"end":{"line":166,"column":null}},{"start":{"line":167,"column":6},"end":{"line":167,"column":null}},{"start":{"line":168,"column":6},"end":{"line":168,"column":null}},{"start":{"line":169,"column":6},"end":{"line":169,"column":null}}]},"2":{"loc":{"start":{"line":200,"column":58},"end":{"line":200,"column":117}},"type":"cond-expr","locations":[{"start":{"line":200,"column":86},"end":{"line":200,"column":103}},{"start":{"line":200,"column":103},"end":{"line":200,"column":117}}]},"3":{"loc":{"start":{"line":205,"column":20},"end":{"line":205,"column":null}},"type":"cond-expr","locations":[{"start":{"line":205,"column":48},"end":{"line":205,"column":80}},{"start":{"line":205,"column":80},"end":{"line":205,"column":null}}]},"4":{"loc":{"start":{"line":317,"column":7},"end":{"line":317,"column":23}},"type":"binary-expr","locations":[{"start":{"line":317,"column":7},"end":{"line":317,"column":23}},{"start":{"line":317,"column":23},"end":{"line":317,"column":null}}]}},"s":{"0":0,"1":0,"2":0,"3":0,"4":0,"5":0,"6":0,"7":0,"8":0,"9":0,"10":0,"11":0,"12":0,"13":0,"14":0,"15":0,"16":0,"17":0,"18":0,"19":0,"20":0,"21":0,"22":0,"23":0,"24":0,"25":0,"26":0,"27":0,"28":0,"29":0,"30":0},"f":{"0":0,"1":0,"2":0,"3":0,"4":0,"5":0,"6":0,"7":0,"8":0,"9":0,"10":0,"11":0},"b":{"0":[0,0,0,0],"1":[0,0,0,0],"2":[0,0],"3":[0,0],"4":[0,0]}}
,"/Users/nicolasbaranowski/Documents/companyOS/pages/reporting.tsx": {"path":"/Users/nicolasbaranowski/Documents/companyOS/pages/reporting.tsx","statementMap":{"0":{"start":{"line":4,"column":24},"end":{"line":4,"column":null}},"1":{"start":{"line":1,"column":17},"end":{"line":1,"column":null}},"2":{"start":{"line":2,"column":17},"end":{"line":2,"column":null}}},"fnMap":{"0":{"name":"Reporting","decl":{"start":{"line":4,"column":24},"end":{"line":4,"column":null}},"loc":{"start":{"line":4,"column":24},"end":{"line":93,"column":null}}}},"branchMap":{},"s":{"0":0,"1":0,"2":0},"f":{"0":0},"b":{}}
,"/Users/nicolasbaranowski/Documents/companyOS/pages/selling.tsx": {"path":"/Users/nicolasbaranowski/Documents/companyOS/pages/selling.tsx","statementMap":{"0":{"start":{"line":17,"column":24},"end":{"line":17,"column":null}},"1":{"start":{"line":1,"column":17},"end":{"line":1,"column":null}},"2":{"start":{"line":2,"column":25},"end":{"line":2,"column":null}},"3":{"start":{"line":3,"column":17},"end":{"line":3,"column":null}},"4":{"start":{"line":18,"column":42},"end":{"line":18,"column":null}},"5":{"start":{"line":19,"column":42},"end":{"line":19,"column":null}},"6":{"start":{"line":21,"column":18},"end":{"line":112,"column":null}},"7":{"start":{"line":114,"column":17},"end":{"line":145,"column":null}},"8":{"start":{"line":147,"column":17},"end":{"line":153,"column":null}},"9":{"start":{"line":155,"column":27},"end":{"line":162,"column":null}},"10":{"start":{"line":156,"column":4},"end":{"line":161,"column":null}},"11":{"start":{"line":157,"column":19},"end":{"line":157,"column":null}},"12":{"start":{"line":158,"column":21},"end":{"line":158,"column":null}},"13":{"start":{"line":159,"column":18},"end":{"line":159,"column":null}},"14":{"start":{"line":160,"column":15},"end":{"line":160,"column":null}},"15":{"start":{"line":164,"column":25},"end":{"line":171,"column":null}},"16":{"start":{"line":165,"column":4},"end":{"line":170,"column":null}},"17":{"start":{"line":166,"column":24},"end":{"line":166,"column":null}},"18":{"start":{"line":167,"column":26},"end":{"line":167,"column":null}},"19":{"start":{"line":168,"column":22},"end":{"line":168,"column":null}},"20":{"start":{"line":169,"column":15},"end":{"line":169,"column":null}},"21":{"start":{"line":197,"column":14},"end":{"line":197,"column":36}},"22":{"start":{"line":242,"column":14},"end":{"line":242,"column":35}},"23":{"start":{"line":253,"column":24},"end":{"line":254,"column":null}},"24":{"start":{"line":257,"column":28},"end":{"line":257,"column":null}},"25":{"start":{"line":258,"column":28},"end":{"line":258,"column":null}},"26":{"start":{"line":271,"column":32},"end":{"line":271,"column":48}},"27":{"start":{"line":296,"column":14},"end":{"line":296,"column":36}},"28":{"start":{"line":304,"column":20},"end":{"line":304,"column":37}},"29":{"start":{"line":324,"column":33},"end":{"line":324,"column":null}},"30":{"start":{"line":361,"column":22},"end":{"line":361,"column":38}}},"fnMap":{"0":{"name":"Selling","decl":{"start":{"line":17,"column":24},"end":{"line":17,"column":null}},"loc":{"start":{"line":17,"column":24},"end":{"line":374,"column":null}}},"1":{"name":"(anonymous_3)","decl":{"start":{"line":155,"column":27},"end":{"line":155,"column":28}},"loc":{"start":{"line":155,"column":28},"end":{"line":162,"column":null}}},"2":{"name":"(anonymous_4)","decl":{"start":{"line":164,"column":25},"end":{"line":164,"column":26}},"loc":{"start":{"line":164,"column":26},"end":{"line":171,"column":null}}},"3":{"name":"(anonymous_5)","decl":{"start":{"line":196,"column":24},"end":{"line":196,"column":25}},"loc":{"start":{"line":197,"column":14},"end":{"line":197,"column":36}}},"4":{"name":"(anonymous_6)","decl":{"start":{"line":241,"column":25},"end":{"line":241,"column":26}},"loc":{"start":{"line":242,"column":14},"end":{"line":242,"column":35}}},"5":{"name":"(anonymous_7)","decl":{"start":{"line":252,"column":40},"end":{"line":252,"column":41}},"loc":{"start":{"line":253,"column":24},"end":{"line":254,"column":null}}},"6":{"name":"(anonymous_8)","decl":{"start":{"line":256,"column":35},"end":{"line":256,"column":null}},"loc":{"start":{"line":256,"column":35},"end":{"line":259,"column":null}}},"7":{"name":"(anonymous_9)","decl":{"start":{"line":270,"column":45},"end":{"line":270,"column":46}},"loc":{"start":{"line":271,"column":32},"end":{"line":271,"column":48}}},"8":{"name":"(anonymous_10)","decl":{"start":{"line":295,"column":24},"end":{"line":295,"column":25}},"loc":{"start":{"line":296,"column":14},"end":{"line":296,"column":36}}},"9":{"name":"(anonymous_11)","decl":{"start":{"line":303,"column":36},"end":{"line":303,"column":37}},"loc":{"start":{"line":304,"column":20},"end":{"line":304,"column":37}}},"10":{"name":"(anonymous_12)","decl":{"start":{"line":324,"column":27},"end":{"line":324,"column":33}},"loc":{"start":{"line":324,"column":33},"end":{"line":324,"column":null}}},"11":{"name":"(anonymous_13)","decl":{"start":{"line":360,"column":43},"end":{"line":360,"column":44}},"loc":{"start":{"line":361,"column":22},"end":{"line":361,"column":38}}}},"branchMap":{"0":{"loc":{"start":{"line":156,"column":4},"end":{"line":161,"column":null}},"type":"switch","locations":[{"start":{"line":157,"column":6},"end":{"line":157,"column":null}},{"start":{"line":158,"column":6},"end":{"line":158,"column":null}},{"start":{"line":159,"column":6},"end":{"line":159,"column":null}},{"start":{"line":160,"column":6},"end":{"line":160,"column":null}}]},"1":{"loc":{"start":{"line":165,"column":4},"end":{"line":170,"column":null}},"type":"switch","locations":[{"start":{"line":166,"column":6},"end":{"line":166,"column":null}},{"start":{"line":167,"column":6},"end":{"line":167,"column":null}},{"start":{"line":168,"column":6},"end":{"line":168,"column":null}},{"start":{"line":169,"column":6},"end":{"line":169,"column":null}}]},"2":{"loc":{"start":{"line":200,"column":58},"end":{"line":200,"column":117}},"type":"cond-expr","locations":[{"start":{"line":200,"column":86},"end":{"line":200,"column":103}},{"start":{"line":200,"column":103},"end":{"line":200,"column":117}}]},"3":{"loc":{"start":{"line":205,"column":20},"end":{"line":205,"column":null}},"type":"cond-expr","locations":[{"start":{"line":205,"column":48},"end":{"line":205,"column":80}},{"start":{"line":205,"column":80},"end":{"line":205,"column":null}}]},"4":{"loc":{"start":{"line":317,"column":7},"end":{"line":317,"column":23}},"type":"binary-expr","locations":[{"start":{"line":317,"column":7},"end":{"line":317,"column":23}},{"start":{"line":317,"column":23},"end":{"line":317,"column":null}}]}},"s":{"0":0,"1":0,"2":0,"3":0,"4":0,"5":0,"6":0,"7":0,"8":0,"9":0,"10":0,"11":0,"12":0,"13":0,"14":0,"15":0,"16":0,"17":0,"18":0,"19":0,"20":0,"21":0,"22":0,"23":0,"24":0,"25":0,"26":0,"27":0,"28":0,"29":0,"30":0},"f":{"0":0,"1":0,"2":0,"3":0,"4":0,"5":0,"6":0,"7":0,"8":0,"9":0,"10":0,"11":0},"b":{"0":[0,0,0,0],"1":[0,0,0,0],"2":[0,0],"3":[0,0],"4":[0,0]}}
,"/Users/nicolasbaranowski/Documents/companyOS/pages/settings.tsx": {"path":"/Users/nicolasbaranowski/Documents/companyOS/pages/settings.tsx","statementMap":{"0":{"start":{"line":4,"column":24},"end":{"line":4,"column":null}},"1":{"start":{"line":1,"column":17},"end":{"line":1,"column":null}},"2":{"start":{"line":2,"column":17},"end":{"line":2,"column":null}}},"fnMap":{"0":{"name":"Settings","decl":{"start":{"line":4,"column":24},"end":{"line":4,"column":null}},"loc":{"start":{"line":4,"column":24},"end":{"line":46,"column":null}}}},"branchMap":{},"s":{"0":0,"1":0,"2":0},"f":{"0":0},"b":{}}
,"/Users/nicolasbaranowski/Documents/companyOS/pages/test-dashboard.tsx": {"path":"/Users/nicolasbaranowski/Documents/companyOS/pages/test-dashboard.tsx","statementMap":{"0":{"start":{"line":17,"column":24},"end":{"line":17,"column":null}},"1":{"start":{"line":1,"column":36},"end":{"line":1,"column":null}},"2":{"start":{"line":15,"column":17},"end":{"line":15,"column":null}},"3":{"start":{"line":15,"column":37},"end":{"line":15,"column":null}},"4":{"start":{"line":18,"column":30},"end":{"line":18,"column":null}},"5":{"start":{"line":19,"column":32},"end":{"line":19,"column":null}},"6":{"start":{"line":20,"column":28},"end":{"line":20,"column":null}},"7":{"start":{"line":22,"column":22},"end":{"line":35,"column":null}},"8":{"start":{"line":23,"column":4},"end":{"line":23,"column":null}},"9":{"start":{"line":24,"column":4},"end":{"line":24,"column":null}},"10":{"start":{"line":25,"column":4},"end":{"line":34,"column":null}},"11":{"start":{"line":26,"column":18},"end":{"line":26,"column":null}},"12":{"start":{"line":27,"column":6},"end":{"line":27,"column":null}},"13":{"start":{"line":27,"column":19},"end":{"line":27,"column":null}},"14":{"start":{"line":28,"column":19},"end":{"line":28,"column":null}},"15":{"start":{"line":29,"column":6},"end":{"line":29,"column":null}},"16":{"start":{"line":31,"column":6},"end":{"line":31,"column":null}},"17":{"start":{"line":33,"column":6},"end":{"line":33,"column":null}},"18":{"start":{"line":37,"column":2},"end":{"line":41,"column":null}},"19":{"start":{"line":38,"column":4},"end":{"line":38,"column":null}},"20":{"start":{"line":39,"column":21},"end":{"line":39,"column":null}},"21":{"start":{"line":40,"column":4},"end":{"line":40,"column":null}},"22":{"start":{"line":40,"column":17},"end":{"line":40,"column":null}},"23":{"start":{"line":62,"column":12},"end":{"line":62,"column":null}}},"fnMap":{"0":{"name":"(anonymous_1)","decl":{"start":{"line":15,"column":17},"end":{"line":15,"column":18}},"loc":{"start":{"line":15,"column":37},"end":{"line":15,"column":null}}},"1":{"name":"TestDashboard","decl":{"start":{"line":17,"column":24},"end":{"line":17,"column":null}},"loc":{"start":{"line":17,"column":24},"end":{"line":74,"column":null}}},"2":{"name":"(anonymous_3)","decl":{"start":{"line":22,"column":22},"end":{"line":22,"column":null}},"loc":{"start":{"line":22,"column":22},"end":{"line":35,"column":null}}},"3":{"name":"(anonymous_4)","decl":{"start":{"line":37,"column":12},"end":{"line":37,"column":null}},"loc":{"start":{"line":37,"column":12},"end":{"line":41,"column":5}}},"4":{"name":"(anonymous_5)","decl":{"start":{"line":40,"column":11},"end":{"line":40,"column":17}},"loc":{"start":{"line":40,"column":17},"end":{"line":40,"column":null}}},"5":{"name":"(anonymous_6)","decl":{"start":{"line":61,"column":53},"end":{"line":61,"column":54}},"loc":{"start":{"line":62,"column":12},"end":{"line":62,"column":null}}}},"branchMap":{"0":{"loc":{"start":{"line":15,"column":37},"end":{"line":15,"column":null}},"type":"cond-expr","locations":[{"start":{"line":15,"column":51},"end":{"line":15,"column":61}},{"start":{"line":15,"column":61},"end":{"line":15,"column":null}}]},"1":{"loc":{"start":{"line":27,"column":6},"end":{"line":27,"column":null}},"type":"if","locations":[{"start":{"line":27,"column":6},"end":{"line":27,"column":null}}]}},"s":{"0":4,"1":1,"2":1,"3":0,"4":8,"5":8,"6":8,"7":8,"8":4,"9":4,"10":4,"11":4,"12":0,"13":0,"14":0,"15":0,"16":4,"17":4,"18":8,"19":4,"20":4,"21":4,"22":4,"23":0},"f":{"0":0,"1":8,"2":4,"3":4,"4":4,"5":0},"b":{"0":[0,0],"1":[0]}}
,"/Users/nicolasbaranowski/Documents/companyOS/pages/api/test-status.ts": {"path":"/Users/nicolasbaranowski/Documents/companyOS/pages/api/test-status.ts","statementMap":{"0":{"start":{"line":21,"column":30},"end":{"line":21,"column":38}},"1":{"start":{"line":2,"column":21},"end":{"line":2,"column":null}},"2":{"start":{"line":3,"column":26},"end":{"line":3,"column":null}},"3":{"start":{"line":4,"column":15},"end":{"line":4,"column":null}},"4":{"start":{"line":5,"column":17},"end":{"line":5,"column":null}},"5":{"start":{"line":7,"column":18},"end":{"line":7,"column":null}},"6":{"start":{"line":22,"column":2},"end":{"line":24,"column":null}},"7":{"start":{"line":23,"column":4},"end":{"line":23,"column":null}},"8":{"start":{"line":26,"column":2},"end":{"line":108,"column":null}},"9":{"start":{"line":28,"column":25},"end":{"line":28,"column":null}},"10":{"start":{"line":29,"column":21},"end":{"line":29,"column":null}},"11":{"start":{"line":33,"column":4},"end":{"line":81,"column":null}},"12":{"start":{"line":35,"column":6},"end":{"line":35,"column":null}},"13":{"start":{"line":36,"column":11},"end":{"line":81,"column":null}},"14":{"start":{"line":38,"column":26},"end":{"line":38,"column":null}},"15":{"start":{"line":39,"column":20},"end":{"line":39,"column":null}},"16":{"start":{"line":40,"column":23},"end":{"line":40,"column":null}},"17":{"start":{"line":41,"column":25},"end":{"line":41,"column":null}},"18":{"start":{"line":43,"column":6},"end":{"line":49,"column":null}},"19":{"start":{"line":44,"column":8},"end":{"line":48,"column":null}},"20":{"start":{"line":45,"column":10},"end":{"line":45,"column":null}},"21":{"start":{"line":46,"column":15},"end":{"line":48,"column":null}},"22":{"start":{"line":47,"column":10},"end":{"line":47,"column":null}},"23":{"start":{"line":51,"column":27},"end":{"line":51,"column":null}},"24":{"start":{"line":53,"column":6},"end":{"line":60,"column":null}},"25":{"start":{"line":63,"column":6},"end":{"line":80,"column":null}},"26":{"start":{"line":64,"column":8},"end":{"line":64,"column":null}},"27":{"start":{"line":66,"column":8},"end":{"line":70,"column":null}},"28":{"start":{"line":67,"column":10},"end":{"line":67,"column":null}},"29":{"start":{"line":69,"column":10},"end":{"line":69,"column":null}},"30":{"start":{"line":72,"column":8},"end":{"line":72,"column":null}},"31":{"start":{"line":74,"column":40},"end":{"line":78,"column":null}},"32":{"start":{"line":79,"column":8},"end":{"line":79,"column":null}},"33":{"start":{"line":83,"column":18},"end":{"line":83,"column":36}},"34":{"start":{"line":86,"column":31},"end":{"line":102,"column":null}},"35":{"start":{"line":104,"column":4},"end":{"line":104,"column":null}},"36":{"start":{"line":106,"column":4},"end":{"line":106,"column":null}},"37":{"start":{"line":107,"column":4},"end":{"line":107,"column":null}}},"fnMap":{"0":{"name":"handler","decl":{"start":{"line":21,"column":30},"end":{"line":21,"column":38}},"loc":{"start":{"line":21,"column":91},"end":{"line":109,"column":null}}}},"branchMap":{"0":{"loc":{"start":{"line":22,"column":2},"end":{"line":24,"column":null}},"type":"if","locations":[{"start":{"line":22,"column":2},"end":{"line":24,"column":null}}]},"1":{"loc":{"start":{"line":33,"column":4},"end":{"line":81,"column":null}},"type":"if","locations":[{"start":{"line":33,"column":4},"end":{"line":81,"column":null}},{"start":{"line":36,"column":11},"end":{"line":81,"column":null}}]},"2":{"loc":{"start":{"line":36,"column":11},"end":{"line":81,"column":null}},"type":"if","locations":[{"start":{"line":36,"column":11},"end":{"line":81,"column":null}},{"start":{"line":61,"column":11},"end":{"line":81,"column":null}}]},"3":{"loc":{"start":{"line":44,"column":8},"end":{"line":48,"column":null}},"type":"if","locations":[{"start":{"line":44,"column":8},"end":{"line":48,"column":null}},{"start":{"line":46,"column":15},"end":{"line":48,"column":null}}]},"4":{"loc":{"start":{"line":46,"column":15},"end":{"line":48,"column":null}},"type":"if","locations":[{"start":{"line":46,"column":15},"end":{"line":48,"column":null}}]},"5":{"loc":{"start":{"line":51,"column":27},"end":{"line":51,"column":null}},"type":"cond-expr","locations":[{"start":{"line":51,"column":44},"end":{"line":51,"column":80}},{"start":{"line":51,"column":80},"end":{"line":51,"column":null}}]},"6":{"loc":{"start":{"line":66,"column":8},"end":{"line":70,"column":null}},"type":"if","locations":[{"start":{"line":66,"column":8},"end":{"line":70,"column":null}},{"start":{"line":68,"column":15},"end":{"line":70,"column":null}}]}},"s":{"0":24,"1":3,"2":3,"3":3,"4":3,"5":3,"6":24,"7":7,"8":17,"9":17,"10":17,"11":17,"12":1,"13":16,"14":14,"15":14,"16":14,"17":14,"18":14,"19":13105,"20":364,"21":12741,"22":364,"23":14,"24":14,"25":2,"26":2,"27":0,"28":0,"29":0,"30":1,"31":1,"32":1,"33":14,"34":14,"35":14,"36":1,"37":1},"f":{"0":24},"b":{"0":[7],"1":[1,16],"2":[14,2],"3":[364,12741],"4":[364],"5":[13,1],"6":[0,0]}}
,"/Users/nicolasbaranowski/Documents/companyOS/pages/api/agents/execute.ts": {"path":"/Users/nicolasbaranowski/Documents/companyOS/pages/api/agents/execute.ts","statementMap":{"0":{"start":{"line":5,"column":30},"end":{"line":5,"column":38}},"1":{"start":{"line":2,"column":34},"end":{"line":2,"column":null}},"2":{"start":{"line":6,"column":2},"end":{"line":8,"column":null}},"3":{"start":{"line":7,"column":4},"end":{"line":7,"column":null}},"4":{"start":{"line":10,"column":2},"end":{"line":50,"column":null}},"5":{"start":{"line":11,"column":42},"end":{"line":11,"column":50}},"6":{"start":{"line":13,"column":4},"end":{"line":15,"column":null}},"7":{"start":{"line":14,"column":6},"end":{"line":14,"column":null}},"8":{"start":{"line":17,"column":39},"end":{"line":21,"column":null}},"9":{"start":{"line":23,"column":25},"end":{"line":23,"column":null}},"10":{"start":{"line":26,"column":4},"end":{"line":32,"column":null}},"11":{"start":{"line":28,"column":6},"end":{"line":28,"column":null}},"12":{"start":{"line":31,"column":6},"end":{"line":31,"column":null}},"13":{"start":{"line":34,"column":4},"end":{"line":42,"column":null}},"14":{"start":{"line":45,"column":4},"end":{"line":45,"column":null}},"15":{"start":{"line":46,"column":4},"end":{"line":49,"column":null}}},"fnMap":{"0":{"name":"handler","decl":{"start":{"line":5,"column":30},"end":{"line":5,"column":38}},"loc":{"start":{"line":5,"column":79},"end":{"line":51,"column":null}}}},"branchMap":{"0":{"loc":{"start":{"line":6,"column":2},"end":{"line":8,"column":null}},"type":"if","locations":[{"start":{"line":6,"column":2},"end":{"line":8,"column":null}}]},"1":{"loc":{"start":{"line":13,"column":4},"end":{"line":15,"column":null}},"type":"if","locations":[{"start":{"line":13,"column":4},"end":{"line":15,"column":null}}]},"2":{"loc":{"start":{"line":13,"column":8},"end":{"line":13,"column":32}},"type":"binary-expr","locations":[{"start":{"line":13,"column":8},"end":{"line":13,"column":22}},{"start":{"line":13,"column":22},"end":{"line":13,"column":32}}]},"3":{"loc":{"start":{"line":26,"column":4},"end":{"line":32,"column":null}},"type":"if","locations":[{"start":{"line":26,"column":4},"end":{"line":32,"column":null}},{"start":{"line":29,"column":11},"end":{"line":32,"column":null}}]},"4":{"loc":{"start":{"line":39,"column":15},"end":{"line":39,"column":null}},"type":"binary-expr","locations":[{"start":{"line":39,"column":15},"end":{"line":39,"column":24}},{"start":{"line":39,"column":24},"end":{"line":39,"column":null}}]},"5":{"loc":{"start":{"line":48,"column":13},"end":{"line":48,"column":null}},"type":"cond-expr","locations":[{"start":{"line":48,"column":38},"end":{"line":48,"column":51}},{"start":{"line":48,"column":54},"end":{"line":48,"column":null}}]}},"s":{"0":11,"1":2,"2":11,"3":4,"4":7,"5":7,"6":7,"7":3,"8":4,"9":4,"10":4,"11":1,"12":3,"13":1,"14":3,"15":3},"f":{"0":11},"b":{"0":[4],"1":[3],"2":[7,5],"3":[1,3],"4":[1,1],"5":[3,0]}}
,"/Users/nicolasbaranowski/Documents/companyOS/pages/api/agents/orchestrator/receive.ts": {"path":"/Users/nicolasbaranowski/Documents/companyOS/pages/api/agents/orchestrator/receive.ts","statementMap":{"0":{"start":{"line":6,"column":24},"end":{"line":6,"column":32}},"1":{"start":{"line":8,"column":2},"end":{"line":8,"column":null}}},"fnMap":{"0":{"name":"handler","decl":{"start":{"line":6,"column":24},"end":{"line":6,"column":32}},"loc":{"start":{"line":6,"column":73},"end":{"line":9,"column":null}}}},"branchMap":{},"s":{"0":3,"1":3},"f":{"0":3},"b":{}}
,"/Users/nicolasbaranowski/Documents/companyOS/pages/api/agents/scout/receive.ts": {"path":"/Users/nicolasbaranowski/Documents/companyOS/pages/api/agents/scout/receive.ts","statementMap":{"0":{"start":{"line":6,"column":24},"end":{"line":6,"column":32}},"1":{"start":{"line":8,"column":2},"end":{"line":8,"column":null}}},"fnMap":{"0":{"name":"handler","decl":{"start":{"line":6,"column":24},"end":{"line":6,"column":32}},"loc":{"start":{"line":6,"column":73},"end":{"line":9,"column":null}}}},"branchMap":{},"s":{"0":10,"1":10},"f":{"0":10},"b":{}}
}
