TN:
SF:components/Button.stories.tsx
FNF:0
FNH:0
DA:2,1
DA:4,1
DA:23,1
DA:26,17
DA:33,2
DA:40,2
DA:47,2
LF:7
LH:7
BRF:0
BRH:0
end_of_record
TN:
SF:components/Button.tsx
FN:8,(anonymous_2)
FNF:1
FNH:1
FNDA:8,(anonymous_2)
DA:1,1
DA:8,1
DA:15,8
DA:16,8
DA:20,8
DA:26,8
DA:35,8
LF:7
LH:7
BRDA:10,0,0,7
BRDA:11,1,0,7
BRDA:12,2,0,6
BRF:3
BRH:3
end_of_record
TN:
SF:components/KanbanBoard.tsx
FN:14,(anonymous_4)
FN:23,(anonymous_5)
FN:24,(anonymous_6)
FN:29,(anonymous_7)
FN:38,(anonymous_8)
FNF:5
FNH:5
FNDA:3,(anonymous_4)
FNDA:9,(anonymous_5)
FNDA:18,(anonymous_6)
FNDA:9,(anonymous_7)
FNDA:6,(anonymous_8)
DA:1,1
DA:14,3
DA:15,3
DA:17,3
DA:23,3
DA:24,18
DA:30,9
DA:39,6
LF:8
LH:8
BRDA:14,0,0,0
BRF:1
BRH:0
end_of_record
TN:
SF:components/Modal.tsx
FN:11,(anonymous_2)
FNF:1
FNH:1
FNDA:6,(anonymous_2)
DA:1,1
DA:11,6
DA:18,6
DA:20,5
LF:4
LH:4
BRDA:16,0,0,4
BRDA:18,1,0,1
BRF:2
BRH:2
end_of_record
TN:
SF:lib/mongodb.ts
FN:22,dbConnect
FN:32,(anonymous_3)
FNF:2
FNH:2
FNDA:4,dbConnect
FNDA:2,(anonymous_3)
DA:3,4
DA:5,4
DA:7,4
DA:8,1
DA:16,3
DA:18,3
DA:19,3
DA:23,4
DA:24,1
DA:27,3
DA:28,3
DA:32,3
DA:33,2
DA:37,3
DA:38,3
DA:40,1
DA:41,1
DA:44,2
DA:47,3
LF:19
LH:19
BRDA:7,0,0,1
BRDA:18,1,0,3
BRDA:23,2,0,1
BRDA:27,3,0,3
BRF:4
BRH:4
end_of_record
TN:
SF:lib/stripe.ts
FN:12,createCustomer
FN:20,createSubscription
FNF:2
FNH:2
FNDA:3,createCustomer
FNDA:2,createSubscription
DA:3,1
DA:5,1
DA:9,11
DA:12,3
DA:13,3
DA:20,2
DA:21,2
LF:7
LH:7
BRF:0
BRH:0
end_of_record
TN:
SF:lib/agents/BaseAgent.ts
FN:4,(anonymous_1)
FN:13,(anonymous_2)
FN:27,(anonymous_3)
FNF:3
FNH:3
FNDA:14,(anonymous_1)
FNDA:2,(anonymous_2)
FNDA:8,(anonymous_3)
DA:3,2
DA:5,14
DA:6,14
DA:7,14
DA:8,14
DA:14,2
DA:15,2
DA:28,8
LF:8
LH:8
BRF:0
BRH:0
end_of_record
TN:
SF:lib/agents/orchestrator.ts
FN:5,(anonymous_4)
FN:7,(anonymous_5)
FN:22,(anonymous_6)
FN:50,(anonymous_7)
FN:65,(anonymous_8)
FN:67,(anonymous_9)
FN:70,(anonymous_10)
FNF:7
FNH:7
FNDA:21,(anonymous_4)
FNDA:14,(anonymous_5)
FNDA:10,(anonymous_6)
FNDA:4,(anonymous_7)
FNDA:3,(anonymous_8)
FNDA:3,(anonymous_9)
FNDA:3,(anonymous_10)
DA:2,2
DA:4,23
DA:5,21
DA:8,14
DA:9,14
DA:10,2
DA:13,12
DA:14,12
DA:15,2
DA:18,10
DA:19,10
DA:20,10
DA:22,10
DA:23,0
DA:25,0
DA:26,0
DA:29,0
DA:30,0
DA:31,0
DA:34,10
DA:47,10
DA:51,4
DA:52,4
DA:53,3
DA:56,1
DA:58,1
DA:59,3
DA:62,1
DA:66,3
DA:67,3
DA:70,3
DA:71,3
DA:72,3
LF:33
LH:27
BRDA:9,0,0,2
BRDA:14,1,0,2
BRDA:25,2,0,0
BRDA:52,3,0,3
BRF:4
BRH:3
end_of_record
TN:
SF:lib/agents/registry.ts
FN:24,getMetaBox
FN:28,getAgent
FN:31,(anonymous_9)
FN:34,getPhaseAgents
FN:37,(anonymous_11)
FN:40,getAllMetaBoxes
FN:44,validateMetaBox
FNF:7
FNH:7
FNDA:16,getMetaBox
FNDA:5,getAgent
FNDA:5,(anonymous_9)
FNDA:5,getPhaseAgents
FNDA:6,(anonymous_11)
FNDA:2,getAllMetaBoxes
FNDA:3,validateMetaBox
DA:2,3
DA:4,5
DA:24,7
DA:25,16
DA:28,6
DA:29,5
DA:30,5
DA:31,5
DA:34,6
DA:35,5
DA:36,5
DA:37,6
DA:40,3
DA:41,2
DA:44,4
DA:50,3
LF:16
LH:16
BRDA:30,0,0,2
BRDA:36,1,0,2
BRF:2
BRH:2
end_of_record
TN:
SF:lib/agents/types.ts
FNF:0
FNH:0
DA:1,1
DA:24,2
DA:43,2
LF:3
LH:3
BRF:0
BRH:0
end_of_record
TN:
SF:lib/agents/fundraising/InvestorResearchAgent.ts
FN:32,(anonymous_1)
FN:41,(anonymous_2)
FNF:2
FNH:2
FNDA:7,(anonymous_1)
FNDA:5,(anonymous_2)
DA:1,1
DA:31,8
DA:33,7
DA:42,5
DA:50,5
DA:61,5
DA:66,0
LF:7
LH:6
BRF:0
BRH:0
end_of_record
TN:
SF:lib/agents/fundraising/manifest.ts
FNF:0
FNH:0
DA:3,2
LF:1
LH:1
BRF:0
BRH:0
end_of_record
TN:
SF:pages/_app.tsx
FN:7,App
FN:8,(anonymous_3)
FN:13,(anonymous_4)
FNF:3
FNH:2
FNDA:3,App
FNDA:3,(anonymous_3)
FNDA:0,(anonymous_4)
DA:2,1
DA:3,1
DA:4,1
DA:5,1
DA:7,3
DA:8,3
DA:10,3
DA:11,0
DA:14,0
LF:9
LH:7
BRDA:10,0,0,0
BRDA:10,1,0,3
BRDA:10,1,1,0
BRDA:14,2,0,0
BRF:4
BRH:1
end_of_record
TN:
SF:pages/dashboard.tsx
FN:5,Dashboard
FN:87,(anonymous_3)
FN:197,(anonymous_4)
FNF:3
FNH:3
FNDA:5,Dashboard
FNDA:40,(anonymous_3)
FNDA:30,(anonymous_4)
DA:1,1
DA:2,1
DA:3,1
DA:5,5
DA:6,5
DA:8,5
DA:19,5
DA:88,40
DA:198,30
LF:9
LH:9
BRDA:92,0,0,5
BRDA:92,0,1,35
BRF:2
BRH:2
end_of_record
TN:
SF:pages/fundraising.tsx
FN:16,Fundraising
FN:176,(anonymous_3)
FN:185,(anonymous_4)
FN:217,(anonymous_5)
FN:262,(anonymous_6)
FN:273,(anonymous_7)
FN:277,(anonymous_8)
FN:290,(anonymous_9)
FN:315,(anonymous_10)
FN:323,(anonymous_11)
FN:344,(anonymous_12)
FN:376,(anonymous_13)
FNF:12
FNH:9
FNDA:5,Fundraising
FNDA:35,(anonymous_3)
FNDA:25,(anonymous_4)
FNDA:25,(anonymous_5)
FNDA:30,(anonymous_6)
FNDA:35,(anonymous_7)
FNDA:0,(anonymous_8)
FNDA:70,(anonymous_9)
FNDA:25,(anonymous_10)
FNDA:50,(anonymous_11)
FNDA:0,(anonymous_12)
FNDA:0,(anonymous_13)
DA:1,1
DA:2,1
DA:3,1
DA:16,5
DA:17,5
DA:18,5
DA:20,5
DA:135,5
DA:168,5
DA:176,5
DA:177,35
DA:178,20
DA:179,10
DA:180,5
DA:181,0
DA:185,5
DA:186,25
DA:187,5
DA:188,5
DA:189,15
DA:190,0
DA:218,25
DA:263,30
DA:274,35
DA:278,0
DA:279,0
DA:291,70
DA:316,25
DA:324,50
DA:344,0
DA:377,0
LF:31
LH:25
BRDA:177,0,0,20
BRDA:177,0,1,10
BRDA:177,0,2,5
BRDA:177,0,3,0
BRDA:186,1,0,5
BRDA:186,1,1,5
BRDA:186,1,2,15
BRDA:186,1,3,0
BRDA:221,2,0,15
BRDA:221,2,1,10
BRDA:226,3,0,15
BRDA:226,3,1,10
BRDA:337,4,0,5
BRDA:337,4,1,0
BRF:14
BRH:11
end_of_record
TN:
SF:pages/hiring.tsx
FN:17,Hiring
FN:166,(anonymous_3)
FN:175,(anonymous_4)
FN:207,(anonymous_5)
FN:252,(anonymous_6)
FN:263,(anonymous_7)
FN:267,(anonymous_8)
FN:281,(anonymous_9)
FN:306,(anonymous_10)
FN:314,(anonymous_11)
FN:335,(anonymous_12)
FN:371,(anonymous_13)
FNF:12
FNH:9
FNDA:5,Hiring
FNDA:30,(anonymous_3)
FNDA:25,(anonymous_4)
FNDA:25,(anonymous_5)
FNDA:25,(anonymous_6)
FNDA:30,(anonymous_7)
FNDA:0,(anonymous_8)
FNDA:60,(anonymous_9)
FNDA:25,(anonymous_10)
FNDA:50,(anonymous_11)
FNDA:0,(anonymous_12)
FNDA:0,(anonymous_13)
DA:1,1
DA:2,1
DA:3,1
DA:17,5
DA:18,5
DA:19,5
DA:21,5
DA:125,5
DA:158,5
DA:166,5
DA:167,30
DA:168,15
DA:169,10
DA:170,5
DA:171,0
DA:175,5
DA:176,25
DA:177,5
DA:178,5
DA:179,15
DA:180,0
DA:208,25
DA:253,25
DA:264,30
DA:268,0
DA:269,0
DA:282,60
DA:307,25
DA:315,50
DA:335,0
DA:372,0
LF:31
LH:25
BRDA:167,0,0,15
BRDA:167,0,1,10
BRDA:167,0,2,5
BRDA:167,0,3,0
BRDA:176,1,0,5
BRDA:176,1,1,5
BRDA:176,1,2,15
BRDA:176,1,3,0
BRDA:211,2,0,15
BRDA:211,2,1,10
BRDA:216,3,0,15
BRDA:216,3,1,10
BRDA:328,4,0,5
BRDA:328,4,1,0
BRF:14
BRH:11
end_of_record
TN:
SF:pages/index.tsx
FN:6,Homepage
FN:132,(anonymous_6)
FN:156,(anonymous_7)
FNF:3
FNH:3
FNDA:5,Homepage
FNDA:30,(anonymous_6)
FNDA:40,(anonymous_7)
DA:1,1
DA:2,1
DA:3,1
DA:6,5
DA:7,5
DA:9,5
DA:42,5
DA:133,30
DA:157,40
LF:9
LH:9
BRF:0
BRH:0
end_of_record
TN:
SF:pages/login.tsx
FN:5,Login
FN:10,(anonymous_3)
FN:15,(anonymous_4)
FN:21,(anonymous_5)
FN:65,(anonymous_6)
FNF:5
FNH:5
FNDA:6,Login
FNDA:1,(anonymous_3)
FNDA:1,(anonymous_4)
FNDA:1,(anonymous_5)
FNDA:1,(anonymous_6)
DA:1,1
DA:2,1
DA:3,1
DA:5,3
DA:6,6
DA:7,6
DA:8,6
DA:10,6
DA:11,1
DA:12,1
DA:15,1
DA:16,1
DA:17,1
DA:21,6
DA:23,1
DA:65,1
LF:16
LH:16
BRDA:51,0,0,5
BRDA:78,1,0,1
BRDA:78,1,1,4
BRF:3
BRH:3
end_of_record
TN:
SF:pages/marketing.tsx
FN:17,Marketing
FN:137,(anonymous_3)
FN:146,(anonymous_4)
FN:178,(anonymous_5)
FN:223,(anonymous_6)
FN:234,(anonymous_7)
FN:238,(anonymous_8)
FN:252,(anonymous_9)
FN:277,(anonymous_10)
FN:285,(anonymous_11)
FN:306,(anonymous_12)
FN:342,(anonymous_13)
FNF:12
FNH:9
FNDA:5,Marketing
FNDA:20,(anonymous_3)
FNDA:25,(anonymous_4)
FNDA:25,(anonymous_5)
FNDA:20,(anonymous_6)
FNDA:20,(anonymous_7)
FNDA:0,(anonymous_8)
FNDA:40,(anonymous_9)
FNDA:25,(anonymous_10)
FNDA:50,(anonymous_11)
FNDA:0,(anonymous_12)
FNDA:0,(anonymous_13)
DA:1,1
DA:2,1
DA:3,1
DA:17,5
DA:18,5
DA:19,5
DA:21,5
DA:96,5
DA:129,5
DA:137,5
DA:138,20
DA:139,10
DA:140,5
DA:141,5
DA:142,0
DA:146,5
DA:147,25
DA:148,5
DA:149,5
DA:150,15
DA:151,0
DA:179,25
DA:224,20
DA:235,20
DA:239,0
DA:240,0
DA:253,40
DA:278,25
DA:286,50
DA:306,0
DA:343,0
LF:31
LH:25
BRDA:138,0,0,10
BRDA:138,0,1,5
BRDA:138,0,2,5
BRDA:138,0,3,0
BRDA:147,1,0,5
BRDA:147,1,1,5
BRDA:147,1,2,15
BRDA:147,1,3,0
BRDA:182,2,0,15
BRDA:182,2,1,10
BRDA:187,3,0,15
BRDA:187,3,1,10
BRDA:299,4,0,5
BRDA:299,4,1,0
BRF:14
BRH:11
end_of_record
TN:
SF:pages/product.tsx
FN:17,Product
FN:155,(anonymous_3)
FN:164,(anonymous_4)
FN:196,(anonymous_5)
FN:241,(anonymous_6)
FN:252,(anonymous_7)
FN:256,(anonymous_8)
FN:270,(anonymous_9)
FN:295,(anonymous_10)
FN:303,(anonymous_11)
FN:324,(anonymous_12)
FN:360,(anonymous_13)
FNF:12
FNH:9
FNDA:5,Product
FNDA:25,(anonymous_3)
FNDA:25,(anonymous_4)
FNDA:25,(anonymous_5)
FNDA:25,(anonymous_6)
FNDA:25,(anonymous_7)
FNDA:0,(anonymous_8)
FNDA:50,(anonymous_9)
FNDA:25,(anonymous_10)
FNDA:50,(anonymous_11)
FNDA:0,(anonymous_12)
FNDA:0,(anonymous_13)
DA:1,1
DA:2,1
DA:3,1
DA:17,5
DA:18,5
DA:19,5
DA:21,5
DA:114,5
DA:147,5
DA:155,5
DA:156,25
DA:157,10
DA:158,10
DA:159,5
DA:160,0
DA:164,5
DA:165,25
DA:166,5
DA:167,5
DA:168,15
DA:169,0
DA:197,25
DA:242,25
DA:253,25
DA:257,0
DA:258,0
DA:271,50
DA:296,25
DA:304,50
DA:324,0
DA:361,0
LF:31
LH:25
BRDA:156,0,0,10
BRDA:156,0,1,10
BRDA:156,0,2,5
BRDA:156,0,3,0
BRDA:165,1,0,5
BRDA:165,1,1,5
BRDA:165,1,2,15
BRDA:165,1,3,0
BRDA:200,2,0,15
BRDA:200,2,1,10
BRDA:205,3,0,15
BRDA:205,3,1,10
BRDA:317,4,0,5
BRDA:317,4,1,0
BRF:14
BRH:11
end_of_record
TN:
SF:pages/reporting.tsx
FN:4,Reporting
FNF:1
FNH:1
FNDA:13,Reporting
DA:1,1
DA:2,1
DA:4,13
LF:3
LH:3
BRF:0
BRH:0
end_of_record
TN:
SF:pages/selling.tsx
FN:17,Selling
FN:155,(anonymous_3)
FN:164,(anonymous_4)
FN:196,(anonymous_5)
FN:241,(anonymous_6)
FN:252,(anonymous_7)
FN:256,(anonymous_8)
FN:270,(anonymous_9)
FN:295,(anonymous_10)
FN:303,(anonymous_11)
FN:324,(anonymous_12)
FN:360,(anonymous_13)
FNF:12
FNH:9
FNDA:5,Selling
FNDA:25,(anonymous_3)
FNDA:25,(anonymous_4)
FNDA:25,(anonymous_5)
FNDA:25,(anonymous_6)
FNDA:25,(anonymous_7)
FNDA:0,(anonymous_8)
FNDA:50,(anonymous_9)
FNDA:25,(anonymous_10)
FNDA:50,(anonymous_11)
FNDA:0,(anonymous_12)
FNDA:0,(anonymous_13)
DA:1,1
DA:2,1
DA:3,1
DA:17,5
DA:18,5
DA:19,5
DA:21,5
DA:114,5
DA:147,5
DA:155,5
DA:156,25
DA:157,15
DA:158,5
DA:159,5
DA:160,0
DA:164,5
DA:165,25
DA:166,5
DA:167,5
DA:168,15
DA:169,0
DA:197,25
DA:242,25
DA:253,25
DA:257,0
DA:258,0
DA:271,50
DA:296,25
DA:304,50
DA:324,0
DA:361,0
LF:31
LH:25
BRDA:156,0,0,15
BRDA:156,0,1,5
BRDA:156,0,2,5
BRDA:156,0,3,0
BRDA:165,1,0,5
BRDA:165,1,1,5
BRDA:165,1,2,15
BRDA:165,1,3,0
BRDA:200,2,0,15
BRDA:200,2,1,10
BRDA:205,3,0,15
BRDA:205,3,1,10
BRDA:317,4,0,5
BRDA:317,4,1,0
BRF:14
BRH:11
end_of_record
TN:
SF:pages/settings.tsx
FN:4,Settings
FNF:1
FNH:1
FNDA:18,Settings
DA:1,1
DA:2,1
DA:4,18
LF:3
LH:3
BRF:0
BRH:0
end_of_record
TN:
SF:pages/test-dashboard.tsx
FN:15,(anonymous_1)
FN:17,TestDashboard
FN:22,(anonymous_3)
FN:37,(anonymous_4)
FN:40,(anonymous_5)
FN:61,(anonymous_6)
FNF:6
FNH:6
FNDA:54,(anonymous_1)
FNDA:17,TestDashboard
FNDA:9,(anonymous_3)
FNDA:8,(anonymous_4)
FNDA:8,(anonymous_5)
FNDA:18,(anonymous_6)
DA:1,1
DA:15,54
DA:17,8
DA:18,17
DA:19,17
DA:20,17
DA:22,17
DA:23,9
DA:24,9
DA:25,9
DA:26,9
DA:27,7
DA:28,7
DA:29,7
DA:31,1
DA:33,8
DA:37,17
DA:38,8
DA:39,8
DA:40,8
DA:62,18
LF:21
LH:21
BRDA:15,0,0,6
BRDA:15,0,1,48
BRDA:27,1,0,0
BRF:3
BRH:2
end_of_record
TN:
SF:pages/api/test-status.ts
FN:21,handler
FNF:1
FNH:1
FNDA:20,handler
DA:2,2
DA:3,2
DA:4,2
DA:5,2
DA:7,2
DA:21,20
DA:22,20
DA:23,5
DA:26,15
DA:28,15
DA:29,15
DA:33,15
DA:35,2
DA:36,13
DA:38,11
DA:39,11
DA:40,11
DA:41,11
DA:43,11
DA:44,11088
DA:45,308
DA:46,10780
DA:47,308
DA:51,11
DA:53,11
DA:63,2
DA:64,2
DA:66,0
DA:67,0
DA:69,0
DA:72,1
DA:74,1
DA:79,1
DA:83,11
DA:86,11
DA:104,11
DA:106,2
DA:107,2
LF:38
LH:35
BRDA:22,0,0,5
BRDA:33,1,0,2
BRDA:33,1,1,13
BRDA:36,2,0,11
BRDA:36,2,1,2
BRDA:44,3,0,308
BRDA:44,3,1,10780
BRDA:46,4,0,308
BRDA:51,5,0,11
BRDA:51,5,1,0
BRDA:66,6,0,0
BRDA:66,6,1,0
BRF:12
BRH:9
end_of_record
TN:
SF:pages/api/agents/execute.ts
FN:5,handler
FNF:1
FNH:1
FNDA:7,handler
DA:2,1
DA:5,7
DA:6,7
DA:7,1
DA:10,6
DA:11,6
DA:13,6
DA:14,2
DA:17,4
DA:23,4
DA:26,4
DA:28,1
DA:31,3
DA:34,1
DA:45,3
DA:46,3
LF:16
LH:16
BRDA:6,0,0,1
BRDA:13,1,0,2
BRDA:13,2,0,6
BRDA:13,2,1,5
BRDA:26,3,0,1
BRDA:26,3,1,3
BRDA:39,4,0,1
BRDA:39,4,1,1
BRDA:48,5,0,3
BRDA:48,5,1,0
BRF:10
BRH:9
end_of_record
TN:
SF:pages/api/agents/orchestrator/receive.ts
FN:6,handler
FNF:1
FNH:1
FNDA:3,handler
DA:6,3
DA:8,3
LF:2
LH:2
BRF:0
BRH:0
end_of_record
TN:
SF:pages/api/agents/scout/receive.ts
FN:6,handler
FNF:1
FNH:1
FNDA:6,handler
DA:6,6
DA:8,6
LF:2
LH:2
BRF:0
BRH:0
end_of_record
