{"/Users/nicolasbaranowski/Documents/companyOS/components/AgentPanel.stories.tsx": {"path":"/Users/nicolasbaranowski/Documents/companyOS/components/AgentPanel.stories.tsx","statementMap":{"0":{"start":{"line":33,"column":13},"end":{"line":33,"column":20}},"1":{"start":{"line":23,"column":13},"end":{"line":23,"column":20}},"2":{"start":{"line":39,"column":13},"end":{"line":39,"column":22}},"3":{"start":{"line":27,"column":13},"end":{"line":27,"column":28}},"4":{"start":{"line":20,"column":0},"end":{"line":20,"column":15}},"5":{"start":{"line":3,"column":23},"end":{"line":3,"column":null}},"6":{"start":{"line":5,"column":38},"end":{"line":18,"column":null}},"7":{"start":{"line":20,"column":15},"end":{"line":20,"column":20}},"8":{"start":{"line":23,"column":30},"end":{"line":25,"column":null}},"9":{"start":{"line":27,"column":38},"end":{"line":31,"column":null}},"10":{"start":{"line":33,"column":30},"end":{"line":37,"column":null}},"11":{"start":{"line":39,"column":32},"end":{"line":43,"column":null}}},"fnMap":{},"branchMap":{},"s":{"0":0,"1":0,"2":0,"3":0,"4":0,"5":0,"6":0,"7":0,"8":0,"9":0,"10":0,"11":0},"f":{},"b":{}}
,"/Users/nicolasbaranowski/Documents/companyOS/components/AgentPanel.tsx": {"path":"/Users/nicolasbaranowski/Documents/companyOS/components/AgentPanel.tsx","statementMap":{"0":{"start":{"line":342,"column":0},"end":{"line":342,"column":15}},"1":{"start":{"line":1,"column":43},"end":{"line":1,"column":null}},"2":{"start":{"line":24,"column":46},"end":{"line":340,"column":null}},"3":{"start":{"line":25,"column":30},"end":{"line":25,"column":null}},"4":{"start":{"line":26,"column":32},"end":{"line":26,"column":null}},"5":{"start":{"line":27,"column":28},"end":{"line":27,"column":null}},"6":{"start":{"line":28,"column":44},"end":{"line":28,"column":null}},"7":{"start":{"line":30,"column":2},"end":{"line":34,"column":null}},"8":{"start":{"line":31,"column":4},"end":{"line":31,"column":null}},"9":{"start":{"line":32,"column":21},"end":{"line":32,"column":52}},"10":{"start":{"line":33,"column":4},"end":{"line":33,"column":null}},"11":{"start":{"line":33,"column":17},"end":{"line":33,"column":null}},"12":{"start":{"line":36,"column":21},"end":{"line":102,"column":null}},"13":{"start":{"line":37,"column":4},"end":{"line":101,"column":null}},"14":{"start":{"line":39,"column":34},"end":{"line":94,"column":null}},"15":{"start":{"line":96,"column":6},"end":{"line":96,"column":null}},"16":{"start":{"line":97,"column":6},"end":{"line":97,"column":null}},"17":{"start":{"line":99,"column":6},"end":{"line":99,"column":null}},"18":{"start":{"line":100,"column":6},"end":{"line":100,"column":null}},"19":{"start":{"line":104,"column":25},"end":{"line":117,"column":null}},"20":{"start":{"line":105,"column":4},"end":{"line":116,"column":null}},"21":{"start":{"line":107,"column":8},"end":{"line":107,"column":null}},"22":{"start":{"line":109,"column":8},"end":{"line":109,"column":null}},"23":{"start":{"line":111,"column":8},"end":{"line":111,"column":null}},"24":{"start":{"line":113,"column":8},"end":{"line":113,"column":null}},"25":{"start":{"line":115,"column":8},"end":{"line":115,"column":null}},"26":{"start":{"line":119,"column":24},"end":{"line":132,"column":null}},"27":{"start":{"line":120,"column":4},"end":{"line":131,"column":null}},"28":{"start":{"line":122,"column":8},"end":{"line":122,"column":null}},"29":{"start":{"line":124,"column":8},"end":{"line":124,"column":null}},"30":{"start":{"line":126,"column":8},"end":{"line":126,"column":null}},"31":{"start":{"line":128,"column":8},"end":{"line":128,"column":null}},"32":{"start":{"line":130,"column":8},"end":{"line":130,"column":null}},"33":{"start":{"line":134,"column":28},"end":{"line":147,"column":null}},"34":{"start":{"line":135,"column":4},"end":{"line":146,"column":null}},"35":{"start":{"line":137,"column":6},"end":{"line":137,"column":null}},"36":{"start":{"line":140,"column":6},"end":{"line":140,"column":null}},"37":{"start":{"line":140,"column":35},"end":{"line":140,"column":null}},"38":{"start":{"line":143,"column":6},"end":{"line":143,"column":null}},"39":{"start":{"line":145,"column":6},"end":{"line":145,"column":null}},"40":{"start":{"line":149,"column":28},"end":{"line":149,"column":null}},"41":{"start":{"line":149,"column":49},"end":{"line":149,"column":null}},"42":{"start":{"line":151,"column":2},"end":{"line":164,"column":null}},"43":{"start":{"line":158,"column":14},"end":{"line":158,"column":27}},"44":{"start":{"line":166,"column":2},"end":{"line":181,"column":null}},"45":{"start":{"line":197,"column":16},"end":{"line":198,"column":null}},"46":{"start":{"line":204,"column":33},"end":{"line":204,"column":null}},"47":{"start":{"line":230,"column":24},"end":{"line":230,"column":null}},"48":{"start":{"line":231,"column":24},"end":{"line":231,"column":null}},"49":{"start":{"line":239,"column":24},"end":{"line":239,"column":null}},"50":{"start":{"line":240,"column":24},"end":{"line":240,"column":null}},"51":{"start":{"line":303,"column":22},"end":{"line":303,"column":39}},"52":{"start":{"line":342,"column":15},"end":{"line":342,"column":null}}},"fnMap":{"0":{"name":"(anonymous_4)","decl":{"start":{"line":24,"column":46},"end":{"line":24,"column":47}},"loc":{"start":{"line":24,"column":65},"end":{"line":340,"column":null}}},"1":{"name":"(anonymous_5)","decl":{"start":{"line":30,"column":12},"end":{"line":30,"column":null}},"loc":{"start":{"line":30,"column":12},"end":{"line":34,"column":5}}},"2":{"name":"(anonymous_6)","decl":{"start":{"line":33,"column":11},"end":{"line":33,"column":17}},"loc":{"start":{"line":33,"column":17},"end":{"line":33,"column":null}}},"3":{"name":"(anonymous_7)","decl":{"start":{"line":36,"column":21},"end":{"line":36,"column":null}},"loc":{"start":{"line":36,"column":21},"end":{"line":102,"column":null}}},"4":{"name":"(anonymous_8)","decl":{"start":{"line":104,"column":25},"end":{"line":104,"column":26}},"loc":{"start":{"line":104,"column":26},"end":{"line":117,"column":null}}},"5":{"name":"(anonymous_9)","decl":{"start":{"line":119,"column":24},"end":{"line":119,"column":25}},"loc":{"start":{"line":119,"column":25},"end":{"line":132,"column":null}}},"6":{"name":"(anonymous_10)","decl":{"start":{"line":134,"column":28},"end":{"line":134,"column":35}},"loc":{"start":{"line":134,"column":52},"end":{"line":147,"column":null}}},"7":{"name":"(anonymous_11)","decl":{"start":{"line":140,"column":24},"end":{"line":140,"column":35}},"loc":{"start":{"line":140,"column":35},"end":{"line":140,"column":null}}},"8":{"name":"(anonymous_12)","decl":{"start":{"line":149,"column":40},"end":{"line":149,"column":49}},"loc":{"start":{"line":149,"column":49},"end":{"line":149,"column":null}}},"9":{"name":"(anonymous_13)","decl":{"start":{"line":157,"column":27},"end":{"line":157,"column":null}},"loc":{"start":{"line":158,"column":14},"end":{"line":158,"column":27}}},"10":{"name":"(anonymous_14)","decl":{"start":{"line":196,"column":26},"end":{"line":196,"column":null}},"loc":{"start":{"line":197,"column":16},"end":{"line":198,"column":null}}},"11":{"name":"(anonymous_15)","decl":{"start":{"line":204,"column":27},"end":{"line":204,"column":33}},"loc":{"start":{"line":204,"column":33},"end":{"line":204,"column":null}}},"12":{"name":"(anonymous_16)","decl":{"start":{"line":229,"column":31},"end":{"line":229,"column":32}},"loc":{"start":{"line":229,"column":32},"end":{"line":232,"column":null}}},"13":{"name":"(anonymous_17)","decl":{"start":{"line":238,"column":31},"end":{"line":238,"column":32}},"loc":{"start":{"line":238,"column":32},"end":{"line":241,"column":null}}},"14":{"name":"(anonymous_18)","decl":{"start":{"line":302,"column":69},"end":{"line":302,"column":70}},"loc":{"start":{"line":303,"column":22},"end":{"line":303,"column":39}}}},"branchMap":{"0":{"loc":{"start":{"line":24,"column":49},"end":{"line":24,"column":63}},"type":"default-arg","locations":[{"start":{"line":24,"column":61},"end":{"line":24,"column":63}}]},"1":{"loc":{"start":{"line":105,"column":4},"end":{"line":116,"column":null}},"type":"switch","locations":[{"start":{"line":106,"column":6},"end":{"line":107,"column":null}},{"start":{"line":108,"column":6},"end":{"line":109,"column":null}},{"start":{"line":110,"column":6},"end":{"line":111,"column":null}},{"start":{"line":112,"column":6},"end":{"line":113,"column":null}},{"start":{"line":114,"column":6},"end":{"line":115,"column":null}}]},"2":{"loc":{"start":{"line":120,"column":4},"end":{"line":131,"column":null}},"type":"switch","locations":[{"start":{"line":121,"column":6},"end":{"line":122,"column":null}},{"start":{"line":123,"column":6},"end":{"line":124,"column":null}},{"start":{"line":125,"column":6},"end":{"line":126,"column":null}},{"start":{"line":127,"column":6},"end":{"line":128,"column":null}},{"start":{"line":129,"column":6},"end":{"line":130,"column":null}}]},"3":{"loc":{"start":{"line":151,"column":2},"end":{"line":164,"column":null}},"type":"if","locations":[{"start":{"line":151,"column":2},"end":{"line":164,"column":null}}]},"4":{"loc":{"start":{"line":166,"column":2},"end":{"line":181,"column":null}},"type":"if","locations":[{"start":{"line":166,"column":2},"end":{"line":181,"column":null}}]},"5":{"loc":{"start":{"line":200,"column":20},"end":{"line":202,"column":null}},"type":"cond-expr","locations":[{"start":{"line":201,"column":24},"end":{"line":201,"column":null}},{"start":{"line":202,"column":24},"end":{"line":202,"column":null}}]},"6":{"loc":{"start":{"line":257,"column":12},"end":{"line":330,"column":13}},"type":"cond-expr","locations":[{"start":{"line":257,"column":12},"end":{"line":330,"column":13}}]},"7":{"loc":{"start":{"line":281,"column":47},"end":{"line":281,"column":116}},"type":"cond-expr","locations":[{"start":{"line":281,"column":82},"end":{"line":281,"column":101}},{"start":{"line":281,"column":101},"end":{"line":281,"column":116}}]},"8":{"loc":{"start":{"line":282,"column":25},"end":{"line":282,"column":null}},"type":"cond-expr","locations":[{"start":{"line":282,"column":60},"end":{"line":282,"column":72}},{"start":{"line":282,"column":72},"end":{"line":282,"column":null}}]},"9":{"loc":{"start":{"line":310,"column":30},"end":{"line":314,"column":null}},"type":"cond-expr","locations":[{"start":{"line":311,"column":34},"end":{"line":311,"column":null}},{"start":{"line":312,"column":34},"end":{"line":314,"column":null}}]},"10":{"loc":{"start":{"line":312,"column":34},"end":{"line":314,"column":null}},"type":"cond-expr","locations":[{"start":{"line":313,"column":34},"end":{"line":313,"column":null}},{"start":{"line":314,"column":34},"end":{"line":314,"column":null}}]}},"s":{"0":0,"1":0,"2":0,"3":0,"4":0,"5":0,"6":0,"7":0,"8":0,"9":0,"10":0,"11":0,"12":0,"13":0,"14":0,"15":0,"16":0,"17":0,"18":0,"19":0,"20":0,"21":0,"22":0,"23":0,"24":0,"25":0,"26":0,"27":0,"28":0,"29":0,"30":0,"31":0,"32":0,"33":0,"34":0,"35":0,"36":0,"37":0,"38":0,"39":0,"40":0,"41":0,"42":0,"43":0,"44":0,"45":0,"46":0,"47":0,"48":0,"49":0,"50":0,"51":0,"52":0},"f":{"0":0,"1":0,"2":0,"3":0,"4":0,"5":0,"6":0,"7":0,"8":0,"9":0,"10":0,"11":0,"12":0,"13":0,"14":0},"b":{"0":[0],"1":[0,0,0,0,0],"2":[0,0,0,0,0],"3":[0],"4":[0],"5":[0,0],"6":[0],"7":[0,0],"8":[0,0],"9":[0,0],"10":[0,0]}}
,"/Users/nicolasbaranowski/Documents/companyOS/components/Button.stories.tsx": {"path":"/Users/nicolasbaranowski/Documents/companyOS/components/Button.stories.tsx","statementMap":{"0":{"start":{"line":43,"column":13},"end":{"line":43,"column":18}},"1":{"start":{"line":27,"column":13},"end":{"line":27,"column":20}},"2":{"start":{"line":35,"column":13},"end":{"line":35,"column":22}},"3":{"start":{"line":51,"column":13},"end":{"line":51,"column":18}},"4":{"start":{"line":24,"column":0},"end":{"line":24,"column":15}},"5":{"start":{"line":3,"column":19},"end":{"line":3,"column":null}},"6":{"start":{"line":5,"column":34},"end":{"line":22,"column":null}},"7":{"start":{"line":24,"column":15},"end":{"line":24,"column":20}},"8":{"start":{"line":27,"column":30},"end":{"line":33,"column":null}},"9":{"start":{"line":35,"column":32},"end":{"line":41,"column":null}},"10":{"start":{"line":43,"column":28},"end":{"line":49,"column":null}},"11":{"start":{"line":51,"column":28},"end":{"line":57,"column":null}}},"fnMap":{},"branchMap":{},"s":{"0":0,"1":0,"2":0,"3":0,"4":0,"5":0,"6":0,"7":0,"8":0,"9":0,"10":0,"11":0},"f":{},"b":{}}
,"/Users/nicolasbaranowski/Documents/companyOS/components/Button.tsx": {"path":"/Users/nicolasbaranowski/Documents/companyOS/components/Button.tsx","statementMap":{"0":{"start":{"line":7,"column":0},"end":{"line":7,"column":15}},"1":{"start":{"line":1,"column":18},"end":{"line":1,"column":null}},"2":{"start":{"line":3,"column":21},"end":{"line":3,"column":null}},"3":{"start":{"line":7,"column":15},"end":{"line":7,"column":23}}},"fnMap":{},"branchMap":{},"s":{"0":0,"1":0,"2":0,"3":0},"f":{},"b":{}}
,"/Users/nicolasbaranowski/Documents/companyOS/components/InviteScreen.stories.tsx": {"path":"/Users/nicolasbaranowski/Documents/companyOS/components/InviteScreen.stories.tsx","statementMap":{"0":{"start":{"line":31,"column":13},"end":{"line":31,"column":20}},"1":{"start":{"line":41,"column":13},"end":{"line":41,"column":20}},"2":{"start":{"line":35,"column":13},"end":{"line":35,"column":20}},"3":{"start":{"line":47,"column":13},"end":{"line":47,"column":22}},"4":{"start":{"line":28,"column":0},"end":{"line":28,"column":15}},"5":{"start":{"line":3,"column":25},"end":{"line":3,"column":null}},"6":{"start":{"line":5,"column":40},"end":{"line":26,"column":null}},"7":{"start":{"line":28,"column":15},"end":{"line":28,"column":20}},"8":{"start":{"line":31,"column":30},"end":{"line":33,"column":null}},"9":{"start":{"line":35,"column":30},"end":{"line":39,"column":null}},"10":{"start":{"line":41,"column":30},"end":{"line":45,"column":null}},"11":{"start":{"line":47,"column":32},"end":{"line":51,"column":null}}},"fnMap":{},"branchMap":{},"s":{"0":0,"1":0,"2":0,"3":0,"4":0,"5":0,"6":0,"7":0,"8":0,"9":0,"10":0,"11":0},"f":{},"b":{}}
,"/Users/nicolasbaranowski/Documents/companyOS/components/InviteScreen.tsx": {"path":"/Users/nicolasbaranowski/Documents/companyOS/components/InviteScreen.tsx","statementMap":{"0":{"start":{"line":24,"column":0},"end":{"line":24,"column":15}},"1":{"start":{"line":1,"column":18},"end":{"line":1,"column":null}},"2":{"start":{"line":9,"column":50},"end":{"line":22,"column":null}},"3":{"start":{"line":24,"column":15},"end":{"line":24,"column":null}}},"fnMap":{"0":{"name":"(anonymous_2)","decl":{"start":{"line":9,"column":50},"end":{"line":9,"column":51}},"loc":{"start":{"line":9,"column":78},"end":{"line":22,"column":null}}}},"branchMap":{},"s":{"0":0,"1":0,"2":0,"3":0},"f":{"0":0},"b":{}}
,"/Users/nicolasbaranowski/Documents/companyOS/components/KanbanBoard.stories.tsx": {"path":"/Users/nicolasbaranowski/Documents/companyOS/components/KanbanBoard.stories.tsx","statementMap":{"0":{"start":{"line":56,"column":13},"end":{"line":56,"column":20}},"1":{"start":{"line":124,"column":13},"end":{"line":124,"column":22}},"2":{"start":{"line":62,"column":13},"end":{"line":62,"column":18}},"3":{"start":{"line":99,"column":13},"end":{"line":99,"column":28}},"4":{"start":{"line":161,"column":13},"end":{"line":161,"column":27}},"5":{"start":{"line":68,"column":13},"end":{"line":68,"column":22}},"6":{"start":{"line":20,"column":0},"end":{"line":20,"column":15}},"7":{"start":{"line":3,"column":34},"end":{"line":3,"column":null}},"8":{"start":{"line":5,"column":39},"end":{"line":18,"column":null}},"9":{"start":{"line":20,"column":15},"end":{"line":20,"column":20}},"10":{"start":{"line":23,"column":26},"end":{"line":54,"column":null}},"11":{"start":{"line":56,"column":30},"end":{"line":60,"column":null}},"12":{"start":{"line":62,"column":28},"end":{"line":66,"column":null}},"13":{"start":{"line":68,"column":32},"end":{"line":97,"column":null}},"14":{"start":{"line":99,"column":38},"end":{"line":122,"column":null}},"15":{"start":{"line":124,"column":32},"end":{"line":159,"column":null}},"16":{"start":{"line":161,"column":37},"end":{"line":184,"column":null}}},"fnMap":{},"branchMap":{},"s":{"0":0,"1":0,"2":0,"3":0,"4":0,"5":0,"6":0,"7":0,"8":0,"9":0,"10":0,"11":0,"12":0,"13":0,"14":0,"15":0,"16":0},"f":{},"b":{}}
,"/Users/nicolasbaranowski/Documents/companyOS/components/KanbanBoard.tsx": {"path":"/Users/nicolasbaranowski/Documents/companyOS/components/KanbanBoard.tsx","statementMap":{"0":{"start":{"line":14,"column":13},"end":{"line":14,"column":55}},"1":{"start":{"line":1,"column":32},"end":{"line":1,"column":null}},"2":{"start":{"line":14,"column":55},"end":{"line":54,"column":null}},"3":{"start":{"line":15,"column":38},"end":{"line":15,"column":null}},"4":{"start":{"line":17,"column":18},"end":{"line":21,"column":null}},"5":{"start":{"line":23,"column":27},"end":{"line":25,"column":null}},"6":{"start":{"line":24,"column":4},"end":{"line":24,"column":null}},"7":{"start":{"line":24,"column":37},"end":{"line":24,"column":null}},"8":{"start":{"line":30,"column":8},"end":{"line":31,"column":null}},"9":{"start":{"line":39,"column":14},"end":{"line":40,"column":null}}},"fnMap":{"0":{"name":"(anonymous_4)","decl":{"start":{"line":14,"column":55},"end":{"line":14,"column":56}},"loc":{"start":{"line":14,"column":70},"end":{"line":54,"column":null}}},"1":{"name":"(anonymous_5)","decl":{"start":{"line":23,"column":27},"end":{"line":23,"column":28}},"loc":{"start":{"line":23,"column":28},"end":{"line":25,"column":null}}},"2":{"name":"(anonymous_6)","decl":{"start":{"line":24,"column":29},"end":{"line":24,"column":37}},"loc":{"start":{"line":24,"column":37},"end":{"line":24,"column":null}}},"3":{"name":"(anonymous_7)","decl":{"start":{"line":29,"column":19},"end":{"line":29,"column":null}},"loc":{"start":{"line":30,"column":8},"end":{"line":31,"column":null}}},"4":{"name":"(anonymous_8)","decl":{"start":{"line":38,"column":45},"end":{"line":38,"column":null}},"loc":{"start":{"line":39,"column":14},"end":{"line":40,"column":null}}}},"branchMap":{"0":{"loc":{"start":{"line":14,"column":58},"end":{"line":14,"column":68}},"type":"default-arg","locations":[{"start":{"line":14,"column":66},"end":{"line":14,"column":68}}]}},"s":{"0":0,"1":0,"2":0,"3":0,"4":0,"5":0,"6":0,"7":0,"8":0,"9":0},"f":{"0":0,"1":0,"2":0,"3":0,"4":0},"b":{"0":[0]}}
,"/Users/nicolasbaranowski/Documents/companyOS/components/LoginForm.stories.tsx": {"path":"/Users/nicolasbaranowski/Documents/companyOS/components/LoginForm.stories.tsx","statementMap":{"0":{"start":{"line":22,"column":13},"end":{"line":22,"column":20}},"1":{"start":{"line":38,"column":13},"end":{"line":38,"column":28}},"2":{"start":{"line":26,"column":13},"end":{"line":26,"column":20}},"3":{"start":{"line":32,"column":13},"end":{"line":32,"column":22}},"4":{"start":{"line":19,"column":0},"end":{"line":19,"column":15}},"5":{"start":{"line":4,"column":22},"end":{"line":4,"column":null}},"6":{"start":{"line":6,"column":13},"end":{"line":17,"column":null}},"7":{"start":{"line":19,"column":15},"end":{"line":19,"column":20}},"8":{"start":{"line":22,"column":30},"end":{"line":24,"column":null}},"9":{"start":{"line":26,"column":30},"end":{"line":30,"column":null}},"10":{"start":{"line":32,"column":32},"end":{"line":36,"column":null}},"11":{"start":{"line":38,"column":38},"end":{"line":51,"column":null}}},"fnMap":{},"branchMap":{},"s":{"0":0,"1":0,"2":0,"3":0,"4":0,"5":0,"6":0,"7":0,"8":0,"9":0,"10":0,"11":0},"f":{},"b":{}}
,"/Users/nicolasbaranowski/Documents/companyOS/components/LoginForm.tsx": {"path":"/Users/nicolasbaranowski/Documents/companyOS/components/LoginForm.tsx","statementMap":{"0":{"start":{"line":117,"column":0},"end":{"line":117,"column":15}},"1":{"start":{"line":1,"column":32},"end":{"line":1,"column":null}},"2":{"start":{"line":10,"column":44},"end":{"line":115,"column":null}},"3":{"start":{"line":11,"column":28},"end":{"line":11,"column":null}},"4":{"start":{"line":12,"column":30},"end":{"line":12,"column":null}},"5":{"start":{"line":14,"column":23},"end":{"line":20,"column":null}},"6":{"start":{"line":15,"column":4},"end":{"line":15,"column":null}},"7":{"start":{"line":16,"column":4},"end":{"line":19,"column":null}},"8":{"start":{"line":17,"column":6},"end":{"line":17,"column":null}},"9":{"start":{"line":18,"column":6},"end":{"line":18,"column":null}},"10":{"start":{"line":22,"column":29},"end":{"line":26,"column":null}},"11":{"start":{"line":23,"column":4},"end":{"line":25,"column":null}},"12":{"start":{"line":24,"column":6},"end":{"line":24,"column":null}},"13":{"start":{"line":28,"column":2},"end":{"line":47,"column":null}},"14":{"start":{"line":64,"column":31},"end":{"line":64,"column":null}},"15":{"start":{"line":117,"column":15},"end":{"line":117,"column":null}}},"fnMap":{"0":{"name":"(anonymous_4)","decl":{"start":{"line":10,"column":44},"end":{"line":10,"column":45}},"loc":{"start":{"line":10,"column":89},"end":{"line":115,"column":null}}},"1":{"name":"(anonymous_5)","decl":{"start":{"line":14,"column":23},"end":{"line":14,"column":24}},"loc":{"start":{"line":14,"column":24},"end":{"line":20,"column":null}}},"2":{"name":"(anonymous_6)","decl":{"start":{"line":22,"column":29},"end":{"line":22,"column":null}},"loc":{"start":{"line":22,"column":29},"end":{"line":26,"column":null}}},"3":{"name":"(anonymous_7)","decl":{"start":{"line":64,"column":24},"end":{"line":64,"column":25}},"loc":{"start":{"line":64,"column":31},"end":{"line":64,"column":null}}}},"branchMap":{"0":{"loc":{"start":{"line":16,"column":4},"end":{"line":19,"column":null}},"type":"if","locations":[{"start":{"line":16,"column":4},"end":{"line":19,"column":null}}]},"1":{"loc":{"start":{"line":23,"column":4},"end":{"line":25,"column":null}},"type":"if","locations":[{"start":{"line":23,"column":4},"end":{"line":25,"column":null}}]},"2":{"loc":{"start":{"line":28,"column":2},"end":{"line":47,"column":null}},"type":"if","locations":[{"start":{"line":28,"column":2},"end":{"line":47,"column":null}}]},"3":{"loc":{"start":{"line":77,"column":13},"end":{"line":77,"column":null}},"type":"cond-expr","locations":[{"start":{"line":77,"column":23},"end":{"line":77,"column":38}},{"start":{"line":77,"column":38},"end":{"line":77,"column":null}}]},"4":{"loc":{"start":{"line":108,"column":7},"end":{"line":108,"column":null}},"type":"binary-expr","locations":[{"start":{"line":108,"column":7},"end":{"line":108,"column":null}}]}},"s":{"0":0,"1":0,"2":0,"3":0,"4":0,"5":0,"6":0,"7":0,"8":0,"9":0,"10":0,"11":0,"12":0,"13":0,"14":0,"15":0},"f":{"0":0,"1":0,"2":0,"3":0},"b":{"0":[0],"1":[0],"2":[0],"3":[0,0],"4":[0]}}
,"/Users/nicolasbaranowski/Documents/companyOS/components/MetaBoxCard.stories.tsx": {"path":"/Users/nicolasbaranowski/Documents/companyOS/components/MetaBoxCard.stories.tsx","statementMap":{"0":{"start":{"line":47,"column":13},"end":{"line":47,"column":24}},"1":{"start":{"line":23,"column":13},"end":{"line":23,"column":19}},"2":{"start":{"line":71,"column":13},"end":{"line":71,"column":22}},"3":{"start":{"line":83,"column":13},"end":{"line":83,"column":23}},"4":{"start":{"line":59,"column":13},"end":{"line":59,"column":20}},"5":{"start":{"line":35,"column":13},"end":{"line":35,"column":20}},"6":{"start":{"line":20,"column":0},"end":{"line":20,"column":15}},"7":{"start":{"line":3,"column":24},"end":{"line":3,"column":null}},"8":{"start":{"line":5,"column":39},"end":{"line":18,"column":null}},"9":{"start":{"line":20,"column":15},"end":{"line":20,"column":20}},"10":{"start":{"line":23,"column":29},"end":{"line":33,"column":null}},"11":{"start":{"line":35,"column":30},"end":{"line":45,"column":null}},"12":{"start":{"line":47,"column":34},"end":{"line":57,"column":null}},"13":{"start":{"line":59,"column":30},"end":{"line":69,"column":null}},"14":{"start":{"line":71,"column":32},"end":{"line":81,"column":null}},"15":{"start":{"line":83,"column":33},"end":{"line":93,"column":null}}},"fnMap":{},"branchMap":{},"s":{"0":0,"1":0,"2":0,"3":0,"4":0,"5":0,"6":0,"7":0,"8":0,"9":0,"10":0,"11":0,"12":0,"13":0,"14":0,"15":0},"f":{},"b":{}}
,"/Users/nicolasbaranowski/Documents/companyOS/components/MetaBoxCard.tsx": {"path":"/Users/nicolasbaranowski/Documents/companyOS/components/MetaBoxCard.tsx","statementMap":{"0":{"start":{"line":57,"column":0},"end":{"line":57,"column":15}},"1":{"start":{"line":1,"column":17},"end":{"line":1,"column":null}},"2":{"start":{"line":2,"column":18},"end":{"line":2,"column":null}},"3":{"start":{"line":17,"column":48},"end":{"line":55,"column":null}},"4":{"start":{"line":57,"column":15},"end":{"line":57,"column":null}}},"fnMap":{"0":{"name":"(anonymous_2)","decl":{"start":{"line":17,"column":48},"end":{"line":17,"column":49}},"loc":{"start":{"line":25,"column":1},"end":{"line":55,"column":null}}}},"branchMap":{},"s":{"0":0,"1":0,"2":0,"3":0,"4":0},"f":{"0":0},"b":{}}
,"/Users/nicolasbaranowski/Documents/companyOS/components/Modal.stories.tsx": {"path":"/Users/nicolasbaranowski/Documents/companyOS/components/Modal.stories.tsx","statementMap":{"0":{"start":{"line":27,"column":13},"end":{"line":27,"column":20}},"1":{"start":{"line":36,"column":13},"end":{"line":36,"column":28}},"2":{"start":{"line":24,"column":0},"end":{"line":24,"column":15}},"3":{"start":{"line":4,"column":18},"end":{"line":4,"column":null}},"4":{"start":{"line":6,"column":33},"end":{"line":22,"column":null}},"5":{"start":{"line":24,"column":15},"end":{"line":24,"column":20}},"6":{"start":{"line":27,"column":30},"end":{"line":34,"column":null}},"7":{"start":{"line":32,"column":19},"end":{"line":32,"column":null}},"8":{"start":{"line":36,"column":38},"end":{"line":51,"column":null}}},"fnMap":{"0":{"name":"(anonymous_5)","decl":{"start":{"line":32,"column":13},"end":{"line":32,"column":19}},"loc":{"start":{"line":32,"column":19},"end":{"line":32,"column":null}}}},"branchMap":{},"s":{"0":0,"1":0,"2":0,"3":0,"4":0,"5":0,"6":0,"7":0,"8":0},"f":{"0":0},"b":{}}
,"/Users/nicolasbaranowski/Documents/companyOS/components/Modal.tsx": {"path":"/Users/nicolasbaranowski/Documents/companyOS/components/Modal.tsx","statementMap":{"0":{"start":{"line":76,"column":0},"end":{"line":76,"column":15}},"1":{"start":{"line":1,"column":40},"end":{"line":1,"column":null}},"2":{"start":{"line":2,"column":18},"end":{"line":2,"column":null}},"3":{"start":{"line":12,"column":36},"end":{"line":74,"column":null}},"4":{"start":{"line":19,"column":22},"end":{"line":23,"column":null}},"5":{"start":{"line":76,"column":15},"end":{"line":76,"column":null}}},"fnMap":{"0":{"name":"(anonymous_2)","decl":{"start":{"line":12,"column":36},"end":{"line":12,"column":37}},"loc":{"start":{"line":18,"column":1},"end":{"line":74,"column":null}}}},"branchMap":{"0":{"loc":{"start":{"line":17,"column":2},"end":{"line":17,"column":13}},"type":"default-arg","locations":[{"start":{"line":17,"column":9},"end":{"line":17,"column":13}}]},"1":{"loc":{"start":{"line":27,"column":7},"end":{"line":27,"column":null}},"type":"binary-expr","locations":[{"start":{"line":27,"column":7},"end":{"line":27,"column":null}}]}},"s":{"0":0,"1":0,"2":0,"3":0,"4":0,"5":0},"f":{"0":0},"b":{"0":[0],"1":[0]}}
,"/Users/nicolasbaranowski/Documents/companyOS/components/SessionList.stories.tsx": {"path":"/Users/nicolasbaranowski/Documents/companyOS/components/SessionList.stories.tsx","statementMap":{"0":{"start":{"line":21,"column":13},"end":{"line":21,"column":20}},"1":{"start":{"line":46,"column":13},"end":{"line":46,"column":18}},"2":{"start":{"line":52,"column":13},"end":{"line":52,"column":20}},"3":{"start":{"line":79,"column":13},"end":{"line":79,"column":30}},"4":{"start":{"line":66,"column":13},"end":{"line":66,"column":26}},"5":{"start":{"line":59,"column":13},"end":{"line":59,"column":22}},"6":{"start":{"line":18,"column":0},"end":{"line":18,"column":15}},"7":{"start":{"line":4,"column":24},"end":{"line":4,"column":null}},"8":{"start":{"line":6,"column":13},"end":{"line":16,"column":null}},"9":{"start":{"line":18,"column":15},"end":{"line":18,"column":20}},"10":{"start":{"line":21,"column":30},"end":{"line":44,"column":null}},"11":{"start":{"line":46,"column":28},"end":{"line":50,"column":null}},"12":{"start":{"line":52,"column":30},"end":{"line":57,"column":null}},"13":{"start":{"line":59,"column":32},"end":{"line":64,"column":null}},"14":{"start":{"line":66,"column":36},"end":{"line":77,"column":null}},"15":{"start":{"line":79,"column":40},"end":{"line":108,"column":null}},"16":{"start":{"line":96,"column":6},"end":{"line":96,"column":null}}},"fnMap":{"0":{"name":"(anonymous_9)","decl":{"start":{"line":95,"column":14},"end":{"line":95,"column":15}},"loc":{"start":{"line":95,"column":15},"end":{"line":97,"column":null}}}},"branchMap":{},"s":{"0":0,"1":0,"2":0,"3":0,"4":0,"5":0,"6":0,"7":0,"8":0,"9":0,"10":0,"11":0,"12":0,"13":0,"14":0,"15":0,"16":0},"f":{"0":0},"b":{}}
,"/Users/nicolasbaranowski/Documents/companyOS/components/SessionList.tsx": {"path":"/Users/nicolasbaranowski/Documents/companyOS/components/SessionList.tsx","statementMap":{"0":{"start":{"line":41,"column":0},"end":{"line":41,"column":15}},"1":{"start":{"line":1,"column":18},"end":{"line":1,"column":null}},"2":{"start":{"line":17,"column":48},"end":{"line":39,"column":null}},"3":{"start":{"line":23,"column":8},"end":{"line":23,"column":29}},"4":{"start":{"line":29,"column":27},"end":{"line":29,"column":null}},"5":{"start":{"line":41,"column":15},"end":{"line":41,"column":null}}},"fnMap":{"0":{"name":"(anonymous_2)","decl":{"start":{"line":17,"column":48},"end":{"line":17,"column":49}},"loc":{"start":{"line":17,"column":87},"end":{"line":39,"column":null}}},"1":{"name":"(anonymous_3)","decl":{"start":{"line":22,"column":20},"end":{"line":22,"column":21}},"loc":{"start":{"line":23,"column":8},"end":{"line":23,"column":29}}},"2":{"name":"(anonymous_4)","decl":{"start":{"line":29,"column":21},"end":{"line":29,"column":27}},"loc":{"start":{"line":29,"column":27},"end":{"line":29,"column":null}}}},"branchMap":{"0":{"loc":{"start":{"line":26,"column":11},"end":{"line":26,"column":26}},"type":"binary-expr","locations":[{"start":{"line":26,"column":11},"end":{"line":26,"column":26}}]},"1":{"loc":{"start":{"line":29,"column":27},"end":{"line":29,"column":null}},"type":"binary-expr","locations":[{"start":{"line":29,"column":27},"end":{"line":29,"column":39}},{"start":{"line":29,"column":39},"end":{"line":29,"column":null}}]}},"s":{"0":0,"1":0,"2":0,"3":0,"4":0,"5":0},"f":{"0":0,"1":0,"2":0},"b":{"0":[0],"1":[0,0]}}
,"/Users/nicolasbaranowski/Documents/companyOS/components/layout/AppLayout.stories.tsx": {"path":"/Users/nicolasbaranowski/Documents/companyOS/components/layout/AppLayout.stories.tsx","statementMap":{"0":{"start":{"line":18,"column":13},"end":{"line":18,"column":20}},"1":{"start":{"line":137,"column":13},"end":{"line":137,"column":28}},"2":{"start":{"line":29,"column":13},"end":{"line":29,"column":31}},"3":{"start":{"line":89,"column":13},"end":{"line":89,"column":28}},"4":{"start":{"line":15,"column":0},"end":{"line":15,"column":15}},"5":{"start":{"line":4,"column":22},"end":{"line":4,"column":null}},"6":{"start":{"line":6,"column":13},"end":{"line":13,"column":null}},"7":{"start":{"line":15,"column":15},"end":{"line":15,"column":20}},"8":{"start":{"line":18,"column":30},"end":{"line":27,"column":null}},"9":{"start":{"line":29,"column":41},"end":{"line":87,"column":null}},"10":{"start":{"line":89,"column":38},"end":{"line":135,"column":null}},"11":{"start":{"line":137,"column":38},"end":{"line":156,"column":null}}},"fnMap":{},"branchMap":{},"s":{"0":0,"1":0,"2":0,"3":0,"4":0,"5":0,"6":0,"7":0,"8":0,"9":0,"10":0,"11":0},"f":{},"b":{}}
,"/Users/nicolasbaranowski/Documents/companyOS/components/layout/AppLayout.tsx": {"path":"/Users/nicolasbaranowski/Documents/companyOS/components/layout/AppLayout.tsx","statementMap":{"0":{"start":{"line":20,"column":0},"end":{"line":20,"column":15}},"1":{"start":{"line":1,"column":18},"end":{"line":1,"column":null}},"2":{"start":{"line":3,"column":20},"end":{"line":3,"column":null}},"3":{"start":{"line":9,"column":44},"end":{"line":18,"column":null}},"4":{"start":{"line":20,"column":15},"end":{"line":20,"column":null}}},"fnMap":{"0":{"name":"(anonymous_2)","decl":{"start":{"line":9,"column":44},"end":{"line":9,"column":45}},"loc":{"start":{"line":9,"column":57},"end":{"line":18,"column":null}}}},"branchMap":{},"s":{"0":0,"1":0,"2":0,"3":0,"4":0},"f":{"0":0},"b":{}}
,"/Users/nicolasbaranowski/Documents/companyOS/components/layout/Sidebar.stories.tsx": {"path":"/Users/nicolasbaranowski/Documents/companyOS/components/layout/Sidebar.stories.tsx","statementMap":{"0":{"start":{"line":25,"column":13},"end":{"line":25,"column":20}},"1":{"start":{"line":29,"column":13},"end":{"line":29,"column":24}},"2":{"start":{"line":45,"column":13},"end":{"line":45,"column":34}},"3":{"start":{"line":57,"column":13},"end":{"line":57,"column":31}},"4":{"start":{"line":22,"column":0},"end":{"line":22,"column":15}},"5":{"start":{"line":4,"column":20},"end":{"line":4,"column":null}},"6":{"start":{"line":6,"column":13},"end":{"line":20,"column":null}},"7":{"start":{"line":22,"column":15},"end":{"line":22,"column":20}},"8":{"start":{"line":25,"column":30},"end":{"line":27,"column":null}},"9":{"start":{"line":29,"column":34},"end":{"line":43,"column":null}},"10":{"start":{"line":45,"column":44},"end":{"line":55,"column":null}},"11":{"start":{"line":57,"column":41},"end":{"line":67,"column":null}}},"fnMap":{},"branchMap":{},"s":{"0":0,"1":0,"2":0,"3":0,"4":0,"5":0,"6":0,"7":0,"8":0,"9":0,"10":0,"11":0},"f":{},"b":{}}
,"/Users/nicolasbaranowski/Documents/companyOS/components/layout/Sidebar.tsx": {"path":"/Users/nicolasbaranowski/Documents/companyOS/components/layout/Sidebar.tsx","statementMap":{"0":{"start":{"line":55,"column":0},"end":{"line":55,"column":15}},"1":{"start":{"line":1,"column":17},"end":{"line":1,"column":null}},"2":{"start":{"line":2,"column":26},"end":{"line":2,"column":null}},"3":{"start":{"line":3,"column":18},"end":{"line":3,"column":null}},"4":{"start":{"line":5,"column":26},"end":{"line":53,"column":null}},"5":{"start":{"line":6,"column":17},"end":{"line":6,"column":null}},"6":{"start":{"line":8,"column":20},"end":{"line":11,"column":null}},"7":{"start":{"line":24,"column":12},"end":{"line":24,"column":null}},"8":{"start":{"line":55,"column":15},"end":{"line":55,"column":null}}},"fnMap":{"0":{"name":"(anonymous_2)","decl":{"start":{"line":5,"column":26},"end":{"line":5,"column":null}},"loc":{"start":{"line":5,"column":26},"end":{"line":53,"column":null}}},"1":{"name":"(anonymous_3)","decl":{"start":{"line":23,"column":25},"end":{"line":23,"column":26}},"loc":{"start":{"line":24,"column":12},"end":{"line":24,"column":null}}}},"branchMap":{"0":{"loc":{"start":{"line":28,"column":18},"end":{"line":30,"column":null}},"type":"cond-expr","locations":[{"start":{"line":29,"column":22},"end":{"line":29,"column":null}},{"start":{"line":30,"column":22},"end":{"line":30,"column":null}}]}},"s":{"0":0,"1":0,"2":0,"3":0,"4":0,"5":0,"6":0,"7":0,"8":0},"f":{"0":0,"1":0},"b":{"0":[0,0]}}
,"/Users/nicolasbaranowski/Documents/companyOS/components/metabox/CoreObjectCard.stories.tsx": {"path":"/Users/nicolasbaranowski/Documents/companyOS/components/metabox/CoreObjectCard.stories.tsx","statementMap":{"0":{"start":{"line":60,"column":13},"end":{"line":60,"column":21}},"1":{"start":{"line":49,"column":13},"end":{"line":49,"column":22}},"2":{"start":{"line":32,"column":13},"end":{"line":32,"column":20}},"3":{"start":{"line":71,"column":13},"end":{"line":71,"column":22}},"4":{"start":{"line":38,"column":13},"end":{"line":38,"column":20}},"5":{"start":{"line":18,"column":0},"end":{"line":18,"column":15}},"6":{"start":{"line":3,"column":31},"end":{"line":3,"column":null}},"7":{"start":{"line":6,"column":42},"end":{"line":16,"column":null}},"8":{"start":{"line":18,"column":15},"end":{"line":18,"column":20}},"9":{"start":{"line":21,"column":31},"end":{"line":30,"column":null}},"10":{"start":{"line":32,"column":30},"end":{"line":36,"column":null}},"11":{"start":{"line":38,"column":30},"end":{"line":47,"column":null}},"12":{"start":{"line":49,"column":32},"end":{"line":58,"column":null}},"13":{"start":{"line":60,"column":31},"end":{"line":69,"column":null}},"14":{"start":{"line":71,"column":32},"end":{"line":79,"column":null}}},"fnMap":{},"branchMap":{},"s":{"0":0,"1":0,"2":0,"3":0,"4":0,"5":0,"6":0,"7":0,"8":0,"9":0,"10":0,"11":0,"12":0,"13":0,"14":0},"f":{},"b":{}}
,"/Users/nicolasbaranowski/Documents/companyOS/components/metabox/CoreObjectCard.tsx": {"path":"/Users/nicolasbaranowski/Documents/companyOS/components/metabox/CoreObjectCard.tsx","statementMap":{"0":{"start":{"line":16,"column":13},"end":{"line":16,"column":61}},"1":{"start":{"line":1,"column":18},"end":{"line":1,"column":null}},"2":{"start":{"line":16,"column":61},"end":{"line":133,"column":null}},"3":{"start":{"line":26,"column":25},"end":{"line":34,"column":null}},"4":{"start":{"line":27,"column":4},"end":{"line":33,"column":null}},"5":{"start":{"line":28,"column":21},"end":{"line":28,"column":null}},"6":{"start":{"line":29,"column":22},"end":{"line":29,"column":null}},"7":{"start":{"line":30,"column":24},"end":{"line":30,"column":null}},"8":{"start":{"line":31,"column":23},"end":{"line":31,"column":null}},"9":{"start":{"line":32,"column":15},"end":{"line":32,"column":null}},"10":{"start":{"line":36,"column":27},"end":{"line":44,"column":null}},"11":{"start":{"line":37,"column":4},"end":{"line":43,"column":null}},"12":{"start":{"line":38,"column":21},"end":{"line":38,"column":null}},"13":{"start":{"line":39,"column":19},"end":{"line":39,"column":null}},"14":{"start":{"line":40,"column":21},"end":{"line":40,"column":null}},"15":{"start":{"line":41,"column":18},"end":{"line":41,"column":null}},"16":{"start":{"line":42,"column":15},"end":{"line":42,"column":null}},"17":{"start":{"line":120,"column":14},"end":{"line":120,"column":null}}},"fnMap":{"0":{"name":"(anonymous_2)","decl":{"start":{"line":16,"column":61},"end":{"line":16,"column":62}},"loc":{"start":{"line":25,"column":1},"end":{"line":133,"column":null}}},"1":{"name":"(anonymous_3)","decl":{"start":{"line":26,"column":25},"end":{"line":26,"column":26}},"loc":{"start":{"line":26,"column":26},"end":{"line":34,"column":null}}},"2":{"name":"(anonymous_4)","decl":{"start":{"line":36,"column":27},"end":{"line":36,"column":28}},"loc":{"start":{"line":36,"column":28},"end":{"line":44,"column":null}}},"3":{"name":"(anonymous_5)","decl":{"start":{"line":119,"column":21},"end":{"line":119,"column":22}},"loc":{"start":{"line":119,"column":22},"end":{"line":122,"column":null}}}},"branchMap":{"0":{"loc":{"start":{"line":27,"column":4},"end":{"line":33,"column":null}},"type":"switch","locations":[{"start":{"line":28,"column":6},"end":{"line":28,"column":null}},{"start":{"line":29,"column":6},"end":{"line":29,"column":null}},{"start":{"line":30,"column":6},"end":{"line":30,"column":null}},{"start":{"line":31,"column":6},"end":{"line":31,"column":null}},{"start":{"line":32,"column":6},"end":{"line":32,"column":null}}]},"1":{"loc":{"start":{"line":37,"column":4},"end":{"line":43,"column":null}},"type":"switch","locations":[{"start":{"line":38,"column":6},"end":{"line":38,"column":null}},{"start":{"line":39,"column":6},"end":{"line":39,"column":null}},{"start":{"line":40,"column":6},"end":{"line":40,"column":null}},{"start":{"line":41,"column":6},"end":{"line":41,"column":null}},{"start":{"line":42,"column":6},"end":{"line":42,"column":null}}]},"2":{"loc":{"start":{"line":49,"column":8},"end":{"line":49,"column":null}},"type":"cond-expr","locations":[{"start":{"line":49,"column":21},"end":{"line":49,"column":62}},{"start":{"line":49,"column":62},"end":{"line":49,"column":null}}]},"3":{"loc":{"start":{"line":50,"column":10},"end":{"line":50,"column":41}},"type":"cond-expr","locations":[{"start":{"line":50,"column":23},"end":{"line":50,"column":38}},{"start":{"line":50,"column":38},"end":{"line":50,"column":41}}]},"4":{"loc":{"start":{"line":55,"column":19},"end":{"line":55,"column":null}},"type":"binary-expr","locations":[{"start":{"line":55,"column":19},"end":{"line":55,"column":33}},{"start":{"line":55,"column":33},"end":{"line":55,"column":null}}]},"5":{"loc":{"start":{"line":69,"column":9},"end":{"line":69,"column":24}},"type":"binary-expr","locations":[{"start":{"line":69,"column":9},"end":{"line":69,"column":24}}]},"6":{"loc":{"start":{"line":95,"column":7},"end":{"line":95,"column":22}},"type":"binary-expr","locations":[{"start":{"line":95,"column":7},"end":{"line":95,"column":22}}]},"7":{"loc":{"start":{"line":115,"column":7},"end":{"line":115,"column":null}},"type":"binary-expr","locations":[{"start":{"line":115,"column":7},"end":{"line":115,"column":null}}]}},"s":{"0":0,"1":0,"2":0,"3":0,"4":0,"5":0,"6":0,"7":0,"8":0,"9":0,"10":0,"11":0,"12":0,"13":0,"14":0,"15":0,"16":0,"17":0},"f":{"0":0,"1":0,"2":0,"3":0},"b":{"0":[0,0,0,0,0],"1":[0,0,0,0,0],"2":[0,0],"3":[0,0],"4":[0,0],"5":[0],"6":[0],"7":[0]}}
,"/Users/nicolasbaranowski/Documents/companyOS/components/metabox/MetaBoxDetailPanel.stories.tsx": {"path":"/Users/nicolasbaranowski/Documents/companyOS/components/metabox/MetaBoxDetailPanel.stories.tsx","statementMap":{"0":{"start":{"line":149,"column":13},"end":{"line":149,"column":28}},"1":{"start":{"line":129,"column":13},"end":{"line":129,"column":20}},"2":{"start":{"line":179,"column":13},"end":{"line":179,"column":31}},"3":{"start":{"line":159,"column":13},"end":{"line":159,"column":26}},"4":{"start":{"line":139,"column":13},"end":{"line":139,"column":21}},"5":{"start":{"line":169,"column":13},"end":{"line":169,"column":29}},"6":{"start":{"line":189,"column":13},"end":{"line":189,"column":23}},"7":{"start":{"line":43,"column":0},"end":{"line":43,"column":15}},"8":{"start":{"line":3,"column":24},"end":{"line":3,"column":null}},"9":{"start":{"line":5,"column":35},"end":{"line":5,"column":null}},"10":{"start":{"line":8,"column":46},"end":{"line":41,"column":null}},"11":{"start":{"line":43,"column":15},"end":{"line":43,"column":20}},"12":{"start":{"line":46,"column":20},"end":{"line":84,"column":null}},"13":{"start":{"line":86,"column":35},"end":{"line":95,"column":null}},"14":{"start":{"line":97,"column":36},"end":{"line":106,"column":null}},"15":{"start":{"line":108,"column":34},"end":{"line":117,"column":null}},"16":{"start":{"line":119,"column":37},"end":{"line":127,"column":null}},"17":{"start":{"line":129,"column":30},"end":{"line":137,"column":null}},"18":{"start":{"line":139,"column":31},"end":{"line":147,"column":null}},"19":{"start":{"line":149,"column":38},"end":{"line":157,"column":null}},"20":{"start":{"line":159,"column":36},"end":{"line":167,"column":null}},"21":{"start":{"line":169,"column":39},"end":{"line":177,"column":null}},"22":{"start":{"line":179,"column":41},"end":{"line":187,"column":null}},"23":{"start":{"line":189,"column":33},"end":{"line":198,"column":null}}},"fnMap":{},"branchMap":{},"s":{"0":0,"1":0,"2":0,"3":0,"4":0,"5":0,"6":0,"7":0,"8":0,"9":0,"10":0,"11":0,"12":0,"13":0,"14":0,"15":0,"16":0,"17":0,"18":0,"19":0,"20":0,"21":0,"22":0,"23":0},"f":{},"b":{}}
,"/Users/nicolasbaranowski/Documents/companyOS/components/metabox/MetaBoxDetailPanel.tsx": {"path":"/Users/nicolasbaranowski/Documents/companyOS/components/metabox/MetaBoxDetailPanel.tsx","statementMap":{"0":{"start":{"line":19,"column":13},"end":{"line":19,"column":69}},"1":{"start":{"line":1,"column":32},"end":{"line":1,"column":null}},"2":{"start":{"line":19,"column":69},"end":{"line":288,"column":null}},"3":{"start":{"line":30,"column":36},"end":{"line":30,"column":null}},"4":{"start":{"line":31,"column":42},"end":{"line":31,"column":null}},"5":{"start":{"line":32,"column":34},"end":{"line":32,"column":null}},"6":{"start":{"line":35,"column":28},"end":{"line":35,"column":null}},"7":{"start":{"line":35,"column":62},"end":{"line":35,"column":89}},"8":{"start":{"line":36,"column":29},"end":{"line":36,"column":null}},"9":{"start":{"line":38,"column":21},"end":{"line":51,"column":null}},"10":{"start":{"line":39,"column":4},"end":{"line":39,"column":null}},"11":{"start":{"line":39,"column":25},"end":{"line":39,"column":null}},"12":{"start":{"line":41,"column":4},"end":{"line":41,"column":null}},"13":{"start":{"line":42,"column":4},"end":{"line":50,"column":null}},"14":{"start":{"line":43,"column":6},"end":{"line":43,"column":null}},"15":{"start":{"line":44,"column":6},"end":{"line":44,"column":null}},"16":{"start":{"line":45,"column":6},"end":{"line":45,"column":null}},"17":{"start":{"line":47,"column":6},"end":{"line":47,"column":null}},"18":{"start":{"line":49,"column":6},"end":{"line":49,"column":null}},"19":{"start":{"line":53,"column":23},"end":{"line":56,"column":null}},"20":{"start":{"line":54,"column":4},"end":{"line":54,"column":null}},"21":{"start":{"line":55,"column":4},"end":{"line":55,"column":null}},"22":{"start":{"line":90,"column":35},"end":{"line":90,"column":null}},"23":{"start":{"line":90,"column":60},"end":{"line":90,"column":null}},"24":{"start":{"line":99,"column":35},"end":{"line":99,"column":null}},"25":{"start":{"line":99,"column":60},"end":{"line":99,"column":null}},"26":{"start":{"line":113,"column":35},"end":{"line":113,"column":null}},"27":{"start":{"line":113,"column":60},"end":{"line":113,"column":null}},"28":{"start":{"line":117,"column":20},"end":{"line":117,"column":43}},"29":{"start":{"line":178,"column":33},"end":{"line":178,"column":null}},"30":{"start":{"line":207,"column":14},"end":{"line":208,"column":null}},"31":{"start":{"line":236,"column":20},"end":{"line":236,"column":39}},"32":{"start":{"line":240,"column":41},"end":{"line":240,"column":null}}},"fnMap":{"0":{"name":"(anonymous_4)","decl":{"start":{"line":19,"column":69},"end":{"line":19,"column":70}},"loc":{"start":{"line":29,"column":1},"end":{"line":288,"column":null}}},"1":{"name":"(anonymous_5)","decl":{"start":{"line":35,"column":53},"end":{"line":35,"column":62}},"loc":{"start":{"line":35,"column":62},"end":{"line":35,"column":89}}},"2":{"name":"(anonymous_6)","decl":{"start":{"line":38,"column":21},"end":{"line":38,"column":null}},"loc":{"start":{"line":38,"column":21},"end":{"line":51,"column":null}}},"3":{"name":"(anonymous_7)","decl":{"start":{"line":53,"column":23},"end":{"line":53,"column":null}},"loc":{"start":{"line":53,"column":23},"end":{"line":56,"column":null}}},"4":{"name":"(anonymous_8)","decl":{"start":{"line":90,"column":28},"end":{"line":90,"column":29}},"loc":{"start":{"line":90,"column":35},"end":{"line":90,"column":null}}},"5":{"name":"(anonymous_9)","decl":{"start":{"line":90,"column":51},"end":{"line":90,"column":60}},"loc":{"start":{"line":90,"column":60},"end":{"line":90,"column":null}}},"6":{"name":"(anonymous_10)","decl":{"start":{"line":99,"column":28},"end":{"line":99,"column":29}},"loc":{"start":{"line":99,"column":35},"end":{"line":99,"column":null}}},"7":{"name":"(anonymous_11)","decl":{"start":{"line":99,"column":51},"end":{"line":99,"column":60}},"loc":{"start":{"line":99,"column":60},"end":{"line":99,"column":null}}},"8":{"name":"(anonymous_12)","decl":{"start":{"line":113,"column":28},"end":{"line":113,"column":29}},"loc":{"start":{"line":113,"column":35},"end":{"line":113,"column":null}}},"9":{"name":"(anonymous_13)","decl":{"start":{"line":113,"column":51},"end":{"line":113,"column":60}},"loc":{"start":{"line":113,"column":60},"end":{"line":113,"column":null}}},"10":{"name":"(anonymous_14)","decl":{"start":{"line":116,"column":38},"end":{"line":116,"column":39}},"loc":{"start":{"line":117,"column":20},"end":{"line":117,"column":43}}},"11":{"name":"(anonymous_15)","decl":{"start":{"line":178,"column":27},"end":{"line":178,"column":33}},"loc":{"start":{"line":178,"column":33},"end":{"line":178,"column":null}}},"12":{"name":"(anonymous_16)","decl":{"start":{"line":206,"column":32},"end":{"line":206,"column":33}},"loc":{"start":{"line":207,"column":14},"end":{"line":208,"column":null}}},"13":{"name":"(anonymous_17)","decl":{"start":{"line":235,"column":38},"end":{"line":235,"column":39}},"loc":{"start":{"line":236,"column":20},"end":{"line":236,"column":39}}},"14":{"name":"(anonymous_18)","decl":{"start":{"line":240,"column":35},"end":{"line":240,"column":41}},"loc":{"start":{"line":240,"column":41},"end":{"line":240,"column":null}}}},"branchMap":{"0":{"loc":{"start":{"line":39,"column":4},"end":{"line":39,"column":null}},"type":"if","locations":[{"start":{"line":39,"column":4},"end":{"line":39,"column":null}}]},"1":{"loc":{"start":{"line":84,"column":12},"end":{"line":139,"column":13}},"type":"cond-expr","locations":[{"start":{"line":84,"column":12},"end":{"line":139,"column":13}}]},"2":{"loc":{"start":{"line":89,"column":25},"end":{"line":89,"column":59}},"type":"binary-expr","locations":[{"start":{"line":89,"column":25},"end":{"line":89,"column":43}},{"start":{"line":89,"column":47},"end":{"line":89,"column":59}}]},"3":{"loc":{"start":{"line":98,"column":25},"end":{"line":98,"column":61}},"type":"binary-expr","locations":[{"start":{"line":98,"column":25},"end":{"line":98,"column":44}},{"start":{"line":98,"column":48},"end":{"line":98,"column":61}}]},"4":{"loc":{"start":{"line":112,"column":25},"end":{"line":112,"column":59}},"type":"binary-expr","locations":[{"start":{"line":112,"column":25},"end":{"line":112,"column":43}},{"start":{"line":112,"column":47},"end":{"line":112,"column":59}}]},"5":{"loc":{"start":{"line":128,"column":19},"end":{"line":128,"column":null}},"type":"cond-expr","locations":[{"start":{"line":128,"column":30},"end":{"line":128,"column":44}},{"start":{"line":128,"column":44},"end":{"line":128,"column":null}}]},"6":{"loc":{"start":{"line":148,"column":18},"end":{"line":151,"column":null}},"type":"cond-expr","locations":[{"start":{"line":148,"column":47},"end":{"line":148,"column":null}},{"start":{"line":149,"column":18},"end":{"line":151,"column":null}}]},"7":{"loc":{"start":{"line":149,"column":18},"end":{"line":151,"column":null}},"type":"cond-expr","locations":[{"start":{"line":149,"column":48},"end":{"line":149,"column":null}},{"start":{"line":150,"column":18},"end":{"line":151,"column":null}}]},"8":{"loc":{"start":{"line":150,"column":18},"end":{"line":151,"column":null}},"type":"cond-expr","locations":[{"start":{"line":150,"column":50},"end":{"line":150,"column":null}},{"start":{"line":151,"column":18},"end":{"line":151,"column":null}}]},"9":{"loc":{"start":{"line":162,"column":15},"end":{"line":162,"column":30}},"type":"binary-expr","locations":[{"start":{"line":162,"column":15},"end":{"line":162,"column":30}}]},"10":{"loc":{"start":{"line":176,"column":15},"end":{"line":176,"column":null}},"type":"binary-expr","locations":[{"start":{"line":176,"column":15},"end":{"line":176,"column":null}}]},"11":{"loc":{"start":{"line":210,"column":18},"end":{"line":210,"column":null}},"type":"cond-expr","locations":[{"start":{"line":210,"column":47},"end":{"line":210,"column":65}},{"start":{"line":210,"column":65},"end":{"line":210,"column":null}}]},"12":{"loc":{"start":{"line":214,"column":18},"end":{"line":215,"column":null}},"type":"cond-expr","locations":[{"start":{"line":214,"column":46},"end":{"line":214,"column":null}},{"start":{"line":215,"column":18},"end":{"line":215,"column":null}}]},"13":{"loc":{"start":{"line":215,"column":18},"end":{"line":215,"column":null}},"type":"cond-expr","locations":[{"start":{"line":215,"column":48},"end":{"line":215,"column":64}},{"start":{"line":215,"column":64},"end":{"line":215,"column":null}}]},"14":{"loc":{"start":{"line":217,"column":33},"end":{"line":217,"column":null}},"type":"cond-expr","locations":[{"start":{"line":217,"column":63},"end":{"line":217,"column":79}},{"start":{"line":217,"column":79},"end":{"line":217,"column":null}}]},"15":{"loc":{"start":{"line":234,"column":16},"end":{"line":250,"column":17}},"type":"cond-expr","locations":[{"start":{"line":234,"column":16},"end":{"line":250,"column":17}}]},"16":{"loc":{"start":{"line":238,"column":23},"end":{"line":238,"column":null}},"type":"binary-expr","locations":[{"start":{"line":238,"column":23},"end":{"line":238,"column":null}}]},"17":{"loc":{"start":{"line":255,"column":13},"end":{"line":255,"column":null}},"type":"binary-expr","locations":[{"start":{"line":255,"column":13},"end":{"line":255,"column":null}}]}},"s":{"0":0,"1":0,"2":0,"3":0,"4":0,"5":0,"6":0,"7":0,"8":0,"9":0,"10":0,"11":0,"12":0,"13":0,"14":0,"15":0,"16":0,"17":0,"18":0,"19":0,"20":0,"21":0,"22":0,"23":0,"24":0,"25":0,"26":0,"27":0,"28":0,"29":0,"30":0,"31":0,"32":0},"f":{"0":0,"1":0,"2":0,"3":0,"4":0,"5":0,"6":0,"7":0,"8":0,"9":0,"10":0,"11":0,"12":0,"13":0,"14":0},"b":{"0":[0],"1":[0],"2":[0,0],"3":[0,0],"4":[0,0],"5":[0,0],"6":[0,0],"7":[0,0],"8":[0,0],"9":[0],"10":[0],"11":[0,0],"12":[0,0],"13":[0,0],"14":[0,0],"15":[0],"16":[0],"17":[0]}}
,"/Users/nicolasbaranowski/Documents/companyOS/components/metabox/MetaBoxEditor.stories.tsx": {"path":"/Users/nicolasbaranowski/Documents/companyOS/components/metabox/MetaBoxEditor.stories.tsx","statementMap":{"0":{"start":{"line":145,"column":13},"end":{"line":145,"column":20}},"1":{"start":{"line":153,"column":13},"end":{"line":153,"column":25}},"2":{"start":{"line":231,"column":13},"end":{"line":231,"column":27}},"3":{"start":{"line":177,"column":13},"end":{"line":177,"column":30}},"4":{"start":{"line":161,"column":13},"end":{"line":161,"column":31}},"5":{"start":{"line":169,"column":13},"end":{"line":169,"column":21}},"6":{"start":{"line":34,"column":0},"end":{"line":34,"column":15}},"7":{"start":{"line":3,"column":24},"end":{"line":3,"column":null}},"8":{"start":{"line":5,"column":30},"end":{"line":5,"column":null}},"9":{"start":{"line":7,"column":41},"end":{"line":32,"column":null}},"10":{"start":{"line":34,"column":15},"end":{"line":34,"column":20}},"11":{"start":{"line":38,"column":20},"end":{"line":75,"column":null}},"12":{"start":{"line":77,"column":21},"end":{"line":86,"column":null}},"13":{"start":{"line":88,"column":23},"end":{"line":143,"column":null}},"14":{"start":{"line":145,"column":30},"end":{"line":151,"column":null}},"15":{"start":{"line":153,"column":35},"end":{"line":159,"column":null}},"16":{"start":{"line":161,"column":41},"end":{"line":167,"column":null}},"17":{"start":{"line":169,"column":31},"end":{"line":175,"column":null}},"18":{"start":{"line":177,"column":40},"end":{"line":229,"column":null}},"19":{"start":{"line":231,"column":37},"end":{"line":292,"column":null}}},"fnMap":{},"branchMap":{},"s":{"0":0,"1":0,"2":0,"3":0,"4":0,"5":0,"6":0,"7":0,"8":0,"9":0,"10":0,"11":0,"12":0,"13":0,"14":0,"15":0,"16":0,"17":0,"18":0,"19":0},"f":{},"b":{}}
,"/Users/nicolasbaranowski/Documents/companyOS/components/metabox/MetaBoxEditor.tsx": {"path":"/Users/nicolasbaranowski/Documents/companyOS/components/metabox/MetaBoxEditor.tsx","statementMap":{"0":{"start":{"line":18,"column":13},"end":{"line":18,"column":59}},"1":{"start":{"line":1,"column":53},"end":{"line":1,"column":null}},"2":{"start":{"line":3,"column":55},"end":{"line":3,"column":null}},"3":{"start":{"line":5,"column":33},"end":{"line":5,"column":null}},"4":{"start":{"line":6,"column":40},"end":{"line":6,"column":null}},"5":{"start":{"line":7,"column":31},"end":{"line":7,"column":null}},"6":{"start":{"line":8,"column":32},"end":{"line":8,"column":null}},"7":{"start":{"line":18,"column":59},"end":{"line":303,"column":null}},"8":{"start":{"line":25,"column":46},"end":{"line":25,"column":null}},"9":{"start":{"line":26,"column":38},"end":{"line":26,"column":null}},"10":{"start":{"line":27,"column":48},"end":{"line":27,"column":null}},"11":{"start":{"line":28,"column":58},"end":{"line":28,"column":null}},"12":{"start":{"line":29,"column":34},"end":{"line":29,"column":null}},"13":{"start":{"line":31,"column":26},"end":{"line":31,"column":null}},"14":{"start":{"line":32,"column":18},"end":{"line":32,"column":null}},"15":{"start":{"line":35,"column":18},"end":{"line":35,"column":null}},"16":{"start":{"line":36,"column":20},"end":{"line":36,"column":null}},"17":{"start":{"line":38,"column":25},"end":{"line":49,"column":null}},"18":{"start":{"line":39,"column":4},"end":{"line":39,"column":null}},"19":{"start":{"line":39,"column":18},"end":{"line":39,"column":null}},"20":{"start":{"line":41,"column":23},"end":{"line":44,"column":null}},"21":{"start":{"line":45,"column":4},"end":{"line":45,"column":null}},"22":{"start":{"line":47,"column":4},"end":{"line":47,"column":null}},"23":{"start":{"line":48,"column":4},"end":{"line":48,"column":null}},"24":{"start":{"line":51,"column":28},"end":{"line":63,"column":null}},"25":{"start":{"line":52,"column":4},"end":{"line":52,"column":null}},"26":{"start":{"line":52,"column":18},"end":{"line":52,"column":null}},"27":{"start":{"line":54,"column":23},"end":{"line":59,"column":null}},"28":{"start":{"line":57,"column":8},"end":{"line":57,"column":null}},"29":{"start":{"line":61,"column":4},"end":{"line":61,"column":null}},"30":{"start":{"line":62,"column":4},"end":{"line":62,"column":null}},"31":{"start":{"line":65,"column":28},"end":{"line":76,"column":null}},"32":{"start":{"line":66,"column":4},"end":{"line":66,"column":null}},"33":{"start":{"line":66,"column":18},"end":{"line":66,"column":null}},"34":{"start":{"line":68,"column":23},"end":{"line":71,"column":null}},"35":{"start":{"line":72,"column":4},"end":{"line":72,"column":null}},"36":{"start":{"line":74,"column":4},"end":{"line":74,"column":null}},"37":{"start":{"line":75,"column":4},"end":{"line":75,"column":null}},"38":{"start":{"line":78,"column":29},"end":{"line":102,"column":null}},"39":{"start":{"line":79,"column":4},"end":{"line":79,"column":null}},"40":{"start":{"line":79,"column":18},"end":{"line":79,"column":null}},"41":{"start":{"line":81,"column":19},"end":{"line":81,"column":null}},"42":{"start":{"line":82,"column":25},"end":{"line":82,"column":null}},"43":{"start":{"line":82,"column":47},"end":{"line":82,"column":null}},"44":{"start":{"line":83,"column":24},"end":{"line":83,"column":null}},"45":{"start":{"line":83,"column":46},"end":{"line":83,"column":null}},"46":{"start":{"line":85,"column":4},"end":{"line":85,"column":null}},"47":{"start":{"line":85,"column":51},"end":{"line":85,"column":null}},"48":{"start":{"line":87,"column":27},"end":{"line":87,"column":null}},"49":{"start":{"line":88,"column":4},"end":{"line":88,"column":null}},"50":{"start":{"line":91,"column":4},"end":{"line":93,"column":null}},"51":{"start":{"line":92,"column":6},"end":{"line":92,"column":null}},"52":{"start":{"line":95,"column":23},"end":{"line":98,"column":null}},"53":{"start":{"line":100,"column":4},"end":{"line":100,"column":null}},"54":{"start":{"line":101,"column":4},"end":{"line":101,"column":null}},"55":{"start":{"line":104,"column":21},"end":{"line":109,"column":null}},"56":{"start":{"line":105,"column":26},"end":{"line":105,"column":null}},"57":{"start":{"line":106,"column":4},"end":{"line":108,"column":null}},"58":{"start":{"line":107,"column":6},"end":{"line":107,"column":null}},"59":{"start":{"line":111,"column":21},"end":{"line":116,"column":null}},"60":{"start":{"line":112,"column":22},"end":{"line":112,"column":null}},"61":{"start":{"line":113,"column":4},"end":{"line":115,"column":null}},"62":{"start":{"line":114,"column":6},"end":{"line":114,"column":null}},"63":{"start":{"line":118,"column":30},"end":{"line":130,"column":null}},"64":{"start":{"line":119,"column":4},"end":{"line":119,"column":null}},"65":{"start":{"line":119,"column":18},"end":{"line":119,"column":null}},"66":{"start":{"line":121,"column":23},"end":{"line":124,"column":null}},"67":{"start":{"line":125,"column":4},"end":{"line":125,"column":null}},"68":{"start":{"line":127,"column":4},"end":{"line":127,"column":null}},"69":{"start":{"line":128,"column":4},"end":{"line":128,"column":null}},"70":{"start":{"line":129,"column":4},"end":{"line":129,"column":null}},"71":{"start":{"line":132,"column":21},"end":{"line":143,"column":null}},"72":{"start":{"line":133,"column":4},"end":{"line":133,"column":null}},"73":{"start":{"line":133,"column":18},"end":{"line":133,"column":null}},"74":{"start":{"line":135,"column":4},"end":{"line":135,"column":null}},"75":{"start":{"line":136,"column":4},"end":{"line":142,"column":null}},"76":{"start":{"line":137,"column":6},"end":{"line":137,"column":null}},"77":{"start":{"line":139,"column":6},"end":{"line":139,"column":null}},"78":{"start":{"line":141,"column":6},"end":{"line":141,"column":null}},"79":{"start":{"line":145,"column":26},"end":{"line":151,"column":null}},"80":{"start":{"line":146,"column":4},"end":{"line":146,"column":null}},"81":{"start":{"line":146,"column":18},"end":{"line":146,"column":null}},"82":{"start":{"line":148,"column":4},"end":{"line":148,"column":null}},"83":{"start":{"line":149,"column":4},"end":{"line":149,"column":null}},"84":{"start":{"line":150,"column":4},"end":{"line":150,"column":null}},"85":{"start":{"line":153,"column":24},"end":{"line":156,"column":null}},"86":{"start":{"line":154,"column":4},"end":{"line":154,"column":null}},"87":{"start":{"line":155,"column":4},"end":{"line":155,"column":null}},"88":{"start":{"line":158,"column":21},"end":{"line":167,"column":null}},"89":{"start":{"line":159,"column":4},"end":{"line":159,"column":null}},"90":{"start":{"line":159,"column":18},"end":{"line":159,"column":null}},"91":{"start":{"line":161,"column":4},"end":{"line":161,"column":null}},"92":{"start":{"line":162,"column":27},"end":{"line":162,"column":null}},"93":{"start":{"line":164,"column":4},"end":{"line":166,"column":null}},"94":{"start":{"line":165,"column":6},"end":{"line":165,"column":null}},"95":{"start":{"line":169,"column":25},"end":{"line":171,"column":null}},"96":{"start":{"line":170,"column":4},"end":{"line":170,"column":null}},"97":{"start":{"line":173,"column":2},"end":{"line":182,"column":null}},"98":{"start":{"line":202,"column":38},"end":{"line":202,"column":null}},"99":{"start":{"line":220,"column":33},"end":{"line":224,"column":null}},"100":{"start":{"line":234,"column":16},"end":{"line":235,"column":null}},"101":{"start":{"line":238,"column":38},"end":{"line":238,"column":null}},"102":{"start":{"line":240,"column":33},"end":{"line":240,"column":null}},"103":{"start":{"line":250,"column":43},"end":{"line":250,"column":null}},"104":{"start":{"line":251,"column":36},"end":{"line":251,"column":null}},"105":{"start":{"line":252,"column":36},"end":{"line":252,"column":null}},"106":{"start":{"line":269,"column":39},"end":{"line":273,"column":null}},"107":{"start":{"line":279,"column":39},"end":{"line":279,"column":null}},"108":{"start":{"line":297,"column":26},"end":{"line":297,"column":null}}},"fnMap":{"0":{"name":"(anonymous_4)","decl":{"start":{"line":18,"column":59},"end":{"line":18,"column":60}},"loc":{"start":{"line":24,"column":1},"end":{"line":303,"column":null}}},"1":{"name":"(anonymous_5)","decl":{"start":{"line":38,"column":37},"end":{"line":38,"column":38}},"loc":{"start":{"line":38,"column":38},"end":{"line":49,"column":5}}},"2":{"name":"(anonymous_6)","decl":{"start":{"line":51,"column":40},"end":{"line":51,"column":41}},"loc":{"start":{"line":51,"column":58},"end":{"line":63,"column":5}}},"3":{"name":"(anonymous_7)","decl":{"start":{"line":56,"column":40},"end":{"line":56,"column":null}},"loc":{"start":{"line":57,"column":8},"end":{"line":57,"column":null}}},"4":{"name":"(anonymous_8)","decl":{"start":{"line":65,"column":40},"end":{"line":65,"column":41}},"loc":{"start":{"line":65,"column":41},"end":{"line":76,"column":5}}},"5":{"name":"(anonymous_9)","decl":{"start":{"line":78,"column":41},"end":{"line":78,"column":42}},"loc":{"start":{"line":78,"column":61},"end":{"line":102,"column":5}}},"6":{"name":"(anonymous_10)","decl":{"start":{"line":82,"column":42},"end":{"line":82,"column":47}},"loc":{"start":{"line":82,"column":47},"end":{"line":82,"column":null}}},"7":{"name":"(anonymous_11)","decl":{"start":{"line":83,"column":41},"end":{"line":83,"column":46}},"loc":{"start":{"line":83,"column":46},"end":{"line":83,"column":null}}},"8":{"name":"(anonymous_12)","decl":{"start":{"line":91,"column":19},"end":{"line":91,"column":20}},"loc":{"start":{"line":91,"column":27},"end":{"line":93,"column":null}}},"9":{"name":"(anonymous_13)","decl":{"start":{"line":104,"column":33},"end":{"line":104,"column":null}},"loc":{"start":{"line":104,"column":33},"end":{"line":109,"column":5}}},"10":{"name":"(anonymous_14)","decl":{"start":{"line":111,"column":33},"end":{"line":111,"column":null}},"loc":{"start":{"line":111,"column":33},"end":{"line":116,"column":5}}},"11":{"name":"(anonymous_15)","decl":{"start":{"line":118,"column":42},"end":{"line":118,"column":43}},"loc":{"start":{"line":118,"column":43},"end":{"line":130,"column":5}}},"12":{"name":"(anonymous_16)","decl":{"start":{"line":132,"column":33},"end":{"line":132,"column":null}},"loc":{"start":{"line":132,"column":33},"end":{"line":143,"column":5}}},"13":{"name":"(anonymous_17)","decl":{"start":{"line":145,"column":38},"end":{"line":145,"column":39}},"loc":{"start":{"line":145,"column":59},"end":{"line":151,"column":5}}},"14":{"name":"(anonymous_18)","decl":{"start":{"line":153,"column":36},"end":{"line":153,"column":null}},"loc":{"start":{"line":153,"column":36},"end":{"line":156,"column":5}}},"15":{"name":"(anonymous_19)","decl":{"start":{"line":158,"column":33},"end":{"line":158,"column":34}},"loc":{"start":{"line":158,"column":54},"end":{"line":167,"column":5}}},"16":{"name":"(anonymous_20)","decl":{"start":{"line":169,"column":37},"end":{"line":169,"column":38}},"loc":{"start":{"line":169,"column":38},"end":{"line":171,"column":5}}},"17":{"name":"(anonymous_21)","decl":{"start":{"line":202,"column":32},"end":{"line":202,"column":38}},"loc":{"start":{"line":202,"column":38},"end":{"line":202,"column":null}}},"18":{"name":"(anonymous_22)","decl":{"start":{"line":220,"column":27},"end":{"line":220,"column":33}},"loc":{"start":{"line":220,"column":33},"end":{"line":224,"column":null}}},"19":{"name":"(anonymous_23)","decl":{"start":{"line":233,"column":41},"end":{"line":233,"column":42}},"loc":{"start":{"line":234,"column":16},"end":{"line":235,"column":null}}},"20":{"name":"(anonymous_24)","decl":{"start":{"line":238,"column":31},"end":{"line":238,"column":32}},"loc":{"start":{"line":238,"column":38},"end":{"line":238,"column":null}}},"21":{"name":"(anonymous_25)","decl":{"start":{"line":240,"column":26},"end":{"line":240,"column":27}},"loc":{"start":{"line":240,"column":33},"end":{"line":240,"column":null}}},"22":{"name":"(anonymous_26)","decl":{"start":{"line":250,"column":30},"end":{"line":250,"column":31}},"loc":{"start":{"line":250,"column":43},"end":{"line":250,"column":null}}},"23":{"name":"(anonymous_27)","decl":{"start":{"line":251,"column":30},"end":{"line":251,"column":36}},"loc":{"start":{"line":251,"column":36},"end":{"line":251,"column":null}}},"24":{"name":"(anonymous_28)","decl":{"start":{"line":252,"column":30},"end":{"line":252,"column":36}},"loc":{"start":{"line":252,"column":36},"end":{"line":252,"column":null}}},"25":{"name":"(anonymous_29)","decl":{"start":{"line":269,"column":33},"end":{"line":269,"column":39}},"loc":{"start":{"line":269,"column":39},"end":{"line":273,"column":null}}},"26":{"name":"(anonymous_30)","decl":{"start":{"line":279,"column":33},"end":{"line":279,"column":39}},"loc":{"start":{"line":279,"column":39},"end":{"line":279,"column":null}}},"27":{"name":"(anonymous_31)","decl":{"start":{"line":297,"column":20},"end":{"line":297,"column":26}},"loc":{"start":{"line":297,"column":26},"end":{"line":297,"column":null}}}},"branchMap":{"0":{"loc":{"start":{"line":39,"column":4},"end":{"line":39,"column":null}},"type":"if","locations":[{"start":{"line":39,"column":4},"end":{"line":39,"column":null}}]},"1":{"loc":{"start":{"line":52,"column":4},"end":{"line":52,"column":null}},"type":"if","locations":[{"start":{"line":52,"column":4},"end":{"line":52,"column":null}}]},"2":{"loc":{"start":{"line":57,"column":8},"end":{"line":57,"column":null}},"type":"cond-expr","locations":[{"start":{"line":57,"column":31},"end":{"line":57,"column":58}},{"start":{"line":57,"column":58},"end":{"line":57,"column":null}}]},"3":{"loc":{"start":{"line":66,"column":4},"end":{"line":66,"column":null}},"type":"if","locations":[{"start":{"line":66,"column":4},"end":{"line":66,"column":null}}]},"4":{"loc":{"start":{"line":79,"column":4},"end":{"line":79,"column":null}},"type":"if","locations":[{"start":{"line":79,"column":4},"end":{"line":79,"column":null}}]},"5":{"loc":{"start":{"line":85,"column":4},"end":{"line":85,"column":null}},"type":"if","locations":[{"start":{"line":85,"column":4},"end":{"line":85,"column":null}}]},"6":{"loc":{"start":{"line":85,"column":8},"end":{"line":85,"column":51}},"type":"binary-expr","locations":[{"start":{"line":85,"column":8},"end":{"line":85,"column":31}},{"start":{"line":85,"column":31},"end":{"line":85,"column":51}}]},"7":{"loc":{"start":{"line":106,"column":4},"end":{"line":108,"column":null}},"type":"if","locations":[{"start":{"line":106,"column":4},"end":{"line":108,"column":null}}]},"8":{"loc":{"start":{"line":113,"column":4},"end":{"line":115,"column":null}},"type":"if","locations":[{"start":{"line":113,"column":4},"end":{"line":115,"column":null}}]},"9":{"loc":{"start":{"line":119,"column":4},"end":{"line":119,"column":null}},"type":"if","locations":[{"start":{"line":119,"column":4},"end":{"line":119,"column":null}}]},"10":{"loc":{"start":{"line":133,"column":4},"end":{"line":133,"column":null}},"type":"if","locations":[{"start":{"line":133,"column":4},"end":{"line":133,"column":null}}]},"11":{"loc":{"start":{"line":146,"column":4},"end":{"line":146,"column":null}},"type":"if","locations":[{"start":{"line":146,"column":4},"end":{"line":146,"column":null}}]},"12":{"loc":{"start":{"line":159,"column":4},"end":{"line":159,"column":null}},"type":"if","locations":[{"start":{"line":159,"column":4},"end":{"line":159,"column":null}}]},"13":{"loc":{"start":{"line":164,"column":4},"end":{"line":166,"column":null}},"type":"if","locations":[{"start":{"line":164,"column":4},"end":{"line":166,"column":null}}]},"14":{"loc":{"start":{"line":164,"column":8},"end":{"line":164,"column":60}},"type":"binary-expr","locations":[{"start":{"line":164,"column":8},"end":{"line":164,"column":26}},{"start":{"line":164,"column":26},"end":{"line":164,"column":60}}]},"15":{"loc":{"start":{"line":173,"column":2},"end":{"line":182,"column":null}},"type":"if","locations":[{"start":{"line":173,"column":2},"end":{"line":182,"column":null}}]},"16":{"loc":{"start":{"line":191,"column":13},"end":{"line":191,"column":39}},"type":"binary-expr","locations":[{"start":{"line":191,"column":13},"end":{"line":191,"column":39}}]},"17":{"loc":{"start":{"line":218,"column":15},"end":{"line":218,"column":null}},"type":"binary-expr","locations":[{"start":{"line":218,"column":15},"end":{"line":218,"column":null}}]},"18":{"loc":{"start":{"line":243,"column":20},"end":{"line":243,"column":null}},"type":"cond-expr","locations":[{"start":{"line":243,"column":65},"end":{"line":243,"column":80}},{"start":{"line":243,"column":80},"end":{"line":243,"column":null}}]},"19":{"loc":{"start":{"line":243,"column":20},"end":{"line":243,"column":62}},"type":"binary-expr","locations":[{"start":{"line":243,"column":20},"end":{"line":243,"column":34}},{"start":{"line":243,"column":34},"end":{"line":243,"column":62}}]},"20":{"loc":{"start":{"line":257,"column":15},"end":{"line":257,"column":null}},"type":"binary-expr","locations":[{"start":{"line":257,"column":15},"end":{"line":257,"column":null}}]},"21":{"loc":{"start":{"line":266,"column":19},"end":{"line":266,"column":null}},"type":"binary-expr","locations":[{"start":{"line":266,"column":19},"end":{"line":266,"column":null}}]},"22":{"loc":{"start":{"line":294,"column":7},"end":{"line":294,"column":null}},"type":"binary-expr","locations":[{"start":{"line":294,"column":7},"end":{"line":294,"column":null}}]}},"s":{"0":0,"1":0,"2":0,"3":0,"4":0,"5":0,"6":0,"7":0,"8":0,"9":0,"10":0,"11":0,"12":0,"13":0,"14":0,"15":0,"16":0,"17":0,"18":0,"19":0,"20":0,"21":0,"22":0,"23":0,"24":0,"25":0,"26":0,"27":0,"28":0,"29":0,"30":0,"31":0,"32":0,"33":0,"34":0,"35":0,"36":0,"37":0,"38":0,"39":0,"40":0,"41":0,"42":0,"43":0,"44":0,"45":0,"46":0,"47":0,"48":0,"49":0,"50":0,"51":0,"52":0,"53":0,"54":0,"55":0,"56":0,"57":0,"58":0,"59":0,"60":0,"61":0,"62":0,"63":0,"64":0,"65":0,"66":0,"67":0,"68":0,"69":0,"70":0,"71":0,"72":0,"73":0,"74":0,"75":0,"76":0,"77":0,"78":0,"79":0,"80":0,"81":0,"82":0,"83":0,"84":0,"85":0,"86":0,"87":0,"88":0,"89":0,"90":0,"91":0,"92":0,"93":0,"94":0,"95":0,"96":0,"97":0,"98":0,"99":0,"100":0,"101":0,"102":0,"103":0,"104":0,"105":0,"106":0,"107":0,"108":0},"f":{"0":0,"1":0,"2":0,"3":0,"4":0,"5":0,"6":0,"7":0,"8":0,"9":0,"10":0,"11":0,"12":0,"13":0,"14":0,"15":0,"16":0,"17":0,"18":0,"19":0,"20":0,"21":0,"22":0,"23":0,"24":0,"25":0,"26":0,"27":0},"b":{"0":[0],"1":[0],"2":[0,0],"3":[0],"4":[0],"5":[0],"6":[0,0],"7":[0],"8":[0],"9":[0],"10":[0],"11":[0],"12":[0],"13":[0],"14":[0,0],"15":[0],"16":[0],"17":[0],"18":[0,0],"19":[0,0],"20":[0],"21":[0],"22":[0]}}
,"/Users/nicolasbaranowski/Documents/companyOS/components/metabox/MetaBoxHeader.stories.tsx": {"path":"/Users/nicolasbaranowski/Documents/companyOS/components/metabox/MetaBoxHeader.stories.tsx","statementMap":{"0":{"start":{"line":66,"column":13},"end":{"line":66,"column":20}},"1":{"start":{"line":95,"column":13},"end":{"line":95,"column":21}},"2":{"start":{"line":81,"column":13},"end":{"line":81,"column":21}},"3":{"start":{"line":132,"column":13},"end":{"line":132,"column":28}},"4":{"start":{"line":115,"column":13},"end":{"line":115,"column":32}},"5":{"start":{"line":102,"column":13},"end":{"line":102,"column":34}},"6":{"start":{"line":88,"column":13},"end":{"line":88,"column":31}},"7":{"start":{"line":17,"column":0},"end":{"line":17,"column":15}},"8":{"start":{"line":6,"column":30},"end":{"line":6,"column":null}},"9":{"start":{"line":8,"column":13},"end":{"line":15,"column":null}},"10":{"start":{"line":17,"column":15},"end":{"line":17,"column":20}},"11":{"start":{"line":21,"column":29},"end":{"line":42,"column":null}},"12":{"start":{"line":36,"column":21},"end":{"line":36,"column":null}},"13":{"start":{"line":37,"column":25},"end":{"line":37,"column":null}},"14":{"start":{"line":39,"column":19},"end":{"line":39,"column":null}},"15":{"start":{"line":40,"column":17},"end":{"line":40,"column":null}},"16":{"start":{"line":41,"column":25},"end":{"line":41,"column":null}},"17":{"start":{"line":44,"column":47},"end":{"line":64,"column":null}},"18":{"start":{"line":58,"column":21},"end":{"line":58,"column":null}},"19":{"start":{"line":59,"column":25},"end":{"line":59,"column":null}},"20":{"start":{"line":61,"column":19},"end":{"line":61,"column":null}},"21":{"start":{"line":62,"column":17},"end":{"line":62,"column":null}},"22":{"start":{"line":63,"column":25},"end":{"line":63,"column":null}},"23":{"start":{"line":66,"column":30},"end":{"line":79,"column":null}},"24":{"start":{"line":73,"column":6},"end":{"line":73,"column":null}},"25":{"start":{"line":76,"column":6},"end":{"line":76,"column":null}},"26":{"start":{"line":81,"column":31},"end":{"line":86,"column":null}},"27":{"start":{"line":88,"column":41},"end":{"line":93,"column":null}},"28":{"start":{"line":95,"column":31},"end":{"line":100,"column":null}},"29":{"start":{"line":102,"column":44},"end":{"line":113,"column":null}},"30":{"start":{"line":115,"column":42},"end":{"line":130,"column":null}},"31":{"start":{"line":132,"column":38},"end":{"line":143,"column":null}}},"fnMap":{"0":{"name":"(anonymous_9)","decl":{"start":{"line":34,"column":10},"end":{"line":34,"column":17}},"loc":{"start":{"line":34,"column":10},"end":{"line":34,"column":null}}},"1":{"name":"(anonymous_10)","decl":{"start":{"line":35,"column":12},"end":{"line":35,"column":19}},"loc":{"start":{"line":35,"column":12},"end":{"line":35,"column":null}}},"2":{"name":"(anonymous_11)","decl":{"start":{"line":36,"column":15},"end":{"line":36,"column":21}},"loc":{"start":{"line":36,"column":21},"end":{"line":36,"column":null}}},"3":{"name":"(anonymous_12)","decl":{"start":{"line":37,"column":18},"end":{"line":37,"column":25}},"loc":{"start":{"line":37,"column":25},"end":{"line":37,"column":null}}},"4":{"name":"(anonymous_13)","decl":{"start":{"line":37,"column":152},"end":{"line":37,"column":159}},"loc":{"start":{"line":37,"column":152},"end":{"line":37,"column":161}}},"5":{"name":"(anonymous_14)","decl":{"start":{"line":38,"column":17},"end":{"line":38,"column":24}},"loc":{"start":{"line":38,"column":17},"end":{"line":38,"column":null}}},"6":{"name":"(anonymous_15)","decl":{"start":{"line":39,"column":13},"end":{"line":39,"column":19}},"loc":{"start":{"line":39,"column":19},"end":{"line":39,"column":null}}},"7":{"name":"(anonymous_16)","decl":{"start":{"line":40,"column":11},"end":{"line":40,"column":17}},"loc":{"start":{"line":40,"column":17},"end":{"line":40,"column":null}}},"8":{"name":"(anonymous_17)","decl":{"start":{"line":41,"column":18},"end":{"line":41,"column":25}},"loc":{"start":{"line":41,"column":25},"end":{"line":41,"column":null}}},"9":{"name":"(anonymous_18)","decl":{"start":{"line":56,"column":10},"end":{"line":56,"column":17}},"loc":{"start":{"line":56,"column":10},"end":{"line":56,"column":null}}},"10":{"name":"(anonymous_19)","decl":{"start":{"line":57,"column":12},"end":{"line":57,"column":19}},"loc":{"start":{"line":57,"column":12},"end":{"line":57,"column":null}}},"11":{"name":"(anonymous_20)","decl":{"start":{"line":58,"column":15},"end":{"line":58,"column":21}},"loc":{"start":{"line":58,"column":21},"end":{"line":58,"column":null}}},"12":{"name":"(anonymous_21)","decl":{"start":{"line":59,"column":18},"end":{"line":59,"column":25}},"loc":{"start":{"line":59,"column":25},"end":{"line":59,"column":null}}},"13":{"name":"(anonymous_22)","decl":{"start":{"line":59,"column":152},"end":{"line":59,"column":159}},"loc":{"start":{"line":59,"column":152},"end":{"line":59,"column":161}}},"14":{"name":"(anonymous_23)","decl":{"start":{"line":60,"column":17},"end":{"line":60,"column":24}},"loc":{"start":{"line":60,"column":17},"end":{"line":60,"column":null}}},"15":{"name":"(anonymous_24)","decl":{"start":{"line":61,"column":13},"end":{"line":61,"column":19}},"loc":{"start":{"line":61,"column":19},"end":{"line":61,"column":null}}},"16":{"name":"(anonymous_25)","decl":{"start":{"line":62,"column":11},"end":{"line":62,"column":17}},"loc":{"start":{"line":62,"column":17},"end":{"line":62,"column":null}}},"17":{"name":"(anonymous_26)","decl":{"start":{"line":63,"column":18},"end":{"line":63,"column":25}},"loc":{"start":{"line":63,"column":25},"end":{"line":63,"column":null}}},"18":{"name":"(anonymous_27)","decl":{"start":{"line":72,"column":12},"end":{"line":72,"column":19}},"loc":{"start":{"line":72,"column":19},"end":{"line":74,"column":null}}},"19":{"name":"(anonymous_28)","decl":{"start":{"line":75,"column":18},"end":{"line":75,"column":19}},"loc":{"start":{"line":75,"column":19},"end":{"line":77,"column":null}}}},"branchMap":{},"s":{"0":0,"1":0,"2":0,"3":0,"4":0,"5":0,"6":0,"7":0,"8":0,"9":0,"10":0,"11":0,"12":0,"13":0,"14":0,"15":0,"16":0,"17":0,"18":0,"19":0,"20":0,"21":0,"22":0,"23":0,"24":0,"25":0,"26":0,"27":0,"28":0,"29":0,"30":0,"31":0},"f":{"0":0,"1":0,"2":0,"3":0,"4":0,"5":0,"6":0,"7":0,"8":0,"9":0,"10":0,"11":0,"12":0,"13":0,"14":0,"15":0,"16":0,"17":0,"18":0,"19":0},"b":{}}
[...]
3,"column":4},"end":{"line":47,"column":null}},"type":"if","locations":[{"start":{"line":43,"column":4},"end":{"line":47,"column":null}}]},"7":{"loc":{"start":{"line":43,"column":8},"end":{"line":43,"column":48}},"type":"binary-expr","locations":[{"start":{"line":43,"column":8},"end":{"line":43,"column":19}},{"start":{"line":43,"column":19},"end":{"line":43,"column":48}}]},"8":{"loc":{"start":{"line":44,"column":6},"end":{"line":46,"column":null}},"type":"if","locations":[{"start":{"line":44,"column":6},"end":{"line":46,"column":null}}]},"9":{"loc":{"start":{"line":63,"column":4},"end":{"line":65,"column":null}},"type":"if","locations":[{"start":{"line":63,"column":4},"end":{"line":65,"column":null}}]},"10":{"loc":{"start":{"line":73,"column":4},"end":{"line":75,"column":null}},"type":"if","locations":[{"start":{"line":73,"column":4},"end":{"line":75,"column":null}}]},"11":{"loc":{"start":{"line":80,"column":4},"end":{"line":82,"column":null}},"type":"if","locations":[{"start":{"line":80,"column":4},"end":{"line":82,"column":null}}]},"12":{"loc":{"start":{"line":87,"column":4},"end":{"line":92,"column":null}},"type":"if","locations":[{"start":{"line":87,"column":4},"end":{"line":92,"column":null}}]},"13":{"loc":{"start":{"line":96,"column":15},"end":{"line":96,"column":null}},"type":"binary-expr","locations":[{"start":{"line":96,"column":15},"end":{"line":96,"column":31}},{"start":{"line":96,"column":35},"end":{"line":96,"column":null}}]},"14":{"loc":{"start":{"line":100,"column":4},"end":{"line":105,"column":null}},"type":"if","locations":[{"start":{"line":100,"column":4},"end":{"line":105,"column":null}}]},"15":{"loc":{"start":{"line":117,"column":4},"end":{"line":125,"column":null}},"type":"if","locations":[{"start":{"line":117,"column":4},"end":{"line":125,"column":null}},{"start":{"line":123,"column":11},"end":{"line":125,"column":null}}]},"16":{"loc":{"start":{"line":136,"column":4},"end":{"line":138,"column":null}},"type":"if","locations":[{"start":{"line":136,"column":4},"end":{"line":138,"column":null}}]},"17":{"loc":{"start":{"line":146,"column":4},"end":{"line":148,"column":null}},"type":"if","locations":[{"start":{"line":146,"column":4},"end":{"line":148,"column":null}}]},"18":{"loc":{"start":{"line":153,"column":4},"end":{"line":155,"column":null}},"type":"if","locations":[{"start":{"line":153,"column":4},"end":{"line":155,"column":null}}]},"19":{"loc":{"start":{"line":159,"column":4},"end":{"line":166,"column":null}},"type":"if","locations":[{"start":{"line":159,"column":4},"end":{"line":166,"column":null}},{"start":{"line":164,"column":11},"end":{"line":166,"column":null}}]}},"s":{"0":0,"1":0,"2":0,"3":0,"4":0,"5":0,"6":0,"7":0,"8":0,"9":0,"10":0,"11":0,"12":0,"13":0,"14":0,"15":0,"16":0,"17":0,"18":0,"19":0,"20":0,"21":0,"22":0,"23":0,"24":0,"25":0,"26":0,"27":0,"28":0,"29":0,"30":0,"31":0,"32":0,"33":0,"34":0,"35":0,"36":0,"37":0,"38":0,"39":0,"40":0,"41":0,"42":0,"43":0,"44":0,"45":0,"46":0,"47":0,"48":0,"49":0,"50":0,"51":0,"52":0,"53":0,"54":0,"55":0,"56":0,"57":0,"58":0,"59":0,"60":0,"61":0,"62":0,"63":0,"64":0,"65":0,"66":0,"67":0,"68":0,"69":0,"70":0,"71":0,"72":0,"73":0,"74":0,"75":0,"76":0,"77":0},"f":{"0":0,"1":0,"2":0,"3":0},"b":{"0":[0],"1":[0,0],"2":[0,0],"3":[0,0],"4":[0,0],"5":[0],"6":[0],"7":[0,0],"8":[0],"9":[0],"10":[0],"11":[0],"12":[0],"13":[0,0],"14":[0],"15":[0,0],"16":[0],"17":[0],"18":[0],"19":[0,0]}}
,"/Users/nicolasbaranowski/Documents/companyOS/pages/api/metabox/index.ts": {"path":"/Users/nicolasbaranowski/Documents/companyOS/pages/api/metabox/index.ts","statementMap":{"0":{"start":{"line":7,"column":30},"end":{"line":7,"column":38}},"1":{"start":{"line":1,"column":21},"end":{"line":1,"column":null}},"2":{"start":{"line":4,"column":22},"end":{"line":4,"column":null}},"3":{"start":{"line":5,"column":39},"end":{"line":5,"column":null}},"4":{"start":{"line":8,"column":2},"end":{"line":15,"column":null}},"5":{"start":{"line":9,"column":4},"end":{"line":9,"column":null}},"6":{"start":{"line":10,"column":9},"end":{"line":15,"column":null}},"7":{"start":{"line":11,"column":4},"end":{"line":11,"column":null}},"8":{"start":{"line":13,"column":4},"end":{"line":13,"column":null}},"9":{"start":{"line":14,"column":4},"end":{"line":14,"column":null}},"10":{"start":{"line":19,"column":2},"end":{"line":54,"column":null}},"11":{"start":{"line":20,"column":36},"end":{"line":20,"column":45}},"12":{"start":{"line":22,"column":4},"end":{"line":24,"column":null}},"13":{"start":{"line":23,"column":6},"end":{"line":23,"column":null}},"14":{"start":{"line":26,"column":4},"end":{"line":26,"column":null}},"15":{"start":{"line":27,"column":25},"end":{"line":27,"column":null}},"16":{"start":{"line":28,"column":23},"end":{"line":28,"column":46}},"17":{"start":{"line":31,"column":23},"end":{"line":31,"column":null}},"18":{"start":{"line":33,"column":4},"end":{"line":39,"column":null}},"19":{"start":{"line":35,"column":6},"end":{"line":38,"column":null}},"20":{"start":{"line":41,"column":22},"end":{"line":41,"column":null}},"21":{"start":{"line":44,"column":29},"end":{"line":44,"column":null}},"22":{"start":{"line":44,"column":58},"end":{"line":44,"column":null}},"23":{"start":{"line":46,"column":4},"end":{"line":50,"column":null}},"24":{"start":{"line":52,"column":4},"end":{"line":52,"column":null}},"25":{"start":{"line":53,"column":4},"end":{"line":53,"column":null}},"26":{"start":{"line":58,"column":2},"end":{"line":99,"column":null}},"27":{"start":{"line":59,"column":36},"end":{"line":59,"column":44}},"28":{"start":{"line":61,"column":4},"end":{"line":63,"column":null}},"29":{"start":{"line":62,"column":6},"end":{"line":62,"column":null}},"30":{"start":{"line":66,"column":29},"end":{"line":66,"column":null}},"31":{"start":{"line":67,"column":4},"end":{"line":72,"column":null}},"32":{"start":{"line":68,"column":6},"end":{"line":71,"column":null}},"33":{"start":{"line":74,"column":4},"end":{"line":74,"column":null}},"34":{"start":{"line":75,"column":25},"end":{"line":75,"column":null}},"35":{"start":{"line":76,"column":23},"end":{"line":76,"column":46}},"36":{"start":{"line":79,"column":20},"end":{"line":82,"column":null}},"37":{"start":{"line":85,"column":19},"end":{"line":85,"column":null}},"38":{"start":{"line":87,"column":4},"end":{"line":95,"column":null}},"39":{"start":{"line":88,"column":6},"end":{"line":92,"column":null}},"40":{"start":{"line":94,"column":6},"end":{"line":94,"column":null}},"41":{"start":{"line":97,"column":4},"end":{"line":97,"column":null}},"42":{"start":{"line":98,"column":4},"end":{"line":98,"column":null}}},"fnMap":{"0":{"name":"handler","decl":{"start":{"line":7,"column":30},"end":{"line":7,"column":38}},"loc":{"start":{"line":7,"column":79},"end":{"line":16,"column":null}}},"1":{"name":"handleGet","decl":{"start":{"line":18,"column":15},"end":{"line":18,"column":25}},"loc":{"start":{"line":18,"column":66},"end":{"line":55,"column":null}}},"2":{"name":"(anonymous_4)","decl":{"start":{"line":44,"column":43},"end":{"line":44,"column":44}},"loc":{"start":{"line":44,"column":58},"end":{"line":44,"column":null}}},"3":{"name":"handlePost","decl":{"start":{"line":57,"column":15},"end":{"line":57,"column":26}},"loc":{"start":{"line":57,"column":67},"end":{"line":100,"column":null}}}},"branchMap":{"0":{"loc":{"start":{"line":8,"column":2},"end":{"line":15,"column":null}},"type":"if","locations":[{"start":{"line":8,"column":2},"end":{"line":15,"column":null}},{"start":{"line":10,"column":9},"end":{"line":15,"column":null}}]},"1":{"loc":{"start":{"line":10,"column":9},"end":{"line":15,"column":null}},"type":"if","locations":[{"start":{"line":10,"column":9},"end":{"line":15,"column":null}},{"start":{"line":12,"column":9},"end":{"line":15,"column":null}}]},"2":{"loc":{"start":{"line":22,"column":4},"end":{"line":24,"column":null}},"type":"if","locations":[{"start":{"line":22,"column":4},"end":{"line":24,"column":null}}]},"3":{"loc":{"start":{"line":22,"column":8},"end":{"line":22,"column":55}},"type":"binary-expr","locations":[{"start":{"line":22,"column":8},"end":{"line":22,"column":23}},{"start":{"line":22,"column":23},"end":{"line":22,"column":55}}]},"4":{"loc":{"start":{"line":33,"column":4},"end":{"line":39,"column":null}},"type":"if","locations":[{"start":{"line":33,"column":4},"end":{"line":39,"column":null}}]},"5":{"loc":{"start":{"line":33,"column":8},"end":{"line":33,"column":48}},"type":"binary-expr","locations":[{"start":{"line":33,"column":8},"end":{"line":33,"column":19}},{"start":{"line":33,"column":19},"end":{"line":33,"column":48}}]},"6":{"loc":{"start":{"line":61,"column":4},"end":{"line":63,"column":null}},"type":"if","locations":[{"start":{"line":61,"column":4},"end":{"line":63,"column":null}}]},"7":{"loc":{"start":{"line":61,"column":8},"end":{"line":61,"column":33}},"type":"binary-expr","locations":[{"start":{"line":61,"column":8},"end":{"line":61,"column":23}},{"start":{"line":61,"column":23},"end":{"line":61,"column":33}}]},"8":{"loc":{"start":{"line":67,"column":4},"end":{"line":72,"column":null}},"type":"if","locations":[{"start":{"line":67,"column":4},"end":{"line":72,"column":null}}]},"9":{"loc":{"start":{"line":87,"column":4},"end":{"line":95,"column":null}},"type":"if","locations":[{"start":{"line":87,"column":4},"end":{"line":95,"column":null}},{"start":{"line":93,"column":11},"end":{"line":95,"column":null}}]}},"s":{"0":0,"1":0,"2":0,"3":0,"4":0,"5":0,"6":0,"7":0,"8":0,"9":0,"10":0,"11":0,"12":0,"13":0,"14":0,"15":0,"16":0,"17":0,"18":0,"19":0,"20":0,"21":0,"22":0,"23":0,"24":0,"25":0,"26":0,"27":0,"28":0,"29":0,"30":0,"31":0,"32":0,"33":0,"34":0,"35":0,"36":0,"37":0,"38":0,"39":0,"40":0,"41":0,"42":0},"f":{"0":0,"1":0,"2":0,"3":0},"b":{"0":[0,0],"1":[0,0],"2":[0],"3":[0,0],"4":[0],"5":[0,0],"6":[0],"7":[0,0],"8":[0],"9":[0,0]}}
,"/Users/nicolasbaranowski/Documents/companyOS/pages/api/phases/[id].ts": {"path":"/Users/nicolasbaranowski/Documents/companyOS/pages/api/phases/[id].ts","statementMap":{"0":{"start":{"line":9,"column":30},"end":{"line":9,"column":38}},"1":{"start":{"line":2,"column":18},"end":{"line":2,"column":null}},"2":{"start":{"line":4,"column":23},"end":{"line":4,"column":null}},"3":{"start":{"line":5,"column":28},"end":{"line":5,"column":null}},"4":{"start":{"line":7,"column":26},"end":{"line":7,"column":null}},"5":{"start":{"line":10,"column":2},"end":{"line":31,"column":null}},"6":{"start":{"line":11,"column":19},"end":{"line":11,"column":28}},"7":{"start":{"line":13,"column":4},"end":{"line":15,"column":null}},"8":{"start":{"line":14,"column":6},"end":{"line":14,"column":null}},"9":{"start":{"line":17,"column":4},"end":{"line":27,"column":null}},"10":{"start":{"line":19,"column":8},"end":{"line":19,"column":null}},"11":{"start":{"line":21,"column":8},"end":{"line":21,"column":null}},"12":{"start":{"line":23,"column":8},"end":{"line":23,"column":null}},"13":{"start":{"line":25,"column":8},"end":{"line":25,"column":null}},"14":{"start":{"line":26,"column":8},"end":{"line":26,"column":null}},"15":{"start":{"line":29,"column":4},"end":{"line":29,"column":null}},"16":{"start":{"line":30,"column":4},"end":{"line":30,"column":null}},"17":{"start":{"line":35,"column":16},"end":{"line":35,"column":null}},"18":{"start":{"line":35,"column":33},"end":{"line":35,"column":null}},"19":{"start":{"line":37,"column":2},"end":{"line":39,"column":null}},"20":{"start":{"line":38,"column":4},"end":{"line":38,"column":null}},"21":{"start":{"line":41,"column":2},"end":{"line":41,"column":null}},"22":{"start":{"line":45,"column":2},"end":{"line":71,"column":null}},"23":{"start":{"line":46,"column":23},"end":{"line":46,"column":null}},"24":{"start":{"line":46,"column":45},"end":{"line":46,"column":null}},"25":{"start":{"line":48,"column":4},"end":{"line":50,"column":null}},"26":{"start":{"line":49,"column":6},"end":{"line":49,"column":null}},"27":{"start":{"line":52,"column":26},"end":{"line":52,"column":null}},"28":{"start":{"line":54,"column":25},"end":{"line":58,"column":null}},"29":{"start":{"line":60,"column":4},"end":{"line":60,"column":null}},"30":{"start":{"line":62,"column":4},"end":{"line":62,"column":null}},"31":{"start":{"line":64,"column":4},"end":{"line":69,"column":null}},"32":{"start":{"line":65,"column":6},"end":{"line":68,"column":null}},"33":{"start":{"line":70,"column":4},"end":{"line":70,"column":null}},"34":{"start":{"line":75,"column":21},"end":{"line":75,"column":null}},"35":{"start":{"line":75,"column":43},"end":{"line":75,"column":null}},"36":{"start":{"line":77,"column":2},"end":{"line":79,"column":null}},"37":{"start":{"line":78,"column":4},"end":{"line":78,"column":null}},"38":{"start":{"line":81,"column":23},"end":{"line":81,"column":41}},"39":{"start":{"line":82,"column":2},"end":{"line":82,"column":null}},"40":{"start":{"line":84,"column":2},"end":{"line":84,"column":null}}},"fnMap":{"0":{"name":"handler","decl":{"start":{"line":9,"column":30},"end":{"line":9,"column":38}},"loc":{"start":{"line":9,"column":79},"end":{"line":32,"column":null}}},"1":{"name":"handleGet","decl":{"start":{"line":34,"column":15},"end":{"line":34,"column":25}},"loc":{"start":{"line":34,"column":57},"end":{"line":42,"column":null}}},"2":{"name":"(anonymous_3)","decl":{"start":{"line":35,"column":28},"end":{"line":35,"column":33}},"loc":{"start":{"line":35,"column":33},"end":{"line":35,"column":null}}},"3":{"name":"handlePut","decl":{"start":{"line":44,"column":15},"end":{"line":44,"column":25}},"loc":{"start":{"line":44,"column":78},"end":{"line":72,"column":null}}},"4":{"name":"(anonymous_5)","decl":{"start":{"line":46,"column":40},"end":{"line":46,"column":45}},"loc":{"start":{"line":46,"column":45},"end":{"line":46,"column":null}}},"5":{"name":"handleDelete","decl":{"start":{"line":74,"column":15},"end":{"line":74,"column":28}},"loc":{"start":{"line":74,"column":60},"end":{"line":85,"column":null}}},"6":{"name":"(anonymous_7)","decl":{"start":{"line":75,"column":38},"end":{"line":75,"column":43}},"loc":{"start":{"line":75,"column":43},"end":{"line":75,"column":null}}}},"branchMap":{"0":{"loc":{"start":{"line":13,"column":4},"end":{"line":15,"column":null}},"type":"if","locations":[{"start":{"line":13,"column":4},"end":{"line":15,"column":null}}]},"1":{"loc":{"start":{"line":13,"column":8},"end":{"line":13,"column":39}},"type":"binary-expr","locations":[{"start":{"line":13,"column":8},"end":{"line":13,"column":15}},{"start":{"line":13,"column":15},"end":{"line":13,"column":39}}]},"2":{"loc":{"start":{"line":17,"column":4},"end":{"line":27,"column":null}},"type":"switch","locations":[{"start":{"line":18,"column":6},"end":{"line":19,"column":null}},{"start":{"line":20,"column":6},"end":{"line":21,"column":null}},{"start":{"line":22,"column":6},"end":{"line":23,"column":null}},{"start":{"line":24,"column":6},"end":{"line":26,"column":null}}]},"3":{"loc":{"start":{"line":37,"column":2},"end":{"line":39,"column":null}},"type":"if","locations":[{"start":{"line":37,"column":2},"end":{"line":39,"column":null}}]},"4":{"loc":{"start":{"line":48,"column":4},"end":{"line":50,"column":null}},"type":"if","locations":[{"start":{"line":48,"column":4},"end":{"line":50,"column":null}}]},"5":{"loc":{"start":{"line":64,"column":4},"end":{"line":69,"column":null}},"type":"if","locations":[{"start":{"line":64,"column":4},"end":{"line":69,"column":null}}]},"6":{"loc":{"start":{"line":77,"column":2},"end":{"line":79,"column":null}},"type":"if","locations":[{"start":{"line":77,"column":2},"end":{"line":79,"column":null}}]}},"s":{"0":0,"1":0,"2":0,"3":0,"4":0,"5":0,"6":0,"7":0,"8":0,"9":0,"10":0,"11":0,"12":0,"13":0,"14":0,"15":0,"16":0,"17":0,"18":0,"19":0,"20":0,"21":0,"22":0,"23":0,"24":0,"25":0,"26":0,"27":0,"28":0,"29":0,"30":0,"31":0,"32":0,"33":0,"34":0,"35":0,"36":0,"37":0,"38":0,"39":0,"40":0},"f":{"0":0,"1":0,"2":0,"3":0,"4":0,"5":0,"6":0},"b":{"0":[0],"1":[0,0],"2":[0,0,0,0],"3":[0],"4":[0],"5":[0],"6":[0]}}
,"/Users/nicolasbaranowski/Documents/companyOS/pages/api/phases/index.ts": {"path":"/Users/nicolasbaranowski/Documents/companyOS/pages/api/phases/index.ts","statementMap":{"0":{"start":{"line":8,"column":30},"end":{"line":8,"column":38}},"1":{"start":{"line":3,"column":40},"end":{"line":3,"column":null}},"2":{"start":{"line":6,"column":22},"end":{"line":6,"column":24}},"3":{"start":{"line":9,"column":2},"end":{"line":56,"column":null}},"4":{"start":{"line":10,"column":4},"end":{"line":29,"column":null}},"5":{"start":{"line":11,"column":39},"end":{"line":11,"column":48}},"6":{"start":{"line":13,"column":27},"end":{"line":13,"column":null}},"7":{"start":{"line":16,"column":6},"end":{"line":18,"column":null}},"8":{"start":{"line":17,"column":8},"end":{"line":17,"column":null}},"9":{"start":{"line":17,"column":56},"end":{"line":17,"column":null}},"10":{"start":{"line":19,"column":6},"end":{"line":21,"column":null}},"11":{"start":{"line":20,"column":8},"end":{"line":20,"column":null}},"12":{"start":{"line":20,"column":56},"end":{"line":20,"column":null}},"13":{"start":{"line":24,"column":6},"end":{"line":24,"column":null}},"14":{"start":{"line":24,"column":36},"end":{"line":24,"column":53}},"15":{"start":{"line":26,"column":6},"end":{"line":26,"column":null}},"16":{"start":{"line":28,"column":6},"end":{"line":28,"column":null}},"17":{"start":{"line":30,"column":9},"end":{"line":56,"column":null}},"18":{"start":{"line":31,"column":4},"end":{"line":52,"column":null}},"19":{"start":{"line":32,"column":36},"end":{"line":32,"column":44}},"20":{"start":{"line":35,"column":31},"end":{"line":40,"column":null}},"21":{"start":{"line":42,"column":6},"end":{"line":44,"column":null}},"22":{"start":{"line":43,"column":8},"end":{"line":43,"column":null}},"23":{"start":{"line":46,"column":23},"end":{"line":46,"column":44}},"24":{"start":{"line":47,"column":6},"end":{"line":47,"column":null}},"25":{"start":{"line":49,"column":6},"end":{"line":49,"column":null}},"26":{"start":{"line":51,"column":6},"end":{"line":51,"column":null}},"27":{"start":{"line":54,"column":4},"end":{"line":54,"column":null}},"28":{"start":{"line":55,"column":4},"end":{"line":55,"column":null}}},"fnMap":{"0":{"name":"handler","decl":{"start":{"line":8,"column":30},"end":{"line":8,"column":38}},"loc":{"start":{"line":8,"column":79},"end":{"line":57,"column":null}}},"1":{"name":"(anonymous_2)","decl":{"start":{"line":17,"column":47},"end":{"line":17,"column":56}},"loc":{"start":{"line":17,"column":56},"end":{"line":17,"column":null}}},"2":{"name":"(anonymous_3)","decl":{"start":{"line":20,"column":47},"end":{"line":20,"column":56}},"loc":{"start":{"line":20,"column":56},"end":{"line":20,"column":null}}},"3":{"name":"(anonymous_4)","decl":{"start":{"line":24,"column":26},"end":{"line":24,"column":27}},"loc":{"start":{"line":24,"column":36},"end":{"line":24,"column":53}}}},"branchMap":{"0":{"loc":{"start":{"line":9,"column":2},"end":{"line":56,"column":null}},"type":"if","locations":[{"start":{"line":9,"column":2},"end":{"line":56,"column":null}},{"start":{"line":30,"column":9},"end":{"line":56,"column":null}}]},"1":{"loc":{"start":{"line":16,"column":6},"end":{"line":18,"column":null}},"type":"if","locations":[{"start":{"line":16,"column":6},"end":{"line":18,"column":null}}]},"2":{"loc":{"start":{"line":19,"column":6},"end":{"line":21,"column":null}},"type":"if","locations":[{"start":{"line":19,"column":6},"end":{"line":21,"column":null}}]},"3":{"loc":{"start":{"line":30,"column":9},"end":{"line":56,"column":null}},"type":"if","locations":[{"start":{"line":30,"column":9},"end":{"line":56,"column":null}},{"start":{"line":53,"column":9},"end":{"line":56,"column":null}}]},"4":{"loc":{"start":{"line":42,"column":6},"end":{"line":44,"column":null}},"type":"if","locations":[{"start":{"line":42,"column":6},"end":{"line":44,"column":null}}]}},"s":{"0":0,"1":0,"2":0,"3":0,"4":0,"5":0,"6":0,"7":0,"8":0,"9":0,"10":0,"11":0,"12":0,"13":0,"14":0,"15":0,"16":0,"17":0,"18":0,"19":0,"20":0,"21":0,"22":0,"23":0,"24":0,"25":0,"26":0,"27":0,"28":0},"f":{"0":0,"1":0,"2":0,"3":0},"b":{"0":[0,0],"1":[0],"2":[0],"3":[0,0],"4":[0]}}
}
