{"/Users/nicolasbaranowski/Documents/companyOS/components/Button.stories.tsx": {"path":"/Users/nicolasbaranowski/Documents/companyOS/components/Button.stories.tsx","statementMap":{"0":{"start":{"line":41,"column":13},"end":{"line":41,"column":18}},"1":{"start":{"line":27,"column":13},"end":{"line":27,"column":20}},"2":{"start":{"line":34,"column":13},"end":{"line":34,"column":22}},"3":{"start":{"line":48,"column":13},"end":{"line":48,"column":18}},"4":{"start":{"line":24,"column":0},"end":{"line":24,"column":15}},"5":{"start":{"line":3,"column":19},"end":{"line":3,"column":null}},"6":{"start":{"line":5,"column":34},"end":{"line":22,"column":null}},"7":{"start":{"line":24,"column":15},"end":{"line":24,"column":20}},"8":{"start":{"line":27,"column":30},"end":{"line":32,"column":null}},"9":{"start":{"line":34,"column":32},"end":{"line":39,"column":null}},"10":{"start":{"line":41,"column":28},"end":{"line":46,"column":null}},"11":{"start":{"line":48,"column":28},"end":{"line":53,"column":null}}},"fnMap":{},"branchMap":{},"s":{"0":0,"1":0,"2":0,"3":0,"4":0,"5":0,"6":0,"7":0,"8":0,"9":0,"10":0,"11":0},"f":{},"b":{}}
,"/Users/nicolasbaranowski/Documents/companyOS/components/Button.tsx": {"path":"/Users/nicolasbaranowski/Documents/companyOS/components/Button.tsx","statementMap":{"0":{"start":{"line":35,"column":0},"end":{"line":35,"column":15}},"1":{"start":{"line":1,"column":18},"end":{"line":1,"column":null}},"2":{"start":{"line":8,"column":38},"end":{"line":33,"column":null}},"3":{"start":{"line":15,"column":22},"end":{"line":15,"column":null}},"4":{"start":{"line":16,"column":25},"end":{"line":19,"column":null}},"5":{"start":{"line":20,"column":22},"end":{"line":24,"column":null}},"6":{"start":{"line":26,"column":18},"end":{"line":26,"column":95}},"7":{"start":{"line":35,"column":15},"end":{"line":35,"column":null}}},"fnMap":{"0":{"name":"(anonymous_2)","decl":{"start":{"line":8,"column":38},"end":{"line":8,"column":39}},"loc":{"start":{"line":14,"column":1},"end":{"line":33,"column":null}}}},"branchMap":{"0":{"loc":{"start":{"line":10,"column":2},"end":{"line":10,"column":21}},"type":"default-arg","locations":[{"start":{"line":10,"column":12},"end":{"line":10,"column":21}}]},"1":{"loc":{"start":{"line":11,"column":2},"end":{"line":11,"column":17}},"type":"default-arg","locations":[{"start":{"line":11,"column":9},"end":{"line":11,"column":17}}]},"2":{"loc":{"start":{"line":12,"column":2},"end":{"line":12,"column":16}},"type":"default-arg","locations":[{"start":{"line":12,"column":14},"end":{"line":12,"column":16}}]}},"s":{"0":12,"1":2,"2":2,"3":12,"4":12,"5":12,"6":12,"7":2},"f":{"0":12},"b":{"0":[11],"1":[11],"2":[10]}}
,"/Users/nicolasbaranowski/Documents/companyOS/components/KanbanBoard.tsx": {"path":"/Users/nicolasbaranowski/Documents/companyOS/components/KanbanBoard.tsx","statementMap":{"0":{"start":{"line":14,"column":13},"end":{"line":14,"column":55}},"1":{"start":{"line":1,"column":32},"end":{"line":1,"column":null}},"2":{"start":{"line":14,"column":55},"end":{"line":54,"column":null}},"3":{"start":{"line":15,"column":38},"end":{"line":15,"column":null}},"4":{"start":{"line":17,"column":18},"end":{"line":21,"column":null}},"5":{"start":{"line":23,"column":27},"end":{"line":25,"column":null}},"6":{"start":{"line":24,"column":4},"end":{"line":24,"column":null}},"7":{"start":{"line":24,"column":37},"end":{"line":24,"column":null}},"8":{"start":{"line":30,"column":8},"end":{"line":31,"column":null}},"9":{"start":{"line":39,"column":14},"end":{"line":40,"column":null}}},"fnMap":{"0":{"name":"(anonymous_4)","decl":{"start":{"line":14,"column":55},"end":{"line":14,"column":56}},"loc":{"start":{"line":14,"column":70},"end":{"line":54,"column":null}}},"1":{"name":"(anonymous_5)","decl":{"start":{"line":23,"column":27},"end":{"line":23,"column":28}},"loc":{"start":{"line":23,"column":28},"end":{"line":25,"column":null}}},"2":{"name":"(anonymous_6)","decl":{"start":{"line":24,"column":29},"end":{"line":24,"column":37}},"loc":{"start":{"line":24,"column":37},"end":{"line":24,"column":null}}},"3":{"name":"(anonymous_7)","decl":{"start":{"line":29,"column":19},"end":{"line":29,"column":null}},"loc":{"start":{"line":30,"column":8},"end":{"line":31,"column":null}}},"4":{"name":"(anonymous_8)","decl":{"start":{"line":38,"column":45},"end":{"line":38,"column":null}},"loc":{"start":{"line":39,"column":14},"end":{"line":40,"column":null}}}},"branchMap":{"0":{"loc":{"start":{"line":14,"column":58},"end":{"line":14,"column":68}},"type":"default-arg","locations":[{"start":{"line":14,"column":66},"end":{"line":14,"column":68}}]}},"s":{"0":7,"1":2,"2":2,"3":7,"4":7,"5":7,"6":21,"7":18,"8":21,"9":6},"f":{"0":7,"1":21,"2":18,"3":21,"4":6},"b":{"0":[4]}}
,"/Users/nicolasbaranowski/Documents/companyOS/components/Modal.tsx": {"path":"/Users/nicolasbaranowski/Documents/companyOS/components/Modal.tsx","statementMap":{"0":{"start":{"line":64,"column":0},"end":{"line":64,"column":15}},"1":{"start":{"line":1,"column":18},"end":{"line":1,"column":null}},"2":{"start":{"line":11,"column":36},"end":{"line":62,"column":null}},"3":{"start":{"line":18,"column":2},"end":{"line":18,"column":null}},"4":{"start":{"line":18,"column":15},"end":{"line":18,"column":null}},"5":{"start":{"line":20,"column":22},"end":{"line":24,"column":null}},"6":{"start":{"line":64,"column":15},"end":{"line":64,"column":null}}},"fnMap":{"0":{"name":"(anonymous_2)","decl":{"start":{"line":11,"column":36},"end":{"line":11,"column":37}},"loc":{"start":{"line":17,"column":1},"end":{"line":62,"column":null}}}},"branchMap":{"0":{"loc":{"start":{"line":16,"column":2},"end":{"line":16,"column":13}},"type":"default-arg","locations":[{"start":{"line":16,"column":9},"end":{"line":16,"column":13}}]},"1":{"loc":{"start":{"line":18,"column":2},"end":{"line":18,"column":null}},"type":"if","locations":[{"start":{"line":18,"column":2},"end":{"line":18,"column":null}}]}},"s":{"0":5,"1":2,"2":2,"3":5,"4":1,"5":4,"6":2},"f":{"0":5},"b":{"0":[5],"1":[1]}}
,"/Users/nicolasbaranowski/Documents/companyOS/components/workspace/AgentActivityFeed.tsx": {"path":"/Users/nicolasbaranowski/Documents/companyOS/components/workspace/AgentActivityFeed.tsx","statementMap":{"0":{"start":{"line":27,"column":13},"end":{"line":27,"column":67}},"1":{"start":{"line":1,"column":43},"end":{"line":1,"column":null}},"2":{"start":{"line":2,"column":73},"end":{"line":2,"column":null}},"3":{"start":{"line":3,"column":30},"end":{"line":3,"column":null}},"4":{"start":{"line":27,"column":67},"end":{"line":321,"column":null}},"5":{"start":{"line":33,"column":38},"end":{"line":33,"column":null}},"6":{"start":{"line":34,"column":32},"end":{"line":34,"column":null}},"7":{"start":{"line":35,"column":30},"end":{"line":35,"column":null}},"8":{"start":{"line":37,"column":2},"end":{"line":41,"column":null}},"9":{"start":{"line":38,"column":4},"end":{"line":38,"column":null}},"10":{"start":{"line":39,"column":21},"end":{"line":39,"column":56}},"11":{"start":{"line":40,"column":4},"end":{"line":40,"column":null}},"12":{"start":{"line":40,"column":17},"end":{"line":40,"column":null}},"13":{"start":{"line":43,"column":25},"end":{"line":145,"column":null}},"14":{"start":{"line":44,"column":4},"end":{"line":144,"column":null}},"15":{"start":{"line":45,"column":27},"end":{"line":45,"column":null}},"16":{"start":{"line":46,"column":23},"end":{"line":46,"column":null}},"17":{"start":{"line":48,"column":44},"end":{"line":48,"column":46}},"18":{"start":{"line":51,"column":20},"end":{"line":51,"column":null}},"19":{"start":{"line":52,"column":6},"end":{"line":75,"column":null}},"20":{"start":{"line":53,"column":8},"end":{"line":53,"column":null}},"21":{"start":{"line":53,"column":56},"end":{"line":53,"column":null}},"22":{"start":{"line":54,"column":8},"end":{"line":54,"column":null}},"23":{"start":{"line":54,"column":50},"end":{"line":54,"column":null}},"24":{"start":{"line":56,"column":22},"end":{"line":56,"column":null}},"25":{"start":{"line":58,"column":8},"end":{"line":74,"column":null}},"26":{"start":{"line":78,"column":29},"end":{"line":84,"column":null}},"27":{"start":{"line":80,"column":23},"end":{"line":80,"column":null}},"28":{"start":{"line":81,"column":10},"end":{"line":83,"column":null}},"29":{"start":{"line":86,"column":6},"end":{"line":104,"column":null}},"30":{"start":{"line":87,"column":21},"end":{"line":87,"column":null}},"31":{"start":{"line":88,"column":8},"end":{"line":88,"column":null}},"32":{"start":{"line":88,"column":19},"end":{"line":88,"column":null}},"33":{"start":{"line":90,"column":8},"end":{"line":103,"column":null}},"34":{"start":{"line":107,"column":21},"end":{"line":111,"column":null}},"35":{"start":{"line":113,"column":6},"end":{"line":135,"column":null}},"36":{"start":{"line":115,"column":29},"end":{"line":115,"column":null}},"37":{"start":{"line":116,"column":20},"end":{"line":116,"column":null}},"38":{"start":{"line":117,"column":25},"end":{"line":117,"column":null}},"39":{"start":{"line":119,"column":8},"end":{"line":134,"column":null}},"40":{"start":{"line":120,"column":10},"end":{"line":133,"column":null}},"41":{"start":{"line":138,"column":6},"end":{"line":138,"column":null}},"42":{"start":{"line":138,"column":35},"end":{"line":138,"column":null}},"43":{"start":{"line":139,"column":6},"end":{"line":139,"column":null}},"44":{"start":{"line":141,"column":6},"end":{"line":141,"column":null}},"45":{"start":{"line":143,"column":6},"end":{"line":143,"column":null}},"46":{"start":{"line":147,"column":26},"end":{"line":159,"column":null}},"47":{"start":{"line":148,"column":4},"end":{"line":158,"column":null}},"48":{"start":{"line":149,"column":27},"end":{"line":149,"column":null}},"49":{"start":{"line":150,"column":28},"end":{"line":150,"column":null}},"50":{"start":{"line":151,"column":29},"end":{"line":151,"column":null}},"51":{"start":{"line":152,"column":26},"end":{"line":152,"column":null}},"52":{"start":{"line":153,"column":36},"end":{"line":153,"column":null}},"53":{"start":{"line":154,"column":38},"end":{"line":154,"column":null}},"54":{"start":{"line":155,"column":35},"end":{"line":155,"column":null}},"55":{"start":{"line":156,"column":28},"end":{"line":156,"column":null}},"56":{"start":{"line":157,"column":15},"end":{"line":157,"column":null}},"57":{"start":{"line":161,"column":27},"end":{"line":169,"column":null}},"58":{"start":{"line":162,"column":4},"end":{"line":168,"column":null}},"59":{"start":{"line":163,"column":29},"end":{"line":163,"column":null}},"60":{"start":{"line":164,"column":26},"end":{"line":164,"column":null}},"61":{"start":{"line":165,"column":38},"end":{"line":165,"column":null}},"62":{"start":{"line":166,"column":35},"end":{"line":166,"column":null}},"63":{"start":{"line":167,"column":15},"end":{"line":167,"column":null}},"64":{"start":{"line":171,"column":27},"end":{"line":179,"column":null}},"65":{"start":{"line":172,"column":4},"end":{"line":178,"column":null}},"66":{"start":{"line":173,"column":21},"end":{"line":173,"column":null}},"67":{"start":{"line":174,"column":19},"end":{"line":174,"column":null}},"68":{"start":{"line":175,"column":21},"end":{"line":175,"column":null}},"69":{"start":{"line":176,"column":18},"end":{"line":176,"column":null}},"70":{"start":{"line":177,"column":15},"end":{"line":177,"column":null}},"71":{"start":{"line":181,"column":26},"end":{"line":194,"column":null}},"72":{"start":{"line":182,"column":17},"end":{"line":182,"column":null}},"73":{"start":{"line":183,"column":16},"end":{"line":183,"column":null}},"74":{"start":{"line":184,"column":19},"end":{"line":184,"column":null}},"75":{"start":{"line":185,"column":21},"end":{"line":185,"column":null}},"76":{"start":{"line":186,"column":22},"end":{"line":186,"column":null}},"77":{"start":{"line":187,"column":21},"end":{"line":187,"column":null}},"78":{"start":{"line":189,"column":4},"end":{"line":189,"column":null}},"79":{"start":{"line":189,"column":22},"end":{"line":189,"column":null}},"80":{"start":{"line":190,"column":4},"end":{"line":190,"column":null}},"81":{"start":{"line":190,"column":23},"end":{"line":190,"column":null}},"82":{"start":{"line":191,"column":4},"end":{"line":191,"column":null}},"83":{"start":{"line":191,"column":24},"end":{"line":191,"column":null}},"84":{"start":{"line":192,"column":4},"end":{"line":192,"column":null}},"85":{"start":{"line":192,"column":22},"end":{"line":192,"column":null}},"86":{"start":{"line":193,"column":4},"end":{"line":193,"column":null}},"87":{"start":{"line":196,"column":29},"end":{"line":202,"column":null}},"88":{"start":{"line":197,"column":4},"end":{"line":197,"column":null}},"89":{"start":{"line":197,"column":26},"end":{"line":197,"column":null}},"90":{"start":{"line":198,"column":4},"end":{"line":198,"column":null}},"91":{"start":{"line":198,"column":28},"end":{"line":198,"column":null}},"92":{"start":{"line":199,"column":4},"end":{"line":199,"column":null}},"93":{"start":{"line":199,"column":37},"end":{"line":199,"column":null}},"94":{"start":{"line":200,"column":4},"end":{"line":200,"column":null}},"95":{"start":{"line":200,"column":29},"end":{"line":200,"column":null}},"96":{"start":{"line":201,"column":4},"end":{"line":201,"column":null}},"97":{"start":{"line":204,"column":2},"end":{"line":210,"column":null}},"98":{"start":{"line":229,"column":12},"end":{"line":230,"column":null}},"99":{"start":{"line":231,"column":29},"end":{"line":231,"column":null}},"100":{"start":{"line":254,"column":12},"end":{"line":255,"column":null}}},"fnMap":{"0":{"name":"(anonymous_4)","decl":{"start":{"line":27,"column":67},"end":{"line":27,"column":68}},"loc":{"start":{"line":32,"column":1},"end":{"line":321,"column":null}}},"1":{"name":"(anonymous_5)","decl":{"start":{"line":37,"column":12},"end":{"line":37,"column":null}},"loc":{"start":{"line":37,"column":12},"end":{"line":41,"column":5}}},"2":{"name":"(anonymous_6)","decl":{"start":{"line":40,"column":11},"end":{"line":40,"column":17}},"loc":{"start":{"line":40,"column":17},"end":{"line":40,"column":null}}},"3":{"name":"(anonymous_7)","decl":{"start":{"line":43,"column":25},"end":{"line":43,"column":null}},"loc":{"start":{"line":43,"column":25},"end":{"line":145,"column":null}}},"4":{"name":"(anonymous_8)","decl":{"start":{"line":52,"column":20},"end":{"line":52,"column":null}},"loc":{"start":{"line":52,"column":20},"end":{"line":75,"column":null}}},"5":{"name":"(anonymous_9)","decl":{"start":{"line":79,"column":16},"end":{"line":79,"column":null}},"loc":{"start":{"line":79,"column":16},"end":{"line":84,"column":null}}},"6":{"name":"(anonymous_10)","decl":{"start":{"line":86,"column":29},"end":{"line":86,"column":null}},"loc":{"start":{"line":86,"column":29},"end":{"line":104,"column":null}}},"7":{"name":"(anonymous_11)","decl":{"start":{"line":113,"column":21},"end":{"line":113,"column":null}},"loc":{"start":{"line":113,"column":21},"end":{"line":135,"column":null}}},"8":{"name":"(anonymous_12)","decl":{"start":{"line":138,"column":25},"end":{"line":138,"column":26}},"loc":{"start":{"line":138,"column":35},"end":{"line":138,"column":null}}},"9":{"name":"(anonymous_13)","decl":{"start":{"line":147,"column":26},"end":{"line":147,"column":27}},"loc":{"start":{"line":147,"column":27},"end":{"line":159,"column":null}}},"10":{"name":"(anonymous_14)","decl":{"start":{"line":161,"column":27},"end":{"line":161,"column":28}},"loc":{"start":{"line":161,"column":28},"end":{"line":169,"column":null}}},"11":{"name":"(anonymous_15)","decl":{"start":{"line":171,"column":27},"end":{"line":171,"column":28}},"loc":{"start":{"line":171,"column":28},"end":{"line":179,"column":null}}},"12":{"name":"(anonymous_16)","decl":{"start":{"line":181,"column":26},"end":{"line":181,"column":27}},"loc":{"start":{"line":181,"column":27},"end":{"line":194,"column":null}}},"13":{"name":"(anonymous_17)","decl":{"start":{"line":196,"column":47},"end":{"line":196,"column":null}},"loc":{"start":{"line":196,"column":47},"end":{"line":202,"column":null}}},"14":{"name":"(anonymous_18)","decl":{"start":{"line":228,"column":16},"end":{"line":228,"column":17}},"loc":{"start":{"line":229,"column":12},"end":{"line":230,"column":null}}},"15":{"name":"(anonymous_19)","decl":{"start":{"line":231,"column":23},"end":{"line":231,"column":29}},"loc":{"start":{"line":231,"column":29},"end":{"line":231,"column":null}}},"16":{"name":"(anonymous_20)","decl":{"start":{"line":253,"column":33},"end":{"line":253,"column":34}},"loc":{"start":{"line":254,"column":12},"end":{"line":255,"column":null}}}},"branchMap":{"0":{"loc":{"start":{"line":31,"column":2},"end":{"line":31,"column":15}},"type":"default-arg","locations":[{"start":{"line":31,"column":13},"end":{"line":31,"column":15}}]},"1":{"loc":{"start":{"line":53,"column":8},"end":{"line":53,"column":null}},"type":"if","locations":[{"start":{"line":53,"column":8},"end":{"line":53,"column":null}}]},"2":{"loc":{"start":{"line":53,"column":12},"end":{"line":53,"column":56}},"type":"binary-expr","locations":[{"start":{"line":53,"column":12},"end":{"line":53,"column":25}},{"start":{"line":53,"column":25},"end":{"line":53,"column":56}}]},"3":{"loc":{"start":{"line":54,"column":8},"end":{"line":54,"column":null}},"type":"if","locations":[{"start":{"line":54,"column":8},"end":{"line":54,"column":null}}]},"4":{"loc":{"start":{"line":54,"column":12},"end":{"line":54,"column":50}},"type":"binary-expr","locations":[{"start":{"line":54,"column":12},"end":{"line":54,"column":23}},{"start":{"line":54,"column":23},"end":{"line":54,"column":50}}]},"5":{"loc":{"start":{"line":56,"column":22},"end":{"line":56,"column":null}},"type":"cond-expr","locations":[{"start":{"line":56,"column":47},"end":{"line":56,"column":91}},{"start":{"line":56,"column":91},"end":{"line":56,"column":null}}]},"6":{"loc":{"start":{"line":60,"column":16},"end":{"line":62,"column":null}},"type":"cond-expr","locations":[{"start":{"line":60,"column":46},"end":{"line":60,"column":null}},{"start":{"line":61,"column":16},"end":{"line":62,"column":null}}]},"7":{"loc":{"start":{"line":61,"column":16},"end":{"line":62,"column":null}},"type":"cond-expr","locations":[{"start":{"line":61,"column":43},"end":{"line":61,"column":null}},{"start":{"line":62,"column":16},"end":{"line":62,"column":null}}]},"8":{"loc":{"start":{"line":62,"column":16},"end":{"line":62,"column":null}},"type":"cond-expr","locations":[{"start":{"line":62,"column":41},"end":{"line":62,"column":59}},{"start":{"line":62,"column":59},"end":{"line":62,"column":null}}]},"9":{"loc":{"start":{"line":64,"column":46},"end":{"line":66,"column":100}},"type":"cond-expr","locations":[{"start":{"line":64,"column":76},"end":{"line":64,"column":null}},{"start":{"line":65,"column":23},"end":{"line":66,"column":100}}]},"10":{"loc":{"start":{"line":65,"column":23},"end":{"line":66,"column":100}},"type":"cond-expr","locations":[{"start":{"line":65,"column":50},"end":{"line":65,"column":null}},{"start":{"line":66,"column":23},"end":{"line":66,"column":100}}]},"11":{"loc":{"start":{"line":66,"column":23},"end":{"line":66,"column":100}},"type":"cond-expr","locations":[{"start":{"line":66,"column":48},"end":{"line":66,"column":87}},{"start":{"line":66,"column":90},"end":{"line":66,"column":100}}]},"12":{"loc":{"start":{"line":66,"column":63},"end":{"line":66,"column":86}},"type":"binary-expr","locations":[{"start":{"line":66,"column":63},"end":{"line":66,"column":78}},{"start":{"line":66,"column":78},"end":{"line":66,"column":86}}]},"13":{"loc":{"start":{"line":67,"column":21},"end":{"line":67,"column":79}},"type":"cond-expr","locations":[{"start":{"line":67,"column":46},"end":{"line":67,"column":61}},{"start":{"line":67,"column":64},"end":{"line":67,"column":79}}]},"14":{"loc":{"start":{"line":81,"column":17},"end":{"line":83,"column":null}},"type":"binary-expr","locations":[{"start":{"line":81,"column":17},"end":{"line":81,"column":25}},{"start":{"line":81,"column":25},"end":{"line":81,"column":null}},{"start":{"line":82,"column":18},"end":{"line":82,"column":32}},{"start":{"line":82,"column":32},"end":{"line":82,"column":60}},{"start":{"line":83,"column":18},"end":{"line":83,"column":30}},{"start":{"line":83,"column":30},"end":{"line":83,"column":54}}]},"15":{"loc":{"start":{"line":88,"column":8},"end":{"line":88,"column":null}},"type":"if","locations":[{"start":{"line":88,"column":8},"end":{"line":88,"column":null}}]},"16":{"loc":{"start":{"line":92,"column":16},"end":{"line":92,"column":null}},"type":"cond-expr","locations":[{"start":{"line":92,"column":48},"end":{"line":92,"column":76}},{"start":{"line":92,"column":76},"end":{"line":92,"column":null}}]},"17":{"loc":{"start":{"line":95,"column":21},"end":{"line":95,"column":93}},"type":"cond-expr","locations":[{"start":{"line":95,"column":53},"end":{"line":95,"column":72}},{"start":{"line":95,"column":76},"end":{"line":95,"column":93}}]},"18":{"loc":{"start":{"line":109,"column":12},"end":{"line":109,"column":50}},"type":"binary-expr","locations":[{"start":{"line":109,"column":12},"end":{"line":109,"column":25}},{"start":{"line":109,"column":25},"end":{"line":109,"column":50}}]},"19":{"loc":{"start":{"line":110,"column":12},"end":{"line":110,"column":44}},"type":"binary-expr","locations":[{"start":{"line":110,"column":12},"end":{"line":110,"column":23}},{"start":{"line":110,"column":23},"end":{"line":110,"column":44}}]},"20":{"loc":{"start":{"line":119,"column":8},"end":{"line":134,"column":null}},"type":"if","locations":[{"start":{"line":119,"column":8},"end":{"line":134,"column":null}}]},"21":{"loc":{"start":{"line":148,"column":4},"end":{"line":158,"column":null}},"type":"switch","locations":[{"start":{"line":149,"column":6},"end":{"line":149,"column":null}},{"start":{"line":150,"column":6},"end":{"line":150,"column":null}},{"start":{"line":151,"column":6},"end":{"line":151,"column":null}},{"start":{"line":152,"column":6},"end":{"line":152,"column":null}},{"start":{"line":153,"column":6},"end":{"line":153,"column":null}},{"start":{"line":154,"column":6},"end":{"line":154,"column":null}},{"start":{"line":155,"column":6},"end":{"line":155,"column":null}},{"start":{"line":156,"column":6},"end":{"line":156,"column":null}},{"start":{"line":157,"column":6},"end":{"line":157,"column":null}}]},"22":{"loc":{"start":{"line":162,"column":4},"end":{"line":168,"column":null}},"type":"switch","locations":[{"start":{"line":163,"column":6},"end":{"line":163,"column":null}},{"start":{"line":164,"column":6},"end":{"line":164,"column":null}},{"start":{"line":165,"column":6},"end":{"line":165,"column":null}},{"start":{"line":166,"column":6},"end":{"line":166,"column":null}},{"start":{"line":167,"column":6},"end":{"line":167,"column":null}}]},"23":{"loc":{"start":{"line":172,"column":4},"end":{"line":178,"column":null}},"type":"switch","locations":[{"start":{"line":173,"column":6},"end":{"line":173,"column":null}},{"start":{"line":174,"column":6},"end":{"line":174,"column":null}},{"start":{"line":175,"column":6},"end":{"line":175,"column":null}},{"start":{"line":176,"column":6},"end":{"line":176,"column":null}},{"start":{"line":177,"column":6},"end":{"line":177,"column":null}}]},"24":{"loc":{"start":{"line":189,"column":4},"end":{"line":189,"column":null}},"type":"if","locations":[{"start":{"line":189,"column":4},"end":{"line":189,"column":null}}]},"25":{"loc":{"start":{"line":190,"column":4},"end":{"line":190,"column":null}},"type":"if","locations":[{"start":{"line":190,"column":4},"end":{"line":190,"column":null}}]},"26":{"loc":{"start":{"line":191,"column":4},"end":{"line":191,"column":null}},"type":"if","locations":[{"start":{"line":191,"column":4},"end":{"line":191,"column":null}}]},"27":{"loc":{"start":{"line":192,"column":4},"end":{"line":192,"column":null}},"type":"if","locations":[{"start":{"line":192,"column":4},"end":{"line":192,"column":null}}]},"28":{"loc":{"start":{"line":197,"column":4},"end":{"line":197,"column":null}},"type":"if","locations":[{"start":{"line":197,"column":4},"end":{"line":197,"column":null}}]},"29":{"loc":{"start":{"line":198,"column":4},"end":{"line":198,"column":null}},"type":"if","locations":[{"start":{"line":198,"column":4},"end":{"line":198,"column":null}}]},"30":{"loc":{"start":{"line":199,"column":4},"end":{"line":199,"column":null}},"type":"if","locations":[{"start":{"line":199,"column":4},"end":{"line":199,"column":null}}]},"31":{"loc":{"start":{"line":200,"column":4},"end":{"line":200,"column":null}},"type":"if","locations":[{"start":{"line":200,"column":4},"end":{"line":200,"column":null}}]},"32":{"loc":{"start":{"line":204,"column":2},"end":{"line":210,"column":null}},"type":"if","locations":[{"start":{"line":204,"column":2},"end":{"line":210,"column":null}}]},"33":{"loc":{"start":{"line":233,"column":16},"end":{"line":235,"column":null}},"type":"cond-expr","locations":[{"start":{"line":234,"column":20},"end":{"line":234,"column":null}},{"start":{"line":235,"column":20},"end":{"line":235,"column":null}}]},"34":{"loc":{"start":{"line":247,"column":9},"end":{"line":255,"column":null}},"type":"cond-expr","locations":[{"start":{"line":248,"column":10},"end":{"line":253,"column":29}},{"start":{"line":253,"column":10},"end":{"line":255,"column":null}}]},"35":{"loc":{"start":{"line":273,"column":21},"end":{"line":273,"column":39}},"type":"binary-expr","locations":[{"start":{"line":273,"column":21},"end":{"line":273,"column":39}}]},"36":{"loc":{"start":{"line":279,"column":21},"end":{"line":279,"column":38}},"type":"binary-expr","locations":[{"start":{"line":279,"column":21},"end":{"line":279,"column":38}}]},"37":{"loc":{"start":{"line":285,"column":21},"end":{"line":285,"column":36}},"type":"binary-expr","locations":[{"start":{"line":285,"column":21},"end":{"line":285,"column":36}}]},"38":{"loc":{"start":{"line":291,"column":21},"end":{"line":291,"column":null}},"type":"binary-expr","locations":[{"start":{"line":291,"column":21},"end":{"line":291,"column":null}}]},"39":{"loc":{"start":{"line":297,"column":21},"end":{"line":297,"column":null}},"type":"binary-expr","locations":[{"start":{"line":297,"column":21},"end":{"line":297,"column":null}}]}},"s":{"0":0,"1":0,"2":0,"3":0,"4":0,"5":0,"6":0,"7":0,"8":0,"9":0,"10":0,"11":0,"12":0,"13":0,"14":0,"15":0,"16":0,"17":0,"18":0,"19":0,"20":0,"21":0,"22":0,"23":0,"24":0,"25":0,"26":0,"27":0,"28":0,"29":0,"30":0,"31":0,"32":0,"33":0,"34":0,"35":0,"36":0,"37":0,"38":0,"39":0,"40":0,"41":0,"42":0,"43":0,"44":0,"45":0,"46":0,"47":0,"48":0,"49":0,"50":0,"51":0,"52":0,"53":0,"54":0,"55":0,"56":0,"57":0,"58":0,"59":0,"60":0,"61":0,"62":0,"63":0,"64":0,"65":0,"66":0,"67":0,"68":0,"69":0,"70":0,"71":0,"72":0,"73":0,"74":0,"75":0,"76":0,"77":0,"78":0,"79":0,"80":0,"81":0,"82":0,"83":0,"84":0,"85":0,"86":0,"87":0,"88":0,"89":0,"90":0,"91":0,"92":0,"93":0,"94":0,"95":0,"96":0,"97":0,"98":0,"99":0,"100":0},"f":{"0":0,"1":0,"2":0,"3":0,"4":0,"5":0,"6":0,"7":0,"8":0,"9":0,"10":0,"11":0,"12":0,"13":0,"14":0,"15":0,"16":0},"b":{"0":[0],"1":[0],"2":[0,0],"3":[0],"4":[0,0],"5":[0,0],"6":[0,0],"7":[0,0],"8":[0,0],"9":[0,0],"10":[0,0],"11":[0,0],"12":[0,0],"13":[0,0],"14":[0,0,0,0,0,0],"15":[0],"16":[0,0],"17":[0,0],"18":[0,0],"19":[0,0],"20":[0],"21":[0,0,0,0,0,0,0,0,0],"22":[0,0,0,0,0],"23":[0,0,0,0,0],"24":[0],"25":[0],"26":[0],"27":[0],"28":[0],"29":[0],"30":[0],"31":[0],"32":[0],"33":[0,0],"34":[0,0],"35":[0],"36":[0],"37":[0],"38":[0],"39":[0]}}
,"/Users/nicolasbaranowski/Documents/companyOS/components/workspace/AgentCollaborationView.tsx": {"path":"/Users/nicolasbaranowski/Documents/companyOS/components/workspace/AgentCollaborationView.tsx","statementMap":{"0":{"start":{"line":30,"column":13},"end":{"line":30,"column":77}},"1":{"start":{"line":1,"column":43},"end":{"line":1,"column":null}},"2":{"start":{"line":2,"column":54},"end":{"line":2,"column":null}},"3":{"start":{"line":3,"column":30},"end":{"line":3,"column":null}},"4":{"start":{"line":30,"column":77},"end":{"line":518,"column":null}},"5":{"start":{"line":35,"column":28},"end":{"line":35,"column":null}},"6":{"start":{"line":36,"column":28},"end":{"line":36,"column":null}},"7":{"start":{"line":37,"column":42},"end":{"line":37,"column":null}},"8":{"start":{"line":38,"column":34},"end":{"line":38,"column":null}},"9":{"start":{"line":39,"column":32},"end":{"line":39,"column":null}},"10":{"start":{"line":41,"column":2},"end":{"line":45,"column":null}},"11":{"start":{"line":42,"column":4},"end":{"line":42,"column":null}},"12":{"start":{"line":43,"column":21},"end":{"line":43,"column":null}},"13":{"start":{"line":44,"column":4},"end":{"line":44,"column":null}},"14":{"start":{"line":44,"column":17},"end":{"line":44,"column":null}},"15":{"start":{"line":47,"column":32},"end":{"line":186,"column":null}},"16":{"start":{"line":48,"column":4},"end":{"line":185,"column":null}},"17":{"start":{"line":49,"column":27},"end":{"line":49,"column":null}},"18":{"start":{"line":50,"column":23},"end":{"line":50,"column":null}},"19":{"start":{"line":52,"column":54},"end":{"line":52,"column":56}},"20":{"start":{"line":53,"column":54},"end":{"line":53,"column":56}},"21":{"start":{"line":56,"column":21},"end":{"line":60,"column":null}},"22":{"start":{"line":62,"column":6},"end":{"line":81,"column":null}},"23":{"start":{"line":63,"column":22},"end":{"line":63,"column":59}},"24":{"start":{"line":64,"column":23},"end":{"line":64,"column":null}},"25":{"start":{"line":65,"column":18},"end":{"line":65,"column":null}},"26":{"start":{"line":66,"column":18},"end":{"line":66,"column":null}},"27":{"start":{"line":68,"column":8},"end":{"line":80,"column":null}},"28":{"start":{"line":84,"column":20},"end":{"line":84,"column":null}},"29":{"start":{"line":85,"column":6},"end":{"line":121,"column":null}},"30":{"start":{"line":86,"column":8},"end":{"line":86,"column":null}},"31":{"start":{"line":86,"column":56},"end":{"line":86,"column":null}},"32":{"start":{"line":87,"column":8},"end":{"line":87,"column":null}},"33":{"start":{"line":87,"column":50},"end":{"line":87,"column":null}},"34":{"start":{"line":89,"column":22},"end":{"line":89,"column":null}},"35":{"start":{"line":90,"column":22},"end":{"line":90,"column":null}},"36":{"start":{"line":92,"column":8},"end":{"line":105,"column":null}},"37":{"start":{"line":108,"column":8},"end":{"line":120,"column":null}},"38":{"start":{"line":109,"column":10},"end":{"line":119,"column":null}},"39":{"start":{"line":124,"column":29},"end":{"line":130,"column":null}},"40":{"start":{"line":126,"column":23},"end":{"line":126,"column":null}},"41":{"start":{"line":127,"column":10},"end":{"line":129,"column":null}},"42":{"start":{"line":132,"column":6},"end":{"line":177,"column":null}},"43":{"start":{"line":133,"column":24},"end":{"line":133,"column":null}},"44":{"start":{"line":134,"column":24},"end":{"line":134,"column":null}},"45":{"start":{"line":136,"column":8},"end":{"line":149,"column":null}},"46":{"start":{"line":152,"column":8},"end":{"line":164,"column":null}},"47":{"start":{"line":153,"column":10},"end":{"line":163,"column":null}},"48":{"start":{"line":167,"column":8},"end":{"line":176,"column":null}},"49":{"start":{"line":179,"column":6},"end":{"line":179,"column":null}},"50":{"start":{"line":180,"column":6},"end":{"line":180,"column":null}},"51":{"start":{"line":182,"column":6},"end":{"line":182,"column":null}},"52":{"start":{"line":184,"column":6},"end":{"line":184,"column":null}},"53":{"start":{"line":188,"column":23},"end":{"line":216,"column":null}},"54":{"start":{"line":189,"column":4},"end":{"line":215,"column":null}},"55":{"start":{"line":191,"column":8},"end":{"line":197,"column":null}},"56":{"start":{"line":192,"column":25},"end":{"line":192,"column":43}},"57":{"start":{"line":193,"column":23},"end":{"line":193,"column":41}},"58":{"start":{"line":194,"column":23},"end":{"line":194,"column":41}},"59":{"start":{"line":195,"column":24},"end":{"line":195,"column":42}},"60":{"start":{"line":196,"column":19},"end":{"line":196,"column":null}},"61":{"start":{"line":199,"column":8},"end":{"line":205,"column":null}},"62":{"start":{"line":200,"column":28},"end":{"line":200,"column":null}},"63":{"start":{"line":201,"column":30},"end":{"line":201,"column":null}},"64":{"start":{"line":202,"column":26},"end":{"line":202,"column":null}},"65":{"start":{"line":203,"column":25},"end":{"line":203,"column":null}},"66":{"start":{"line":204,"column":19},"end":{"line":204,"column":null}},"67":{"start":{"line":207,"column":8},"end":{"line":212,"column":null}},"68":{"start":{"line":208,"column":28},"end":{"line":208,"column":46}},"69":{"start":{"line":209,"column":25},"end":{"line":209,"column":null}},"70":{"start":{"line":210,"column":26},"end":{"line":210,"column":null}},"71":{"start":{"line":211,"column":19},"end":{"line":211,"column":null}},"72":{"start":{"line":214,"column":8},"end":{"line":214,"column":null}},"73":{"start":{"line":218,"column":22},"end":{"line":225,"column":null}},"74":{"start":{"line":219,"column":4},"end":{"line":224,"column":null}},"75":{"start":{"line":220,"column":20},"end":{"line":220,"column":null}},"76":{"start":{"line":221,"column":19},"end":{"line":221,"column":null}},"77":{"start":{"line":222,"column":28},"end":{"line":222,"column":null}},"78":{"start":{"line":223,"column":15},"end":{"line":223,"column":null}},"79":{"start":{"line":227,"column":22},"end":{"line":234,"column":null}},"80":{"start":{"line":228,"column":4},"end":{"line":233,"column":null}},"81":{"start":{"line":229,"column":20},"end":{"line":229,"column":null}},"82":{"start":{"line":230,"column":19},"end":{"line":230,"column":null}},"83":{"start":{"line":231,"column":28},"end":{"line":231,"column":null}},"84":{"start":{"line":232,"column":15},"end":{"line":232,"column":null}},"85":{"start":{"line":236,"column":23},"end":{"line":244,"column":null}},"86":{"start":{"line":237,"column":4},"end":{"line":243,"column":null}},"87":{"start":{"line":238,"column":30},"end":{"line":238,"column":48}},"88":{"start":{"line":239,"column":28},"end":{"line":239,"column":46}},"89":{"start":{"line":240,"column":22},"end":{"line":240,"column":40}},"90":{"start":{"line":241,"column":25},"end":{"line":241,"column":43}},"91":{"start":{"line":242,"column":15},"end":{"line":242,"column":null}},"92":{"start":{"line":246,"column":23},"end":{"line":248,"column":null}},"93":{"start":{"line":247,"column":4},"end":{"line":247,"column":null}},"94":{"start":{"line":250,"column":2},"end":{"line":256,"column":null}},"95":{"start":{"line":274,"column":12},"end":{"line":275,"column":null}},"96":{"start":{"line":276,"column":29},"end":{"line":276,"column":null}},"97":{"start":{"line":303,"column":35},"end":{"line":303,"column":null}},"98":{"start":{"line":303,"column":51},"end":{"line":303,"column":71}},"99":{"start":{"line":304,"column":35},"end":{"line":304,"column":null}},"100":{"start":{"line":304,"column":51},"end":{"line":304,"column":71}},"101":{"start":{"line":306,"column":16},"end":{"line":306,"column":null}},"102":{"start":{"line":306,"column":48},"end":{"line":306,"column":null}},"103":{"start":{"line":308,"column":16},"end":{"line":310,"column":null}},"104":{"start":{"line":342,"column":16},"end":{"line":342,"column":null}},"105":{"start":{"line":351,"column":35},"end":{"line":351,"column":null}},"106":{"start":{"line":381,"column":30},"end":{"line":381,"column":null}},"107":{"start":{"line":382,"column":30},"end":{"line":382,"column":null}},"108":{"start":{"line":384,"column":16},"end":{"line":384,"column":35}},"109":{"start":{"line":424,"column":36},"end":{"line":424,"column":null}},"110":{"start":{"line":426,"column":22},"end":{"line":426,"column":40}},"111":{"start":{"line":434,"column":34},"end":{"line":434,"column":null}},"112":{"start":{"line":436,"column":20},"end":{"line":436,"column":null}},"113":{"start":{"line":444,"column":40},"end":{"line":444,"column":null}},"114":{"start":{"line":446,"column":39},"end":{"line":447,"column":null}},"115":{"start":{"line":447,"column":28},"end":{"line":447,"column":73}},"116":{"start":{"line":450,"column":26},"end":{"line":451,"column":46}},"117":{"start":{"line":480,"column":29},"end":{"line":480,"column":null}},"118":{"start":{"line":504,"column":14},"end":{"line":504,"column":null}}},"fnMap":{"0":{"name":"(anonymous_4)","decl":{"start":{"line":30,"column":77},"end":{"line":30,"column":78}},"loc":{"start":{"line":34,"column":1},"end":{"line":518,"column":null}}},"1":{"name":"(anonymous_5)","decl":{"start":{"line":41,"column":12},"end":{"line":41,"column":null}},"loc":{"start":{"line":41,"column":12},"end":{"line":45,"column":5}}},"2":{"name":"(anonymous_6)","decl":{"start":{"line":44,"column":11},"end":{"line":44,"column":17}},"loc":{"start":{"line":44,"column":17},"end":{"line":44,"column":null}}},"3":{"name":"(anonymous_7)","decl":{"start":{"line":47,"column":32},"end":{"line":47,"column":null}},"loc":{"start":{"line":47,"column":32},"end":{"line":186,"column":null}}},"4":{"name":"(anonymous_8)","decl":{"start":{"line":62,"column":21},"end":{"line":62,"column":22}},"loc":{"start":{"line":62,"column":29},"end":{"line":81,"column":null}}},"5":{"name":"(anonymous_9)","decl":{"start":{"line":85,"column":20},"end":{"line":85,"column":21}},"loc":{"start":{"line":85,"column":27},"end":{"line":121,"column":null}}},"6":{"name":"(anonymous_10)","decl":{"start":{"line":125,"column":16},"end":{"line":125,"column":null}},"loc":{"start":{"line":125,"column":16},"end":{"line":130,"column":null}}},"7":{"name":"(anonymous_11)","decl":{"start":{"line":132,"column":29},"end":{"line":132,"column":30}},"loc":{"start":{"line":132,"column":38},"end":{"line":177,"column":null}}},"8":{"name":"(anonymous_12)","decl":{"start":{"line":152,"column":44},"end":{"line":152,"column":null}},"loc":{"start":{"line":152,"column":44},"end":{"line":164,"column":null}}},"9":{"name":"(anonymous_13)","decl":{"start":{"line":188,"column":23},"end":{"line":188,"column":24}},"loc":{"start":{"line":188,"column":24},"end":{"line":216,"column":null}}},"10":{"name":"(anonymous_14)","decl":{"start":{"line":218,"column":22},"end":{"line":218,"column":23}},"loc":{"start":{"line":218,"column":23},"end":{"line":225,"column":null}}},"11":{"name":"(anonymous_15)","decl":{"start":{"line":227,"column":22},"end":{"line":227,"column":23}},"loc":{"start":{"line":227,"column":23},"end":{"line":234,"column":null}}},"12":{"name":"(anonymous_16)","decl":{"start":{"line":236,"column":23},"end":{"line":236,"column":24}},"loc":{"start":{"line":236,"column":24},"end":{"line":244,"column":null}}},"13":{"name":"(anonymous_17)","decl":{"start":{"line":246,"column":23},"end":{"line":246,"column":24}},"loc":{"start":{"line":246,"column":24},"end":{"line":248,"column":null}}},"14":{"name":"(anonymous_18)","decl":{"start":{"line":273,"column":16},"end":{"line":273,"column":17}},"loc":{"start":{"line":274,"column":12},"end":{"line":275,"column":null}}},"15":{"name":"(anonymous_19)","decl":{"start":{"line":276,"column":23},"end":{"line":276,"column":29}},"loc":{"start":{"line":276,"column":29},"end":{"line":276,"column":null}}},"16":{"name":"(anonymous_20)","decl":{"start":{"line":302,"column":25},"end":{"line":302,"column":26}},"loc":{"start":{"line":302,"column":26},"end":{"line":321,"column":null}}},"17":{"name":"(anonymous_21)","decl":{"start":{"line":303,"column":46},"end":{"line":303,"column":51}},"loc":{"start":{"line":303,"column":51},"end":{"line":303,"column":71}}},"18":{"name":"(anonymous_22)","decl":{"start":{"line":304,"column":46},"end":{"line":304,"column":51}},"loc":{"start":{"line":304,"column":51},"end":{"line":304,"column":71}}},"19":{"name":"(anonymous_23)","decl":{"start":{"line":341,"column":25},"end":{"line":341,"column":26}},"loc":{"start":{"line":342,"column":16},"end":{"line":342,"column":null}}},"20":{"name":"(anonymous_24)","decl":{"start":{"line":351,"column":29},"end":{"line":351,"column":35}},"loc":{"start":{"line":351,"column":35},"end":{"line":351,"column":null}}},"21":{"name":"(anonymous_25)","decl":{"start":{"line":381,"column":22},"end":{"line":381,"column":30}},"loc":{"start":{"line":381,"column":30},"end":{"line":381,"column":null}}},"22":{"name":"(anonymous_26)","decl":{"start":{"line":382,"column":20},"end":{"line":382,"column":21}},"loc":{"start":{"line":382,"column":30},"end":{"line":382,"column":null}}},"23":{"name":"(anonymous_27)","decl":{"start":{"line":383,"column":19},"end":{"line":383,"column":20}},"loc":{"start":{"line":384,"column":16},"end":{"line":384,"column":35}}},"24":{"name":"(anonymous_28)","decl":{"start":{"line":424,"column":28},"end":{"line":424,"column":36}},"loc":{"start":{"line":424,"column":36},"end":{"line":424,"column":null}}},"25":{"name":"(anonymous_29)","decl":{"start":{"line":425,"column":25},"end":{"line":425,"column":null}},"loc":{"start":{"line":426,"column":22},"end":{"line":426,"column":40}}},"26":{"name":"(anonymous_30)","decl":{"start":{"line":434,"column":26},"end":{"line":434,"column":34}},"loc":{"start":{"line":434,"column":34},"end":{"line":434,"column":null}}},"27":{"name":"(anonymous_31)","decl":{"start":{"line":435,"column":23},"end":{"line":435,"column":null}},"loc":{"start":{"line":436,"column":20},"end":{"line":436,"column":null}}},"28":{"name":"(anonymous_32)","decl":{"start":{"line":444,"column":32},"end":{"line":444,"column":40}},"loc":{"start":{"line":444,"column":40},"end":{"line":444,"column":null}}},"29":{"name":"(anonymous_33)","decl":{"start":{"line":445,"column":29},"end":{"line":445,"column":null}},"loc":{"start":{"line":445,"column":29},"end":{"line":465,"column":null}}},"30":{"name":"(anonymous_34)","decl":{"start":{"line":446,"column":50},"end":{"line":446,"column":null}},"loc":{"start":{"line":447,"column":28},"end":{"line":447,"column":73}}},"31":{"name":"(anonymous_35)","decl":{"start":{"line":480,"column":23},"end":{"line":480,"column":29}},"loc":{"start":{"line":480,"column":29},"end":{"line":480,"column":null}}},"32":{"name":"(anonymous_36)","decl":{"start":{"line":503,"column":80},"end":{"line":503,"column":81}},"loc":{"start":{"line":504,"column":14},"end":{"line":504,"column":null}}}},"branchMap":{"0":{"loc":{"start":{"line":58,"column":12},"end":{"line":58,"column":50}},"type":"binary-expr","locations":[{"start":{"line":58,"column":12},"end":{"line":58,"column":25}},{"start":{"line":58,"column":25},"end":{"line":58,"column":50}}]},"1":{"loc":{"start":{"line":59,"column":12},"end":{"line":59,"column":44}},"type":"binary-expr","locations":[{"start":{"line":59,"column":12},"end":{"line":59,"column":23}},{"start":{"line":59,"column":23},"end":{"line":59,"column":44}}]},"2":{"loc":{"start":{"line":86,"column":8},"end":{"line":86,"column":null}},"type":"if","locations":[{"start":{"line":86,"column":8},"end":{"line":86,"column":null}}]},"3":{"loc":{"start":{"line":86,"column":12},"end":{"line":86,"column":56}},"type":"binary-expr","locations":[{"start":{"line":86,"column":12},"end":{"line":86,"column":25}},{"start":{"line":86,"column":25},"end":{"line":86,"column":56}}]},"4":{"loc":{"start":{"line":87,"column":8},"end":{"line":87,"column":null}},"type":"if","locations":[{"start":{"line":87,"column":8},"end":{"line":87,"column":null}}]},"5":{"loc":{"start":{"line":87,"column":12},"end":{"line":87,"column":50}},"type":"binary-expr","locations":[{"start":{"line":87,"column":12},"end":{"line":87,"column":23}},{"start":{"line":87,"column":23},"end":{"line":87,"column":50}}]},"6":{"loc":{"start":{"line":108,"column":8},"end":{"line":120,"column":null}},"type":"if","locations":[{"start":{"line":108,"column":8},"end":{"line":120,"column":null}}]},"7":{"loc":{"start":{"line":127,"column":17},"end":{"line":129,"column":null}},"type":"binary-expr","locations":[{"start":{"line":127,"column":17},"end":{"line":127,"column":25}},{"start":{"line":127,"column":25},"end":{"line":127,"column":null}},{"start":{"line":128,"column":18},"end":{"line":128,"column":32}},{"start":{"line":128,"column":32},"end":{"line":128,"column":60}},{"start":{"line":129,"column":18},"end":{"line":129,"column":30}},{"start":{"line":129,"column":30},"end":{"line":129,"column":54}}]},"8":{"loc":{"start":{"line":189,"column":4},"end":{"line":215,"column":null}},"type":"switch","locations":[{"start":{"line":190,"column":6},"end":{"line":197,"column":null}},{"start":{"line":198,"column":6},"end":{"line":205,"column":null}},{"start":{"line":206,"column":6},"end":{"line":212,"column":null}},{"start":{"line":213,"column":6},"end":{"line":214,"column":null}}]},"9":{"loc":{"start":{"line":191,"column":8},"end":{"line":197,"column":null}},"type":"switch","locations":[{"start":{"line":192,"column":10},"end":{"line":192,"column":43}},{"start":{"line":193,"column":10},"end":{"line":193,"column":41}},{"start":{"line":194,"column":10},"end":{"line":194,"column":41}},{"start":{"line":195,"column":10},"end":{"line":195,"column":42}},{"start":{"line":196,"column":10},"end":{"line":196,"column":null}}]},"10":{"loc":{"start":{"line":199,"column":8},"end":{"line":205,"column":null}},"type":"switch","locations":[{"start":{"line":200,"column":10},"end":{"line":200,"column":null}},{"start":{"line":201,"column":10},"end":{"line":201,"column":null}},{"start":{"line":202,"column":10},"end":{"line":202,"column":null}},{"start":{"line":203,"column":10},"end":{"line":203,"column":null}},{"start":{"line":204,"column":10},"end":{"line":204,"column":null}}]},"11":{"loc":{"start":{"line":207,"column":8},"end":{"line":212,"column":null}},"type":"switch","locations":[{"start":{"line":208,"column":10},"end":{"line":208,"column":46}},{"start":{"line":209,"column":10},"end":{"line":209,"column":null}},{"start":{"line":210,"column":10},"end":{"line":210,"column":null}},{"start":{"line":211,"column":10},"end":{"line":211,"column":null}}]},"12":{"loc":{"start":{"line":219,"column":4},"end":{"line":224,"column":null}},"type":"switch","locations":[{"start":{"line":220,"column":6},"end":{"line":220,"column":null}},{"start":{"line":221,"column":6},"end":{"line":221,"column":null}},{"start":{"line":222,"column":6},"end":{"line":222,"column":null}},{"start":{"line":223,"column":6},"end":{"line":223,"column":null}}]},"13":{"loc":{"start":{"line":228,"column":4},"end":{"line":233,"column":null}},"type":"switch","locations":[{"start":{"line":229,"column":6},"end":{"line":229,"column":null}},{"start":{"line":230,"column":6},"end":{"line":230,"column":null}},{"start":{"line":231,"column":6},"end":{"line":231,"column":null}},{"start":{"line":232,"column":6},"end":{"line":232,"column":null}}]},"14":{"loc":{"start":{"line":237,"column":4},"end":{"line":243,"column":null}},"type":"switch","locations":[{"start":{"line":238,"column":6},"end":{"line":238,"column":48}},{"start":{"line":239,"column":6},"end":{"line":239,"column":46}},{"start":{"line":240,"column":6},"end":{"line":240,"column":40}},{"start":{"line":241,"column":6},"end":{"line":241,"column":43}},{"start":{"line":242,"column":6},"end":{"line":242,"column":null}}]},"15":{"loc":{"start":{"line":250,"column":2},"end":{"line":256,"column":null}},"type":"if","locations":[{"start":{"line":250,"column":2},"end":{"line":256,"column":null}}]},"16":{"loc":{"start":{"line":278,"column":16},"end":{"line":280,"column":null}},"type":"cond-expr","locations":[{"start":{"line":279,"column":20},"end":{"line":279,"column":null}},{"start":{"line":280,"column":20},"end":{"line":280,"column":null}}]},"17":{"loc":{"start":{"line":291,"column":7},"end":{"line":291,"column":null}},"type":"binary-expr","locations":[{"start":{"line":291,"column":7},"end":{"line":291,"column":null}}]},"18":{"loc":{"start":{"line":306,"column":16},"end":{"line":306,"column":null}},"type":"if","locations":[{"start":{"line":306,"column":16},"end":{"line":306,"column":null}}]},"19":{"loc":{"start":{"line":306,"column":20},"end":{"line":306,"column":48}},"type":"binary-expr","locations":[{"start":{"line":306,"column":20},"end":{"line":306,"column":35}},{"start":{"line":306,"column":35},"end":{"line":306,"column":48}}]},"20":{"loc":{"start":{"line":348,"column":28},"end":{"line":348,"column":null}},"type":"cond-expr","locations":[{"start":{"line":348,"column":59},"end":{"line":348,"column":71}},{"start":{"line":348,"column":71},"end":{"line":348,"column":null}}]},"21":{"loc":{"start":{"line":349,"column":33},"end":{"line":349,"column":null}},"type":"cond-expr","locations":[{"start":{"line":349,"column":64},"end":{"line":349,"column":68}},{"start":{"line":349,"column":68},"end":{"line":349,"column":null}}]},"22":{"loc":{"start":{"line":377,"column":7},"end":{"line":377,"column":null}},"type":"binary-expr","locations":[{"start":{"line":377,"column":7},"end":{"line":377,"column":null}}]},"23":{"loc":{"start":{"line":381,"column":30},"end":{"line":381,"column":null}},"type":"binary-expr","locations":[{"start":{"line":381,"column":30},"end":{"line":381,"column":54}},{"start":{"line":381,"column":54},"end":{"line":381,"column":null}}]},"24":{"loc":{"start":{"line":382,"column":39},"end":{"line":382,"column":68}},"type":"binary-expr","locations":[{"start":{"line":382,"column":39},"end":{"line":382,"column":65}},{"start":{"line":382,"column":65},"end":{"line":382,"column":68}}]},"25":{"loc":{"start":{"line":382,"column":89},"end":{"line":382,"column":118}},"type":"binary-expr","locations":[{"start":{"line":382,"column":89},"end":{"line":382,"column":115}},{"start":{"line":382,"column":115},"end":{"line":382,"column":118}}]},"26":{"loc":{"start":{"line":393,"column":24},"end":{"line":396,"column":null}},"type":"cond-expr","locations":[{"start":{"line":393,"column":54},"end":{"line":393,"column":null}},{"start":{"line":394,"column":24},"end":{"line":396,"column":null}}]},"27":{"loc":{"start":{"line":394,"column":24},"end":{"line":396,"column":null}},"type":"cond-expr","locations":[{"start":{"line":394,"column":56},"end":{"line":394,"column":null}},{"start":{"line":395,"column":24},"end":{"line":396,"column":null}}]},"28":{"loc":{"start":{"line":395,"column":24},"end":{"line":396,"column":null}},"type":"cond-expr","locations":[{"start":{"line":395,"column":52},"end":{"line":395,"column":null}},{"start":{"line":396,"column":24},"end":{"line":396,"column":null}}]},"29":{"loc":{"start":{"line":401,"column":21},"end":{"line":401,"column":null}},"type":"binary-expr","locations":[{"start":{"line":401,"column":21},"end":{"line":401,"column":null}}]},"30":{"loc":{"start":{"line":414,"column":7},"end":{"line":414,"column":null}},"type":"binary-expr","locations":[{"start":{"line":414,"column":7},"end":{"line":414,"column":null}}]},"31":{"loc":{"start":{"line":447,"column":28},"end":{"line":447,"column":73}},"type":"binary-expr","locations":[{"start":{"line":447,"column":28},"end":{"line":447,"column":49}},{"start":{"line":447,"column":53},"end":{"line":447,"column":73}}]},"32":{"loc":{"start":{"line":453,"column":32},"end":{"line":461,"column":33}},"type":"cond-expr","locations":[{"start":{"line":453,"column":32},"end":{"line":461,"column":33}}]},"33":{"loc":{"start":{"line":455,"column":36},"end":{"line":457,"column":null}},"type":"cond-expr","locations":[{"start":{"line":455,"column":70},"end":{"line":455,"column":null}},{"start":{"line":456,"column":36},"end":{"line":457,"column":null}}]},"34":{"loc":{"start":{"line":456,"column":36},"end":{"line":457,"column":null}},"type":"cond-expr","locations":[{"start":{"line":456,"column":68},"end":{"line":456,"column":null}},{"start":{"line":457,"column":36},"end":{"line":457,"column":null}}]},"35":{"loc":{"start":{"line":475,"column":7},"end":{"line":475,"column":null}},"type":"binary-expr","locations":[{"start":{"line":475,"column":7},"end":{"line":475,"column":null}}]},"36":{"loc":{"start":{"line":503,"column":13},"end":{"line":504,"column":null}},"type":"binary-expr","locations":[{"start":{"line":503,"column":13},"end":{"line":503,"column":34}},{"start":{"line":503,"column":38},"end":{"line":504,"column":null}}]},"37":{"loc":{"start":{"line":509,"column":19},"end":{"line":509,"column":null}},"type":"cond-expr","locations":[{"start":{"line":509,"column":47},"end":{"line":509,"column":71}},{"start":{"line":509,"column":71},"end":{"line":509,"column":null}}]}},"s":{"0":0,"1":0,"2":0,"3":0,"4":0,"5":0,"6":0,"7":0,"8":0,"9":0,"10":0,"11":0,"12":0,"13":0,"14":0,"15":0,"16":0,"17":0,"18":0,"19":0,"20":0,"21":0,"22":0,"23":0,"24":0,"25":0,"26":0,"27":0,"28":0,"29":0,"30":0,"31":0,"32":0,"33":0,"34":0,"35":0,"36":0,"37":0,"38":0,"39":0,"40":0,"41":0,"42":0,"43":0,"44":0,"45":0,"46":0,"47":0,"48":0,"49":0,"50":0,"51":0,"52":0,"53":0,"54":0,"55":0,"56":0,"57":0,"58":0,"59":0,"60":0,"61":0,"62":0,"63":0,"64":0,"65":0,"66":0,"67":0,"68":0,"69":0,"70":0,"71":0,"72":0,"73":0,"74":0,"75":0,"76":0,"77":0,"78":0,"79":0,"80":0,"81":0,"82":0,"83":0,"84":0,"85":0,"86":0,"87":0,"88":0,"89":0,"90":0,"91":0,"92":0,"93":0,"94":0,"95":0,"96":0,"97":0,"98":0,"99":0,"100":0,"101":0,"102":0,"103":0,"104":0,"105":0,"106":0,"107":0,"108":0,"109":0,"110":0,"111":0,"112":0,"113":0,"114":0,"115":0,"116":0,"117":0,"118":0},"f":{"0":0,"1":0,"2":0,"3":0,"4":0,"5":0,"6":0,"7":0,"8":0,"9":0,"10":0,"11":0,"12":0,"13":0,"14":0,"15":0,"16":0,"17":0,"18":0,"19":0,"20":0,"21":0,"22":0,"23":0,"24":0,"25":0,"26":0,"27":0,"28":0,"29":0,"30":0,"31":0,"32":0},"b":{"0":[0,0],"1":[0,0],"2":[0],"3":[0,0],"4":[0],"5":[0,0],"6":[0],"7":[0,0,0,0,0,0],"8":[0,0,0,0],"9":[0,0,0,0,0],"10":[0,0,0,0,0],"11":[0,0,0,0],"12":[0,0,0,0],"13":[0,0,0,0],"14":[0,0,0,0,0],"15":[0],"16":[0,0],"17":[0],"18":[0],"19":[0,0],"20":[0,0],"21":[0,0],"22":[0],"23":[0,0],"24":[0,0],"25":[0,0],"26":[0,0],"27":[0,0],"28":[0,0],"29":[0],"30":[0],"31":[0,0],"32":[0],"33":[0,0],"34":[0,0],"35":[0],"36":[0,0],"37":[0,0]}}
,"/Users/nicolasbaranowski/Documents/companyOS/components/workspace/AgentDashboard.tsx": {"path":"/Users/nicolasbaranowski/Documents/companyOS/components/workspace/AgentDashboard.tsx","statementMap":{"0":{"start":{"line":20,"column":13},"end":{"line":20,"column":61}},"1":{"start":{"line":1,"column":43},"end":{"line":1,"column":null}},"2":{"start":{"line":3,"column":30},"end":{"line":3,"column":null}},"3":{"start":{"line":20,"column":61},"end":{"line":239,"column":null}},"4":{"start":{"line":25,"column":30},"end":{"line":25,"column":null}},"5":{"start":{"line":26,"column":28},"end":{"line":26,"column":null}},"6":{"start":{"line":27,"column":44},"end":{"line":27,"column":null}},"7":{"start":{"line":28,"column":48},"end":{"line":28,"column":null}},"8":{"start":{"line":29,"column":32},"end":{"line":29,"column":null}},"9":{"start":{"line":31,"column":2},"end":{"line":35,"column":null}},"10":{"start":{"line":32,"column":4},"end":{"line":32,"column":null}},"11":{"start":{"line":33,"column":21},"end":{"line":33,"column":52}},"12":{"start":{"line":34,"column":4},"end":{"line":34,"column":null}},"13":{"start":{"line":34,"column":17},"end":{"line":34,"column":null}},"14":{"start":{"line":37,"column":21},"end":{"line":57,"column":null}},"15":{"start":{"line":38,"column":4},"end":{"line":56,"column":null}},"16":{"start":{"line":39,"column":23},"end":{"line":39,"column":null}},"17":{"start":{"line":40,"column":21},"end":{"line":44,"column":null}},"18":{"start":{"line":46,"column":29},"end":{"line":46,"column":null}},"19":{"start":{"line":47,"column":26},"end":{"line":47,"column":null}},"20":{"start":{"line":47,"column":54},"end":{"line":47,"column":null}},"21":{"start":{"line":48,"column":6},"end":{"line":48,"column":null}},"22":{"start":{"line":50,"column":25},"end":{"line":50,"column":null}},"23":{"start":{"line":51,"column":6},"end":{"line":51,"column":null}},"24":{"start":{"line":53,"column":6},"end":{"line":53,"column":null}},"25":{"start":{"line":55,"column":6},"end":{"line":55,"column":null}},"26":{"start":{"line":59,"column":28},"end":{"line":77,"column":null}},"27":{"start":{"line":60,"column":4},"end":{"line":76,"column":null}},"28":{"start":{"line":61,"column":23},"end":{"line":61,"column":null}},"29":{"start":{"line":62,"column":23},"end":{"line":67,"column":null}},"30":{"start":{"line":69,"column":6},"end":{"line":73,"column":null}},"31":{"start":{"line":70,"column":8},"end":{"line":70,"column":null}},"32":{"start":{"line":71,"column":8},"end":{"line":71,"column":null}},"33":{"start":{"line":72,"column":8},"end":{"line":72,"column":null}},"34":{"start":{"line":75,"column":6},"end":{"line":75,"column":null}},"35":{"start":{"line":79,"column":34},"end":{"line":90,"column":null}},"36":{"start":{"line":80,"column":4},"end":{"line":89,"column":null}},"37":{"start":{"line":81,"column":23},"end":{"line":81,"column":null}},"38":{"start":{"line":82,"column":20},"end":{"line":82,"column":null}},"39":{"start":{"line":83,"column":6},"end":{"line":86,"column":null}},"40":{"start":{"line":84,"column":8},"end":{"line":84,"column":null}},"41":{"start":{"line":85,"column":8},"end":{"line":85,"column":null}},"42":{"start":{"line":88,"column":6},"end":{"line":88,"column":null}},"43":{"start":{"line":92,"column":25},"end":{"line":102,"column":null}},"44":{"start":{"line":93,"column":4},"end":{"line":101,"column":null}},"45":{"start":{"line":94,"column":21},"end":{"line":94,"column":null}},"46":{"start":{"line":95,"column":19},"end":{"line":95,"column":null}},"47":{"start":{"line":96,"column":19},"end":{"line":96,"column":null}},"48":{"start":{"line":97,"column":20},"end":{"line":97,"column":null}},"49":{"start":{"line":98,"column":22},"end":{"line":98,"column":null}},"50":{"start":{"line":99,"column":26},"end":{"line":99,"column":null}},"51":{"start":{"line":100,"column":15},"end":{"line":100,"column":null}},"52":{"start":{"line":104,"column":27},"end":{"line":111,"column":null}},"53":{"start":{"line":105,"column":4},"end":{"line":110,"column":null}},"54":{"start":{"line":106,"column":17},"end":{"line":106,"column":null}},"55":{"start":{"line":107,"column":20},"end":{"line":107,"column":null}},"56":{"start":{"line":108,"column":21},"end":{"line":108,"column":null}},"57":{"start":{"line":109,"column":15},"end":{"line":109,"column":null}},"58":{"start":{"line":113,"column":2},"end":{"line":119,"column":null}},"59":{"start":{"line":130,"column":25},"end":{"line":130,"column":null}},"60":{"start":{"line":194,"column":10},"end":{"line":195,"column":null}},"61":{"start":{"line":197,"column":28},"end":{"line":197,"column":null}},"62":{"start":{"line":210,"column":27},"end":{"line":210,"column":null}},"63":{"start":{"line":221,"column":25},"end":{"line":221,"column":null}},"64":{"start":{"line":233,"column":25},"end":{"line":233,"column":null}},"65":{"start":{"line":247,"column":44},"end":{"line":360,"column":null}},"66":{"start":{"line":248,"column":25},"end":{"line":258,"column":null}},"67":{"start":{"line":249,"column":4},"end":{"line":257,"column":null}},"68":{"start":{"line":250,"column":21},"end":{"line":250,"column":null}},"69":{"start":{"line":251,"column":19},"end":{"line":251,"column":null}},"70":{"start":{"line":252,"column":19},"end":{"line":252,"column":null}},"71":{"start":{"line":253,"column":20},"end":{"line":253,"column":null}},"72":{"start":{"line":254,"column":22},"end":{"line":254,"column":null}},"73":{"start":{"line":255,"column":26},"end":{"line":255,"column":null}},"74":{"start":{"line":256,"column":15},"end":{"line":256,"column":null}},"75":{"start":{"line":260,"column":27},"end":{"line":267,"column":null}},"76":{"start":{"line":261,"column":4},"end":{"line":266,"column":null}},"77":{"start":{"line":262,"column":17},"end":{"line":262,"column":null}},"78":{"start":{"line":263,"column":20},"end":{"line":263,"column":null}},"79":{"start":{"line":264,"column":21},"end":{"line":264,"column":null}},"80":{"start":{"line":265,"column":15},"end":{"line":265,"column":null}},"81":{"start":{"line":294,"column":14},"end":{"line":295,"column":null}},"82":{"start":{"line":337,"column":12},"end":{"line":337,"column":null}},"83":{"start":{"line":338,"column":12},"end":{"line":338,"column":null}},"84":{"start":{"line":350,"column":12},"end":{"line":350,"column":null}},"85":{"start":{"line":351,"column":12},"end":{"line":351,"column":null}},"86":{"start":{"line":370,"column":62},"end":{"line":512,"column":null}},"87":{"start":{"line":377,"column":50},"end":{"line":377,"column":null}},"88":{"start":{"line":378,"column":36},"end":{"line":378,"column":null}},"89":{"start":{"line":379,"column":50},"end":{"line":379,"column":null}},"90":{"start":{"line":381,"column":20},"end":{"line":396,"column":null}},"91":{"start":{"line":398,"column":23},"end":{"line":409,"column":null}},"92":{"start":{"line":399,"column":4},"end":{"line":399,"column":null}},"93":{"start":{"line":399,"column":41},"end":{"line":399,"column":null}},"94":{"start":{"line":401,"column":4},"end":{"line":408,"column":null}},"95":{"start":{"line":431,"column":14},"end":{"line":432,"column":null}},"96":{"start":{"line":433,"column":31},"end":{"line":433,"column":null}},"97":{"start":{"line":447,"column":24},"end":{"line":448,"column":null}},"98":{"start":{"line":472,"column":33},"end":{"line":472,"column":null}},"99":{"start":{"line":484,"column":33},"end":{"line":484,"column":null}},"100":{"start":{"line":520,"column":58},"end":{"line":646,"column":null}},"101":{"start":{"line":600,"column":16},"end":{"line":601,"column":null}},"102":{"start":{"line":615,"column":16},"end":{"line":615,"column":38}},"103":{"start":{"line":627,"column":27},"end":{"line":627,"column":null}}},"fnMap":{"0":{"name":"(anonymous_4)","decl":{"start":{"line":20,"column":61},"end":{"line":20,"column":62}},"loc":{"start":{"line":24,"column":1},"end":{"line":239,"column":null}}},"1":{"name":"(anonymous_5)","decl":{"start":{"line":31,"column":12},"end":{"line":31,"column":null}},"loc":{"start":{"line":31,"column":12},"end":{"line":35,"column":5}}},"2":{"name":"(anonymous_6)","decl":{"start":{"line":34,"column":11},"end":{"line":34,"column":17}},"loc":{"start":{"line":34,"column":17},"end":{"line":34,"column":null}}},"3":{"name":"(anonymous_7)","decl":{"start":{"line":37,"column":21},"end":{"line":37,"column":null}},"loc":{"start":{"line":37,"column":21},"end":{"line":57,"column":null}}},"4":{"name":"(anonymous_8)","decl":{"start":{"line":47,"column":45},"end":{"line":47,"column":54}},"loc":{"start":{"line":47,"column":54},"end":{"line":47,"column":null}}},"5":{"name":"(anonymous_9)","decl":{"start":{"line":59,"column":28},"end":{"line":59,"column":35}},"loc":{"start":{"line":59,"column":53},"end":{"line":77,"column":null}}},"6":{"name":"(anonymous_10)","decl":{"start":{"line":79,"column":34},"end":{"line":79,"column":41}},"loc":{"start":{"line":79,"column":58},"end":{"line":90,"column":null}}},"7":{"name":"(anonymous_11)","decl":{"start":{"line":92,"column":25},"end":{"line":92,"column":26}},"loc":{"start":{"line":92,"column":26},"end":{"line":102,"column":null}}},"8":{"name":"(anonymous_12)","decl":{"start":{"line":104,"column":27},"end":{"line":104,"column":28}},"loc":{"start":{"line":104,"column":28},"end":{"line":111,"column":null}}},"9":{"name":"(anonymous_13)","decl":{"start":{"line":130,"column":19},"end":{"line":130,"column":25}},"loc":{"start":{"line":130,"column":25},"end":{"line":130,"column":null}}},"10":{"name":"(anonymous_14)","decl":{"start":{"line":193,"column":20},"end":{"line":193,"column":21}},"loc":{"start":{"line":194,"column":10},"end":{"line":195,"column":null}}},"11":{"name":"(anonymous_15)","decl":{"start":{"line":197,"column":22},"end":{"line":197,"column":28}},"loc":{"start":{"line":197,"column":28},"end":{"line":197,"column":null}}},"12":{"name":"(anonymous_16)","decl":{"start":{"line":210,"column":21},"end":{"line":210,"column":27}},"loc":{"start":{"line":210,"column":27},"end":{"line":210,"column":null}}},"13":{"name":"(anonymous_17)","decl":{"start":{"line":221,"column":19},"end":{"line":221,"column":25}},"loc":{"start":{"line":221,"column":25},"end":{"line":221,"column":null}}},"14":{"name":"(anonymous_18)","decl":{"start":{"line":233,"column":19},"end":{"line":233,"column":25}},"loc":{"start":{"line":233,"column":25},"end":{"line":233,"column":null}}},"15":{"name":"(anonymous_19)","decl":{"start":{"line":247,"column":44},"end":{"line":247,"column":45}},"loc":{"start":{"line":247,"column":80},"end":{"line":360,"column":null}}},"16":{"name":"(anonymous_20)","decl":{"start":{"line":248,"column":25},"end":{"line":248,"column":26}},"loc":{"start":{"line":248,"column":26},"end":{"line":258,"column":null}}},"17":{"name":"(anonymous_21)","decl":{"start":{"line":260,"column":27},"end":{"line":260,"column":28}},"loc":{"start":{"line":260,"column":28},"end":{"line":267,"column":null}}},"18":{"name":"(anonymous_22)","decl":{"start":{"line":293,"column":48},"end":{"line":293,"column":49}},"loc":{"start":{"line":294,"column":14},"end":{"line":295,"column":null}}},"19":{"name":"(anonymous_23)","decl":{"start":{"line":336,"column":19},"end":{"line":336,"column":20}},"loc":{"start":{"line":336,"column":20},"end":{"line":339,"column":null}}},"20":{"name":"(anonymous_24)","decl":{"start":{"line":349,"column":19},"end":{"line":349,"column":20}},"loc":{"start":{"line":349,"column":20},"end":{"line":352,"column":null}}},"21":{"name":"(anonymous_25)","decl":{"start":{"line":370,"column":62},"end":{"line":370,"column":63}},"loc":{"start":{"line":376,"column":1},"end":{"line":512,"column":null}}},"22":{"name":"(anonymous_26)","decl":{"start":{"line":398,"column":23},"end":{"line":398,"column":null}},"loc":{"start":{"line":398,"column":23},"end":{"line":409,"column":null}}},"23":{"name":"(anonymous_27)","decl":{"start":{"line":430,"column":27},"end":{"line":430,"column":28}},"loc":{"start":{"line":431,"column":14},"end":{"line":432,"column":null}}},"24":{"name":"(anonymous_28)","decl":{"start":{"line":433,"column":25},"end":{"line":433,"column":31}},"loc":{"start":{"line":433,"column":31},"end":{"line":433,"column":null}}},"25":{"name":"(anonymous_29)","decl":{"start":{"line":446,"column":49},"end":{"line":446,"column":50}},"loc":{"start":{"line":447,"column":24},"end":{"line":448,"column":null}}},"26":{"name":"(anonymous_30)","decl":{"start":{"line":472,"column":26},"end":{"line":472,"column":27}},"loc":{"start":{"line":472,"column":33},"end":{"line":472,"column":null}}},"27":{"name":"(anonymous_31)","decl":{"start":{"line":484,"column":26},"end":{"line":484,"column":27}},"loc":{"start":{"line":484,"column":33},"end":{"line":484,"column":null}}},"28":{"name":"(anonymous_32)","decl":{"start":{"line":520,"column":58},"end":{"line":520,"column":59}},"loc":{"start":{"line":524,"column":1},"end":{"line":646,"column":null}}},"29":{"name":"(anonymous_33)","decl":{"start":{"line":599,"column":38},"end":{"line":599,"column":39}},"loc":{"start":{"line":600,"column":16},"end":{"line":601,"column":null}}},"30":{"name":"(anonymous_34)","decl":{"start":{"line":614,"column":32},"end":{"line":614,"column":33}},"loc":{"start":{"line":615,"column":16},"end":{"line":615,"column":38}}},"31":{"name":"(anonymous_35)","decl":{"start":{"line":627,"column":21},"end":{"line":627,"column":27}},"loc":{"start":{"line":627,"column":27},"end":{"line":627,"column":null}}}},"branchMap":{"0":{"loc":{"start":{"line":69,"column":6},"end":{"line":73,"column":null}},"type":"if","locations":[{"start":{"line":69,"column":6},"end":{"line":73,"column":null}}]},"1":{"loc":{"start":{"line":83,"column":6},"end":{"line":86,"column":null}},"type":"if","locations":[{"start":{"line":83,"column":6},"end":{"line":86,"column":null}}]},"2":{"loc":{"start":{"line":93,"column":4},"end":{"line":101,"column":null}},"type":"switch","locations":[{"start":{"line":94,"column":6},"end":{"line":94,"column":null}},{"start":{"line":95,"column":6},"end":{"line":95,"column":null}},{"start":{"line":96,"column":6},"end":{"line":96,"column":null}},{"start":{"line":97,"column":6},"end":{"line":97,"column":null}},{"start":{"line":98,"column":6},"end":{"line":98,"column":null}},{"start":{"line":99,"column":6},"end":{"line":99,"column":null}},{"start":{"line":100,"column":6},"end":{"line":100,"column":null}}]},"3":{"loc":{"start":{"line":105,"column":4},"end":{"line":110,"column":null}},"type":"switch","locations":[{"start":{"line":106,"column":6},"end":{"line":106,"column":null}},{"start":{"line":107,"column":6},"end":{"line":107,"column":null}},{"start":{"line":108,"column":6},"end":{"line":108,"column":null}},{"start":{"line":109,"column":6},"end":{"line":109,"column":null}}]},"4":{"loc":{"start":{"line":113,"column":2},"end":{"line":119,"column":null}},"type":"if","locations":[{"start":{"line":113,"column":2},"end":{"line":119,"column":null}}]},"5":{"loc":{"start":{"line":139,"column":7},"end":{"line":139,"column":null}},"type":"binary-expr","locations":[{"start":{"line":139,"column":7},"end":{"line":139,"column":null}}]},"6":{"loc":{"start":{"line":184,"column":65},"end":{"line":184,"column":null}},"type":"binary-expr","locations":[{"start":{"line":184,"column":65},"end":{"line":184,"column":88}},{"start":{"line":184,"column":92},"end":{"line":184,"column":null}}]},"7":{"loc":{"start":{"line":204,"column":7},"end":{"line":204,"column":null}},"type":"binary-expr","locations":[{"start":{"line":204,"column":7},"end":{"line":204,"column":null}}]},"8":{"loc":{"start":{"line":219,"column":7},"end":{"line":219,"column":null}},"type":"binary-expr","locations":[{"start":{"line":219,"column":7},"end":{"line":219,"column":null}}]},"9":{"loc":{"start":{"line":230,"column":7},"end":{"line":230,"column":null}},"type":"binary-expr","locations":[{"start":{"line":230,"column":7},"end":{"line":230,"column":null}}]},"10":{"loc":{"start":{"line":249,"column":4},"end":{"line":257,"column":null}},"type":"switch","locations":[{"start":{"line":250,"column":6},"end":{"line":250,"column":null}},{"start":{"line":251,"column":6},"end":{"line":251,"column":null}},{"start":{"line":252,"column":6},"end":{"line":252,"column":null}},{"start":{"line":253,"column":6},"end":{"line":253,"column":null}},{"start":{"line":254,"column":6},"end":{"line":254,"column":null}},{"start":{"line":255,"column":6},"end":{"line":255,"column":null}},{"start":{"line":256,"column":6},"end":{"line":256,"column":null}}]},"11":{"loc":{"start":{"line":261,"column":4},"end":{"line":266,"column":null}},"type":"switch","locations":[{"start":{"line":262,"column":6},"end":{"line":262,"column":null}},{"start":{"line":263,"column":6},"end":{"line":263,"column":null}},{"start":{"line":264,"column":6},"end":{"line":264,"column":null}},{"start":{"line":265,"column":6},"end":{"line":265,"column":null}}]},"12":{"loc":{"start":{"line":285,"column":9},"end":{"line":285,"column":26}},"type":"binary-expr","locations":[{"start":{"line":285,"column":9},"end":{"line":285,"column":26}}]},"13":{"loc":{"start":{"line":301,"column":13},"end":{"line":301,"column":null}},"type":"binary-expr","locations":[{"start":{"line":301,"column":13},"end":{"line":301,"column":null}}]},"14":{"loc":{"start":{"line":338,"column":37},"end":{"line":338,"column":null}},"type":"cond-expr","locations":[{"start":{"line":338,"column":65},"end":{"line":338,"column":74}},{"start":{"line":338,"column":74},"end":{"line":338,"column":null}}]},"15":{"loc":{"start":{"line":341,"column":12},"end":{"line":343,"column":null}},"type":"cond-expr","locations":[{"start":{"line":342,"column":16},"end":{"line":342,"column":null}},{"start":{"line":343,"column":16},"end":{"line":343,"column":null}}]},"16":{"loc":{"start":{"line":346,"column":11},"end":{"line":346,"column":null}},"type":"cond-expr","locations":[{"start":{"line":346,"column":39},"end":{"line":346,"column":49}},{"start":{"line":346,"column":49},"end":{"line":346,"column":null}}]},"17":{"loc":{"start":{"line":399,"column":4},"end":{"line":399,"column":null}},"type":"if","locations":[{"start":{"line":399,"column":4},"end":{"line":399,"column":null}}]},"18":{"loc":{"start":{"line":399,"column":8},"end":{"line":399,"column":41}},"type":"binary-expr","locations":[{"start":{"line":399,"column":8},"end":{"line":399,"column":29}},{"start":{"line":399,"column":29},"end":{"line":399,"column":41}}]},"19":{"loc":{"start":{"line":435,"column":18},"end":{"line":437,"column":null}},"type":"cond-expr","locations":[{"start":{"line":436,"column":22},"end":{"line":436,"column":null}},{"start":{"line":437,"column":22},"end":{"line":437,"column":null}}]},"20":{"loc":{"start":{"line":463,"column":9},"end":{"line":463,"column":null}},"type":"binary-expr","locations":[{"start":{"line":463,"column":9},"end":{"line":463,"column":null}}]},"21":{"loc":{"start":{"line":503,"column":22},"end":{"line":503,"column":null}},"type":"binary-expr","locations":[{"start":{"line":503,"column":22},"end":{"line":503,"column":43}},{"start":{"line":503,"column":43},"end":{"line":503,"column":null}}]},"22":{"loc":{"start":{"line":555,"column":15},"end":{"line":555,"column":32}},"type":"binary-expr","locations":[{"start":{"line":555,"column":15},"end":{"line":555,"column":32}}]},"23":{"loc":{"start":{"line":627,"column":52},"end":{"line":627,"column":null}},"type":"cond-expr","locations":[{"start":{"line":627,"column":80},"end":{"line":627,"column":89}},{"start":{"line":627,"column":89},"end":{"line":627,"column":null}}]},"24":{"loc":{"start":{"line":629,"column":14},"end":{"line":631,"column":null}},"type":"cond-expr","locations":[{"start":{"line":630,"column":18},"end":{"line":630,"column":null}},{"start":{"line":631,"column":18},"end":{"line":631,"column":null}}]},"25":{"loc":{"start":{"line":634,"column":13},"end":{"line":634,"column":null}},"type":"cond-expr","locations":[{"start":{"line":634,"column":41},"end":{"line":634,"column":57}},{"start":{"line":634,"column":57},"end":{"line":634,"column":null}}]}},"s":{"0":0,"1":0,"2":0,"3":0,"4":0,"5":0,"6":0,"7":0,"8":0,"9":0,"10":0,"11":0,"12":0,"13":0,"14":0,"15":0,"16":0,"17":0,"18":0,"19":0,"20":0,"21":0,"22":0,"23":0,"24":0,"25":0,"26":0,"27":0,"28":0,"29":0,"30":0,"31":0,"32":0,"33":0,"34":0,"35":0,"36":0,"37":0,"38":0,"39":0,"40":0,"41":0,"42":0,"43":0,"44":0,"45":0,"46":0,"47":0,"48":0,"49":0,"50":0,"51":0,"52":0,"53":0,"54":0,"55":0,"56":0,"57":0,"58":0,"59":0,"60":0,"61":0,"62":0,"63":0,"64":0,"65":0,"66":0,"67":0,"68":0,"69":0,"70":0,"71":0,"72":0,"73":0,"74":0,"75":0,"76":0,"77":0,"78":0,"79":0,"80":0,"81":0,"82":0,"83":0,"84":0,"85":0,"86":0,"87":0,"88":0,"89":0,"90":0,"91":0,"92":0,"93":0,"94":0,"95":0,"96":0,"97":0,"98":0,"99":0,"100":0,"101":0,"102":0,"103":0},"f":{"0":0,"1":0,"2":0,"3":0,"4":0,"5":0,"6":0,"7":0,"8":0,"9":0,"10":0,"11":0,"12":0,"13":0,"14":0,"15":0,"16":0,"17":0,"18":0,"19":0,"20":0,"21":0,"22":0,"23":0,"24":0,"25":0,"26":0,"27":0,"28":0,"29":0,"30":0,"31":0},"b":{"0":[0],"1":[0],"2":[0,0,0,0,0,0,0],"3":[0,0,0,0],"4":[0],"5":[0],"6":[0,0],"7":[0],"8":[0],"9":[0],"10":[0,0,0,0,0,0,0],"11":[0,0,0,0],"12":[0],"13":[0],"14":[0,0],"15":[0,0],"16":[0,0],"17":[0],"18":[0,0],"19":[0,0],"20":[0],"21":[0,0],"22":[0],"23":[0,0],"24":[0,0],"25":[0,0]}}
,"/Users/nicolasbaranowski/Documents/companyOS/components/workspace/KanbanBoard.tsx": {"path":"/Users/nicolasbaranowski/Documents/companyOS/components/workspace/KanbanBoard.tsx","statementMap":{"0":{"start":{"line":13,"column":13},"end":{"line":13,"column":55}},"1":{"start":{"line":1,"column":32},"end":{"line":1,"column":null}},"2":{"start":{"line":3,"column":27},"end":{"line":3,"column":null}},"3":{"start":{"line":4,"column":35},"end":{"line":4,"column":null}},"4":{"start":{"line":13,"column":55},"end":{"line":134,"column":null}},"5":{"start":{"line":18,"column":42},"end":{"line":18,"column":null}},"6":{"start":{"line":19,"column":40},"end":{"line":19,"column":null}},"7":{"start":{"line":21,"column":26},"end":{"line":23,"column":null}},"8":{"start":{"line":22,"column":4},"end":{"line":22,"column":null}},"9":{"start":{"line":25,"column":24},"end":{"line":27,"column":null}},"10":{"start":{"line":26,"column":4},"end":{"line":26,"column":null}},"11":{"start":{"line":29,"column":21},"end":{"line":52,"column":null}},"12":{"start":{"line":30,"column":4},"end":{"line":30,"column":null}},"13":{"start":{"line":30,"column":22},"end":{"line":30,"column":null}},"14":{"start":{"line":32,"column":4},"end":{"line":51,"column":null}},"15":{"start":{"line":33,"column":25},"end":{"line":49,"column":null}},"16":{"start":{"line":35,"column":8},"end":{"line":40,"column":null}},"17":{"start":{"line":35,"column":32},"end":{"line":35,"column":55}},"18":{"start":{"line":36,"column":10},"end":{"line":39,"column":null}},"19":{"start":{"line":38,"column":41},"end":{"line":38,"column":64}},"20":{"start":{"line":42,"column":8},"end":{"line":47,"column":null}},"21":{"start":{"line":43,"column":10},"end":{"line":46,"column":null}},"22":{"start":{"line":48,"column":8},"end":{"line":48,"column":null}},"23":{"start":{"line":50,"column":6},"end":{"line":50,"column":null}},"24":{"start":{"line":86,"column":12},"end":{"line":87,"column":null}},"25":{"start":{"line":89,"column":33},"end":{"line":89,"column":null}},"26":{"start":{"line":91,"column":16},"end":{"line":91,"column":null}},"27":{"start":{"line":92,"column":16},"end":{"line":94,"column":null}},"28":{"start":{"line":93,"column":18},"end":{"line":93,"column":null}},"29":{"start":{"line":105,"column":18},"end":{"line":106,"column":null}},"30":{"start":{"line":108,"column":39},"end":{"line":108,"column":null}}},"fnMap":{"0":{"name":"(anonymous_4)","decl":{"start":{"line":13,"column":55},"end":{"line":13,"column":56}},"loc":{"start":{"line":17,"column":1},"end":{"line":134,"column":null}}},"1":{"name":"(anonymous_5)","decl":{"start":{"line":21,"column":26},"end":{"line":21,"column":27}},"loc":{"start":{"line":21,"column":27},"end":{"line":23,"column":null}}},"2":{"name":"(anonymous_6)","decl":{"start":{"line":25,"column":24},"end":{"line":25,"column":null}},"loc":{"start":{"line":25,"column":24},"end":{"line":27,"column":null}}},"3":{"name":"(anonymous_7)","decl":{"start":{"line":29,"column":21},"end":{"line":29,"column":22}},"loc":{"start":{"line":29,"column":40},"end":{"line":52,"column":null}}},"4":{"name":"(anonymous_8)","decl":{"start":{"line":32,"column":20},"end":{"line":32,"column":null}},"loc":{"start":{"line":32,"column":20},"end":{"line":51,"column":null}}},"5":{"name":"(anonymous_9)","decl":{"start":{"line":33,"column":34},"end":{"line":33,"column":null}},"loc":{"start":{"line":33,"column":34},"end":{"line":49,"column":null}}},"6":{"name":"(anonymous_10)","decl":{"start":{"line":35,"column":27},"end":{"line":35,"column":32}},"loc":{"start":{"line":35,"column":32},"end":{"line":35,"column":55}}},"7":{"name":"(anonymous_11)","decl":{"start":{"line":38,"column":36},"end":{"line":38,"column":41}},"loc":{"start":{"line":38,"column":41},"end":{"line":38,"column":64}}},"8":{"name":"(anonymous_12)","decl":{"start":{"line":85,"column":28},"end":{"line":85,"column":29}},"loc":{"start":{"line":86,"column":12},"end":{"line":87,"column":null}}},"9":{"name":"(anonymous_13)","decl":{"start":{"line":89,"column":26},"end":{"line":89,"column":27}},"loc":{"start":{"line":89,"column":33},"end":{"line":89,"column":null}}},"10":{"name":"(anonymous_14)","decl":{"start":{"line":90,"column":22},"end":{"line":90,"column":23}},"loc":{"start":{"line":90,"column":23},"end":{"line":95,"column":null}}},"11":{"name":"(anonymous_15)","decl":{"start":{"line":104,"column":34},"end":{"line":104,"column":35}},"loc":{"start":{"line":105,"column":18},"end":{"line":106,"column":null}}},"12":{"name":"(anonymous_16)","decl":{"start":{"line":108,"column":33},"end":{"line":108,"column":39}},"loc":{"start":{"line":108,"column":39},"end":{"line":108,"column":null}}}},"branchMap":{"0":{"loc":{"start":{"line":30,"column":4},"end":{"line":30,"column":null}},"type":"if","locations":[{"start":{"line":30,"column":4},"end":{"line":30,"column":null}}]},"1":{"loc":{"start":{"line":35,"column":8},"end":{"line":40,"column":null}},"type":"if","locations":[{"start":{"line":35,"column":8},"end":{"line":40,"column":null}}]},"2":{"loc":{"start":{"line":42,"column":8},"end":{"line":47,"column":null}},"type":"if","locations":[{"start":{"line":42,"column":8},"end":{"line":47,"column":null}}]},"3":{"loc":{"start":{"line":92,"column":16},"end":{"line":94,"column":null}},"type":"if","locations":[{"start":{"line":92,"column":16},"end":{"line":94,"column":null}}]}},"s":{"0":0,"1":0,"2":0,"3":0,"4":0,"5":0,"6":0,"7":0,"8":0,"9":0,"10":0,"11":0,"12":0,"13":0,"14":0,"15":0,"16":0,"17":0,"18":0,"19":0,"20":0,"21":0,"22":0,"23":0,"24":0,"25":0,"26":0,"27":0,"28":0,"29":0,"30":0},"
[...]
},"20":{"start":{"line":39,"column":31},"end":{"line":39,"column":null}},"21":{"start":{"line":41,"column":6},"end":{"line":43,"column":null}},"22":{"start":{"line":42,"column":8},"end":{"line":42,"column":null}},"23":{"start":{"line":45,"column":6},"end":{"line":45,"column":null}},"24":{"start":{"line":47,"column":6},"end":{"line":47,"column":null}},"25":{"start":{"line":49,"column":6},"end":{"line":49,"column":null}},"26":{"start":{"line":51,"column":9},"end":{"line":68,"column":null}},"27":{"start":{"line":52,"column":4},"end":{"line":64,"column":null}},"28":{"start":{"line":53,"column":30},"end":{"line":53,"column":null}},"29":{"start":{"line":53,"column":59},"end":{"line":53,"column":null}},"30":{"start":{"line":55,"column":6},"end":{"line":57,"column":null}},"31":{"start":{"line":56,"column":8},"end":{"line":56,"column":null}},"32":{"start":{"line":59,"column":28},"end":{"line":59,"column":69}},"33":{"start":{"line":61,"column":6},"end":{"line":61,"column":null}},"34":{"start":{"line":63,"column":6},"end":{"line":63,"column":null}},"35":{"start":{"line":66,"column":4},"end":{"line":66,"column":null}},"36":{"start":{"line":67,"column":4},"end":{"line":67,"column":null}}},"fnMap":{"0":{"name":"handler","decl":{"start":{"line":7,"column":30},"end":{"line":7,"column":38}},"loc":{"start":{"line":7,"column":79},"end":{"line":69,"column":null}}},"1":{"name":"(anonymous_2)","decl":{"start":{"line":12,"column":42},"end":{"line":12,"column":49}},"loc":{"start":{"line":12,"column":49},"end":{"line":12,"column":null}}},"2":{"name":"(anonymous_3)","decl":{"start":{"line":24,"column":52},"end":{"line":24,"column":59}},"loc":{"start":{"line":24,"column":59},"end":{"line":24,"column":null}}},"3":{"name":"(anonymous_4)","decl":{"start":{"line":53,"column":52},"end":{"line":53,"column":59}},"loc":{"start":{"line":53,"column":59},"end":{"line":53,"column":null}}}},"branchMap":{"0":{"loc":{"start":{"line":10,"column":2},"end":{"line":68,"column":null}},"type":"if","locations":[{"start":{"line":10,"column":2},"end":{"line":68,"column":null}},{"start":{"line":22,"column":9},"end":{"line":68,"column":null}}]},"1":{"loc":{"start":{"line":14,"column":6},"end":{"line":16,"column":null}},"type":"if","locations":[{"start":{"line":14,"column":6},"end":{"line":16,"column":null}}]},"2":{"loc":{"start":{"line":22,"column":9},"end":{"line":68,"column":null}},"type":"if","locations":[{"start":{"line":22,"column":9},"end":{"line":68,"column":null}},{"start":{"line":51,"column":9},"end":{"line":68,"column":null}}]},"3":{"loc":{"start":{"line":26,"column":6},"end":{"line":28,"column":null}},"type":"if","locations":[{"start":{"line":26,"column":6},"end":{"line":28,"column":null}}]},"4":{"loc":{"start":{"line":41,"column":6},"end":{"line":43,"column":null}},"type":"if","locations":[{"start":{"line":41,"column":6},"end":{"line":43,"column":null}}]},"5":{"loc":{"start":{"line":51,"column":9},"end":{"line":68,"column":null}},"type":"if","locations":[{"start":{"line":51,"column":9},"end":{"line":68,"column":null}},{"start":{"line":65,"column":9},"end":{"line":68,"column":null}}]},"6":{"loc":{"start":{"line":55,"column":6},"end":{"line":57,"column":null}},"type":"if","locations":[{"start":{"line":55,"column":6},"end":{"line":57,"column":null}}]}},"s":{"0":0,"1":0,"2":0,"3":0,"4":0,"5":0,"6":0,"7":0,"8":0,"9":0,"10":0,"11":0,"12":0,"13":0,"14":0,"15":0,"16":0,"17":0,"18":0,"19":0,"20":0,"21":0,"22":0,"23":0,"24":0,"25":0,"26":0,"27":0,"28":0,"29":0,"30":0,"31":0,"32":0,"33":0,"34":0,"35":0,"36":0},"f":{"0":0,"1":0,"2":0,"3":0},"b":{"0":[0,0],"1":[0],"2":[0,0],"3":[0],"4":[0],"5":[0,0],"6":[0]}}
,"/Users/nicolasbaranowski/Documents/companyOS/pages/api/core-objects/index.ts": {"path":"/Users/nicolasbaranowski/Documents/companyOS/pages/api/core-objects/index.ts","statementMap":{"0":{"start":{"line":7,"column":30},"end":{"line":7,"column":38}},"1":{"start":{"line":2,"column":74},"end":{"line":2,"column":null}},"2":{"start":{"line":5,"column":25},"end":{"line":5,"column":27}},"3":{"start":{"line":8,"column":2},"end":{"line":64,"column":null}},"4":{"start":{"line":9,"column":4},"end":{"line":35,"column":null}},"5":{"start":{"line":10,"column":75},"end":{"line":10,"column":84}},"6":{"start":{"line":12,"column":28},"end":{"line":12,"column":null}},"7":{"start":{"line":15,"column":6},"end":{"line":17,"column":null}},"8":{"start":{"line":16,"column":8},"end":{"line":16,"column":null}},"9":{"start":{"line":16,"column":56},"end":{"line":16,"column":null}},"10":{"start":{"line":18,"column":6},"end":{"line":20,"column":null}},"11":{"start":{"line":19,"column":8},"end":{"line":19,"column":null}},"12":{"start":{"line":19,"column":56},"end":{"line":19,"column":null}},"13":{"start":{"line":21,"column":6},"end":{"line":23,"column":null}},"14":{"start":{"line":22,"column":8},"end":{"line":22,"column":null}},"15":{"start":{"line":22,"column":56},"end":{"line":22,"column":null}},"16":{"start":{"line":24,"column":6},"end":{"line":26,"column":null}},"17":{"start":{"line":25,"column":8},"end":{"line":25,"column":null}},"18":{"start":{"line":25,"column":56},"end":{"line":25,"column":null}},"19":{"start":{"line":27,"column":6},"end":{"line":30,"column":null}},"20":{"start":{"line":28,"column":28},"end":{"line":28,"column":null}},"21":{"start":{"line":29,"column":8},"end":{"line":29,"column":null}},"22":{"start":{"line":29,"column":56},"end":{"line":29,"column":null}},"23":{"start":{"line":32,"column":6},"end":{"line":32,"column":null}},"24":{"start":{"line":34,"column":6},"end":{"line":34,"column":null}},"25":{"start":{"line":36,"column":9},"end":{"line":64,"column":null}},"26":{"start":{"line":37,"column":4},"end":{"line":60,"column":null}},"27":{"start":{"line":38,"column":52},"end":{"line":38,"column":60}},"28":{"start":{"line":41,"column":31},"end":{"line":48,"column":null}},"29":{"start":{"line":50,"column":6},"end":{"line":52,"column":null}},"30":{"start":{"line":51,"column":8},"end":{"line":51,"column":null}},"31":{"start":{"line":54,"column":28},"end":{"line":54,"column":49}},"32":{"start":{"line":55,"column":6},"end":{"line":55,"column":null}},"33":{"start":{"line":57,"column":6},"end":{"line":57,"column":null}},"34":{"start":{"line":59,"column":6},"end":{"line":59,"column":null}},"35":{"start":{"line":62,"column":4},"end":{"line":62,"column":null}},"36":{"start":{"line":63,"column":4},"end":{"line":63,"column":null}}},"fnMap":{"0":{"name":"handler","decl":{"start":{"line":7,"column":30},"end":{"line":7,"column":38}},"loc":{"start":{"line":7,"column":79},"end":{"line":65,"column":null}}},"1":{"name":"(anonymous_2)","decl":{"start":{"line":16,"column":49},"end":{"line":16,"column":56}},"loc":{"start":{"line":16,"column":56},"end":{"line":16,"column":null}}},"2":{"name":"(anonymous_3)","decl":{"start":{"line":19,"column":49},"end":{"line":19,"column":56}},"loc":{"start":{"line":19,"column":56},"end":{"line":19,"column":null}}},"3":{"name":"(anonymous_4)","decl":{"start":{"line":22,"column":49},"end":{"line":22,"column":56}},"loc":{"start":{"line":22,"column":56},"end":{"line":22,"column":null}}},"4":{"name":"(anonymous_5)","decl":{"start":{"line":25,"column":49},"end":{"line":25,"column":56}},"loc":{"start":{"line":25,"column":56},"end":{"line":25,"column":null}}},"5":{"name":"(anonymous_6)","decl":{"start":{"line":29,"column":49},"end":{"line":29,"column":56}},"loc":{"start":{"line":29,"column":56},"end":{"line":29,"column":null}}}},"branchMap":{"0":{"loc":{"start":{"line":8,"column":2},"end":{"line":64,"column":null}},"type":"if","locations":[{"start":{"line":8,"column":2},"end":{"line":64,"column":null}},{"start":{"line":36,"column":9},"end":{"line":64,"column":null}}]},"1":{"loc":{"start":{"line":15,"column":6},"end":{"line":17,"column":null}},"type":"if","locations":[{"start":{"line":15,"column":6},"end":{"line":17,"column":null}}]},"2":{"loc":{"start":{"line":18,"column":6},"end":{"line":20,"column":null}},"type":"if","locations":[{"start":{"line":18,"column":6},"end":{"line":20,"column":null}}]},"3":{"loc":{"start":{"line":21,"column":6},"end":{"line":23,"column":null}},"type":"if","locations":[{"start":{"line":21,"column":6},"end":{"line":23,"column":null}}]},"4":{"loc":{"start":{"line":24,"column":6},"end":{"line":26,"column":null}},"type":"if","locations":[{"start":{"line":24,"column":6},"end":{"line":26,"column":null}}]},"5":{"loc":{"start":{"line":27,"column":6},"end":{"line":30,"column":null}},"type":"if","locations":[{"start":{"line":27,"column":6},"end":{"line":30,"column":null}}]},"6":{"loc":{"start":{"line":28,"column":28},"end":{"line":28,"column":null}},"type":"cond-expr","locations":[{"start":{"line":28,"column":52},"end":{"line":28,"column":61}},{"start":{"line":28,"column":61},"end":{"line":28,"column":null}}]},"7":{"loc":{"start":{"line":36,"column":9},"end":{"line":64,"column":null}},"type":"if","locations":[{"start":{"line":36,"column":9},"end":{"line":64,"column":null}},{"start":{"line":61,"column":9},"end":{"line":64,"column":null}}]},"8":{"loc":{"start":{"line":44,"column":16},"end":{"line":44,"column":null}},"type":"binary-expr","locations":[{"start":{"line":44,"column":16},"end":{"line":44,"column":37}},{"start":{"line":44,"column":41},"end":{"line":44,"column":null}}]},"9":{"loc":{"start":{"line":50,"column":6},"end":{"line":52,"column":null}},"type":"if","locations":[{"start":{"line":50,"column":6},"end":{"line":52,"column":null}}]}},"s":{"0":0,"1":0,"2":0,"3":0,"4":0,"5":0,"6":0,"7":0,"8":0,"9":0,"10":0,"11":0,"12":0,"13":0,"14":0,"15":0,"16":0,"17":0,"18":0,"19":0,"20":0,"21":0,"22":0,"23":0,"24":0,"25":0,"26":0,"27":0,"28":0,"29":0,"30":0,"31":0,"32":0,"33":0,"34":0,"35":0,"36":0},"f":{"0":0,"1":0,"2":0,"3":0,"4":0,"5":0},"b":{"0":[0,0],"1":[0],"2":[0],"3":[0],"4":[0],"5":[0],"6":[0,0],"7":[0,0],"8":[0,0],"9":[0]}}
,"/Users/nicolasbaranowski/Documents/companyOS/pages/api/phases/[id].ts": {"path":"/Users/nicolasbaranowski/Documents/companyOS/pages/api/phases/[id].ts","statementMap":{"0":{"start":{"line":9,"column":30},"end":{"line":9,"column":38}},"1":{"start":{"line":2,"column":18},"end":{"line":2,"column":null}},"2":{"start":{"line":4,"column":23},"end":{"line":4,"column":null}},"3":{"start":{"line":5,"column":28},"end":{"line":5,"column":null}},"4":{"start":{"line":7,"column":26},"end":{"line":7,"column":null}},"5":{"start":{"line":10,"column":2},"end":{"line":31,"column":null}},"6":{"start":{"line":11,"column":19},"end":{"line":11,"column":28}},"7":{"start":{"line":13,"column":4},"end":{"line":15,"column":null}},"8":{"start":{"line":14,"column":6},"end":{"line":14,"column":null}},"9":{"start":{"line":17,"column":4},"end":{"line":27,"column":null}},"10":{"start":{"line":19,"column":8},"end":{"line":19,"column":null}},"11":{"start":{"line":21,"column":8},"end":{"line":21,"column":null}},"12":{"start":{"line":23,"column":8},"end":{"line":23,"column":null}},"13":{"start":{"line":25,"column":8},"end":{"line":25,"column":null}},"14":{"start":{"line":26,"column":8},"end":{"line":26,"column":null}},"15":{"start":{"line":29,"column":4},"end":{"line":29,"column":null}},"16":{"start":{"line":30,"column":4},"end":{"line":30,"column":null}},"17":{"start":{"line":35,"column":16},"end":{"line":35,"column":null}},"18":{"start":{"line":35,"column":33},"end":{"line":35,"column":null}},"19":{"start":{"line":37,"column":2},"end":{"line":39,"column":null}},"20":{"start":{"line":38,"column":4},"end":{"line":38,"column":null}},"21":{"start":{"line":41,"column":2},"end":{"line":41,"column":null}},"22":{"start":{"line":45,"column":2},"end":{"line":71,"column":null}},"23":{"start":{"line":46,"column":23},"end":{"line":46,"column":null}},"24":{"start":{"line":46,"column":45},"end":{"line":46,"column":null}},"25":{"start":{"line":48,"column":4},"end":{"line":50,"column":null}},"26":{"start":{"line":49,"column":6},"end":{"line":49,"column":null}},"27":{"start":{"line":52,"column":26},"end":{"line":52,"column":null}},"28":{"start":{"line":54,"column":25},"end":{"line":58,"column":null}},"29":{"start":{"line":60,"column":4},"end":{"line":60,"column":null}},"30":{"start":{"line":62,"column":4},"end":{"line":62,"column":null}},"31":{"start":{"line":64,"column":4},"end":{"line":69,"column":null}},"32":{"start":{"line":65,"column":6},"end":{"line":68,"column":null}},"33":{"start":{"line":70,"column":4},"end":{"line":70,"column":null}},"34":{"start":{"line":75,"column":21},"end":{"line":75,"column":null}},"35":{"start":{"line":75,"column":43},"end":{"line":75,"column":null}},"36":{"start":{"line":77,"column":2},"end":{"line":79,"column":null}},"37":{"start":{"line":78,"column":4},"end":{"line":78,"column":null}},"38":{"start":{"line":81,"column":23},"end":{"line":81,"column":41}},"39":{"start":{"line":82,"column":2},"end":{"line":82,"column":null}},"40":{"start":{"line":84,"column":2},"end":{"line":84,"column":null}}},"fnMap":{"0":{"name":"handler","decl":{"start":{"line":9,"column":30},"end":{"line":9,"column":38}},"loc":{"start":{"line":9,"column":79},"end":{"line":32,"column":null}}},"1":{"name":"handleGet","decl":{"start":{"line":34,"column":15},"end":{"line":34,"column":25}},"loc":{"start":{"line":34,"column":57},"end":{"line":42,"column":null}}},"2":{"name":"(anonymous_3)","decl":{"start":{"line":35,"column":28},"end":{"line":35,"column":33}},"loc":{"start":{"line":35,"column":33},"end":{"line":35,"column":null}}},"3":{"name":"handlePut","decl":{"start":{"line":44,"column":15},"end":{"line":44,"column":25}},"loc":{"start":{"line":44,"column":78},"end":{"line":72,"column":null}}},"4":{"name":"(anonymous_5)","decl":{"start":{"line":46,"column":40},"end":{"line":46,"column":45}},"loc":{"start":{"line":46,"column":45},"end":{"line":46,"column":null}}},"5":{"name":"handleDelete","decl":{"start":{"line":74,"column":15},"end":{"line":74,"column":28}},"loc":{"start":{"line":74,"column":60},"end":{"line":85,"column":null}}},"6":{"name":"(anonymous_7)","decl":{"start":{"line":75,"column":38},"end":{"line":75,"column":43}},"loc":{"start":{"line":75,"column":43},"end":{"line":75,"column":null}}}},"branchMap":{"0":{"loc":{"start":{"line":13,"column":4},"end":{"line":15,"column":null}},"type":"if","locations":[{"start":{"line":13,"column":4},"end":{"line":15,"column":null}}]},"1":{"loc":{"start":{"line":13,"column":8},"end":{"line":13,"column":39}},"type":"binary-expr","locations":[{"start":{"line":13,"column":8},"end":{"line":13,"column":15}},{"start":{"line":13,"column":15},"end":{"line":13,"column":39}}]},"2":{"loc":{"start":{"line":17,"column":4},"end":{"line":27,"column":null}},"type":"switch","locations":[{"start":{"line":18,"column":6},"end":{"line":19,"column":null}},{"start":{"line":20,"column":6},"end":{"line":21,"column":null}},{"start":{"line":22,"column":6},"end":{"line":23,"column":null}},{"start":{"line":24,"column":6},"end":{"line":26,"column":null}}]},"3":{"loc":{"start":{"line":37,"column":2},"end":{"line":39,"column":null}},"type":"if","locations":[{"start":{"line":37,"column":2},"end":{"line":39,"column":null}}]},"4":{"loc":{"start":{"line":48,"column":4},"end":{"line":50,"column":null}},"type":"if","locations":[{"start":{"line":48,"column":4},"end":{"line":50,"column":null}}]},"5":{"loc":{"start":{"line":64,"column":4},"end":{"line":69,"column":null}},"type":"if","locations":[{"start":{"line":64,"column":4},"end":{"line":69,"column":null}}]},"6":{"loc":{"start":{"line":77,"column":2},"end":{"line":79,"column":null}},"type":"if","locations":[{"start":{"line":77,"column":2},"end":{"line":79,"column":null}}]}},"s":{"0":6,"1":1,"2":1,"3":1,"4":1,"5":6,"6":6,"7":6,"8":2,"9":4,"10":1,"11":1,"12":1,"13":1,"14":1,"15":0,"16":0,"17":1,"18":0,"19":1,"20":1,"21":0,"22":1,"23":1,"24":0,"25":1,"26":1,"27":0,"28":0,"29":0,"30":0,"31":0,"32":0,"33":0,"34":1,"35":0,"36":1,"37":1,"38":0,"39":0,"40":0},"f":{"0":6,"1":1,"2":0,"3":1,"4":0,"5":1,"6":0},"b":{"0":[2],"1":[6,4],"2":[1,1,1,1],"3":[1],"4":[1],"5":[0],"6":[1]}}
,"/Users/nicolasbaranowski/Documents/companyOS/pages/api/phases/index.ts": {"path":"/Users/nicolasbaranowski/Documents/companyOS/pages/api/phases/index.ts","statementMap":{"0":{"start":{"line":7,"column":30},"end":{"line":7,"column":38}},"1":{"start":{"line":2,"column":40},"end":{"line":2,"column":null}},"2":{"start":{"line":5,"column":20},"end":{"line":5,"column":22}},"3":{"start":{"line":8,"column":2},"end":{"line":55,"column":null}},"4":{"start":{"line":9,"column":4},"end":{"line":28,"column":null}},"5":{"start":{"line":10,"column":39},"end":{"line":10,"column":48}},"6":{"start":{"line":12,"column":27},"end":{"line":12,"column":null}},"7":{"start":{"line":15,"column":6},"end":{"line":17,"column":null}},"8":{"start":{"line":16,"column":8},"end":{"line":16,"column":null}},"9":{"start":{"line":16,"column":56},"end":{"line":16,"column":null}},"10":{"start":{"line":18,"column":6},"end":{"line":20,"column":null}},"11":{"start":{"line":19,"column":8},"end":{"line":19,"column":null}},"12":{"start":{"line":19,"column":56},"end":{"line":19,"column":null}},"13":{"start":{"line":23,"column":6},"end":{"line":23,"column":null}},"14":{"start":{"line":23,"column":36},"end":{"line":23,"column":53}},"15":{"start":{"line":25,"column":6},"end":{"line":25,"column":null}},"16":{"start":{"line":27,"column":6},"end":{"line":27,"column":null}},"17":{"start":{"line":29,"column":9},"end":{"line":55,"column":null}},"18":{"start":{"line":30,"column":4},"end":{"line":51,"column":null}},"19":{"start":{"line":31,"column":36},"end":{"line":31,"column":44}},"20":{"start":{"line":34,"column":31},"end":{"line":39,"column":null}},"21":{"start":{"line":41,"column":6},"end":{"line":43,"column":null}},"22":{"start":{"line":42,"column":8},"end":{"line":42,"column":null}},"23":{"start":{"line":45,"column":23},"end":{"line":45,"column":44}},"24":{"start":{"line":46,"column":6},"end":{"line":46,"column":null}},"25":{"start":{"line":48,"column":6},"end":{"line":48,"column":null}},"26":{"start":{"line":50,"column":6},"end":{"line":50,"column":null}},"27":{"start":{"line":53,"column":4},"end":{"line":53,"column":null}},"28":{"start":{"line":54,"column":4},"end":{"line":54,"column":null}}},"fnMap":{"0":{"name":"handler","decl":{"start":{"line":7,"column":30},"end":{"line":7,"column":38}},"loc":{"start":{"line":7,"column":79},"end":{"line":56,"column":null}}},"1":{"name":"(anonymous_2)","decl":{"start":{"line":16,"column":47},"end":{"line":16,"column":56}},"loc":{"start":{"line":16,"column":56},"end":{"line":16,"column":null}}},"2":{"name":"(anonymous_3)","decl":{"start":{"line":19,"column":47},"end":{"line":19,"column":56}},"loc":{"start":{"line":19,"column":56},"end":{"line":19,"column":null}}},"3":{"name":"(anonymous_4)","decl":{"start":{"line":23,"column":26},"end":{"line":23,"column":27}},"loc":{"start":{"line":23,"column":36},"end":{"line":23,"column":53}}}},"branchMap":{"0":{"loc":{"start":{"line":8,"column":2},"end":{"line":55,"column":null}},"type":"if","locations":[{"start":{"line":8,"column":2},"end":{"line":55,"column":null}},{"start":{"line":29,"column":9},"end":{"line":55,"column":null}}]},"1":{"loc":{"start":{"line":15,"column":6},"end":{"line":17,"column":null}},"type":"if","locations":[{"start":{"line":15,"column":6},"end":{"line":17,"column":null}}]},"2":{"loc":{"start":{"line":18,"column":6},"end":{"line":20,"column":null}},"type":"if","locations":[{"start":{"line":18,"column":6},"end":{"line":20,"column":null}}]},"3":{"loc":{"start":{"line":29,"column":9},"end":{"line":55,"column":null}},"type":"if","locations":[{"start":{"line":29,"column":9},"end":{"line":55,"column":null}},{"start":{"line":52,"column":9},"end":{"line":55,"column":null}}]},"4":{"loc":{"start":{"line":41,"column":6},"end":{"line":43,"column":null}},"type":"if","locations":[{"start":{"line":41,"column":6},"end":{"line":43,"column":null}}]}},"s":{"0":7,"1":1,"2":1,"3":7,"4":2,"5":2,"6":2,"7":2,"8":0,"9":0,"10":2,"11":0,"12":0,"13":2,"14":0,"15":2,"16":0,"17":5,"18":4,"19":4,"20":4,"21":4,"22":4,"23":0,"24":0,"25":0,"26":0,"27":1,"28":1},"f":{"0":7,"1":0,"2":0,"3":0},"b":{"0":[2,5],"1":[0],"2":[0],"3":[4,1],"4":[4]}}
}
