TN:
SF:components/AgentPanel.stories.tsx
FNF:0
FNH:0
DA:3,0
DA:5,0
DA:20,0
DA:23,0
DA:27,0
DA:33,0
DA:39,0
LF:7
LH:0
BRF:0
BRH:0
end_of_record
TN:
SF:components/AgentPanel.tsx
FN:24,(anonymous_4)
FN:30,(anonymous_5)
FN:33,(anonymous_6)
FN:36,(anonymous_7)
FN:104,(anonymous_8)
FN:119,(anonymous_9)
FN:134,(anonymous_10)
FN:140,(anonymous_11)
FN:149,(anonymous_12)
FN:157,(anonymous_13)
FN:196,(anonymous_14)
FN:204,(anonymous_15)
FN:229,(anonymous_16)
FN:238,(anonymous_17)
FN:302,(anonymous_18)
FNF:15
FNH:0
FNDA:0,(anonymous_4)
FNDA:0,(anonymous_5)
FNDA:0,(anonymous_6)
FNDA:0,(anonymous_7)
FNDA:0,(anonymous_8)
FNDA:0,(anonymous_9)
FNDA:0,(anonymous_10)
FNDA:0,(anonymous_11)
FNDA:0,(anonymous_12)
FNDA:0,(anonymous_13)
FNDA:0,(anonymous_14)
FNDA:0,(anonymous_15)
FNDA:0,(anonymous_16)
FNDA:0,(anonymous_17)
FNDA:0,(anonymous_18)
DA:1,0
DA:24,0
DA:25,0
DA:26,0
DA:27,0
DA:28,0
DA:30,0
DA:31,0
DA:32,0
DA:33,0
DA:36,0
DA:37,0
DA:39,0
DA:96,0
DA:97,0
DA:99,0
DA:100,0
DA:104,0
DA:105,0
DA:107,0
DA:109,0
DA:111,0
DA:113,0
DA:115,0
DA:119,0
DA:120,0
DA:122,0
DA:124,0
DA:126,0
DA:128,0
DA:130,0
DA:134,0
DA:135,0
DA:137,0
DA:140,0
DA:143,0
DA:145,0
DA:149,0
DA:151,0
DA:158,0
DA:166,0
DA:197,0
DA:204,0
DA:230,0
DA:231,0
DA:239,0
DA:240,0
DA:303,0
DA:342,0
LF:49
LH:0
BRDA:24,0,0,0
BRDA:105,1,0,0
BRDA:105,1,1,0
BRDA:105,1,2,0
BRDA:105,1,3,0
BRDA:105,1,4,0
BRDA:120,2,0,0
BRDA:120,2,1,0
BRDA:120,2,2,0
BRDA:120,2,3,0
BRDA:120,2,4,0
BRDA:151,3,0,0
BRDA:166,4,0,0
BRDA:200,5,0,0
BRDA:200,5,1,0
BRDA:257,6,0,0
BRDA:281,7,0,0
BRDA:281,7,1,0
BRDA:282,8,0,0
BRDA:282,8,1,0
BRDA:310,9,0,0
BRDA:310,9,1,0
BRDA:312,10,0,0
BRDA:312,10,1,0
BRF:24
BRH:0
end_of_record
TN:
SF:components/Button.stories.tsx
FNF:0
FNH:0
DA:3,0
DA:5,0
DA:24,0
DA:27,0
DA:35,0
DA:43,0
DA:51,0
LF:7
LH:0
BRF:0
BRH:0
end_of_record
TN:
SF:components/Button.tsx
FNF:0
FNH:0
DA:1,0
DA:3,0
DA:7,0
LF:3
LH:0
BRF:0
BRH:0
end_of_record
TN:
SF:components/InviteScreen.stories.tsx
FNF:0
FNH:0
DA:3,0
DA:5,0
DA:28,0
DA:31,0
DA:35,0
DA:41,0
DA:47,0
LF:7
LH:0
BRF:0
BRH:0
end_of_record
TN:
SF:components/InviteScreen.tsx
FN:9,(anonymous_2)
FNF:1
FNH:0
FNDA:0,(anonymous_2)
DA:1,0
DA:9,0
DA:24,0
LF:3
LH:0
BRF:0
BRH:0
end_of_record
TN:
SF:components/KanbanBoard.stories.tsx
FNF:0
FNH:0
DA:3,0
DA:5,0
DA:20,0
DA:23,0
DA:56,0
DA:62,0
DA:68,0
DA:99,0
DA:124,0
DA:161,0
LF:10
LH:0
BRF:0
BRH:0
end_of_record
TN:
SF:components/KanbanBoard.tsx
FN:14,(anonymous_4)
FN:23,(anonymous_5)
FN:24,(anonymous_6)
FN:29,(anonymous_7)
FN:38,(anonymous_8)
FNF:5
FNH:0
FNDA:0,(anonymous_4)
FNDA:0,(anonymous_5)
FNDA:0,(anonymous_6)
FNDA:0,(anonymous_7)
FNDA:0,(anonymous_8)
DA:1,0
DA:14,0
DA:15,0
DA:17,0
DA:23,0
DA:24,0
DA:30,0
DA:39,0
LF:8
LH:0
BRDA:14,0,0,0
BRF:1
BRH:0
end_of_record
TN:
SF:components/LoginForm.stories.tsx
FNF:0
FNH:0
DA:4,0
DA:6,0
DA:19,0
DA:22,0
DA:26,0
DA:32,0
DA:38,0
LF:7
LH:0
BRF:0
BRH:0
end_of_record
TN:
SF:components/LoginForm.tsx
FN:10,(anonymous_4)
FN:14,(anonymous_5)
FN:22,(anonymous_6)
FN:64,(anonymous_7)
FNF:4
FNH:0
FNDA:0,(anonymous_4)
FNDA:0,(anonymous_5)
FNDA:0,(anonymous_6)
FNDA:0,(anonymous_7)
DA:1,0
DA:10,0
DA:11,0
DA:12,0
DA:14,0
DA:15,0
DA:16,0
DA:17,0
DA:18,0
DA:22,0
DA:23,0
DA:24,0
DA:28,0
DA:64,0
DA:117,0
LF:15
LH:0
BRDA:16,0,0,0
BRDA:23,1,0,0
BRDA:28,2,0,0
BRDA:77,3,0,0
BRDA:77,3,1,0
BRDA:108,4,0,0
BRF:6
BRH:0
end_of_record
TN:
SF:components/MetaBoxCard.stories.tsx
FNF:0
FNH:0
DA:3,0
DA:5,0
DA:37,0
DA:41,0
DA:54,0
DA:119,0
DA:135,0
DA:151,0
DA:164,0
DA:177,0
DA:202,0
DA:227,0
DA:243,0
LF:13
LH:0
BRF:0
BRH:0
end_of_record
TN:
SF:components/MetaBoxCard.tsx
FN:18,(anonymous_2)
FNF:1
FNH:0
FNDA:0,(anonymous_2)
DA:1,0
DA:2,0
DA:3,0
DA:18,0
DA:77,0
LF:5
LH:0
BRF:0
BRH:0
end_of_record
TN:
SF:components/Modal.stories.tsx
FN:32,(anonymous_5)
FNF:1
FNH:0
FNDA:0,(anonymous_5)
DA:4,0
DA:6,0
DA:24,0
DA:27,0
DA:32,0
DA:36,0
LF:6
LH:0
BRF:0
BRH:0
end_of_record
TN:
SF:components/Modal.tsx
FN:12,(anonymous_2)
FNF:1
FNH:0
FNDA:0,(anonymous_2)
DA:1,0
DA:2,0
DA:12,0
DA:19,0
DA:76,0
LF:5
LH:0
BRDA:17,0,0,0
BRDA:27,1,0,0
BRF:2
BRH:0
end_of_record
TN:
SF:components/SessionList.stories.tsx
FN:95,(anonymous_9)
FNF:1
FNH:0
FNDA:0,(anonymous_9)
DA:4,0
DA:6,0
DA:18,0
DA:21,0
DA:46,0
DA:52,0
DA:59,0
DA:66,0
DA:79,0
DA:96,0
LF:10
LH:0
BRF:0
BRH:0
end_of_record
TN:
SF:components/SessionList.tsx
FN:17,(anonymous_2)
FN:22,(anonymous_3)
FN:29,(anonymous_4)
FNF:3
FNH:0
FNDA:0,(anonymous_2)
FNDA:0,(anonymous_3)
FNDA:0,(anonymous_4)
DA:1,0
DA:17,0
DA:23,0
DA:29,0
DA:41,0
LF:5
LH:0
BRDA:26,0,0,0
BRDA:29,1,0,0
BRDA:29,1,1,0
BRF:3
BRH:0
end_of_record
TN:
SF:components/landing/DemoCTA.stories.tsx
FN:44,(anonymous_9)
FNF:1
FNH:0
FNDA:0,(anonymous_9)
DA:2,0
DA:4,0
DA:18,0
DA:21,0
DA:23,0
DA:31,0
DA:37,0
DA:43,0
DA:45,0
DA:46,0
DA:50,0
LF:11
LH:0
BRDA:46,0,0,0
BRF:1
BRH:0
end_of_record
TN:
SF:components/landing/DemoCTA.tsx
FN:6,(anonymous_2)
FNF:1
FNH:0
FNDA:0,(anonymous_2)
DA:1,0
DA:2,0
DA:3,0
DA:4,0
DA:6,0
DA:54,0
LF:6
LH:0
BRF:0
BRH:0
end_of_record
TN:
SF:components/landing/Footer.stories.tsx
FN:44,(anonymous_9)
FNF:1
FNH:0
FNDA:0,(anonymous_9)
DA:2,0
DA:4,0
DA:18,0
DA:21,0
DA:23,0
DA:31,0
DA:37,0
DA:43,0
DA:45,0
DA:46,0
DA:50,0
LF:11
LH:0
BRDA:46,0,0,0
BRF:1
BRH:0
end_of_record
TN:
SF:components/landing/Footer.tsx
FN:5,(anonymous_2)
FN:56,(anonymous_3)
FN:73,(anonymous_4)
FN:90,(anonymous_5)
FN:107,(anonymous_6)
FN:124,(anonymous_7)
FNF:6
FNH:0
FNDA:0,(anonymous_2)
FNDA:0,(anonymous_3)
FNDA:0,(anonymous_4)
FNDA:0,(anonymous_5)
FNDA:0,(anonymous_6)
FNDA:0,(anonymous_7)
DA:1,0
DA:2,0
DA:3,0
DA:5,0
DA:6,0
DA:8,0
DA:35,0
DA:57,0
DA:74,0
DA:91,0
DA:108,0
DA:125,0
DA:152,0
LF:13
LH:0
BRF:0
BRH:0
end_of_record
TN:
SF:components/landing/Header.stories.tsx
FNF:0
FNH:0
DA:2,0
DA:4,0
DA:18,0
DA:21,0
DA:23,0
LF:5
LH:0
BRF:0
BRH:0
end_of_record
TN:
SF:components/landing/Header.tsx
FN:7,(anonymous_5)
FN:27,(anonymous_6)
FN:46,(anonymous_7)
FN:60,(anonymous_8)
FN:65,(anonymous_9)
FNF:5
FNH:0
FNDA:0,(anonymous_5)
FNDA:0,(anonymous_6)
FNDA:0,(anonymous_7)
FNDA:0,(anonymous_8)
FNDA:0,(anonymous_9)
DA:1,0
DA:2,0
DA:3,0
DA:4,0
DA:5,0
DA:7,0
DA:8,0
DA:10,0
DA:28,0
DA:46,0
DA:61,0
DA:65,0
DA:81,0
LF:13
LH:0
BRDA:47,0,0,0
BRDA:53,1,0,0
BRF:2
BRH:0
end_of_record
TN:
SF:components/landing/Hero.stories.tsx
FN:44,(anonymous_9)
FNF:1
FNH:0
FNDA:0,(anonymous_9)
DA:2,0
DA:4,0
DA:18,0
DA:21,0
DA:23,0
DA:31,0
DA:37,0
DA:43,0
DA:45,0
DA:46,0
DA:50,0
LF:11
LH:0
BRDA:46,0,0,0
BRF:1
BRH:0
end_of_record
TN:
SF:components/landing/Hero.tsx
FN:6,(anonymous_2)
FNF:1
FNH:0
FNDA:0,(anonymous_2)
DA:1,0
DA:2,0
DA:3,0
DA:4,0
DA:6,0
DA:56,0
LF:6
LH:0
BRF:0
BRH:0
end_of_record
TN:
SF:components/landing/IntegrationGrid.stories.tsx
FN:44,(anonymous_9)
FNF:1
FNH:0
FNDA:0,(anonymous_9)
DA:2,0
DA:4,0
DA:18,0
DA:21,0
DA:23,0
DA:31,0
DA:37,0
DA:43,0
DA:45,0
DA:46,0
DA:50,0
LF:11
LH:0
BRDA:46,0,0,0
BRF:1
BRH:0
end_of_record
TN:
SF:components/landing/IntegrationGrid.tsx
FN:19,(anonymous_2)
FN:39,(anonymous_3)
FNF:2
FNH:0
FNDA:0,(anonymous_2)
FNDA:0,(anonymous_3)
DA:1,0
DA:2,0
DA:4,0
DA:19,0
DA:40,0
DA:62,0
LF:6
LH:0
BRF:0
BRH:0
end_of_record
TN:
SF:components/landing/PersonaCards.stories.tsx
FN:44,(anonymous_9)
FNF:1
FNH:0
FNDA:0,(anonymous_9)
DA:2,0
DA:4,0
DA:18,0
DA:21,0
DA:23,0
DA:31,0
DA:37,0
DA:43,0
DA:45,0
DA:46,0
DA:50,0
LF:11
LH:0
BRDA:46,0,0,0
BRF:1
BRH:0
end_of_record
TN:
SF:components/landing/PersonaCards.tsx
FN:40,(anonymous_2)
FN:53,(anonymous_3)
FNF:2
FNH:0
FNDA:0,(anonymous_2)
FNDA:0,(anonymous_3)
DA:1,0
DA:2,0
DA:3,0
DA:4,0
DA:5,0
DA:7,0
DA:40,0
DA:54,0
DA:94,0
LF:9
LH:0
BRF:0
BRH:0
end_of_record
TN:
SF:components/landing/Testimonials.stories.tsx
FN:44,(anonymous_9)
FNF:1
FNH:0
FNDA:0,(anonymous_9)
DA:2,0
DA:4,0
DA:18,0
DA:21,0
DA:23,0
DA:31,0
DA:37,0
DA:43,0
DA:45,0
DA:46,0
DA:50,0
LF:11
LH:0
BRDA:46,0,0,0
BRF:1
BRH:0
end_of_record
TN:
SF:components/landing/Testimonials.tsx
FN:30,(anonymous_2)
FN:44,(anonymous_3)
FN:60,(anonymous_4)
FNF:3
FNH:0
FNDA:0,(anonymous_2)
FNDA:0,(anonymous_3)
FNDA:0,(anonymous_4)
DA:1,0
DA:2,0
DA:3,0
DA:4,0
DA:6,0
DA:15,0
DA:30,0
DA:45,0
DA:61,0
DA:99,0
LF:10
LH:0
BRF:0
BRH:0
end_of_record
TN:
SF:components/landing/ValuePropCards.stories.tsx
FN:44,(anonymous_9)
FNF:1
FNH:0
FNDA:0,(anonymous_9)
DA:2,0
DA:4,0
DA:18,0
DA:21,0
DA:23,0
DA:31,0
DA:37,0
DA:43,0
DA:45,0
DA:46,0
DA:50,0
LF:11
LH:0
BRDA:46,0,0,0
BRF:1
BRH:0
end_of_record
TN:
SF:components/landing/ValuePropCards.tsx
FN:34,(anonymous_2)
FN:47,(anonymous_3)
FNF:2
FNH:0
FNDA:0,(anonymous_2)
FNDA:0,(anonymous_3)
DA:1,0
DA:2,0
DA:3,0
DA:4,0
DA:5,0
DA:7,0
DA:34,0
DA:48,0
DA:88,0
LF:9
LH:0
BRF:0
BRH:0
end_of_record
TN:
SF:components/landing/WhatSetsCmdctrApart.stories.tsx
FN:44,(anonymous_9)
FNF:1
FNH:0
FNDA:0,(anonymous_9)
DA:2,0
DA:4,0
DA:18,0
DA:21,0
DA:23,0
DA:31,0
DA:37,0
DA:43,0
DA:45,0
DA:46,0
DA:50,0
LF:11
LH:0
BRDA:46,0,0,0
BRF:1
BRH:0
end_of_record
TN:
SF:components/landing/WhatSetsCmdctrApart.tsx
FN:35,(anonymous_2)
FN:48,(anonymous_3)
FNF:2
FNH:0
FNDA:0,(anonymous_2)
FNDA:0,(anonymous_3)
DA:1,0
DA:2,0
DA:3,0
DA:4,0
DA:7,0
DA:35,0
DA:49,0
DA:80,0
LF:8
LH:0
BRDA:63,0,0,0
BRF:1
BRH:0
end_of_record
TN:
SF:components/layout/AppLayout.stories.tsx
FNF:0
FNH:0
DA:4,0
DA:6,0
DA:15,0
DA:18,0
DA:29,0
DA:89,0
DA:137,0
LF:7
LH:0
BRF:0
BRH:0
end_of_record
TN:
SF:components/layout/AppLayout.tsx
FN:9,(anonymous_2)
FNF:1
FNH:0
FNDA:0,(anonymous_2)
DA:1,0
DA:3,0
DA:9,0
DA:20,0
LF:4
LH:0
BRF:0
BRH:0
end_of_record
TN:
SF:components/layout/Sidebar.stories.tsx
FNF:0
FNH:0
DA:4,0
DA:6,0
DA:22,0
DA:25,0
DA:29,0
DA:45,0
DA:57,0
LF:7
LH:0
BRF:0
BRH:0
end_of_record
TN:
SF:components/layout/Sidebar.tsx
FN:5,(anonymous_2)
FN:23,(anonymous_3)
FNF:2
FNH:0
FNDA:0,(anonymous_2)
FNDA:0,(anonymous_3)
DA:1,0
DA:2,0
DA:3,0
DA:5,0
DA:6,0
DA:8,0
DA:24,0
DA:25,0
DA:73,0
LF:9
LH:0
BRDA:30,0,0,0
BRDA:30,0,1,0
BRDA:34,1,0,0
BRDA:34,1,1,0
BRDA:41,2,0,0
BRDA:41,2,1,0
BRF:6
BRH:0
end_of_record
TN:
SF:components/metabox/CoreObjectCard.stories.tsx
FNF:0
FNH:0
DA:3,0
DA:6,0
DA:18,0
DA:21,0
DA:32,0
DA:38,0
DA:49,0
DA:60,0
DA:71,0
LF:9
LH:0
BRF:0
BRH:0
end_of_record
TN:
SF:components/metabox/CoreObjectCard.tsx
FN:16,(anonymous_2)
FN:26,(anonymous_3)
FN:36,(anonymous_4)
FN:119,(anonymous_5)
FNF:4
FNH:0
FNDA:0,(anonymous_2)
FNDA:0,(anonymous_3)
FNDA:0,(anonymous_4)
FNDA:0,(anonymous_5)
DA:1,0
DA:16,0
DA:26,0
DA:27,0
DA:28,0
DA:29,0
DA:30,0
DA:31,0
DA:32,0
DA:36,0
DA:37,0
DA:38,0
DA:39,0
DA:40,0
DA:41,0
DA:42,0
DA:120,0
LF:17
LH:0
BRDA:27,0,0,0
BRDA:27,0,1,0
BRDA:27,0,2,0
BRDA:27,0,3,0
BRDA:27,0,4,0
BRDA:37,1,0,0
BRDA:37,1,1,0
BRDA:37,1,2,0
BRDA:37,1,3,0
BRDA:37,1,4,0
BRDA:49,2,0,0
BRDA:49,2,1,0
BRDA:50,3,0,0
BRDA:50,3,1,0
BRDA:55,4,0,0
BRDA:55,4,1,0
BRDA:69,5,0,0
BRDA:95,6,0,0
BRDA:115,7,0,0
BRF:19
BRH:0
end_of_record
TN:
SF:components/metabox/MetaBoxCoreObjectCard.tsx
FN:23,(anonymous_2)
FN:30,(anonymous_3)
FN:49,(anonymous_4)
FN:62,(anonymous_5)
FN:64,(anonymous_6)
FN:117,(anonymous_7)
FN:150,(anonymous_8)
FNF:7
FNH:0
FNDA:0,(anonymous_2)
FNDA:0,(anonymous_3)
FNDA:0,(anonymous_4)
FNDA:0,(anonymous_5)
FNDA:0,(anonymous_6)
FNDA:0,(anonymous_7)
FNDA:0,(anonymous_8)
DA:1,0
DA:23,0
DA:30,0
DA:31,0
DA:34,0
DA:37,0
DA:40,0
DA:43,0
DA:45,0
DA:49,0
DA:50,0
DA:52,0
DA:54,0
DA:56,0
DA:58,0
DA:62,0
DA:63,0
DA:64,0
DA:67,0
DA:118,0
DA:119,0
DA:121,0
DA:150,0
DA:158,0
LF:24
LH:0
BRDA:26,0,0,0
BRDA:31,1,0,0
BRDA:31,1,1,0
BRDA:31,1,2,0
BRDA:31,1,3,0
BRDA:31,1,4,0
BRDA:31,1,5,0
BRDA:31,1,6,0
BRDA:31,1,7,0
BRDA:31,1,8,0
BRDA:50,2,0,0
BRDA:50,2,1,0
BRDA:50,2,2,0
BRDA:50,2,3,0
BRDA:63,3,0,0
BRDA:72,4,0,0
BRDA:72,4,1,0
BRDA:95,5,0,0
BRDA:104,6,0,0
BRDA:119,7,0,0
BRDA:125,8,0,0
BRDA:125,8,1,0
BRDA:125,9,0,0
BRDA:125,9,1,0
BRDA:127,10,0,0
BRDA:127,10,1,0
BRDA:127,11,0,0
BRDA:127,11,1,0
BRDA:140,12,0,0
BRDA:140,12,1,0
BRDA:150,13,0,0
BRDA:150,13,1,0
BRF:32
BRH:0
end_of_record
TN:
SF:components/metabox/MetaBoxDetailPanel.stories.tsx
FNF:0
FNH:0
DA:3,0
DA:5,0
DA:8,0
DA:43,0
DA:46,0
DA:86,0
DA:97,0
DA:108,0
DA:119,0
DA:129,0
DA:139,0
DA:149,0
DA:159,0
DA:169,0
DA:179,0
DA:189,0
LF:16
LH:0
BRF:0
BRH:0
end_of_record
TN:
SF:components/metabox/MetaBoxDetailPanel.tsx
FN:19,(anonymous_4)
FN:35,(anonymous_5)
FN:38,(anonymous_6)
FN:53,(anonymous_7)
FN:90,(anonymous_8)
FN:90,(anonymous_9)
FN:99,(anonymous_10)
FN:99,(anonymous_11)
FN:113,(anonymous_12)
FN:113,(anonymous_13)
FN:116,(anonymous_14)
FN:178,(anonymous_15)
FN:206,(anonymous_16)
FN:235,(anonymous_17)
FN:240,(anonymous_18)
FNF:15
FNH:0
FNDA:0,(anonymous_4)
FNDA:0,(anonymous_5)
FNDA:0,(anonymous_6)
FNDA:0,(anonymous_7)
FNDA:0,(anonymous_8)
FNDA:0,(anonymous_9)
FNDA:0,(anonymous_10)
FNDA:0,(anonymous_11)
FNDA:0,(anonymous_12)
FNDA:0,(anonymous_13)
FNDA:0,(anonymous_14)
FNDA:0,(anonymous_15)
FNDA:0,(anonymous_16)
FNDA:0,(anonymous_17)
FNDA:0,(anonymous_18)
DA:1,0
DA:19,0
DA:30,0
DA:31,0
DA:32,0
DA:35,0
DA:36,0
DA:38,0
DA:39,0
DA:41,0
DA:42,0
DA:43,0
DA:44,0
DA:45,0
DA:47,0
DA:49,0
DA:53,0
DA:54,0
DA:55,0
DA:90,0
DA:99,0
DA:113,0
DA:117,0
DA:178,0
DA:207,0
DA:236,0
DA:240,0
LF:27
LH:0
BRDA:39,0,0,0
BRDA:84,1,0,0
BRDA:89,2,0,0
BRDA:89,2,1,0
BRDA:98,3,0,0
BRDA:98,3,1,0
BRDA:112,4,0,0
BRDA:112,4,1,0
BRDA:128,5,0,0
BRDA:128,5,1,0
BRDA:148,6,0,0
BRDA:148,6,1,0
BRDA:149,7,0,0
BRDA:149,7,1,0
BRDA:150,8,0,0
BRDA:150,8,1,0
BRDA:162,9,0,0
BRDA:176,10,0,0
BRDA:210,11,0,0
BRDA:210,11,1,0
BRDA:214,12,0,0
BRDA:214,12,1,0
BRDA:215,13,0,0
BRDA:215,13,1,0
BRDA:217,14,0,0
BRDA:217,14,1,0
BRDA:234,15,0,0
BRDA:238,16,0,0
BRDA:255,17,0,0
BRF:29
BRH:0
end_of_record
TN:
SF:components/metabox/MetaBoxEditor.stories.tsx
FN:21,(anonymous_11)
FN:317,(anonymous_12)
FNF:2
FNH:0
FNDA:0,(anonymous_11)
FNDA:0,(anonymous_12)
DA:2,0
DA:3,0
DA:5,0
DA:18,0
DA:21,0
DA:22,0
DA:69,0
DA:77,0
DA:85,0
DA:96,0
DA:107,0
DA:165,0
DA:223,0
DA:281,0
DA:312,0
DA:317,0
LF:16
LH:0
BRDA:21,0,0,0
BRF:1
BRH:0
end_of_record
TN:
SF:components/metabox/MetaBoxEditor.tsx
FN:18,(anonymous_4)
FN:38,(anonymous_5)
FN:51,(anonymous_6)
FN:56,(anonymous_7)
FN:65,(anonymous_8)
FN:78,(anonymous_9)
FN:82,(anonymous_10)
FN:83,(anonymous_11)
FN:91,(anonymous_12)
FN:104,(anonymous_13)
FN:111,(anonymous_14)
FN:118,(anonymous_15)
FN:132,(anonymous_16)
FN:145,(anonymous_17)
FN:153,(anonymous_18)
FN:158,(anonymous_19)
FN:169,(anonymous_20)
FN:202,(anonymous_21)
FN:220,(anonymous_22)
FN:233,(anonymous_23)
FN:238,(anonymous_24)
FN:240,(anonymous_25)
FN:250,(anonymous_26)
FN:251,(anonymous_27)
FN:252,(anonymous_28)
FN:269,(anonymous_29)
FN:279,(anonymous_30)
FN:297,(anonymous_31)
FNF:28
FNH:0
FNDA:0,(anonymous_4)
FNDA:0,(anonymous_5)
FNDA:0,(anonymous_6)
FNDA:0,(anonymous_7)
FNDA:0,(anonymous_8)
FNDA:0,(anonymous_9)
FNDA:0,(anonymous_10)
FNDA:0,(anonymous_11)
FNDA:0,(anonymous_12)
FNDA:0,(anonymous_13)
FNDA:0,(anonymous_14)
FNDA:0,(anonymous_15)
FNDA:0,(anonymous_16)
FNDA:0,(anonymous_17)
FNDA:0,(anonymous_18)
FNDA:0,(anonymous_19)
FNDA:0,(anonymous_20)
FNDA:0,(anonymous_21)
FNDA:0,(anonymous_22)
FNDA:0,(anonymous_23)
FNDA:0,(anonymous_24)
FNDA:0,(anonymous_25)
FNDA:0,(anonymous_26)
FNDA:0,(anonymous_27)
FNDA:0,(anonymous_28)
FNDA:0,(anonymous_29)
FNDA:0,(anonymous_30)
FNDA:0,(anonymous_31)
DA:1,0
DA:3,0
DA:5,0
DA:6,0
DA:7,0
DA:8,0
DA:18,0
DA:25,0
DA:26,0
DA:27,0
DA:28,0
DA:29,0
DA:31,0
DA:32,0
DA:35,0
DA:36,0
DA:38,0
DA:39,0
DA:41,0
DA:45,0
DA:47,0
DA:48,0
DA:51,0
DA:52,0
DA:54,0
DA:57,0
DA:61,0
DA:62,0
DA:65,0
DA:66,0
DA:68,0
DA:72,0
DA:74,0
DA:75,0
DA:78,0
DA:79,0
DA:81,0
DA:82,0
DA:83,0
DA:85,0
DA:87,0
DA:88,0
DA:91,0
DA:92,0
DA:95,0
DA:100,0
DA:101,0
DA:104,0
DA:105,0
DA:106,0
DA:107,0
DA:111,0
DA:112,0
DA:113,0
DA:114,0
DA:118,0
DA:119,0
DA:121,0
DA:125,0
DA:127,0
DA:128,0
DA:129,0
DA:132,0
DA:133,0
DA:135,0
DA:136,0
DA:137,0
DA:139,0
DA:141,0
DA:145,0
DA:146,0
DA:148,0
DA:149,0
DA:150,0
DA:153,0
DA:154,0
DA:155,0
DA:158,0
DA:159,0
DA:161,0
DA:162,0
DA:164,0
DA:165,0
DA:169,0
DA:170,0
DA:173,0
DA:202,0
DA:220,0
DA:234,0
DA:238,0
DA:240,0
DA:250,0
DA:251,0
DA:252,0
DA:269,0
DA:279,0
DA:297,0
LF:97
LH:0
BRDA:39,0,0,0
BRDA:52,1,0,0
BRDA:57,2,0,0
BRDA:57,2,1,0
BRDA:66,3,0,0
BRDA:79,4,0,0
BRDA:85,5,0,0
BRDA:85,6,0,0
BRDA:85,6,1,0
BRDA:106,7,0,0
BRDA:113,8,0,0
BRDA:119,9,0,0
BRDA:133,10,0,0
BRDA:146,11,0,0
BRDA:159,12,0,0
BRDA:164,13,0,0
BRDA:164,14,0,0
BRDA:164,14,1,0
BRDA:173,15,0,0
BRDA:191,16,0,0
BRDA:218,17,0,0
BRDA:243,18,0,0
BRDA:243,18,1,0
BRDA:243,19,0,0
BRDA:243,19,1,0
BRDA:257,20,0,0
BRDA:266,21,0,0
BRDA:294,22,0,0
BRF:28
BRH:0
end_of_record
TN:
SF:components/metabox/MetaBoxHeader.stories.tsx
FN:34,(anonymous_9)
FN:35,(anonymous_10)
FN:36,(anonymous_11)
FN:37,(anonymous_12)
FN:37,(anonymous_13)
FN:38,(anonymous_14)
FN:39,(anonymous_15)
FN:40,(anonymous_16)
FN:41,(anonymous_17)
FN:56,(anonymous_18)
FN:57,(anonymous_19)
FN:58,(anonymous_20)
FN:59,(anonymous_21)
FN:59,(anonymous_22)
FN:60,(anonymous_23)
FN:61,(anonymous_24)
FN:62,(anonymous_25)
FN:63,(anonymous_26)
FN:72,(anonymous_27)
FN:75,(anonymous_28)
FNF:20
FNH:0
FNDA:0,(anonymous_9)
FNDA:0,(anonymous_10)
FNDA:0,(anonymous_11)
FNDA:0,(anonymous_12)
FNDA:0,(anonymous_13)
FNDA:0,(anonymous_14)
FNDA:0,(anonymous_15)
FNDA:0,(anonymous_16)
FNDA:0,(anonymous_17)
FNDA:0,(anonymous_18)
FNDA:0,(anonymous_19)
FNDA:0,(anonymous_20)
FNDA:0,(anonymous_21)
FNDA:0,(anonymous_22)
FNDA:0,(anonymous_23)
FNDA:0,(anonymous_24)
FNDA:0,(anonymous_25)
FNDA:0,(anonymous_26)
FNDA:0,(anonymous_27)
FNDA:0,(anonymous_28)
DA:6,0
DA:8,0
DA:17,0
DA:21,0
DA:36,0
DA:37,0
DA:39,0
DA:40,0
DA:41,0
DA:44,0
DA:58,0
DA:59,0
DA:61,0
DA:62,0
DA:63,0
DA:66,0
DA:73,0
DA:76,0
DA:81,0
DA:88,0
DA:95,0
DA:102,0
DA:115,0
DA:132,0
LF:24
LH:0
BRF:0
BRH:0
end_of_record
TN:
SF:components/metabox/MetaBoxHeader.tsx
FN:17,(anonymous_4)
FN:29,(anonymous_5)
FN:87,(anonymous_6)
FN:139,(anonymous_7)
FN:149,(anonymous_8)
FNF:5
FNH:0
FNDA:0,(anonymous_4)
FNDA:0,(anonymous_5)
FNDA:0,(anonymous_6)
FNDA:0,(anonymous_7)
FNDA:0,(anonymous_8)
DA:1,0
DA:5,0
DA:17,0
DA:26,0
DA:27,0
DA:29,0
DA:30,0
DA:32,0
DA:33,0
DA:34,0
DA:36,0
DA:38,0
DA:87,0
DA:139,0
DA:149,0
LF:15
LH:0
BRDA:30,0,0,0
BRDA:51,1,0,0
BRDA:85,2,0,0
BRDA:100,3,0,0
BRDA:107,4,0,0
BRDA:127,5,0,0
BRDA:127,5,1,0
BRDA:148,6,0,0
BRDA:148,6,1,0
BRF:9
BRH:0
end_of_record
TN:
SF:components/metabox/MetaBoxKanbanView.stories.tsx
FNF:0
FNH:0
DA:3,0
DA:5,0
DA:8,0
DA:55,0
DA:58,0
DA:98,0
DA:161,0
DA:205,0
DA:216,0
DA:227,0
DA:238,0
DA:249,0
DA:260,0
DA:271,0
DA:282,0
LF:15
LH:0
BRF:0
BRH:0
end_of_record
TN:
SF:components/metabox/MetaBoxKanbanView.tsx
FN:19,(anonymous_5)
FN:30,(anonymous_6)
FN:36,(anonymous_7)
FN:42,(anonymous_8)
FN:47,(anonymous_9)
FN:55,(anonymous_10)
FN:61,(anonymous_11)
FN:69,(anonymous_12)
FN:70,(anonymous_13)
FN:73,(anonymous_14)
FN:84,(anonymous_15)
FN:96,(anonymous_16)
FN:99,(anonymous_17)
FN:135,(anonymous_18)
FN:146,(anonymous_19)
FN:147,(anonymous_20)
FNF:16
FNH:0
FNDA:0,(anonymous_5)
FNDA:0,(anonymous_6)
FNDA:0,(anonymous_7)
FNDA:0,(anonymous_8)
FNDA:0,(anonymous_9)
FNDA:0,(anonymous_10)
FNDA:0,(anonymous_11)
FNDA:0,(anonymous_12)
FNDA:0,(anonymous_13)
FNDA:0,(anonymous_14)
FNDA:0,(anonymous_15)
FNDA:0,(anonymous_16)
FNDA:0,(anonymous_17)
FNDA:0,(anonymous_18)
FNDA:0,(anonymous_19)
FNDA:0,(anonymous_20)
DA:1,0
DA:3,0
DA:19,0
DA:26,0
DA:27,0
DA:28,0
DA:30,0
DA:31,0
DA:32,0
DA:33,0
DA:36,0
DA:37,0
DA:38,0
DA:39,0
DA:42,0
DA:43,0
DA:44,0
DA:47,0
DA:48,0
DA:49,0
DA:50,0
DA:51,0
DA:55,0
DA:56,0
DA:57,0
DA:58,0
DA:60,0
DA:61,0
DA:62,0
DA:63,0
DA:66,0
DA:69,0
DA:70,0
DA:73,0
DA:74,0
DA:75,0
DA:76,0
DA:77,0
DA:78,0
DA:85,0
DA:86,0
DA:88,0
DA:96,0
DA:99,0
DA:136,0
DA:146,0
DA:147,0
DA:160,0
LF:48
LH:0
BRDA:50,0,0,0
BRDA:60,1,0,0
BRDA:60,2,0,0
BRDA:60,2,1,0
BRDA:62,3,0,0
BRDA:62,4,0,0
BRDA:62,4,1,0
BRDA:74,5,0,0
BRDA:74,5,1,0
BRDA:74,5,2,0
BRDA:74,5,3,0
BRDA:92,6,0,0
BRDA:92,6,1,0
BRDA:117,7,0,0
BRDA:117,7,1,0
BRDA:139,8,0,0
BRDA:139,8,1,0
BRF:17
BRH:0
end_of_record
TN:
SF:components/metabox/MetaBoxListView.stories.tsx
FNF:0
FNH:0
DA:3,0
DA:5,0
DA:8,0
DA:43,0
DA:46,0
DA:86,0
DA:168,0
DA:212,0
DA:221,0
DA:230,0
DA:239,0
DA:248,0
DA:257,0
DA:266,0
LF:14
LH:0
BRF:0
BRH:0
end_of_record
TN:
SF:components/metabox/MetaBoxListView.tsx
FN:20,(anonymous_4)
FN:30,(anonymous_5)
FN:39,(anonymous_6)
FN:40,(anonymous_7)
FN:46,(anonymous_8)
FN:47,(anonymous_9)
FN:48,(anonymous_10)
FN:55,(anonymous_11)
FN:70,(anonymous_12)
FN:85,(anonymous_13)
FN:120,(anonymous_14)
FN:141,(anonymous_15)
FN:149,(anonymous_16)
FN:166,(anonymous_17)
FN:172,(anonymous_18)
FN:199,(anonymous_19)
FN:207,(anonymous_20)
FN:228,(anonymous_21)
FNF:18
FNH:0
FNDA:0,(anonymous_4)
FNDA:0,(anonymous_5)
FNDA:0,(anonymous_6)
FNDA:0,(anonymous_7)
FNDA:0,(anonymous_8)
FNDA:0,(anonymous_9)
FNDA:0,(anonymous_10)
FNDA:0,(anonymous_11)
FNDA:0,(anonymous_12)
FNDA:0,(anonymous_13)
FNDA:0,(anonymous_14)
FNDA:0,(anonymous_15)
FNDA:0,(anonymous_16)
FNDA:0,(anonymous_17)
FNDA:0,(anonymous_18)
FNDA:0,(anonymous_19)
FNDA:0,(anonymous_20)
FNDA:0,(anonymous_21)
DA:1,0
DA:20,0
DA:26,0
DA:27,0
DA:28,0
DA:30,0
DA:31,0
DA:32,0
DA:34,0
DA:35,0
DA:39,0
DA:40,0
DA:46,0
DA:47,0
DA:48,0
DA:49,0
DA:50,0
DA:51,0
DA:55,0
DA:56,0
DA:57,0
DA:59,0
DA:60,0
DA:61,0
DA:63,0
DA:64,0
DA:67,0
DA:70,0
DA:71,0
DA:85,0
DA:120,0
DA:121,0
DA:142,0
DA:149,0
DA:167,0
DA:172,0
DA:200,0
DA:207,0
DA:229,0
DA:251,0
LF:40
LH:0
BRDA:31,0,0,0
BRDA:31,0,1,0
BRDA:32,1,0,0
BRDA:32,1,1,0
BRDA:49,2,0,0
BRDA:59,3,0,0
BRDA:60,4,0,0
BRDA:60,5,0,0
BRDA:60,5,1,0
BRDA:61,6,0,0
BRDA:61,7,0,0
BRDA:61,7,1,0
BRDA:63,8,0,0
BRDA:63,8,1,0
BRDA:64,9,0,0
BRDA:64,9,1,0
BRDA:75,10,0,0
BRDA:75,10,1,0
BRDA:76,11,0,0
BRDA:76,11,1,0
BRDA:77,12,0,0
BRDA:77,12,1,0
BRDA:80,13,0,0
BRDA:80,13,1,0
BRDA:87,14,0,0
BRDA:100,15,0,0
BRDA:100,15,1,0
BRDA:107,16,0,0
BRDA:107,16,1,0
BRDA:107,17,0,0
BRDA:107,17,1,0
BRDA:114,18,0,0
BRDA:114,18,1,0
BRDA:121,19,0,0
BRDA:130,20,0,0
BRDA:130,20,1,0
BRDA:131,21,0,0
BRDA:131,21,1,0
BRDA:148,22,0,0
BRDA:148,22,1,0
BRDA:170,23,0,0
BRDA:170,23,1,0
BRDA:172,24,0,0
BRDA:172,24,1,0
BRDA:176,25,0,0
BRDA:189,26,0,0
BRDA:189,26,1,0
BRDA:203,27,0,0
BRDA:203,27,1,0
BRDA:214,28,0,0
BRDA:214,28,1,0
BRDA:214,28,2,0
BRDA:219,29,0,0
BRDA:219,29,1,0
BRDA:219,29,2,0
BRDA:235,30,0,0
BRDA:235,30,1,0
BRDA:239,31,0,0
BRDA:239,31,1,0
BRF:59
BRH:0
end_of_record
TN:
SF:components/metabox/MetaBoxPhaseCard.stories.tsx
FN:30,(anonymous_9)
FN:41,(anonymous_10)
FN:51,(anonymous_11)
FN:59,(anonymous_12)
FN:62,(anonymous_13)
FN:65,(anonymous_14)
FNF:6
FNH:0
FNDA:0,(anonymous_9)
FNDA:0,(anonymous_10)
FNDA:0,(anonymous_11)
FNDA:0,(anonymous_12)
FNDA:0,(anonymous_13)
FNDA:0,(anonymous_14)
DA:6,0
DA:8,0
DA:17,0
DA:21,0
DA:33,0
DA:44,0
DA:54,0
DA:60,0
DA:63,0
DA:66,0
DA:71,0
DA:78,0
DA:85,0
DA:92,0
DA:99,0
DA:120,0
LF:16
LH:0
BRF:0
BRH:0
end_of_record
TN:
SF:components/metabox/MetaBoxPhaseCard.tsx
FN:14,(anonymous_4)
FN:26,(anonymous_5)
FN:34,(anonymous_6)
FN:40,(anonymous_7)
FN:64,(anonymous_8)
FN:76,(anonymous_9)
FN:115,(anonymous_10)
FN:127,(anonymous_11)
FNF:8
FNH:0
FNDA:0,(anonymous_4)
FNDA:0,(anonymous_5)
FNDA:0,(anonymous_6)
FNDA:0,(anonymous_7)
FNDA:0,(anonymous_8)
FNDA:0,(anonymous_9)
FNDA:0,(anonymous_10)
FNDA:0,(anonymous_11)
DA:1,0
DA:14,0
DA:22,0
DA:23,0
DA:24,0
DA:26,0
DA:27,0
DA:31,0
DA:34,0
DA:35,0
DA:36,0
DA:37,0
DA:40,0
DA:41,0
DA:42,0
DA:64,0
DA:76,0
DA:116,0
DA:117,0
DA:128,0
DA:129,0
LF:21
LH:0
BRDA:24,0,0,0
BRDA:24,0,1,0
BRDA:29,1,0,0
BRDA:29,1,1,0
BRDA:36,2,0,0
BRDA:36,2,1,0
BRDA:41,3,0,0
BRDA:49,4,0,0
BRDA:49,4,1,0
BRDA:55,5,0,0
BRDA:108,6,0,0
BRDA:112,7,0,0
BRDA:144,8,0,0
BRF:13
BRH:0
end_of_record
TN:
SF:components/metabox/MetaBoxTemplateSelector.stories.tsx
FN:44,(anonymous_9)
FN:57,(anonymous_10)
FNF:2
FNH:0
FNDA:0,(anonymous_9)
FNDA:0,(anonymous_10)
DA:6,0
DA:8,0
DA:31,0
DA:35,0
DA:46,0
DA:59,0
DA:64,0
DA:70,0
DA:76,0
DA:92,0
DA:108,0
DA:124,0
DA:140,0
LF:13
LH:0
BRF:0
BRH:0
end_of_record
TN:
SF:components/metabox/MetaBoxTemplateSelector.tsx
FN:11,(anonymous_4)
FN:18,(anonymous_5)
FN:24,(anonymous_6)
FN:43,(anonymous_7)
FN:84,(anonymous_8)
FN:92,(anonymous_9)
FN:117,(anonymous_10)
FNF:7
FNH:0
FNDA:0,(anonymous_4)
FNDA:0,(anonymous_5)
FNDA:0,(anonymous_6)
FNDA:0,(anonymous_7)
FNDA:0,(anonymous_8)
FNDA:0,(anonymous_9)
FNDA:0,(anonymous_10)
DA:1,0
DA:3,0
DA:11,0
DA:16,0
DA:18,0
DA:19,0
DA:21,0
DA:24,0
DA:34,0
DA:40,0
DA:43,0
DA:44,0
DA:45,0
DA:85,0
DA:92,0
DA:118,0
LF:16
LH:0
BRDA:21,0,0,0
BRDA:44,1,0,0
BRDA:65,2,0,0
BRDA:88,3,0,0
BRDA:88,3,1,0
BRDA:104,4,0,0
BRDA:113,5,0,0
BRF:7
BRH:0
end_of_record
TN:
SF:components/metabox/MetaBoxToolbar.stories.tsx
FN:24,(anonymous_9)
FN:25,(anonymous_10)
FN:26,(anonymous_11)
FN:27,(anonymous_12)
FN:28,(anonymous_13)
FNF:5
FNH:0
FNDA:0,(anonymous_9)
FNDA:0,(anonymous_10)
FNDA:0,(anonymous_11)
FNDA:0,(anonymous_12)
FNDA:0,(anonymous_13)
DA:4,0
DA:6,0
DA:15,0
DA:18,0
DA:24,0
DA:25,0
DA:26,0
DA:27,0
DA:28,0
DA:32,0
DA:39,0
DA:47,0
DA:54,0
DA:71,0
DA:84,0
LF:15
LH:0
BRF:0
BRH:0
end_of_record
TN:
SF:components/metabox/MetaBoxToolbar.tsx
FN:15,(anonymous_2)
FNF:1
FNH:0
FNDA:0,(anonymous_2)
DA:1,0
DA:15,0
LF:2
LH:0
BRDA:32,0,0,0
BRDA:32,0,1,0
BRDA:42,1,0,0
BRDA:42,1,1,0
BRDA:56,2,0,0
BRDA:79,3,0,0
BRDA:86,4,0,0
BRF:7
BRH:0
end_of_record
TN:
SF:components/metabox/MetaBoxWorkspace.stories.tsx
FN:283,(anonymous_16)
FN:293,(anonymous_17)
FNF:2
FNH:0
FNDA:0,(anonymous_16)
FNDA:0,(anonymous_17)
DA:3,0
DA:5,0
DA:7,0
DA:9,0
DA:45,0
DA:49,0
DA:88,0
DA:176,0
DA:215,0
DA:252,0
DA:258,0
DA:262,0
DA:266,0
DA:272,0
DA:279,0
DA:289,0
DA:305,0
DA:313,0
DA:321,0
DA:329,0
LF:20
LH:0
BRF:0
BRH:0
end_of_record
TN:
SF:components/metabox/MetaBoxWorkspace.tsx
FN:26,(anonymous_5)
FN:84,(anonymous_6)
FN:89,(anonymous_7)
FN:118,(anonymous_8)
FN:128,(anonymous_9)
FNF:5
FNH:0
FNDA:0,(anonymous_5)
FNDA:0,(anonymous_6)
FNDA:0,(anonymous_7)
FNDA:0,(anonymous_8)
FNDA:0,(anonymous_9)
DA:1,0
DA:3,0
DA:4,0
DA:5,0
DA:26,0
DA:33,0
DA:34,0
DA:37,0
DA:84,0
DA:85,0
DA:86,0
DA:89,0
DA:90,0
DA:92,0
DA:118,0
DA:128,0
DA:207,0
LF:17
LH:0
BRDA:120,0,0,0
BRDA:120,0,1,0
BRDA:130,1,0,0
BRDA:130,1,1,0
BRDA:144,2,0,0
BRDA:177,3,0,0
BRF:6
BRH:0
end_of_record
TN:
SF:components/metabox/PhasePanel.stories.tsx
FN:36,(anonymous_11)
FN:45,(anonymous_12)
FN:71,(anonymous_13)
FN:80,(anonymous_14)
FNF:4
FNH:0
FNDA:0,(anonymous_11)
FNDA:0,(anonymous_12)
FNDA:0,(anonymous_13)
FNDA:0,(anonymous_14)
DA:2,0
DA:3,0
DA:5,0
DA:24,0
DA:27,0
DA:33,0
DA:37,0
DA:42,0
DA:46,0
DA:51,0
DA:57,0
DA:67,0
DA:71,0
DA:76,0
DA:80,0
LF:15
LH:0
BRF:0
BRH:0
end_of_record
TN:
SF:components/metabox/PhasePanel.tsx
FN:10,(anonymous_4)
FN:18,(anonymous_5)
FN:28,(anonymous_6)
FN:32,(anonymous_7)
FN:36,(anonymous_8)
FN:37,(anonymous_9)
FN:40,(anonymous_10)
FN:49,(anonymous_11)
FN:73,(anonymous_12)
FN:88,(anonymous_13)
FN:141,(anonymous_14)
FN:148,(anonymous_15)
FN:155,(anonymous_16)
FN:171,(anonymous_17)
FN:171,(anonymous_18)
FN:174,(anonymous_19)
FN:177,(anonymous_20)
FNF:17
FNH:0
FNDA:0,(anonymous_4)
FNDA:0,(anonymous_5)
FNDA:0,(anonymous_6)
FNDA:0,(anonymous_7)
FNDA:0,(anonymous_8)
FNDA:0,(anonymous_9)
FNDA:0,(anonymous_10)
FNDA:0,(anonymous_11)
FNDA:0,(anonymous_12)
FNDA:0,(anonymous_13)
FNDA:0,(anonymous_14)
FNDA:0,(anonymous_15)
FNDA:0,(anonymous_16)
FNDA:0,(anonymous_17)
FNDA:0,(anonymous_18)
FNDA:0,(anonymous_19)
FNDA:0,(anonymous_20)
DA:1,0
DA:10,0
DA:15,0
DA:16,0
DA:18,0
DA:19,0
DA:20,0
DA:21,0
DA:23,0
DA:25,0
DA:28,0
DA:29,0
DA:30,0
DA:31,0
DA:32,0
DA:36,0
DA:37,0
DA:40,0
DA:41,0
DA:42,0
DA:43,0
DA:44,0
DA:45,0
DA:49,0
DA:50,0
DA:51,0
DA:52,0
DA:53,0
DA:54,0
DA:74,0
DA:75,0
DA:77,0
DA:88,0
DA:141,0
DA:148,0
DA:155,0
DA:171,0
DA:174,0
DA:177,0
DA:195,0
LF:40
LH:0
BRDA:20,0,0,0
BRDA:20,0,1,0
BRDA:30,1,0,0
BRDA:30,2,0,0
BRDA:30,2,1,0
BRDA:41,3,0,0
BRDA:41,3,1,0
BRDA:41,3,2,0
BRDA:41,3,3,0
BRDA:50,4,0,0
BRDA:50,4,1,0
BRDA:50,4,2,0
BRDA:50,4,3,0
BRDA:91,5,0,0
BRDA:91,5,1,0
BRDA:94,6,0,0
BRDA:94,6,1,0
BRDA:110,7,0,0
BRDA:123,8,0,0
BRDA:126,9,0,0
BRDA:170,10,0,0
BRDA:170,10,1,0
BRDA:174,11,0,0
BRDA:174,11,1,0
BRF:24
BRH:0
end_of_record
TN:
SF:components/metabox/UndoRedoManager.ts
FN:6,(anonymous_1)
FN:10,(anonymous_2)
FN:25,(anonymous_3)
FN:37,(anonymous_4)
FN:48,(anonymous_5)
FN:52,(anonymous_6)
FN:56,(anonymous_7)
FN:61,(anonymous_8)
FN:71,(anonymous_9)
FNF:9
FNH:0
FNDA:0,(anonymous_1)
FNDA:0,(anonymous_2)
FNDA:0,(anonymous_3)
FNDA:0,(anonymous_4)
FNDA:0,(anonymous_5)
FNDA:0,(anonymous_6)
FNDA:0,(anonymous_7)
FNDA:0,(anonymous_8)
FNDA:0,(anonymous_9)
DA:1,0
DA:2,0
DA:3,0
DA:7,0
DA:12,0
DA:14,0
DA:17,0
DA:20,0
DA:21,0
DA:26,0
DA:27,0
DA:30,0
DA:31,0
DA:33,0
DA:34,0
DA:38,0
DA:39,0
DA:42,0
DA:43,0
DA:45,0
DA:49,0
DA:53,0
DA:57,0
DA:58,0
DA:62,0
DA:63,0
DA:66,0
DA:67,0
DA:70,0
DA:71,0
DA:74,0
DA:75,0
DA:76,0
DA:77,0
DA:78,0
DA:81,0
DA:84,0
LF:37
LH:0
BRDA:6,0,0,0
BRDA:20,1,0,0
BRDA:26,2,0,0
BRDA:34,3,0,0
BRDA:34,3,1,0
BRDA:38,4,0,0
BRDA:62,5,0,0
BRDA:62,6,0,0
BRDA:62,6,1,0
BRDA:66,7,0,0
BRDA:70,8,0,0
BRDA:74,9,0,0
BRDA:77,10,0,0
BRF:13
BRH:0
end_of_record
TN:
SF:components/metabox/ViewToggle.stories.tsx
FNF:0
FNH:0
DA:4,0
DA:6,0
DA:22,0
DA:25,0
DA:31,0
DA:37,0
LF:6
LH:0
BRF:0
BRH:0
end_of_record
TN:
SF:components/metabox/ViewToggle.tsx
FN:9,(anonymous_2)
FN:17,(anonymous_3)
FN:31,(anonymous_4)
FNF:3
FNH:0
FNDA:0,(anonymous_2)
FNDA:0,(anonymous_3)
FNDA:0,(anonymous_4)
DA:1,0
DA:9,0
DA:17,0
DA:31,0
LF:4
LH:0
BRDA:12,0,0,0
BRDA:19,1,0,0
BRDA:19,1,1,0
BRDA:33,2,0,0
BRDA:33,2,1,0
BRF:5
BRH:0
end_of_record
TN:
SF:components/ui/Accordion.tsx
FN:22,(anonymous_4)
FN:67,(anonymous_5)
FN:68,(anonymous_6)
FN:75,(anonymous_7)
FN:87,(anonymous_8)
FN:88,(anonymous_9)
FN:130,(anonymous_10)
FN:140,(anonymous_11)
FN:143,(anonymous_12)
FN:144,(anonymous_13)
FNF:10
FNH:0
FNDA:0,(anonymous_4)
FNDA:0,(anonymous_5)
FNDA:0,(anonymous_6)
FNDA:0,(anonymous_7)
FNDA:0,(anonymous_8)
FNDA:0,(anonymous_9)
FNDA:0,(anonymous_10)
FNDA:0,(anonymous_11)
FNDA:0,(anonymous_12)
FNDA:0,(anonymous_13)
DA:1,0
DA:2,0
DA:22,0
DA:31,0
DA:32,0
DA:34,0
DA:52,0
DA:67,0
DA:68,0
DA:69,0
DA:73,0
DA:74,0
DA:75,0
DA:77,0
DA:80,0
DA:83,0
DA:84,0
DA:87,0
DA:88,0
DA:90,0
DA:92,0
DA:93,0
DA:94,0
DA:95,0
DA:96,0
DA:98,0
DA:100,0
DA:101,0
DA:102,0
DA:103,0
DA:104,0
DA:106,0
DA:108,0
DA:109,0
DA:110,0
DA:111,0
DA:113,0
DA:115,0
DA:116,0
DA:117,0
DA:118,0
DA:120,0
DA:131,0
DA:132,0
DA:134,0
DA:141,0
DA:143,0
DA:144,0
DA:207,0
LF:49
LH:0
BRDA:24,0,0,0
BRDA:25,1,0,0
BRDA:26,2,0,0
BRDA:27,3,0,0
BRDA:29,4,0,0
BRDA:69,5,0,0
BRDA:73,6,0,0
BRDA:73,6,1,0
BRDA:74,7,0,0
BRDA:74,7,1,0
BRDA:80,8,0,0
BRDA:80,8,1,0
BRDA:90,9,0,0
BRDA:90,9,1,0
BRDA:90,9,2,0
BRDA:90,9,3,0
BRDA:93,10,0,0
BRDA:93,10,1,0
BRDA:95,11,0,0
BRDA:95,12,0,0
BRDA:95,12,1,0
BRDA:101,13,0,0
BRDA:101,13,1,0
BRDA:103,14,0,0
BRDA:103,15,0,0
BRDA:103,15,1,0
BRDA:110,16,0,0
BRDA:110,17,0,0
BRDA:110,17,1,0
BRDA:117,18,0,0
BRDA:117,19,0,0
BRDA:117,19,1,0
BRDA:141,20,0,0
BRDA:158,21,0,0
BRDA:166,22,0,0
BRDA:166,22,1,0
BRDA:186,23,0,0
BRF:37
BRH:0
end_of_record
TN:
SF:components/ui/Avatar.stories.tsx
FN:120,(anonymous_16)
FNF:1
FNH:0
FNDA:0,(anonymous_16)
DA:2,0
DA:4,0
DA:32,0
DA:35,0
DA:42,0
DA:48,0
DA:55,0
DA:68,0
DA:78,0
DA:89,0
DA:97,0
DA:105,0
DA:116,0
DA:120,0
LF:14
LH:0
BRF:0
BRH:0
end_of_record
TN:
SF:components/ui/Avatar.tsx
FN:15,(anonymous_4)
FN:73,(anonymous_5)
FN:77,(anonymous_6)
FN:81,(anonymous_7)
FNF:4
FNH:0
FNDA:0,(anonymous_4)
FNDA:0,(anonymous_5)
FNDA:0,(anonymous_6)
FNDA:0,(anonymous_7)
DA:1,0
DA:2,0
DA:14,0
DA:29,0
DA:30,0
DA:32,0
DA:41,0
DA:47,0
DA:54,0
DA:63,0
DA:73,0
DA:74,0
DA:77,0
DA:78,0
DA:81,0
DA:82,0
DA:83,0
DA:86,0
DA:100,0
DA:101,0
DA:128,0
DA:130,0
LF:22
LH:0
BRDA:19,0,0,0
BRDA:20,1,0,0
BRDA:24,2,0,0
BRDA:82,3,0,0
BRDA:86,4,0,0
BRDA:86,5,0,0
BRDA:86,5,1,0
BRDA:90,6,0,0
BRDA:90,6,1,0
BRDA:92,7,0,0
BRDA:92,7,1,0
BRDA:100,8,0,0
BRDA:111,9,0,0
BRF:13
BRH:0
end_of_record
TN:
SF:components/ui/Badge.tsx
FN:11,(anonymous_4)
FNF:1
FNH:0
FNDA:0,(anonymous_4)
DA:1,0
DA:10,0
DA:22,0
DA:27,0
DA:54,0
DA:60,0
DA:69,0
DA:91,0
DA:93,0
LF:9
LH:0
BRDA:13,0,0,0
BRDA:14,1,0,0
BRDA:15,2,0,0
BRDA:17,3,0,0
BRDA:82,4,0,0
BRF:5
BRH:0
end_of_record
TN:
SF:components/ui/Button.stories.tsx
FNF:0
FNH:0
DA:4,0
DA:6,0
DA:59,0
DA:63,0
DA:69,0
DA:75,0
DA:81,0
DA:87,0
DA:94,0
DA:100,0
DA:106,0
DA:112,0
DA:119,0
DA:125,0
DA:131,0
DA:139,0
DA:150,0
DA:161,0
DA:178,0
DA:188,0
DA:211,0
DA:231,0
DA:240,0
DA:252,0
DA:268,0
LF:25
LH:0
BRF:0
BRH:0
end_of_record
TN:
SF:components/ui/Button.tsx
FN:14,(anonymous_4)
FNF:1
FNH:0
FNDA:0,(anonymous_4)
DA:1,0
DA:13,0
DA:29,0
DA:39,0
DA:46,0
DA:84,0
DA:86,0
DA:94,0
DA:119,0
DA:121,0
LF:10
LH:0
BRDA:16,0,0,0
BRDA:17,1,0,0
BRDA:18,2,0,0
BRDA:21,3,0,0
BRDA:23,4,0,0
BRDA:84,5,0,0
BRDA:84,5,1,0
BRDA:94,6,0,0
BRDA:94,6,1,0
BRDA:104,7,0,0
BRDA:107,8,0,0
BRDA:107,8,1,0
BRDA:111,9,0,0
BRDA:111,9,1,0
BRF:14
BRH:0
end_of_record
TN:
SF:components/ui/Card.stories.tsx
FNF:0
FNH:0
DA:2,0
DA:4,0
DA:49,0
DA:53,0
DA:59,0
DA:65,0
DA:71,0
DA:78,0
DA:84,0
DA:90,0
DA:96,0
DA:103,0
DA:109,0
DA:115,0
DA:122,0
DA:154,0
DA:175,0
DA:202,0
DA:225,0
DA:244,0
DA:264,0
LF:21
LH:0
BRF:0
BRH:0
end_of_record
TN:
SF:components/ui/Card.tsx
FN:14,(anonymous_4)
FNF:1
FNH:0
FNDA:0,(anonymous_4)
DA:1,0
DA:2,0
DA:13,0
DA:27,0
DA:38,0
DA:75,0
DA:82,0
DA:88,0
DA:96,0
DA:137,0
DA:139,0
LF:11
LH:0
BRDA:16,0,0,0
BRDA:17,1,0,0
BRDA:18,2,0,0
BRDA:19,3,0,0
BRDA:20,4,0,0
BRDA:22,5,0,0
BRDA:44,6,0,0
BRDA:44,6,1,0
BRDA:45,7,0,0
BRDA:45,7,1,0
BRDA:52,8,0,0
BRDA:52,8,1,0
BRDA:53,9,0,0
BRDA:53,9,1,0
BRDA:59,10,0,0
BRDA:59,10,1,0
BRDA:66,11,0,0
BRDA:66,11,1,0
BRDA:67,12,0,0
BRDA:67,12,1,0
BRDA:71,13,0,0
BRDA:71,13,1,0
BRDA:82,14,0,0
BRDA:82,14,1,0
BRDA:96,15,0,0
BRDA:109,16,0,0
BRDA:126,17,0,0
BRF:27
BRH:0
end_of_record
TN:
SF:components/ui/Dropdown.tsx
FN:24,(anonymous_4)
FN:44,(anonymous_5)
FN:84,(anonymous_6)
FN:85,(anonymous_7)
FN:91,(anonymous_8)
FN:97,(anonymous_9)
FN:116,(anonymous_10)
FN:120,(anonymous_11)
FN:121,(anonymous_12)
FN:129,(anonymous_13)
FN:132,(anonymous_14)
FN:138,(anonymous_15)
FN:197,(anonymous_16)
FN:208,(anonymous_17)
FNF:14
FNH:0
FNDA:0,(anonymous_4)
FNDA:0,(anonymous_5)
FNDA:0,(anonymous_6)
FNDA:0,(anonymous_7)
FNDA:0,(anonymous_8)
FNDA:0,(anonymous_9)
FNDA:0,(anonymous_10)
FNDA:0,(anonymous_11)
FNDA:0,(anonymous_12)
FNDA:0,(anonymous_13)
FNDA:0,(anonymous_14)
FNDA:0,(anonymous_15)
FNDA:0,(anonymous_16)
FNDA:0,(anonymous_17)
DA:1,0
DA:23,0
DA:39,0
DA:40,0
DA:41,0
DA:42,0
DA:44,0
DA:45,0
DA:47,0
DA:53,0
DA:60,0
DA:73,0
DA:75,0
DA:84,0
DA:85,0
DA:86,0
DA:88,0
DA:90,0
DA:91,0
DA:92,0
DA:94,0
DA:96,0
DA:97,0
DA:98,0
DA:100,0
DA:103,0
DA:104,0
DA:105,0
DA:107,0
DA:109,0
DA:110,0
DA:111,0
DA:115,0
DA:116,0
DA:120,0
DA:121,0
DA:122,0
DA:123,0
DA:124,0
DA:128,0
DA:129,0
DA:132,0
DA:133,0
DA:134,0
DA:135,0
DA:138,0
DA:139,0
DA:140,0
DA:141,0
DA:198,0
DA:208,0
DA:233,0
DA:235,0
LF:53
LH:0
BRDA:29,0,0,0
BRDA:32,1,0,0
BRDA:33,2,0,0
BRDA:34,3,0,0
BRDA:35,4,0,0
BRDA:60,5,0,0
BRDA:60,5,1,0
BRDA:73,6,0,0
BRDA:73,6,1,0
BRDA:86,7,0,0
BRDA:88,8,0,0
BRDA:88,8,1,0
BRDA:88,8,2,0
BRDA:88,8,3,0
BRDA:88,8,4,0
BRDA:92,9,0,0
BRDA:92,9,1,0
BRDA:98,10,0,0
BRDA:98,10,1,0
BRDA:104,11,0,0
BRDA:104,12,0,0
BRDA:104,12,1,0
BRDA:104,12,2,0
BRDA:122,13,0,0
BRDA:122,14,0,0
BRDA:122,14,1,0
BRDA:139,15,0,0
BRDA:146,16,0,0
BRDA:146,16,1,0
BRDA:147,17,0,0
BRDA:161,18,0,0
BRDA:161,18,1,0
BRDA:165,19,0,0
BRDA:169,20,0,0
BRDA:169,20,1,0
BRDA:174,21,0,0
BRDA:174,21,1,0
BRDA:190,22,0,0
BRDA:204,23,0,0
BRDA:204,23,1,0
BRDA:205,24,0,0
BRDA:205,24,1,0
BRDA:206,25,0,0
BRDA:206,25,1,0
BRDA:208,26,0,0
BRDA:208,26,1,0
BRDA:211,27,0,0
BRDA:223,28,0,0
BRF:48
BRH:0
end_of_record
TN:
SF:components/ui/Input.tsx
FN:15,(anonymous_4)
FNF:1
FNH:0
FNDA:0,(anonymous_4)
DA:1,0
DA:14,0
DA:31,0
DA:32,0
DA:34,0
DA:40,0
DA:47,0
DA:60,0
DA:62,0
DA:137,0
DA:139,0
LF:11
LH:0
BRDA:22,0,0,0
BRDA:23,1,0,0
BRDA:24,2,0,0
BRDA:25,3,0,0
BRDA:31,4,0,0
BRDA:31,4,1,0
BRDA:47,5,0,0
BRDA:47,5,1,0
BRDA:60,6,0,0
BRDA:60,6,1,0
BRDA:67,7,0,0
BRDA:67,7,1,0
BRDA:68,8,0,0
BRDA:68,8,1,0
BRDA:73,9,0,0
BRDA:73,9,1,0
BRDA:74,10,0,0
BRDA:84,11,0,0
BRDA:96,12,0,0
BRDA:96,12,1,0
BRDA:96,13,0,0
BRDA:96,13,1,0
BRDA:101,14,0,0
BRDA:107,15,0,0
BRDA:114,16,0,0
BRDA:124,17,0,0
BRDA:124,17,1,0
BRF:27
BRH:0
end_of_record
TN:
SF:components/ui/Modal.tsx
FN:18,(anonymous_4)
FN:45,(anonymous_5)
FN:46,(anonymous_6)
FN:62,(anonymous_7)
FN:74,(anonymous_8)
FNF:5
FNH:0
FNDA:0,(anonymous_4)
FNDA:0,(anonymous_5)
FNDA:0,(anonymous_6)
FNDA:0,(anonymous_7)
FNDA:0,(anonymous_8)
DA:1,0
DA:2,0
DA:17,0
DA:33,0
DA:34,0
DA:36,0
DA:45,0
DA:46,0
DA:47,0
DA:48,0
DA:52,0
DA:53,0
DA:55,0
DA:57,0
DA:59,0
DA:62,0
DA:63,0
DA:65,0
DA:67,0
DA:68,0
DA:74,0
DA:75,0
DA:76,0
DA:80,0
DA:160,0
DA:164,0
DA:166,0
LF:27
LH:0
BRDA:25,0,0,0
BRDA:26,1,0,0
BRDA:27,2,0,0
BRDA:28,3,0,0
BRDA:29,4,0,0
BRDA:47,5,0,0
BRDA:47,6,0,0
BRDA:47,6,1,0
BRDA:52,7,0,0
BRDA:67,8,0,0
BRDA:75,9,0,0
BRDA:75,10,0,0
BRDA:75,10,1,0
BRDA:80,11,0,0
BRDA:87,12,0,0
BRDA:87,12,1,0
BRDA:88,13,0,0
BRDA:88,13,1,0
BRDA:110,14,0,0
BRDA:110,14,1,0
BRDA:113,15,0,0
BRDA:121,16,0,0
BRDA:130,17,0,0
BRF:23
BRH:0
end_of_record
TN:
SF:components/ui/Progress.stories.tsx
FNF:0
FNH:0
DA:2,0
DA:4,0
DA:31,0
DA:34,0
DA:40,0
DA:48,0
DA:58,0
DA:70,0
DA:79,0
DA:88,0
DA:97,0
DA:105,0
DA:114,0
LF:13
LH:0
BRF:0
BRH:0
end_of_record
TN:
SF:components/ui/Progress.tsx
FN:16,(anonymous_4)
FNF:1
FNH:0
FNDA:0,(anonymous_4)
DA:1,0
DA:2,0
DA:15,0
DA:31,0
DA:33,0
DA:39,0
DA:47,0
DA:53,0
DA:93,0
DA:95,0
LF:10
LH:0
BRDA:19,0,0,0
BRDA:20,1,0,0
BRDA:21,2,0,0
BRDA:22,3,0,0
BRDA:23,4,0,0
BRDA:24,5,0,0
BRDA:26,6,0,0
BRDA:56,7,0,0
BRDA:56,7,1,0
BRDA:57,8,0,0
BRDA:57,8,1,0
BRDA:62,9,0,0
BRDA:62,9,1,0
BRDA:64,10,0,0
BRDA:67,11,0,0
BRDA:85,12,0,0
BRDA:85,12,1,0
BRF:17
BRH:0
end_of_record
TN:
SF:components/ui/Tabs.tsx
FN:22,(anonymous_4)
FN:64,(anonymous_5)
FN:81,(anonymous_6)
FN:82,(anonymous_7)
FN:88,(anonymous_8)
FN:89,(anonymous_9)
FN:129,(anonymous_10)
FN:140,(anonymous_11)
FN:147,(anonymous_12)
FN:154,(anonymous_13)
FN:155,(anonymous_14)
FNF:11
FNH:0
FNDA:0,(anonymous_4)
FNDA:0,(anonymous_5)
FNDA:0,(anonymous_6)
FNDA:0,(anonymous_7)
FNDA:0,(anonymous_8)
FNDA:0,(anonymous_9)
FNDA:0,(anonymous_10)
FNDA:0,(anonymous_11)
FNDA:0,(anonymous_12)
FNDA:0,(anonymous_13)
FNDA:0,(anonymous_14)
DA:1,0
DA:2,0
DA:22,0
DA:31,0
DA:32,0
DA:33,0
DA:35,0
DA:56,0
DA:62,0
DA:64,0
DA:65,0
DA:66,0
DA:67,0
DA:69,0
DA:70,0
DA:71,0
DA:73,0
DA:81,0
DA:82,0
DA:84,0
DA:85,0
DA:88,0
DA:89,0
DA:91,0
DA:93,0
DA:94,0
DA:95,0
DA:96,0
DA:97,0
DA:98,0
DA:100,0
DA:102,0
DA:103,0
DA:104,0
DA:105,0
DA:106,0
DA:107,0
DA:109,0
DA:111,0
DA:112,0
DA:113,0
DA:114,0
DA:115,0
DA:117,0
DA:119,0
DA:120,0
DA:121,0
DA:122,0
DA:123,0
DA:125,0
DA:129,0
DA:141,0
DA:142,0
DA:144,0
DA:148,0
DA:154,0
DA:155,0
DA:205,0
LF:58
LH:0
BRDA:25,0,0,0
BRDA:26,1,0,0
BRDA:27,2,0,0
BRDA:29,3,0,0
BRDA:31,4,0,0
BRDA:31,4,1,0
BRDA:62,5,0,0
BRDA:62,5,1,0
BRDA:65,6,0,0
BRDA:65,7,0,0
BRDA:65,7,1,0
BRDA:69,8,0,0
BRDA:69,9,0,0
BRDA:69,9,1,0
BRDA:82,10,0,0
BRDA:91,11,0,0
BRDA:91,11,1,0
BRDA:91,11,2,0
BRDA:91,11,3,0
BRDA:94,12,0,0
BRDA:94,12,1,0
BRDA:96,13,0,0
BRDA:96,14,0,0
BRDA:96,14,1,0
BRDA:103,15,0,0
BRDA:103,15,1,0
BRDA:105,16,0,0
BRDA:105,17,0,0
BRDA:105,17,1,0
BRDA:113,18,0,0
BRDA:113,19,0,0
BRDA:113,19,1,0
BRDA:121,20,0,0
BRDA:121,21,0,0
BRDA:121,21,1,0
BRDA:135,22,0,0
BRDA:135,22,1,0
BRDA:148,23,0,0
BRDA:153,24,0,0
BRDA:153,24,1,0
BRDA:163,25,0,0
BRDA:163,25,1,0
BRDA:166,26,0,0
BRDA:176,27,0,0
BRF:44
BRH:0
end_of_record
TN:
SF:components/ui/ThemeProvider.tsx
FN:21,ThemeProvider
FN:29,(anonymous_8)
FN:37,(anonymous_9)
FN:56,(anonymous_10)
FN:60,(anonymous_11)
FN:69,(anonymous_12)
FN:85,useTheme
FNF:7
FNH:0
FNDA:0,ThemeProvider
FNDA:0,(anonymous_8)
FNDA:0,(anonymous_9)
FNDA:0,(anonymous_10)
FNDA:0,(anonymous_11)
FNDA:0,(anonymous_12)
FNDA:0,useTheme
DA:3,0
DA:13,0
DA:21,0
DA:26,0
DA:27,0
DA:29,0
DA:31,0
DA:32,0
DA:33,0
DA:37,0
DA:38,0
DA:41,0
DA:43,0
DA:44,0
DA:45,0
DA:46,0
DA:48,0
DA:49,0
DA:53,0
DA:56,0
DA:58,0
DA:60,0
DA:61,0
DA:62,0
DA:63,0
DA:64,0
DA:68,0
DA:69,0
DA:72,0
DA:85,0
DA:86,0
DA:87,0
DA:88,0
DA:90,0
DA:93,0
LF:35
LH:0
BRDA:23,0,0,0
BRDA:24,1,0,0
BRDA:32,2,0,0
BRDA:43,3,0,0
BRDA:43,3,1,0
BRDA:44,4,0,0
BRDA:44,4,1,0
BRDA:61,5,0,0
BRDA:62,6,0,0
BRDA:62,6,1,0
BRDA:87,7,0,0
BRF:11
BRH:0
end_of_record
TN:
SF:components/ui/ThemeToggle.stories.tsx
FNF:0
FNH:0
DA:2,0
DA:4,0
DA:44,0
DA:47,0
DA:51,0
DA:57,0
DA:63,0
DA:70,0
DA:80,0
LF:9
LH:0
BRF:0
BRH:0
end_of_record
TN:
SF:components/ui/ThemeToggle.tsx
FN:13,ThemeToggle
FN:32,(anonymous_3)
FN:42,(anonymous_4)
FN:66,(anonymous_5)
FNF:4
FNH:0
FNDA:0,ThemeToggle
FNDA:0,(anonymous_3)
FNDA:0,(anonymous_4)
FNDA:0,(anonymous_5)
DA:3,0
DA:4,0
DA:5,0
DA:13,0
DA:18,0
DA:20,0
DA:26,0
DA:32,0
DA:33,0
DA:34,0
DA:35,0
DA:36,0
DA:38,0
DA:42,0
DA:43,0
DA:66,0
DA:67,0
DA:68,0
DA:70,0
LF:19
LH:0
BRDA:14,0,0,0
BRDA:15,1,0,0
BRDA:16,2,0,0
BRDA:33,3,0,0
BRDA:33,3,1,0
BRDA:35,4,0,0
BRDA:35,4,1,0
BRDA:43,5,0,0
BRDA:45,6,0,0
BRDA:56,7,0,0
BRDA:67,8,0,0
BRDA:70,9,0,0
BRDA:70,9,1,0
BRDA:105,10,0,0
BRF:14
BRH:0
end_of_record
TN:
SF:components/ui/Toast.tsx
FN:17,(anonymous_4)
FN:83,(anonymous_5)
FN:85,(anonymous_6)
FN:90,(anonymous_7)
FN:97,(anonymous_8)
FN:99,(anonymous_9)
FN:104,(anonymous_10)
FNF:7
FNH:0
FNDA:0,(anonymous_4)
FNDA:0,(anonymous_5)
FNDA:0,(anonymous_6)
FNDA:0,(anonymous_7)
FNDA:0,(anonymous_8)
FNDA:0,(anonymous_9)
FNDA:0,(anonymous_10)
DA:1,0
DA:2,0
DA:17,0
DA:26,0
DA:27,0
DA:29,0
DA:60,0
DA:83,0
DA:84,0
DA:85,0
DA:86,0
DA:90,0
DA:91,0
DA:92,0
DA:97,0
DA:98,0
DA:99,0
DA:100,0
DA:104,0
DA:105,0
DA:106,0
DA:107,0
DA:176,0
LF:23
LH:0
BRDA:19,0,0,0
BRDA:22,1,0,0
BRDA:84,2,0,0
BRDA:91,3,0,0
BRDA:105,4,0,0
BRDA:113,5,0,0
BRDA:132,6,0,0
BRDA:141,7,0,0
BRF:8
BRH:0
end_of_record
TN:
SF:components/ui/Tooltip.tsx
FN:13,(anonymous_4)
FN:41,(anonymous_5)
FN:44,(anonymous_6)
FN:49,(anonymous_7)
FN:56,(anonymous_8)
FN:61,(anonymous_9)
FN:65,(anonymous_10)
FN:66,(anonymous_11)
FNF:8
FNH:0
FNDA:0,(anonymous_4)
FNDA:0,(anonymous_5)
FNDA:0,(anonymous_6)
FNDA:0,(anonymous_7)
FNDA:0,(anonymous_8)
FNDA:0,(anonymous_9)
FNDA:0,(anonymous_10)
FNDA:0,(anonymous_11)
DA:1,0
DA:2,0
DA:13,0
DA:21,0
DA:22,0
DA:23,0
DA:24,0
DA:25,0
DA:27,0
DA:34,0
DA:41,0
DA:42,0
DA:44,0
DA:45,0
DA:49,0
DA:50,0
DA:51,0
DA:53,0
DA:56,0
DA:57,0
DA:58,0
DA:61,0
DA:62,0
DA:65,0
DA:66,0
DA:67,0
DA:68,0
DA:73,0
DA:119,0
LF:29
LH:0
BRDA:16,0,0,0
BRDA:17,1,0,0
BRDA:18,2,0,0
BRDA:19,3,0,0
BRDA:42,4,0,0
BRDA:50,5,0,0
BRDA:57,6,0,0
BRDA:67,7,0,0
BRDA:79,8,0,0
BRDA:79,8,1,0
BRDA:87,9,0,0
BRF:11
BRH:0
end_of_record
TN:
SF:components/workspace/AgentActivityFeed.stories.tsx
FNF:0
FNH:0
DA:3,0
DA:5,0
DA:32,0
DA:35,0
DA:42,0
DA:50,0
DA:59,0
DA:66,0
LF:8
LH:0
BRF:0
BRH:0
end_of_record
TN:
SF:components/workspace/AgentActivityFeed.tsx
FN:27,(anonymous_4)
FN:37,(anonymous_5)
FN:40,(anonymous_6)
FN:43,(anonymous_7)
FN:52,(anonymous_8)
FN:79,(anonymous_9)
FN:86,(anonymous_10)
FN:113,(anonymous_11)
FN:138,(anonymous_12)
FN:147,(anonymous_13)
FN:161,(anonymous_14)
FN:171,(anonymous_15)
FN:181,(anonymous_16)
FN:196,(anonymous_17)
FN:228,(anonymous_18)
FN:231,(anonymous_19)
FN:253,(anonymous_20)
FNF:17
FNH:0
FNDA:0,(anonymous_4)
FNDA:0,(anonymous_5)
FNDA:0,(anonymous_6)
FNDA:0,(anonymous_7)
FNDA:0,(anonymous_8)
FNDA:0,(anonymous_9)
FNDA:0,(anonymous_10)
FNDA:0,(anonymous_11)
FNDA:0,(anonymous_12)
FNDA:0,(anonymous_13)
FNDA:0,(anonymous_14)
FNDA:0,(anonymous_15)
FNDA:0,(anonymous_16)
FNDA:0,(anonymous_17)
FNDA:0,(anonymous_18)
FNDA:0,(anonymous_19)
FNDA:0,(anonymous_20)
DA:1,0
DA:3,0
DA:27,0
DA:33,0
DA:34,0
DA:35,0
DA:37,0
DA:38,0
DA:39,0
DA:40,0
DA:43,0
DA:44,0
DA:45,0
DA:46,0
DA:48,0
DA:51,0
DA:52,0
DA:53,0
DA:54,0
DA:56,0
DA:58,0
DA:78,0
DA:80,0
DA:81,0
DA:86,0
DA:87,0
DA:88,0
DA:90,0
DA:107,0
DA:113,0
DA:115,0
DA:116,0
DA:117,0
DA:119,0
DA:120,0
DA:138,0
DA:139,0
DA:141,0
DA:143,0
DA:147,0
DA:148,0
DA:149,0
DA:150,0
DA:151,0
DA:152,0
DA:153,0
DA:154,0
DA:155,0
DA:156,0
DA:157,0
DA:161,0
DA:162,0
DA:163,0
DA:164,0
DA:165,0
DA:166,0
DA:167,0
DA:171,0
DA:172,0
DA:173,0
DA:174,0
DA:175,0
DA:176,0
DA:177,0
DA:181,0
DA:182,0
DA:183,0
DA:184,0
DA:185,0
DA:186,0
DA:187,0
DA:189,0
DA:190,0
DA:191,0
DA:192,0
DA:193,0
DA:196,0
DA:197,0
DA:198,0
DA:199,0
DA:200,0
DA:201,0
DA:204,0
DA:229,0
DA:231,0
DA:254,0
LF:86
LH:0
BRDA:31,0,0,0
BRDA:53,1,0,0
BRDA:53,2,0,0
BRDA:53,2,1,0
BRDA:54,3,0,0
BRDA:54,4,0,0
BRDA:54,4,1,0
BRDA:56,5,0,0
BRDA:56,5,1,0
BRDA:60,6,0,0
BRDA:60,6,1,0
BRDA:61,7,0,0
BRDA:61,7,1,0
BRDA:62,8,0,0
BRDA:62,8,1,0
BRDA:64,9,0,0
BRDA:64,9,1,0
BRDA:65,10,0,0
BRDA:65,10,1,0
BRDA:66,11,0,0
BRDA:66,11,1,0
BRDA:66,12,0,0
BRDA:66,12,1,0
BRDA:67,13,0,0
BRDA:67,13,1,0
BRDA:81,14,0,0
BRDA:81,14,1,0
BRDA:81,14,2,0
BRDA:81,14,3,0
BRDA:81,14,4,0
BRDA:81,14,5,0
BRDA:88,15,0,0
BRDA:92,16,0,0
BRDA:92,16,1,0
BRDA:95,17,0,0
BRDA:95,17,1,0
BRDA:109,18,0,0
BRDA:109,18,1,0
BRDA:110,19,0,0
BRDA:110,19,1,0
BRDA:119,20,0,0
BRDA:148,21,0,0
BRDA:148,21,1,0
BRDA:148,21,2,0
BRDA:148,21,3,0
BRDA:148,21,4,0
BRDA:148,21,5,0
BRDA:148,21,6,0
BRDA:148,21,7,0
BRDA:148,21,8,0
BRDA:162,22,0,0
BRDA:162,22,1,0
BRDA:162,22,2,0
BRDA:162,22,3,0
BRDA:162,22,4,0
BRDA:172,23,0,0
BRDA:172,23,1,0
BRDA:172,23,2,0
BRDA:172,23,3,0
BRDA:172,23,4,0
BRDA:189,24,0,0
BRDA:190,25,0,0
BRDA:191,26,0,0
BRDA:192,27,0,0
BRDA:197,28,0,0
BRDA:198,29,0,0
BRDA:199,30,0,0
BRDA:200,31,0,0
BRDA:204,32,0,0
BRDA:233,33,0,0
BRDA:233,33,1,0
BRDA:247,34,0,0
BRDA:247,34,1,0
BRDA:273,35,0,0
BRDA:279,36,0,0
BRDA:285,37,0,0
BRDA:291,38,0,0
BRDA:297,39,0,0
BRF:78
BRH:0
end_of_record
TN:
SF:components/workspace/AgentCollaborationView.stories.tsx
FNF:0
FNH:0
DA:3,0
DA:5,0
DA:28,0
DA:31,0
DA:37,0
DA:44,0
DA:52,0
DA:58,0
DA:65,0
LF:9
LH:0
BRF:0
BRH:0
end_of_record
TN:
SF:components/workspace/AgentCollaborationView.tsx
FN:30,(anonymous_4)
FN:41,(anonymous_5)
FN:44,(anonymous_6)
FN:47,(anonymous_7)
FN:62,(anonymous_8)
FN:85,(anonymous_9)
FN:125,(anonymous_10)
FN:132,(anonymous_11)
FN:152,(anonymous_12)
FN:188,(anonymous_13)
FN:218,(anonymous_14)
FN:227,(anonymous_15)
FN:236,(anonymous_16)
FN:246,(anonymous_17)
FN:273,(anonymous_18)
FN:276,(anonymous_19)
FN:302,(anonymous_20)
FN:303,(anonymous_21)
FN:304,(anonymous_22)
FN:341,(anonymous_23)
FN:351,(anonymous_24)
FN:381,(anonymous_25)
FN:382,(anonymous_26)
FN:383,(anonymous_27)
FN:424,(anonymous_28)
FN:425,(anonymous_29)
FN:434,(anonymous_30)
FN:435,(anonymous_31)
FN:444,(anonymous_32)
FN:445,(anonymous_33)
FN:446,(anonymous_34)
FN:480,(anonymous_35)
FN:503,(anonymous_36)
FNF:33
FNH:0
FNDA:0,(anonymous_4)
FNDA:0,(anonymous_5)
FNDA:0,(anonymous_6)
FNDA:0,(anonymous_7)
FNDA:0,(anonymous_8)
FNDA:0,(anonymous_9)
FNDA:0,(anonymous_10)
FNDA:0,(anonymous_11)
FNDA:0,(anonymous_12)
FNDA:0,(anonymous_13)
FNDA:0,(anonymous_14)
FNDA:0,(anonymous_15)
FNDA:0,(anonymous_16)
FNDA:0,(anonymous_17)
FNDA:0,(anonymous_18)
FNDA:0,(anonymous_19)
FNDA:0,(anonymous_20)
FNDA:0,(anonymous_21)
FNDA:0,(anonymous_22)
FNDA:0,(anonymous_23)
FNDA:0,(anonymous_24)
FNDA:0,(anonymous_25)
FNDA:0,(anonymous_26)
FNDA:0,(anonymous_27)
FNDA:0,(anonymous_28)
FNDA:0,(anonymous_29)
FNDA:0,(anonymous_30)
FNDA:0,(anonymous_31)
FNDA:0,(anonymous_32)
FNDA:0,(anonymous_33)
FNDA:0,(anonymous_34)
FNDA:0,(anonymous_35)
FNDA:0,(anonymous_36)
DA:1,0
DA:3,0
DA:30,0
DA:35,0
DA:36,0
DA:37,0
DA:38,0
DA:39,0
DA:41,0
DA:42,0
DA:43,0
DA:44,0
DA:47,0
DA:48,0
DA:49,0
DA:50,0
DA:52,0
DA:53,0
DA:56,0
DA:62,0
DA:63,0
DA:64,0
DA:65,0
DA:66,0
DA:68,0
DA:84,0
DA:85,0
DA:86,0
DA:87,0
DA:89,0
DA:90,0
DA:92,0
DA:108,0
DA:109,0
DA:124,0
DA:126,0
DA:127,0
DA:132,0
DA:133,0
DA:134,0
DA:136,0
DA:152,0
DA:153,0
DA:167,0
DA:179,0
DA:180,0
DA:182,0
DA:184,0
DA:188,0
DA:189,0
DA:191,0
DA:192,0
DA:193,0
DA:194,0
DA:195,0
DA:196,0
DA:199,0
DA:200,0
DA:201,0
DA:202,0
DA:203,0
DA:204,0
DA:207,0
DA:208,0
DA:209,0
DA:210,0
DA:211,0
DA:214,0
DA:218,0
DA:219,0
DA:220,0
DA:221,0
DA:222,0
DA:223,0
DA:227,0
DA:228,0
DA:229,0
DA:230,0
DA:231,0
DA:232,0
DA:236,0
DA:237,0
DA:238,0
DA:239,0
DA:240,0
DA:241,0
DA:242,0
DA:246,0
DA:247,0
DA:250,0
DA:274,0
DA:276,0
DA:303,0
DA:304,0
DA:306,0
DA:308,0
DA:342,0
DA:351,0
DA:381,0
DA:382,0
DA:384,0
DA:424,0
DA:426,0
DA:434,0
DA:436,0
DA:444,0
DA:446,0
DA:447,0
DA:450,0
DA:480,0
DA:504,0
LF:111
LH:0
BRDA:58,0,0,0
BRDA:58,0,1,0
BRDA:59,1,0,0
BRDA:59,1,1,0
BRDA:86,2,0,0
BRDA:86,3,0,0
BRDA:86,3,1,0
BRDA:87,4,0,0
BRDA:87,5,0,0
BRDA:87,5,1,0
BRDA:108,6,0,0
BRDA:127,7,0,0
BRDA:127,7,1,0
BRDA:127,7,2,0
BRDA:127,7,3,0
BRDA:127,7,4,0
BRDA:127,7,5,0
BRDA:189,8,0,0
BRDA:189,8,1,0
BRDA:189,8,2,0
BRDA:189,8,3,0
BRDA:191,9,0,0
BRDA:191,9,1,0
BRDA:191,9,2,0
BRDA:191,9,3,0
BRDA:191,9,4,0
BRDA:199,10,0,0
BRDA:199,10,1,0
BRDA:199,10,2,0
BRDA:199,10,3,0
BRDA:199,10,4,0
BRDA:207,11,0,0
BRDA:207,11,1,0
BRDA:207,11,2,0
BRDA:207,11,3,0
BRDA:219,12,0,0
BRDA:219,12,1,0
BRDA:219,12,2,0
BRDA:219,12,3,0
BRDA:228,13,0,0
BRDA:228,13,1,0
BRDA:228,13,2,0
BRDA:228,13,3,0
BRDA:237,14,0,0
BRDA:237,14,1,0
BRDA:237,14,2,0
BRDA:237,14,3,0
BRDA:237,14,4,0
BRDA:250,15,0,0
BRDA:278,16,0,0
BRDA:278,16,1,0
BRDA:291,17,0,0
BRDA:306,18,0,0
BRDA:306,19,0,0
BRDA:306,19,1,0
BRDA:348,20,0,0
BRDA:348,20,1,0
BRDA:349,21,0,0
BRDA:349,21,1,0
BRDA:377,22,0,0
BRDA:381,23,0,0
BRDA:381,23,1,0
BRDA:382,24,0,0
BRDA:382,24,1,0
BRDA:382,25,0,0
BRDA:382,25,1,0
BRDA:393,26,0,0
BRDA:393,26,1,0
BRDA:394,27,0,0
BRDA:394,27,1,0
BRDA:395,28,0,0
BRDA:395,28,1,0
BRDA:401,29,0,0
BRDA:414,30,0,0
BRDA:447,31,0,0
BRDA:447,31,1,0
BRDA:453,32,0,0
BRDA:455,33,0,0
BRDA:455,33,1,0
BRDA:456,34,0,0
BRDA:456,34,1,0
BRDA:475,35,0,0
BRDA:503,36,0,0
BRDA:503,36,1,0
BRDA:509,37,0,0
BRDA:509,37,1,0
BRF:86
BRH:0
end_of_record
TN:
SF:components/workspace/AgentDashboard.stories.tsx
FNF:0
FNH:0
DA:3,0
DA:5,0
DA:28,0
DA:31,0
DA:37,0
DA:44,0
DA:52,0
DA:59,0
DA:66,0
LF:9
LH:0
BRF:0
BRH:0
end_of_record
TN:
SF:components/workspace/AgentDashboard.tsx
FN:20,(anonymous_4)
FN:31,(anonymous_5)
FN:34,(anonymous_6)
FN:37,(anonymous_7)
FN:47,(anonymous_8)
FN:59,(anonymous_9)
FN:79,(anonymous_10)
FN:92,(anonymous_11)
FN:103,(anonymous_12)
FN:129,(anonymous_13)
FN:192,(anonymous_14)
FN:196,(anonymous_15)
FN:209,(anonymous_16)
FN:220,(anonymous_17)
FN:232,(anonymous_18)
FN:246,(anonymous_19)
FN:247,(anonymous_20)
FN:258,(anonymous_21)
FN:291,(anonymous_22)
FN:334,(anonymous_23)
FN:347,(anonymous_24)
FN:368,(anonymous_25)
FN:396,(anonymous_26)
FN:428,(anonymous_27)
FN:431,(anonymous_28)
FN:444,(anonymous_29)
FN:470,(anonymous_30)
FN:482,(anonymous_31)
FN:518,(anonymous_32)
FN:597,(anonymous_33)
FN:612,(anonymous_34)
FN:625,(anonymous_35)
FNF:32
FNH:0
FNDA:0,(anonymous_4)
FNDA:0,(anonymous_5)
FNDA:0,(anonymous_6)
FNDA:0,(anonymous_7)
FNDA:0,(anonymous_8)
FNDA:0,(anonymous_9)
FNDA:0,(anonymous_10)
FNDA:0,(anonymous_11)
FNDA:0,(anonymous_12)
FNDA:0,(anonymous_13)
FNDA:0,(anonymous_14)
FNDA:0,(anonymous_15)
FNDA:0,(anonymous_16)
FNDA:0,(anonymous_17)
FNDA:0,(anonymous_18)
FNDA:0,(anonymous_19)
FNDA:0,(anonymous_20)
FNDA:0,(anonymous_21)
FNDA:0,(anonymous_22)
FNDA:0,(anonymous_23)
FNDA:0,(anonymous_24)
FNDA:0,(anonymous_25)
FNDA:0,(anonymous_26)
FNDA:0,(anonymous_27)
FNDA:0,(anonymous_28)
FNDA:0,(anonymous_29)
FNDA:0,(anonymous_30)
FNDA:0,(anonymous_31)
FNDA:0,(anonymous_32)
FNDA:0,(anonymous_33)
FNDA:0,(anonymous_34)
FNDA:0,(anonymous_35)
DA:1,0
DA:3,0
DA:20,0
DA:25,0
DA:26,0
DA:27,0
DA:28,0
DA:29,0
DA:31,0
DA:32,0
DA:33,0
DA:34,0
DA:37,0
DA:38,0
DA:39,0
DA:40,0
DA:46,0
DA:47,0
DA:48,0
DA:50,0
DA:51,0
DA:53,0
DA:55,0
DA:59,0
DA:60,0
DA:61,0
DA:62,0
DA:69,0
DA:70,0
DA:71,0
DA:72,0
DA:75,0
DA:79,0
DA:80,0
DA:81,0
DA:82,0
DA:83,0
DA:84,0
DA:85,0
DA:88,0
DA:92,0
DA:93,0
DA:94,0
DA:95,0
DA:96,0
DA:97,0
DA:98,0
DA:99,0
DA:103,0
DA:104,0
DA:105,0
DA:106,0
DA:107,0
DA:108,0
DA:112,0
DA:129,0
DA:193,0
DA:196,0
DA:209,0
DA:220,0
DA:232,0
DA:246,0
DA:247,0
DA:248,0
DA:249,0
DA:250,0
DA:251,0
DA:252,0
DA:253,0
DA:254,0
DA:258,0
DA:259,0
DA:260,0
DA:261,0
DA:262,0
DA:263,0
DA:292,0
DA:335,0
DA:336,0
DA:348,0
DA:349,0
DA:368,0
DA:375,0
DA:376,0
DA:377,0
DA:379,0
DA:396,0
DA:397,0
DA:399,0
DA:429,0
DA:431,0
DA:445,0
DA:470,0
DA:482,0
DA:518,0
DA:598,0
DA:613,0
DA:625,0
LF:98
LH:0
BRDA:69,0,0,0
BRDA:83,1,0,0
BRDA:93,2,0,0
BRDA:93,2,1,0
BRDA:93,2,2,0
BRDA:93,2,3,0
BRDA:93,2,4,0
BRDA:93,2,5,0
BRDA:104,3,0,0
BRDA:104,3,1,0
BRDA:104,3,2,0
BRDA:104,3,3,0
BRDA:112,4,0,0
BRDA:138,5,0,0
BRDA:183,6,0,0
BRDA:183,6,1,0
BRDA:203,7,0,0
BRDA:218,8,0,0
BRDA:229,9,0,0
BRDA:248,10,0,0
BRDA:248,10,1,0
BRDA:248,10,2,0
BRDA:248,10,3,0
BRDA:248,10,4,0
BRDA:248,10,5,0
BRDA:259,11,0,0
BRDA:259,11,1,0
BRDA:259,11,2,0
BRDA:259,11,3,0
BRDA:283,12,0,0
BRDA:299,13,0,0
BRDA:336,14,0,0
BRDA:336,14,1,0
BRDA:339,15,0,0
BRDA:339,15,1,0
BRDA:344,16,0,0
BRDA:344,16,1,0
BRDA:397,17,0,0
BRDA:397,18,0,0
BRDA:397,18,1,0
BRDA:433,19,0,0
BRDA:433,19,1,0
BRDA:461,20,0,0
BRDA:501,21,0,0
BRDA:501,21,1,0
BRDA:553,22,0,0
BRDA:625,23,0,0
BRDA:625,23,1,0
BRDA:627,24,0,0
BRDA:627,24,1,0
BRDA:632,25,0,0
BRDA:632,25,1,0
BRF:52
BRH:0
end_of_record
TN:
SF:components/workspace/KanbanBoard.tsx
FN:34,(anonymous_4)
FN:59,(anonymous_5)
FN:60,(anonymous_6)
FN:68,(anonymous_7)
FN:72,(anonymous_8)
FN:75,(anonymous_9)
FN:91,(anonymous_10)
FN:102,(anonymous_11)
FN:108,(anonymous_12)
FN:115,(anonymous_13)
FN:122,(anonymous_14)
FN:130,(anonymous_15)
FN:139,(anonymous_16)
FN:175,(anonymous_17)
FN:191,(anonymous_18)
FN:212,(anonymous_19)
FN:214,(anonymous_20)
FN:231,(anonymous_21)
FNF:18
FNH:0
FNDA:0,(anonymous_4)
FNDA:0,(anonymous_5)
FNDA:0,(anonymous_6)
FNDA:0,(anonymous_7)
FNDA:0,(anonymous_8)
FNDA:0,(anonymous_9)
FNDA:0,(anonymous_10)
FNDA:0,(anonymous_11)
FNDA:0,(anonymous_12)
FNDA:0,(anonymous_13)
FNDA:0,(anonymous_14)
FNDA:0,(anonymous_15)
FNDA:0,(anonymous_16)
FNDA:0,(anonymous_17)
FNDA:0,(anonymous_18)
FNDA:0,(anonymous_19)
FNDA:0,(anonymous_20)
FNDA:0,(anonymous_21)
DA:1,0
DA:2,0
DA:4,0
DA:5,0
DA:6,0
DA:8,0
DA:9,0
DA:34,0
DA:47,0
DA:48,0
DA:49,0
DA:50,0
DA:51,0
DA:54,0
DA:55,0
DA:56,0
DA:59,0
DA:60,0
DA:61,0
DA:62,0
DA:63,0
DA:67,0
DA:68,0
DA:72,0
DA:73,0
DA:75,0
DA:76,0
DA:79,0
DA:81,0
DA:82,0
DA:85,0
DA:86,0
DA:91,0
DA:92,0
DA:94,0
DA:95,0
DA:97,0
DA:102,0
DA:103,0
DA:104,0
DA:108,0
DA:109,0
DA:110,0
DA:111,0
DA:115,0
DA:116,0
DA:117,0
DA:118,0
DA:122,0
DA:123,0
DA:124,0
DA:126,0
DA:130,0
DA:131,0
DA:132,0
DA:134,0
DA:135,0
DA:139,0
DA:141,0
DA:149,0
DA:175,0
DA:192,0
DA:212,0
DA:214,0
DA:231,0
LF:65
LH:0
BRDA:44,0,0,0
BRDA:45,1,0,0
BRDA:61,2,0,0
BRDA:61,3,0,0
BRDA:61,3,1,0
BRDA:61,3,2,0
BRDA:73,4,0,0
BRDA:76,5,0,0
BRDA:76,6,0,0
BRDA:76,6,1,0
BRDA:76,6,2,0
BRDA:92,7,0,0
BRDA:123,8,0,0
BRDA:130,9,0,0
BRDA:130,9,1,0
BRDA:131,10,0,0
BRDA:141,11,0,0
BRDA:149,12,0,0
BRDA:202,13,0,0
BRDA:202,13,1,0
BRDA:226,14,0,0
BRF:21
BRH:0
end_of_record
TN:
SF:components/workspace/KanbanCard.stories.tsx
FNF:0
FNH:0
DA:4,0
DA:7,0
DA:25,0
DA:28,0
DA:39,0
DA:48,0
DA:55,0
DA:62,0
DA:69,0
LF:9
LH:0
BRF:0
BRH:0
end_of_record
TN:
SF:components/workspace/KanbanCard.tsx
FN:19,(anonymous_4)
FN:36,(anonymous_5)
FN:46,(anonymous_6)
FN:50,(anonymous_7)
FN:56,(anonymous_8)
FN:60,(anonymous_9)
FN:65,(anonymous_10)
FN:83,(anonymous_11)
FN:88,(anonymous_12)
FN:105,(anonymous_13)
FN:123,(anonymous_14)
FN:124,(anonymous_15)
FN:140,(anonymous_16)
FN:171,(anonymous_17)
FN:219,(anonymous_18)
FN:232,(anonymous_19)
FNF:16
FNH:0
FNDA:0,(anonymous_4)
FNDA:0,(anonymous_5)
FNDA:0,(anonymous_6)
FNDA:0,(anonymous_7)
FNDA:0,(anonymous_8)
FNDA:0,(anonymous_9)
FNDA:0,(anonymous_10)
FNDA:0,(anonymous_11)
FNDA:0,(anonymous_12)
FNDA:0,(anonymous_13)
FNDA:0,(anonymous_14)
FNDA:0,(anonymous_15)
FNDA:0,(anonymous_16)
FNDA:0,(anonymous_17)
FNDA:0,(anonymous_18)
FNDA:0,(anonymous_19)
DA:1,0
DA:2,0
DA:19,0
DA:31,0
DA:32,0
DA:33,0
DA:34,0
DA:36,0
DA:37,0
DA:38,0
DA:39,0
DA:40,0
DA:41,0
DA:42,0
DA:46,0
DA:47,0
DA:50,0
DA:51,0
DA:52,0
DA:53,0
DA:56,0
DA:57,0
DA:60,0
DA:61,0
DA:62,0
DA:65,0
DA:66,0
DA:67,0
DA:68,0
DA:69,0
DA:72,0
DA:73,0
DA:74,0
DA:75,0
DA:77,0
DA:78,0
DA:83,0
DA:84,0
DA:85,0
DA:88,0
DA:89,0
DA:90,0
DA:91,0
DA:93,0
DA:95,0
DA:96,0
DA:97,0
DA:99,0
DA:100,0
DA:101,0
DA:105,0
DA:106,0
DA:107,0
DA:108,0
DA:110,0
DA:123,0
DA:124,0
DA:140,0
DA:172,0
DA:220,0
DA:221,0
DA:233,0
DA:234,0
LF:63
LH:0
BRDA:37,0,0,0
BRDA:37,0,1,0
BRDA:37,0,2,0
BRDA:37,0,3,0
BRDA:37,0,4,0
BRDA:66,1,0,0
BRDA:66,2,0,0
BRDA:66,2,1,0
BRDA:72,3,0,0
BRDA:89,4,0,0
BRDA:89,4,1,0
BRDA:90,5,0,0
BRDA:90,5,1,0
BRDA:95,6,0,0
BRDA:95,6,1,0
BRDA:96,7,0,0
BRDA:99,8,0,0
BRDA:99,9,0,0
BRDA:99,9,1,0
BRDA:99,9,2,0
BRDA:106,10,0,0
BRDA:119,11,0,0
BRDA:119,11,1,0
BRDA:120,12,0,0
BRDA:120,12,1,0
BRDA:120,13,0,0
BRDA:120,13,1,0
BRDA:138,14,0,0
BRDA:162,15,0,0
BRDA:169,16,0,0
BRDA:169,16,1,0
BRDA:179,17,0,0
BRDA:191,18,0,0
BRDA:202,19,0,0
BRDA:211,20,0,0
BRDA:230,21,0,0
BRDA:250,22,0,0
BRF:37
BRH:0
end_of_record
TN:
SF:components/workspace/KanbanColumn.stories.tsx
FN:65,(anonymous_8)
FN:66,(anonymous_9)
FN:67,(anonymous_10)
FN:68,(anonymous_11)
FN:69,(anonymous_12)
FN:105,(anonymous_13)
FNF:6
FNH:0
FNDA:0,(anonymous_8)
FNDA:0,(anonymous_9)
FNDA:0,(anonymous_10)
FNDA:0,(anonymous_11)
FNDA:0,(anonymous_12)
FNDA:0,(anonymous_13)
DA:4,0
DA:7,0
DA:16,0
DA:20,0
DA:27,0
DA:57,0
DA:73,0
DA:80,0
DA:88,0
DA:95,0
DA:102,0
DA:106,0
LF:12
LH:0
BRF:0
BRH:0
end_of_record
TN:
SF:components/workspace/KanbanColumn.tsx
FN:31,(anonymous_4)
FN:54,(anonymous_5)
FN:59,(anonymous_6)
FN:63,(anonymous_7)
FN:75,(anonymous_8)
FN:91,(anonymous_9)
FN:107,(anonymous_10)
FN:148,(anonymous_11)
FN:157,(anonymous_12)
FN:169,(anonymous_13)
FN:183,(anonymous_14)
FN:197,(anonymous_15)
FN:198,(anonymous_16)
FN:200,(anonymous_17)
FN:201,(anonymous_18)
FN:220,(anonymous_19)
FN:235,(anonymous_20)
FN:256,(anonymous_21)
FNF:18
FNH:0
FNDA:0,(anonymous_4)
FNDA:0,(anonymous_5)
FNDA:0,(anonymous_6)
FNDA:0,(anonymous_7)
FNDA:0,(anonymous_8)
FNDA:0,(anonymous_9)
FNDA:0,(anonymous_10)
FNDA:0,(anonymous_11)
FNDA:0,(anonymous_12)
FNDA:0,(anonymous_13)
FNDA:0,(anonymous_14)
FNDA:0,(anonymous_15)
FNDA:0,(anonymous_16)
FNDA:0,(anonymous_17)
FNDA:0,(anonymous_18)
FNDA:0,(anonymous_19)
FNDA:0,(anonymous_20)
FNDA:0,(anonymous_21)
DA:1,0
DA:2,0
DA:4,0
DA:31,0
DA:49,0
DA:50,0
DA:51,0
DA:52,0
DA:54,0
DA:55,0
DA:56,0
DA:59,0
DA:60,0
DA:63,0
DA:64,0
DA:65,0
DA:67,0
DA:68,0
DA:69,0
DA:70,0
DA:72,0
DA:75,0
DA:76,0
DA:78,0
DA:79,0
DA:84,0
DA:85,0
DA:87,0
DA:91,0
DA:92,0
DA:93,0
DA:94,0
DA:95,0
DA:98,0
DA:100,0
DA:102,0
DA:103,0
DA:107,0
DA:108,0
DA:109,0
DA:110,0
DA:111,0
DA:112,0
DA:114,0
DA:115,0
DA:116,0
DA:117,0
DA:118,0
DA:119,0
DA:120,0
DA:148,0
DA:157,0
DA:169,0
DA:184,0
DA:197,0
DA:198,0
DA:220,0
DA:236,0
DA:237,0
DA:256,0
LF:60
LH:0
BRDA:76,0,0,0
BRDA:76,1,0,0
BRDA:76,1,1,0
BRDA:92,2,0,0
BRDA:92,3,0,0
BRDA:92,3,1,0
BRDA:108,4,0,0
BRDA:108,4,1,0
BRDA:109,5,0,0
BRDA:109,5,1,0
BRDA:111,6,0,0
BRDA:114,7,0,0
BRDA:115,8,0,0
BRDA:115,8,1,0
BRDA:118,9,0,0
BRDA:128,10,0,0
BRDA:128,10,1,0
BRDA:145,11,0,0
BRDA:200,12,0,0
BRDA:200,12,1,0
BRDA:201,13,0,0
BRDA:201,13,1,0
BRDA:210,14,0,0
BRDA:249,15,0,0
BRDA:249,15,1,0
BRF:25
BRH:0
end_of_record
TN:
SF:components/workspace/KanbanColumnHeader.stories.tsx
FNF:0
FNH:0
DA:3,0
DA:5,0
DA:14,0
DA:17,0
DA:24,0
DA:32,0
DA:39,0
LF:7
LH:0
BRF:0
BRH:0
end_of_record
TN:
SF:components/workspace/KanbanColumnHeader.tsx
FN:9,(anonymous_2)
FNF:1
FNH:0
FNDA:0,(anonymous_2)
DA:1,0
DA:9,0
LF:2
LH:0
BRDA:18,0,0,0
BRDA:27,1,0,0
BRDA:27,1,1,0
BRF:3
BRH:0
end_of_record
TN:
SF:components/workspace/LeftPanel.stories.tsx
FNF:0
FNH:0
DA:3,0
DA:5,0
DA:21,0
DA:24,0
DA:30,0
DA:36,0
DA:42,0
DA:48,0
DA:54,0
LF:9
LH:0
BRF:0
BRH:0
end_of_record
TN:
SF:components/workspace/LeftPanel.tsx
FN:7,(anonymous_2)
FN:8,(anonymous_3)
FNF:2
FNH:0
FNDA:0,(anonymous_2)
FNDA:0,(anonymous_3)
DA:1,0
DA:7,0
DA:8,0
DA:9,0
DA:11,0
DA:13,0
DA:15,0
DA:17,0
DA:19,0
DA:21,0
LF:10
LH:0
BRDA:9,0,0,0
BRDA:9,0,1,0
BRDA:9,0,2,0
BRDA:9,0,3,0
BRDA:9,0,4,0
BRDA:9,0,5,0
BRF:6
BRH:0
end_of_record
TN:
SF:components/workspace/PhaseSidebar.stories.tsx
FN:61,(anonymous_9)
FN:67,(anonymous_10)
FN:102,(anonymous_11)
FN:108,(anonymous_12)
FN:136,(anonymous_13)
FN:167,(anonymous_14)
FN:195,(anonymous_15)
FN:226,(anonymous_16)
FN:254,(anonymous_17)
FNF:9
FNH:0
FNDA:0,(anonymous_9)
FNDA:0,(anonymous_10)
FNDA:0,(anonymous_11)
FNDA:0,(anonymous_12)
FNDA:0,(anonymous_13)
FNDA:0,(anonymous_14)
FNDA:0,(anonymous_15)
FNDA:0,(anonymous_16)
FNDA:0,(anonymous_17)
DA:3,0
DA:6,0
DA:26,0
DA:29,0
DA:61,0
DA:67,0
DA:102,0
DA:108,0
DA:136,0
DA:142,0
DA:167,0
DA:195,0
DA:201,0
DA:226,0
DA:254,0
DA:260,0
DA:267,0
DA:274,0
DA:281,0
DA:288,0
DA:295,0
DA:302,0
LF:22
LH:0
BRF:0
BRH:0
end_of_record
TN:
SF:components/workspace/PhaseSidebar.tsx
FN:11,(anonymous_2)
FN:16,(anonymous_3)
FN:29,(anonymous_4)
FN:53,(anonymous_5)
FN:71,(anonymous_6)
FN:93,(anonymous_7)
FNF:6
FNH:0
FNDA:0,(anonymous_2)
FNDA:0,(anonymous_3)
FNDA:0,(anonymous_4)
FNDA:0,(anonymous_5)
FNDA:0,(anonymous_6)
FNDA:0,(anonymous_7)
DA:1,0
DA:11,0
DA:16,0
DA:17,0
DA:19,0
DA:21,0
DA:23,0
DA:25,0
DA:29,0
DA:30,0
DA:32,0
DA:34,0
DA:36,0
DA:38,0
DA:54,0
DA:72,0
DA:94,0
LF:17
LH:0
BRDA:17,0,0,0
BRDA:17,0,1,0
BRDA:17,0,2,0
BRDA:17,0,3,0
BRDA:30,1,0,0
BRDA:30,1,1,0
BRDA:30,1,2,0
BRDA:30,1,3,0
BRDA:105,2,0,0
BRDA:105,2,1,0
BRDA:106,3,0,0
BRDA:106,3,1,0
BRDA:151,4,0,0
BRDA:151,4,1,0
BRDA:160,5,0,0
BRDA:160,5,1,0
BRF:16
BRH:0
end_of_record
TN:
SF:components/workspace/SearchModal.stories.tsx
FN:121,(anonymous_7)
FN:124,(anonymous_8)
FN:129,(anonymous_9)
FN:137,(anonymous_10)
FNF:4
FNH:0
FNDA:0,(anonymous_7)
FNDA:0,(anonymous_8)
FNDA:0,(anonymous_9)
FNDA:0,(anonymous_10)
DA:2,0
DA:4,0
DA:7,0
DA:34,0
DA:37,0
DA:121,0
DA:122,0
DA:124,0
DA:125,0
DA:126,0
DA:129,0
DA:130,0
DA:131,0
DA:137,0
DA:153,0
DA:160,0
DA:167,0
DA:174,0
DA:223,0
LF:19
LH:0
BRF:0
BRH:0
end_of_record
TN:
SF:components/workspace/SearchModal.tsx
FN:20,(anonymous_4)
FN:35,(anonymous_5)
FN:44,(anonymous_6)
FN:46,(anonymous_7)
FN:52,(anonymous_8)
FN:69,(anonymous_9)
FN:93,(anonymous_10)
FN:97,(anonymous_11)
FN:103,(anonymous_12)
FN:110,(anonymous_13)
FN:114,(anonymous_14)
FN:118,(anonymous_15)
FN:122,(anonymous_16)
FN:139,(anonymous_17)
FN:149,(anonymous_18)
FN:155,(anonymous_19)
FN:161,(anonymous_20)
FN:170,(anonymous_21)
FN:208,(anonymous_22)
FN:237,(anonymous_23)
FN:246,(anonymous_24)
FN:283,(anonymous_25)
FNF:22
FNH:0
FNDA:0,(anonymous_4)
FNDA:0,(anonymous_5)
FNDA:0,(anonymous_6)
FNDA:0,(anonymous_7)
FNDA:0,(anonymous_8)
FNDA:0,(anonymous_9)
FNDA:0,(anonymous_10)
FNDA:0,(anonymous_11)
FNDA:0,(anonymous_12)
FNDA:0,(anonymous_13)
FNDA:0,(anonymous_14)
FNDA:0,(anonymous_15)
FNDA:0,(anonymous_16)
FNDA:0,(anonymous_17)
FNDA:0,(anonymous_18)
FNDA:0,(anonymous_19)
FNDA:0,(anonymous_20)
FNDA:0,(anonymous_21)
FNDA:0,(anonymous_22)
FNDA:0,(anonymous_23)
FNDA:0,(anonymous_24)
FNDA:0,(anonymous_25)
DA:1,0
DA:2,0
DA:20,0
DA:27,0
DA:28,0
DA:29,0
DA:30,0
DA:31,0
DA:32,0
DA:35,0
DA:36,0
DA:37,0
DA:38,0
DA:39,0
DA:44,0
DA:45,0
DA:46,0
DA:49,0
DA:50,0
DA:52,0
DA:53,0
DA:54,0
DA:57,0
DA:58,0
DA:59,0
DA:63,0
DA:64,0
DA:65,0
DA:69,0
DA:70,0
DA:71,0
DA:72,0
DA:77,0
DA:78,0
DA:79,0
DA:83,0
DA:84,0
DA:85,0
DA:88,0
DA:89,0
DA:93,0
DA:97,0
DA:98,0
DA:100,0
DA:103,0
DA:104,0
DA:105,0
DA:106,0
DA:107,0
DA:110,0
DA:114,0
DA:115,0
DA:117,0
DA:118,0
DA:119,0
DA:121,0
DA:122,0
DA:123,0
DA:125,0
DA:126,0
DA:127,0
DA:128,0
DA:130,0
DA:132,0
DA:133,0
DA:134,0
DA:139,0
DA:140,0
DA:141,0
DA:142,0
DA:143,0
DA:149,0
DA:150,0
DA:151,0
DA:155,0
DA:156,0
DA:158,0
DA:159,0
DA:161,0
DA:162,0
DA:170,0
DA:171,0
DA:172,0
DA:173,0
DA:174,0
DA:175,0
DA:176,0
DA:180,0
DA:208,0
DA:238,0
DA:247,0
DA:248,0
DA:284,0
LF:93
LH:0
BRDA:36,0,0,0
BRDA:36,1,0,0
BRDA:36,1,1,0
BRDA:45,2,0,0
BRDA:57,3,0,0
BRDA:63,4,0,0
BRDA:70,5,0,0
BRDA:77,6,0,0
BRDA:83,7,0,0
BRDA:88,8,0,0
BRDA:98,9,0,0
BRDA:115,10,0,0
BRDA:115,10,1,0
BRDA:115,10,2,0
BRDA:115,10,3,0
BRDA:126,11,0,0
BRDA:140,12,0,0
BRDA:140,13,0,0
BRDA:140,13,1,0
BRDA:142,14,0,0
BRDA:150,15,0,0
BRDA:156,16,0,0
BRDA:162,17,0,0
BRDA:162,17,1,0
BRDA:171,18,0,0
BRDA:171,18,1,0
BRDA:171,18,2,0
BRDA:171,18,3,0
BRDA:171,18,4,0
BRDA:180,19,0,0
BRDA:227,20,0,0
BRDA:232,21,0,0
BRDA:233,22,0,0
BRDA:233,22,1,0
BRDA:244,23,0,0
BRDA:244,23,1,0
BRDA:264,24,0,0
BRDA:272,25,0,0
BRDA:275,26,0,0
BRDA:281,27,0,0
BRDA:296,28,0,0
BRDA:316,29,0,0
BRDA:316,29,1,0
BRF:43
BRH:0
end_of_record
TN:
SF:components/workspace/WorkflowBuilder.tsx
FN:20,(anonymous_4)
FN:30,(anonymous_5)
FN:31,(anonymous_6)
FN:32,(anonymous_7)
FN:36,(anonymous_8)
FN:40,(anonymous_9)
FN:41,(anonymous_10)
FN:42,(anonymous_11)
FN:48,(anonymous_12)
FN:58,(anonymous_13)
FN:59,(anonymous_14)
FN:76,(anonymous_15)
FN:77,(anonymous_16)
FN:89,(anonymous_17)
FN:94,(anonymous_18)
FN:98,(anonymous_19)
FN:99,(anonymous_20)
FNF:17
FNH:0
FNDA:0,(anonymous_4)
FNDA:0,(anonymous_5)
FNDA:0,(anonymous_6)
FNDA:0,(anonymous_7)
FNDA:0,(anonymous_8)
FNDA:0,(anonymous_9)
FNDA:0,(anonymous_10)
FNDA:0,(anonymous_11)
FNDA:0,(anonymous_12)
FNDA:0,(anonymous_13)
FNDA:0,(anonymous_14)
FNDA:0,(anonymous_15)
FNDA:0,(anonymous_16)
FNDA:0,(anonymous_17)
FNDA:0,(anonymous_18)
FNDA:0,(anonymous_19)
FNDA:0,(anonymous_20)
DA:1,0
DA:20,0
DA:21,0
DA:22,0
DA:23,0
DA:24,0
DA:25,0
DA:26,0
DA:27,0
DA:28,0
DA:30,0
DA:31,0
DA:32,0
DA:33,0
DA:34,0
DA:36,0
DA:37,0
DA:38,0
DA:40,0
DA:41,0
DA:42,0
DA:43,0
DA:44,0
DA:45,0
DA:46,0
DA:48,0
DA:59,0
DA:77,0
DA:89,0
DA:94,0
DA:98,0
DA:99,0
DA:112,0
LF:33
LH:0
BRDA:44,0,0,0
BRDA:45,1,0,0
BRDA:53,2,0,0
BRDA:56,3,0,0
BRDA:65,4,0,0
BRDA:71,5,0,0
BRDA:74,6,0,0
BRDA:83,7,0,0
BRDA:91,8,0,0
BRDA:91,8,1,0
BRDA:95,9,0,0
BRDA:102,10,0,0
BRF:12
BRH:0
end_of_record
TN:
SF:components/workspace/WorkspaceLayout.stories.tsx
FN:74,(anonymous_7)
FN:94,(anonymous_8)
FN:114,(anonymous_9)
FN:218,(anonymous_10)
FN:238,(anonymous_11)
FN:258,(anonymous_12)
FN:319,(anonymous_13)
FN:339,(anonymous_14)
FN:359,(anonymous_15)
FN:389,(anonymous_16)
FN:409,(anonymous_17)
FN:429,(anonymous_18)
FN:459,(anonymous_19)
FN:479,(anonymous_20)
FN:499,(anonymous_21)
FNF:15
FNH:0
FNDA:0,(anonymous_7)
FNDA:0,(anonymous_8)
FNDA:0,(anonymous_9)
FNDA:0,(anonymous_10)
FNDA:0,(anonymous_11)
FNDA:0,(anonymous_12)
FNDA:0,(anonymous_13)
FNDA:0,(anonymous_14)
FNDA:0,(anonymous_15)
FNDA:0,(anonymous_16)
FNDA:0,(anonymous_17)
FNDA:0,(anonymous_18)
FNDA:0,(anonymous_19)
FNDA:0,(anonymous_20)
FNDA:0,(anonymous_21)
DA:3,0
DA:5,0
DA:29,0
DA:33,0
DA:57,0
DA:74,0
DA:94,0
DA:114,0
DA:120,0
DA:188,0
DA:197,0
DA:218,0
DA:238,0
DA:258,0
DA:298,0
DA:319,0
DA:339,0
DA:359,0
DA:368,0
DA:389,0
DA:409,0
DA:429,0
DA:438,0
DA:459,0
DA:479,0
DA:499,0
LF:26
LH:0
BRF:0
BRH:0
end_of_record
TN:
SF:components/workspace/WorkspaceLayout.tsx
FN:65,(anonymous_2)
FNF:1
FNH:0
FNDA:0,(anonymous_2)
DA:1,0
DA:3,0
DA:4,0
DA:5,0
DA:65,0
LF:5
LH:0
BRF:0
BRH:0
end_of_record
TN:
SF:components/workspace/index.ts
FNF:0
FNH:0
DA:1,0
DA:2,0
DA:3,0
DA:4,0
DA:5,0
DA:6,0
LF:6
LH:0
BRF:0
BRH:0
end_of_record
TN:
SF:lib/audit.ts
FN:45,getClientIP
FN:57,getUserAgent
FN:64,logAuditEvent
FN:98,queryAuditLogs
FN:154,logAuthEvent
FN:173,logSecurityEvent
FN:186,logUserEvent
FN:202,logSystemEvent
FN:218,getAuditStats
FN:253,(anonymous_19)
FN:257,(anonymous_20)
FN:272,cleanupOldAuditLogs
FNF:12
FNH:0
FNDA:0,getClientIP
FNDA:0,getUserAgent
FNDA:0,logAuditEvent
FNDA:0,queryAuditLogs
FNDA:0,logAuthEvent
FNDA:0,logSecurityEvent
FNDA:0,logUserEvent
FNDA:0,logSystemEvent
FNDA:0,getAuditStats
FNDA:0,(anonymous_19)
FNDA:0,(anonymous_20)
FNDA:0,cleanupOldAuditLogs
DA:8,0
DA:10,0
DA:46,0
DA:58,0
DA:64,0
DA:65,0
DA:66,0
DA:69,0
DA:70,0
DA:72,0
DA:80,0
DA:81,0
DA:88,0
DA:90,0
DA:91,0
DA:98,0
DA:103,0
DA:104,0
DA:106,0
DA:109,0
DA:110,0
DA:111,0
DA:112,0
DA:113,0
DA:114,0
DA:115,0
DA:118,0
DA:119,0
DA:120,0
DA:121,0
DA:124,0
DA:125,0
DA:127,0
DA:136,0
DA:137,0
DA:139,0
DA:145,0
DA:146,0
DA:154,0
DA:162,0
DA:164,0
DA:173,0
DA:179,0
DA:186,0
DA:193,0
DA:202,0
DA:208,0
DA:218,0
DA:224,0
DA:225,0
DA:227,0
DA:228,0
DA:230,0
DA:231,0
DA:233,0
DA:251,0
DA:254,0
DA:255,0
DA:258,0
DA:259,0
DA:264,0
DA:265,0
DA:272,0
DA:273,0
DA:274,0
DA:276,0
DA:277,0
DA:279,0
DA:283,0
DA:284,0
DA:286,0
DA:287,0
LF:72
LH:0
BRDA:47,0,0,0
BRDA:47,0,1,0
BRDA:47,0,2,0
BRDA:47,0,3,0
BRDA:69,1,0,0
BRDA:69,1,1,0
BRDA:69,2,0,0
BRDA:69,2,1,0
BRDA:70,3,0,0
BRDA:70,3,1,0
BRDA:70,4,0,0
BRDA:70,4,1,0
BRDA:80,5,0,0
BRDA:81,6,0,0
BRDA:81,6,1,0
BRDA:82,7,0,0
BRDA:82,7,1,0
BRDA:109,8,0,0
BRDA:110,9,0,0
BRDA:111,10,0,0
BRDA:112,11,0,0
BRDA:113,12,0,0
BRDA:114,13,0,0
BRDA:115,14,0,0
BRDA:118,15,0,0
BRDA:118,16,0,0
BRDA:118,16,1,0
BRDA:120,17,0,0
BRDA:121,18,0,0
BRDA:124,19,0,0
BRDA:124,19,1,0
BRDA:125,20,0,0
BRDA:125,20,1,0
BRDA:137,21,0,0
BRDA:137,21,1,0
BRDA:162,22,0,0
BRDA:162,22,1,0
BRDA:162,23,0,0
BRDA:162,23,1,0
BRDA:218,24,0,0
BRDA:231,25,0,0
BRDA:272,26,0,0
BRDA:284,27,0,0
BRDA:284,27,1,0
BRF:44
BRH:0
end_of_record
TN:
SF:lib/betterstack.ts
FN:20,sendLog
FN:62,logError
FN:73,logInfo
FN:77,logWarn
FN:81,logDebug
FNF:5
FNH:0
FNDA:0,sendLog
FNDA:0,logError
FNDA:0,logInfo
FNDA:0,logWarn
FNDA:0,logDebug
DA:7,0
DA:22,0
DA:23,0
DA:26,0
DA:28,0
DA:31,0
DA:32,0
DA:52,0
DA:54,0
DA:58,0
DA:62,0
DA:63,0
DA:73,0
DA:74,0
DA:77,0
DA:78,0
DA:81,0
DA:82,0
LF:18
LH:0
BRDA:8,0,0,0
BRDA:8,0,1,0
BRDA:9,1,0,0
BRDA:9,1,1,0
BRDA:10,2,0,0
BRDA:10,2,1,0
BRDA:11,3,0,0
BRDA:11,3,1,0
BRDA:11,4,0,0
BRDA:11,4,1,0
BRDA:20,5,0,0
BRDA:22,6,0,0
BRDA:23,7,0,0
BRDA:52,8,0,0
BRDA:62,9,0,0
BRDA:73,10,0,0
BRDA:77,11,0,0
BRDA:81,12,0,0
BRF:18
BRH:0
end_of_record
TN:
SF:lib/email.ts
FN:3,sendEmail
FNF:1
FNH:0
FNDA:0,sendEmail
DA:1,0
DA:3,0
DA:14,0
DA:15,0
DA:16,0
DA:17,0
DA:18,0
DA:20,0
DA:21,0
DA:24,0
DA:34,0
DA:41,0
DA:45,0
LF:13
LH:0
BRDA:15,0,0,0
BRDA:15,0,1,0
BRDA:18,1,0,0
BRDA:18,1,1,0
BRDA:20,2,0,0
BRDA:20,3,0,0
BRDA:20,3,1,0
BRDA:20,3,2,0
BRF:8
BRH:0
end_of_record
TN:
SF:lib/env.ts
FN:35,(anonymous_6)
FN:36,(anonymous_7)
FN:37,(anonymous_8)
FN:51,(anonymous_9)
FN:52,(anonymous_10)
FNF:5
FNH:0
FNDA:0,(anonymous_6)
FNDA:0,(anonymous_7)
FNDA:0,(anonymous_8)
FNDA:0,(anonymous_9)
FNDA:0,(anonymous_10)
DA:1,0
DA:4,0
DA:35,0
DA:36,0
DA:37,0
DA:51,0
DA:52,0
DA:60,0
DA:63,0
DA:66,0
DA:73,0
DA:74,0
DA:75,0
LF:13
LH:0
BRF:0
BRH:0
end_of_record
TN:
SF:lib/mockPhaseStore.ts
FNF:0
FNH:0
DA:1,0
LF:1
LH:0
BRF:0
BRH:0
end_of_record
TN:
SF:lib/mockTaskStore.ts
FNF:0
FNH:0
DA:1,0
LF:1
LH:0
BRF:0
BRH:0
end_of_record
TN:
SF:lib/mongodb.ts
FN:22,dbConnect
FN:32,(anonymous_3)
FNF:2
FNH:0
FNDA:0,dbConnect
FNDA:0,(anonymous_3)
DA:3,0
DA:5,0
DA:7,0
DA:8,0
DA:16,0
DA:18,0
DA:19,0
DA:23,0
DA:24,0
DA:27,0
DA:28,0
DA:32,0
DA:33,0
DA:37,0
DA:38,0
DA:40,0
DA:41,0
DA:44,0
DA:47,0
LF:19
LH:0
BRDA:7,0,0,0
BRDA:18,1,0,0
BRDA:23,2,0,0
BRDA:27,3,0,0
BRF:4
BRH:0
end_of_record
TN:
SF:lib/stripe.ts
FN:12,createCustomer
FN:20,createSubscription
FNF:2
FNH:0
FNDA:0,createCustomer
FNDA:0,createSubscription
DA:3,0
DA:5,0
DA:9,0
DA:12,0
DA:13,0
DA:20,0
DA:21,0
LF:7
LH:0
BRF:0
BRH:0
end_of_record
TN:
SF:lib/agents/BaseAgent.ts
FN:38,(anonymous_1)
FN:51,(anonymous_2)
FN:65,(anonymous_3)
FN:76,(anonymous_4)
FN:83,(anonymous_5)
FN:98,(anonymous_6)
FN:105,(anonymous_7)
FN:130,(anonymous_8)
FN:144,(anonymous_9)
FN:151,(anonymous_10)
FN:158,(anonymous_11)
FN:168,(anonymous_12)
FN:175,(anonymous_13)
FN:182,(anonymous_14)
FN:189,(anonymous_15)
FN:196,(anonymous_16)
FN:203,(anonymous_17)
FN:207,(anonymous_18)
FN:224,(anonymous_19)
FN:240,(anonymous_20)
FNF:20
FNH:0
FNDA:0,(anonymous_1)
FNDA:0,(anonymous_2)
FNDA:0,(anonymous_3)
FNDA:0,(anonymous_4)
FNDA:0,(anonymous_5)
FNDA:0,(anonymous_6)
FNDA:0,(anonymous_7)
FNDA:0,(anonymous_8)
FNDA:0,(anonymous_9)
FNDA:0,(anonymous_10)
FNDA:0,(anonymous_11)
FNDA:0,(anonymous_12)
FNDA:0,(anonymous_13)
FNDA:0,(anonymous_14)
FNDA:0,(anonymous_15)
FNDA:0,(anonymous_16)
FNDA:0,(anonymous_17)
FNDA:0,(anonymous_18)
FNDA:0,(anonymous_19)
FNDA:0,(anonymous_20)
DA:34,0
DA:39,0
DA:40,0
DA:52,0
DA:53,0
DA:54,0
DA:56,0
DA:59,0
DA:66,0
DA:68,0
DA:70,0
DA:77,0
DA:84,0
DA:85,0
DA:86,0
DA:88,0
DA:89,0
DA:90,0
DA:92,0
DA:99,0
DA:111,0
DA:134,0
DA:145,0
DA:152,0
DA:159,0
DA:160,0
DA:162,0
DA:169,0
DA:176,0
DA:183,0
DA:190,0
DA:197,0
DA:204,0
DA:208,0
DA:209,0
DA:211,0
DA:213,0
DA:225,0
DA:227,0
DA:241,0
LF:40
LH:0
BRDA:53,0,0,0
BRDA:59,1,0,0
BRDA:59,1,1,0
BRDA:77,2,0,0
BRDA:77,2,1,0
BRDA:84,3,0,0
BRDA:88,4,0,0
BRDA:99,5,0,0
BRDA:99,5,1,0
BRDA:120,6,0,0
BRDA:120,6,1,0
BRDA:121,7,0,0
BRDA:121,7,1,0
BRDA:152,8,0,0
BRDA:152,8,1,0
BRDA:159,9,0,0
BRDA:204,10,0,0
BRDA:204,10,1,0
BRF:18
BRH:0
end_of_record
TN:
SF:lib/agents/logger.ts
FN:38,(anonymous_1)
FN:42,(anonymous_2)
FN:48,(anonymous_3)
FN:54,(anonymous_4)
FN:60,(anonymous_5)
FN:67,(anonymous_6)
FN:82,(anonymous_7)
FN:113,(anonymous_8)
FN:128,(anonymous_9)
FN:136,(anonymous_10)
FN:173,(anonymous_11)
FN:189,(anonymous_12)
FN:193,(anonymous_13)
FN:197,(anonymous_14)
FN:214,(anonymous_15)
FN:217,(anonymous_16)
FNF:16
FNH:0
FNDA:0,(anonymous_1)
FNDA:0,(anonymous_2)
FNDA:0,(anonymous_3)
FNDA:0,(anonymous_4)
FNDA:0,(anonymous_5)
FNDA:0,(anonymous_6)
FNDA:0,(anonymous_7)
FNDA:0,(anonymous_8)
FNDA:0,(anonymous_9)
FNDA:0,(anonymous_10)
FNDA:0,(anonymous_11)
FNDA:0,(anonymous_12)
FNDA:0,(anonymous_13)
FNDA:0,(anonymous_14)
FNDA:0,(anonymous_15)
FNDA:0,(anonymous_16)
DA:28,0
DA:29,0
DA:30,0
DA:36,0
DA:39,0
DA:43,0
DA:44,0
DA:49,0
DA:50,0
DA:55,0
DA:56,0
DA:61,0
DA:62,0
DA:68,0
DA:69,0
DA:71,0
DA:72,0
DA:76,0
DA:77,0
DA:79,0
DA:83,0
DA:84,0
DA:85,0
DA:86,0
DA:89,0
DA:90,0
DA:91,0
DA:93,0
DA:100,0
DA:101,0
DA:103,0
DA:104,0
DA:106,0
DA:109,0
DA:114,0
DA:115,0
DA:117,0
DA:118,0
DA:119,0
DA:120,0
DA:123,0
DA:124,0
DA:129,0
DA:130,0
DA:131,0
DA:137,0
DA:139,0
DA:140,0
DA:149,0
DA:152,0
DA:153,0
DA:155,0
DA:158,0
DA:159,0
DA:160,0
DA:161,0
DA:164,0
DA:165,0
DA:167,0
DA:168,0
DA:184,0
DA:185,0
DA:187,0
DA:188,0
DA:189,0
DA:192,0
DA:193,0
DA:196,0
DA:197,0
DA:200,0
DA:215,0
DA:216,0
DA:217,0
DA:220,0
DA:221,0
DA:226,0
LF:76
LH:0
BRDA:43,0,0,0
BRDA:49,1,0,0
BRDA:55,2,0,0
BRDA:61,3,0,0
BRDA:71,4,0,0
BRDA:76,5,0,0
BRDA:76,5,1,0
BRDA:84,6,0,0
BRDA:84,7,0,0
BRDA:84,7,1,0
BRDA:103,8,0,0
BRDA:103,8,1,0
BRDA:115,9,0,0
BRDA:115,9,1,0
BRDA:117,10,0,0
BRDA:117,11,0,0
BRDA:117,11,1,0
BRDA:119,12,0,0
BRDA:119,12,1,0
BRDA:123,13,0,0
BRDA:130,14,0,0
BRDA:139,15,0,0
BRDA:152,16,0,0
BRDA:152,16,1,0
BRDA:158,17,0,0
BRDA:167,18,0,0
BRDA:188,19,0,0
BRDA:188,19,1,0
BRDA:192,20,0,0
BRDA:192,20,1,0
BRDA:193,21,0,0
BRDA:193,21,1,0
BRDA:196,22,0,0
BRDA:196,22,1,0
BRDA:197,23,0,0
BRDA:197,23,1,0
BRDA:214,24,0,0
BRDA:220,25,0,0
BRF:38
BRH:0
end_of_record
TN:
SF:lib/agents/orchestrator.ts
FN:47,(anonymous_1)
FN:51,(anonymous_2)
FN:58,(anonymous_3)
FN:95,(anonymous_4)
FN:112,(anonymous_5)
FN:156,(anonymous_6)
FN:252,(anonymous_7)
FN:283,(anonymous_8)
FN:299,(anonymous_9)
FN:387,(anonymous_10)
FN:403,(anonymous_11)
FN:438,(anonymous_12)
FN:442,(anonymous_13)
FN:443,(anonymous_14)
FN:446,(anonymous_15)
FN:447,(anonymous_16)
FN:450,(anonymous_17)
FN:451,(anonymous_18)
FN:454,(anonymous_19)
FN:455,(anonymous_20)
FN:458,(anonymous_21)
FN:462,(anonymous_22)
FN:463,(anonymous_23)
FN:466,(anonymous_24)
FN:479,(anonymous_25)
FN:485,(anonymous_26)
FN:487,(anonymous_27)
FN:489,(anonymous_28)
FN:506,(anonymous_29)
FN:518,(anonymous_30)
FN:541,(anonymous_31)
FN:586,(anonymous_32)
FN:624,(anonymous_33)
FN:634,(anonymous_34)
FNF:34
FNH:0
FNDA:0,(anonymous_1)
FNDA:0,(anonymous_2)
FNDA:0,(anonymous_3)
FNDA:0,(anonymous_4)
FNDA:0,(anonymous_5)
FNDA:0,(anonymous_6)
FNDA:0,(anonymous_7)
FNDA:0,(anonymous_8)
FNDA:0,(anonymous_9)
FNDA:0,(anonymous_10)
FNDA:0,(anonymous_11)
FNDA:0,(anonymous_12)
FNDA:0,(anonymous_13)
FNDA:0,(anonymous_14)
FNDA:0,(anonymous_15)
FNDA:0,(anonymous_16)
FNDA:0,(anonymous_17)
FNDA:0,(anonymous_18)
FNDA:0,(anonymous_19)
FNDA:0,(anonymous_20)
FNDA:0,(anonymous_21)
FNDA:0,(anonymous_22)
FNDA:0,(anonymous_23)
FNDA:0,(anonymous_24)
FNDA:0,(anonymous_25)
FNDA:0,(anonymous_26)
FNDA:0,(anonymous_27)
FNDA:0,(anonymous_28)
FNDA:0,(anonymous_29)
FNDA:0,(anonymous_30)
FNDA:0,(anonymous_31)
FNDA:0,(anonymous_32)
FNDA:0,(anonymous_33)
FNDA:0,(anonymous_34)
DA:2,0
DA:3,0
DA:40,0
DA:43,0
DA:44,0
DA:45,0
DA:48,0
DA:52,0
DA:53,0
DA:55,0
DA:67,0
DA:81,0
DA:82,0
DA:84,0
DA:85,0
DA:87,0
DA:88,0
DA:91,0
DA:92,0
DA:95,0
DA:96,0
DA:97,0
DA:98,0
DA:100,0
DA:101,0
DA:105,0
DA:106,0
DA:108,0
DA:109,0
DA:113,0
DA:114,0
DA:115,0
DA:116,0
DA:119,0
DA:120,0
DA:121,0
DA:125,0
DA:132,0
DA:133,0
DA:134,0
DA:138,0
DA:139,0
DA:140,0
DA:144,0
DA:145,0
DA:146,0
DA:149,0
DA:150,0
DA:152,0
DA:153,0
DA:157,0
DA:158,0
DA:159,0
DA:160,0
DA:163,0
DA:164,0
DA:165,0
DA:168,0
DA:169,0
DA:170,0
DA:171,0
DA:174,0
DA:181,0
DA:182,0
DA:185,0
DA:188,0
DA:189,0
DA:190,0
DA:191,0
DA:192,0
DA:195,0
DA:196,0
DA:197,0
DA:201,0
DA:202,0
DA:204,0
DA:208,0
DA:214,0
DA:215,0
DA:216,0
DA:219,0
DA:220,0
DA:223,0
DA:226,0
DA:232,0
DA:233,0
DA:234,0
DA:237,0
DA:238,0
DA:239,0
DA:242,0
DA:243,0
DA:244,0
DA:247,0
DA:248,0
DA:262,0
DA:263,0
DA:264,0
DA:267,0
DA:276,0
DA:277,0
DA:279,0
DA:280,0
DA:284,0
DA:285,0
DA:286,0
DA:289,0
DA:290,0
DA:291,0
DA:294,0
DA:296,0
DA:297,0
DA:299,0
DA:300,0
DA:301,0
DA:302,0
DA:306,0
DA:316,0
DA:319,0
DA:320,0
DA:322,0
DA:324,0
DA:325,0
DA:326,0
DA:327,0
DA:330,0
DA:341,0
DA:342,0
DA:345,0
DA:347,0
DA:348,0
DA:349,0
DA:352,0
DA:353,0
DA:356,0
DA:357,0
DA:358,0
DA:360,0
DA:370,0
DA:371,0
DA:375,0
DA:376,0
DA:378,0
DA:379,0
DA:381,0
DA:382,0
DA:383,0
DA:392,0
DA:393,0
DA:394,0
DA:397,0
DA:398,0
DA:399,0
DA:403,0
DA:404,0
DA:407,0
DA:408,0
DA:412,0
DA:413,0
DA:414,0
DA:415,0
DA:416,0
DA:417,0
DA:423,0
DA:424,0
DA:425,0
DA:431,0
DA:432,0
DA:434,0
DA:435,0
DA:439,0
DA:443,0
DA:447,0
DA:451,0
DA:455,0
DA:459,0
DA:463,0
DA:473,0
DA:474,0
DA:476,0
DA:477,0
DA:479,0
DA:480,0
DA:481,0
DA:484,0
DA:485,0
DA:487,0
DA:488,0
DA:490,0
DA:491,0
DA:492,0
DA:496,0
DA:507,0
DA:508,0
DA:509,0
DA:519,0
DA:520,0
DA:521,0
DA:522,0
DA:525,0
DA:526,0
DA:527,0
DA:528,0
DA:531,0
DA:533,0
DA:534,0
DA:535,0
DA:537,0
DA:541,0
DA:543,0
DA:544,0
DA:545,0
DA:548,0
DA:558,0
DA:560,0
DA:561,0
DA:562,0
DA:578,0
DA:587,0
DA:588,0
DA:589,0
DA:592,0
DA:594,0
DA:595,0
DA:596,0
DA:597,0
DA:599,0
DA:600,0
DA:601,0
DA:615,0
DA:625,0
DA:626,0
DA:629,0
DA:630,0
DA:631,0
DA:634,0
DA:635,0
DA:636,0
DA:637,0
DA:638,0
DA:640,0
DA:641,0
DA:657,0
DA:658,0
DA:659,0
DA:660,0
DA:661,0
DA:662,0
DA:666,0
LF:249
LH:0
BRDA:52,0,0,0
BRDA:64,1,0,0
BRDA:81,2,0,0
BRDA:84,3,0,0
BRDA:87,4,0,0
BRDA:98,5,0,0
BRDA:98,6,0,0
BRDA:98,6,1,0
BRDA:114,7,0,0
BRDA:119,8,0,0
BRDA:132,9,0,0
BRDA:138,10,0,0
BRDA:158,11,0,0
BRDA:163,12,0,0
BRDA:169,13,0,0
BRDA:188,14,0,0
BRDA:188,14,1,0
BRDA:196,15,0,0
BRDA:201,16,0,0
BRDA:201,16,1,0
BRDA:214,17,0,0
BRDA:216,18,0,0
BRDA:216,18,1,0
BRDA:216,19,0,0
BRDA:216,19,1,0
BRDA:219,20,0,0
BRDA:219,20,1,0
BRDA:223,21,0,0
BRDA:223,21,1,0
BRDA:228,22,0,0
BRDA:228,22,1,0
BRDA:232,23,0,0
BRDA:234,24,0,0
BRDA:234,24,1,0
BRDA:234,25,0,0
BRDA:234,25,1,0
BRDA:238,26,0,0
BRDA:238,26,1,0
BRDA:243,27,0,0
BRDA:260,28,0,0
BRDA:263,29,0,0
BRDA:285,30,0,0
BRDA:290,31,0,0
BRDA:297,32,0,0
BRDA:297,32,1,0
BRDA:301,33,0,0
BRDA:322,34,0,0
BRDA:322,34,1,0
BRDA:326,35,0,0
BRDA:345,36,0,0
BRDA:348,37,0,0
BRDA:358,38,0,0
BRDA:393,39,0,0
BRDA:398,40,0,0
BRDA:403,41,0,0
BRDA:407,42,0,0
BRDA:412,43,0,0
BRDA:414,44,0,0
BRDA:416,45,0,0
BRDA:439,46,0,0
BRDA:439,46,1,0
BRDA:459,47,0,0
BRDA:459,47,1,0
BRDA:480,48,0,0
BRDA:480,48,1,0
BRDA:481,49,0,0
BRDA:481,49,1,0
BRDA:487,50,0,0
BRDA:487,50,1,0
BRDA:488,51,0,0
BRDA:488,51,1,0
BRDA:507,52,0,0
BRDA:508,53,0,0
BRDA:508,54,0,0
BRDA:508,54,1,0
BRDA:520,55,0,0
BRDA:526,56,0,0
BRDA:535,57,0,0
BRDA:535,57,1,0
BRDA:538,58,0,0
BRDA:538,58,1,0
BRDA:541,59,0,0
BRDA:541,59,1,0
BRDA:543,60,0,0
BRDA:544,61,0,0
BRDA:544,61,1,0
BRDA:544,62,0,0
BRDA:544,62,1,0
BRDA:545,63,0,0
BRDA:545,63,1,0
BRDA:551,64,0,0
BRDA:551,64,1,0
BRDA:560,65,0,0
BRDA:560,65,1,0
BRDA:561,66,0,0
BRDA:561,66,1,0
BRDA:561,67,0,0
BRDA:561,67,1,0
BRDA:565,68,0,0
BRDA:565,68,1,0
BRDA:567,69,0,0
BRDA:567,69,1,0
BRDA:568,70,0,0
BRDA:568,70,1,0
BRDA:588,71,0,0
BRDA:596,72,0,0
BRDA:596,72,1,0
BRDA:599,73,0,0
BRDA:599,73,1,0
BRDA:604,74,0,0
BRDA:604,74,1,0
BRDA:625,75,0,0
BRDA:629,76,0,0
BRDA:635,77,0,0
BRDA:635,77,1,0
BRDA:646,78,0,0
BRDA:646,78,1,0
BRDA:660,79,0,0
BRDA:660,79,1,0
BRDA:661,80,0,0
BRF:120
BRH:0
end_of_record
TN:
SF:lib/agents/registry.ts
FN:28,getMetaBox
FN:32,getAgent
FN:35,(anonymous_10)
FN:38,getPhaseAgents
FN:41,(anonymous_12)
FN:44,getAllMetaBoxes
FN:48,validateMetaBox
FN:80,(anonymous_15)
FN:84,(anonymous_16)
FN:91,(anonymous_17)
FN:185,(anonymous_18)
FN:200,(anonymous_19)
FN:210,(anonymous_20)
FN:218,(anonymous_21)
FN:220,(anonymous_22)
FN:223,(anonymous_23)
FN:224,(anonymous_24)
FN:229,(anonymous_25)
FN:230,(anonymous_26)
FN:235,(anonymous_27)
FN:236,(anonymous_28)
FN:241,(anonymous_29)
FN:242,(anonymous_30)
FN:269,(anonymous_31)
FN:296,(anonymous_32)
FN:302,(anonymous_33)
FN:309,(anonymous_34)
FN:341,(anonymous_35)
FN:366,(anonymous_36)
FN:370,(anonymous_37)
FN:374,(anonymous_38)
FN:378,(anonymous_39)
FN:393,(anonymous_40)
FN:410,(anonymous_41)
FN:435,(anonymous_42)
FN:444,(anonymous_43)
FN:449,(anonymous_44)
FN:454,(anonymous_45)
FNF:38
FNH:0
FNDA:0,getMetaBox
FNDA:0,getAgent
FNDA:0,(anonymous_10)
FNDA:0,getPhaseAgents
FNDA:0,(anonymous_12)
FNDA:0,getAllMetaBoxes
FNDA:0,validateMetaBox
FNDA:0,(anonymous_15)
FNDA:0,(anonymous_16)
FNDA:0,(anonymous_17)
FNDA:0,(anonymous_18)
FNDA:0,(anonymous_19)
FNDA:0,(anonymous_20)
FNDA:0,(anonymous_21)
FNDA:0,(anonymous_22)
[...]
FN:221,(anonymous_21)
FN:239,(anonymous_22)
FN:261,(anonymous_23)
FN:274,(anonymous_24)
FN:304,(anonymous_25)
FN:321,(anonymous_26)
FN:324,(anonymous_27)
FN:339,(anonymous_28)
FN:360,(anonymous_29)
FN:372,(anonymous_30)
FN:391,(anonymous_31)
FN:403,(anonymous_32)
FN:415,(anonymous_33)
FNF:30
FNH:0
FNDA:0,(anonymous_4)
FNDA:0,(anonymous_5)
FNDA:0,(anonymous_6)
FNDA:0,(anonymous_7)
FNDA:0,(anonymous_8)
FNDA:0,(anonymous_9)
FNDA:0,(anonymous_10)
FNDA:0,(anonymous_11)
FNDA:0,(anonymous_12)
FNDA:0,(anonymous_13)
FNDA:0,(anonymous_14)
FNDA:0,(anonymous_15)
FNDA:0,(anonymous_16)
FNDA:0,(anonymous_17)
FNDA:0,(anonymous_18)
FNDA:0,(anonymous_19)
FNDA:0,(anonymous_20)
FNDA:0,(anonymous_21)
FNDA:0,(anonymous_22)
FNDA:0,(anonymous_23)
FNDA:0,(anonymous_24)
FNDA:0,(anonymous_25)
FNDA:0,(anonymous_26)
FNDA:0,(anonymous_27)
FNDA:0,(anonymous_28)
FNDA:0,(anonymous_29)
FNDA:0,(anonymous_30)
FNDA:0,(anonymous_31)
FNDA:0,(anonymous_32)
FNDA:0,(anonymous_33)
DA:1,0
DA:2,0
DA:3,0
DA:4,0
DA:5,0
DA:14,0
DA:15,0
DA:16,0
DA:17,0
DA:18,0
DA:19,0
DA:20,0
DA:21,0
DA:24,0
DA:25,0
DA:28,0
DA:29,0
DA:30,0
DA:31,0
DA:33,0
DA:34,0
DA:37,0
DA:38,0
DA:40,0
DA:42,0
DA:46,0
DA:47,0
DA:48,0
DA:49,0
DA:57,0
DA:60,0
DA:71,0
DA:79,0
DA:80,0
DA:83,0
DA:84,0
DA:85,0
DA:86,0
DA:87,0
DA:89,0
DA:93,0
DA:94,0
DA:95,0
DA:106,0
DA:107,0
DA:110,0
DA:111,0
DA:112,0
DA:113,0
DA:115,0
DA:119,0
DA:120,0
DA:121,0
DA:124,0
DA:125,0
DA:136,0
DA:137,0
DA:140,0
DA:141,0
DA:142,0
DA:143,0
DA:146,0
DA:150,0
DA:151,0
DA:155,0
DA:156,0
DA:160,0
DA:161,0
DA:165,0
DA:166,0
DA:170,0
DA:178,0
DA:196,0
DA:204,0
DA:205,0
DA:222,0
DA:223,0
DA:233,0
DA:235,0
DA:239,0
DA:262,0
DA:263,0
DA:274,0
DA:304,0
DA:322,0
DA:324,0
DA:339,0
DA:360,0
DA:373,0
DA:392,0
DA:393,0
DA:404,0
DA:405,0
DA:415,0
DA:435,0
LF:95
LH:0
BRDA:33,0,0,0
BRDA:38,1,0,0
BRDA:38,1,1,0
BRDA:40,2,0,0
BRDA:40,2,1,0
BRDA:79,3,0,0
BRDA:89,4,0,0
BRDA:89,4,1,0
BRDA:106,5,0,0
BRDA:111,6,0,0
BRDA:111,6,1,0
BRDA:115,7,0,0
BRDA:115,7,1,0
BRDA:120,8,0,0
BRDA:136,9,0,0
BRDA:141,10,0,0
BRDA:146,11,0,0
BRDA:146,11,1,0
BRDA:170,12,0,0
BRDA:178,13,0,0
BRDA:196,14,0,0
BRDA:196,15,0,0
BRDA:196,15,1,0
BRDA:233,16,0,0
BRDA:233,17,0,0
BRDA:233,17,1,0
BRDA:238,18,0,0
BRDA:238,18,1,0
BRDA:242,19,0,0
BRDA:242,19,1,0
BRDA:315,20,0,0
BRDA:352,21,0,0
BRDA:381,22,0,0
BRF:33
BRH:0
end_of_record
TN:
SF:pages/product.tsx
FN:17,Product
FN:155,(anonymous_3)
FN:164,(anonymous_4)
FN:196,(anonymous_5)
FN:241,(anonymous_6)
FN:252,(anonymous_7)
FN:256,(anonymous_8)
FN:270,(anonymous_9)
FN:295,(anonymous_10)
FN:303,(anonymous_11)
FN:324,(anonymous_12)
FN:360,(anonymous_13)
FNF:12
FNH:0
FNDA:0,Product
FNDA:0,(anonymous_3)
FNDA:0,(anonymous_4)
FNDA:0,(anonymous_5)
FNDA:0,(anonymous_6)
FNDA:0,(anonymous_7)
FNDA:0,(anonymous_8)
FNDA:0,(anonymous_9)
FNDA:0,(anonymous_10)
FNDA:0,(anonymous_11)
FNDA:0,(anonymous_12)
FNDA:0,(anonymous_13)
DA:1,0
DA:2,0
DA:3,0
DA:17,0
DA:18,0
DA:19,0
DA:21,0
DA:114,0
DA:147,0
DA:155,0
DA:156,0
DA:157,0
DA:158,0
DA:159,0
DA:160,0
DA:164,0
DA:165,0
DA:166,0
DA:167,0
DA:168,0
DA:169,0
DA:197,0
DA:242,0
DA:253,0
DA:257,0
DA:258,0
DA:271,0
DA:296,0
DA:304,0
DA:324,0
DA:361,0
LF:31
LH:0
BRDA:156,0,0,0
BRDA:156,0,1,0
BRDA:156,0,2,0
BRDA:156,0,3,0
BRDA:165,1,0,0
BRDA:165,1,1,0
BRDA:165,1,2,0
BRDA:165,1,3,0
BRDA:200,2,0,0
BRDA:200,2,1,0
BRDA:205,3,0,0
BRDA:205,3,1,0
BRDA:317,4,0,0
BRDA:317,4,1,0
BRF:14
BRH:0
end_of_record
TN:
SF:pages/reporting.tsx
FN:4,Reporting
FNF:1
FNH:0
FNDA:0,Reporting
DA:1,0
DA:2,0
DA:4,0
LF:3
LH:0
BRF:0
BRH:0
end_of_record
TN:
SF:pages/selling.tsx
FN:17,Selling
FN:155,(anonymous_3)
FN:164,(anonymous_4)
FN:196,(anonymous_5)
FN:241,(anonymous_6)
FN:252,(anonymous_7)
FN:256,(anonymous_8)
FN:270,(anonymous_9)
FN:295,(anonymous_10)
FN:303,(anonymous_11)
FN:324,(anonymous_12)
FN:360,(anonymous_13)
FNF:12
FNH:0
FNDA:0,Selling
FNDA:0,(anonymous_3)
FNDA:0,(anonymous_4)
FNDA:0,(anonymous_5)
FNDA:0,(anonymous_6)
FNDA:0,(anonymous_7)
FNDA:0,(anonymous_8)
FNDA:0,(anonymous_9)
FNDA:0,(anonymous_10)
FNDA:0,(anonymous_11)
FNDA:0,(anonymous_12)
FNDA:0,(anonymous_13)
DA:1,0
DA:2,0
DA:3,0
DA:17,0
DA:18,0
DA:19,0
DA:21,0
DA:114,0
DA:147,0
DA:155,0
DA:156,0
DA:157,0
DA:158,0
DA:159,0
DA:160,0
DA:164,0
DA:165,0
DA:166,0
DA:167,0
DA:168,0
DA:169,0
DA:197,0
DA:242,0
DA:253,0
DA:257,0
DA:258,0
DA:271,0
DA:296,0
DA:304,0
DA:324,0
DA:361,0
LF:31
LH:0
BRDA:156,0,0,0
BRDA:156,0,1,0
BRDA:156,0,2,0
BRDA:156,0,3,0
BRDA:165,1,0,0
BRDA:165,1,1,0
BRDA:165,1,2,0
BRDA:165,1,3,0
BRDA:200,2,0,0
BRDA:200,2,1,0
BRDA:205,3,0,0
BRDA:205,3,1,0
BRDA:317,4,0,0
BRDA:317,4,1,0
BRF:14
BRH:0
end_of_record
TN:
SF:pages/settings.tsx
FN:4,Settings
FNF:1
FNH:0
FNDA:0,Settings
DA:1,0
DA:2,0
DA:4,0
LF:3
LH:0
BRF:0
BRH:0
end_of_record
TN:
SF:pages/test-betterstack.tsx
FN:5,TestBetterStack
FN:13,(anonymous_2)
FN:15,(anonymous_3)
FN:22,(anonymous_4)
FN:29,(anonymous_5)
FN:36,(anonymous_6)
FN:43,(anonymous_7)
FNF:7
FNH:0
FNDA:0,TestBetterStack
FNDA:0,(anonymous_2)
FNDA:0,(anonymous_3)
FNDA:0,(anonymous_4)
FNDA:0,(anonymous_5)
FNDA:0,(anonymous_6)
FNDA:0,(anonymous_7)
DA:1,0
DA:3,0
DA:5,0
DA:6,0
DA:13,0
DA:15,0
DA:16,0
DA:18,0
DA:22,0
DA:25,0
DA:29,0
DA:32,0
DA:36,0
DA:39,0
DA:43,0
DA:45,0
DA:47,0
DA:51,0
LF:18
LH:0
BRDA:63,0,0,0
BRDA:63,0,1,0
BRDA:65,1,0,0
BRDA:65,1,1,0
BRDA:72,2,0,0
BRDA:72,2,1,0
BRDA:74,3,0,0
BRDA:74,3,1,0
BRDA:81,4,0,0
BRDA:81,4,1,0
BRDA:83,5,0,0
BRDA:83,5,1,0
BRDA:90,6,0,0
BRDA:90,6,1,0
BRDA:92,7,0,0
BRDA:92,7,1,0
BRF:16
BRH:0
end_of_record
TN:
SF:pages/test-dashboard.tsx
FN:15,(anonymous_1)
FN:17,TestDashboard
FN:22,(anonymous_3)
FN:37,(anonymous_4)
FN:40,(anonymous_5)
FN:61,(anonymous_6)
FNF:6
FNH:0
FNDA:0,(anonymous_1)
FNDA:0,TestDashboard
FNDA:0,(anonymous_3)
FNDA:0,(anonymous_4)
FNDA:0,(anonymous_5)
FNDA:0,(anonymous_6)
DA:1,0
DA:15,0
DA:17,0
DA:18,0
DA:19,0
DA:20,0
DA:22,0
DA:23,0
DA:24,0
DA:25,0
DA:26,0
DA:27,0
DA:28,0
DA:29,0
DA:31,0
DA:33,0
DA:37,0
DA:38,0
DA:39,0
DA:40,0
DA:62,0
LF:21
LH:0
BRDA:15,0,0,0
BRDA:15,0,1,0
BRDA:27,1,0,0
BRF:3
BRH:0
end_of_record
TN:
SF:pages/workspace-demo.tsx
FN:48,WorkspaceDemo
FN:49,(anonymous_3)
FN:52,(anonymous_4)
FN:55,(anonymous_5)
FN:58,(anonymous_6)
FN:61,(anonymous_7)
FN:64,(anonymous_8)
FN:67,(anonymous_9)
FN:70,(anonymous_10)
FN:73,(anonymous_11)
FN:76,(anonymous_12)
FN:79,(anonymous_13)
FNF:12
FNH:0
FNDA:0,WorkspaceDemo
FNDA:0,(anonymous_3)
FNDA:0,(anonymous_4)
FNDA:0,(anonymous_5)
FNDA:0,(anonymous_6)
FNDA:0,(anonymous_7)
FNDA:0,(anonymous_8)
FNDA:0,(anonymous_9)
FNDA:0,(anonymous_10)
FNDA:0,(anonymous_11)
FNDA:0,(anonymous_12)
FNDA:0,(anonymous_13)
DA:1,0
DA:3,0
DA:6,0
DA:12,0
DA:48,0
DA:49,0
DA:50,0
DA:52,0
DA:55,0
DA:56,0
DA:58,0
DA:61,0
DA:62,0
DA:64,0
DA:67,0
DA:68,0
DA:70,0
DA:73,0
DA:74,0
DA:76,0
DA:79,0
DA:80,0
LF:22
LH:0
BRF:0
BRH:0
end_of_record
TN:
SF:pages/api/audit-logs.ts
FN:5,handler
FN:66,(anonymous_2)
FNF:2
FNH:0
FNDA:0,handler
FNDA:0,(anonymous_2)
DA:3,0
DA:5,0
DA:6,0
DA:7,0
DA:10,0
DA:24,0
DA:27,0
DA:28,0
DA:33,0
DA:40,0
DA:42,0
DA:43,0
DA:44,0
DA:45,0
DA:46,0
DA:47,0
DA:48,0
DA:51,0
DA:52,0
DA:54,0
DA:55,0
DA:59,0
DA:60,0
DA:62,0
DA:64,0
DA:66,0
DA:94,0
DA:95,0
LF:28
LH:0
BRDA:6,0,0,0
BRDA:21,1,0,0
BRDA:22,2,0,0
BRDA:23,3,0,0
BRDA:27,4,0,0
BRDA:30,5,0,0
BRDA:30,5,1,0
BRDA:42,6,0,0
BRDA:43,7,0,0
BRDA:44,8,0,0
BRDA:45,9,0,0
BRDA:46,10,0,0
BRDA:47,11,0,0
BRDA:48,12,0,0
BRDA:51,13,0,0
BRDA:54,14,0,0
BRF:16
BRH:0
end_of_record
TN:
SF:pages/api/test-status.ts
FN:22,handler
FNF:1
FNH:0
FNDA:0,handler
DA:1,0
DA:2,0
DA:3,0
DA:4,0
DA:8,0
DA:22,0
DA:23,0
DA:24,0
DA:27,0
DA:29,0
DA:30,0
DA:34,0
DA:36,0
DA:37,0
DA:39,0
DA:40,0
DA:41,0
DA:42,0
DA:44,0
DA:45,0
DA:46,0
DA:47,0
DA:48,0
DA:52,0
DA:54,0
DA:64,0
DA:65,0
DA:67,0
DA:68,0
DA:70,0
DA:73,0
DA:75,0
DA:80,0
DA:84,0
DA:87,0
DA:105,0
DA:107,0
DA:108,0
LF:38
LH:0
BRDA:23,0,0,0
BRDA:34,1,0,0
BRDA:34,1,1,0
BRDA:37,2,0,0
BRDA:37,2,1,0
BRDA:45,3,0,0
BRDA:45,3,1,0
BRDA:47,4,0,0
BRDA:52,5,0,0
BRDA:52,5,1,0
BRDA:67,6,0,0
BRDA:67,6,1,0
BRF:12
BRH:0
end_of_record
TN:
SF:pages/api/workflows.ts
FN:5,handleWorkflows
FN:15,(anonymous_2)
FN:21,(anonymous_3)
FNF:3
FNH:0
FNDA:0,handleWorkflows
FNDA:0,(anonymous_2)
FNDA:0,(anonymous_3)
DA:3,0
DA:5,0
DA:6,0
DA:7,0
DA:9,0
DA:10,0
DA:11,0
DA:12,0
DA:14,0
DA:15,0
DA:16,0
DA:17,0
DA:18,0
DA:20,0
DA:21,0
DA:22,0
DA:24,0
LF:17
LH:0
BRDA:6,0,0,0
BRDA:9,1,0,0
BRDA:10,2,0,0
BRDA:10,2,1,0
BRDA:14,3,0,0
BRDA:16,4,0,0
BRDA:20,5,0,0
BRF:7
BRH:0
end_of_record
TN:
SF:pages/api/agents/execute.ts
FN:6,handler
FNF:1
FNH:0
FNDA:0,handler
DA:3,0
DA:6,0
DA:7,0
DA:8,0
DA:11,0
DA:12,0
DA:14,0
DA:15,0
DA:18,0
DA:24,0
DA:27,0
DA:29,0
DA:32,0
DA:35,0
DA:46,0
DA:47,0
LF:16
LH:0
BRDA:7,0,0,0
BRDA:14,1,0,0
BRDA:14,2,0,0
BRDA:14,2,1,0
BRDA:27,3,0,0
BRDA:27,3,1,0
BRDA:40,4,0,0
BRDA:40,4,1,0
BRDA:49,5,0,0
BRDA:49,5,1,0
BRF:10
BRH:0
end_of_record
TN:
SF:pages/api/agents/lifecycle.ts
FN:28,handler
FN:54,registerAgent
FN:94,assignTask
FN:142,checkHealth
FN:164,logAction
FN:196,executeTaskWithRetry
FN:220,(anonymous_7)
FN:229,simulateTaskExecution
FN:231,(anonymous_9)
FNF:9
FNH:0
FNDA:0,handler
FNDA:0,registerAgent
FNDA:0,assignTask
FNDA:0,checkHealth
FNDA:0,logAction
FNDA:0,executeTaskWithRetry
FNDA:0,(anonymous_7)
FNDA:0,simulateTaskExecution
FNDA:0,(anonymous_9)
DA:26,0
DA:28,0
DA:29,0
DA:30,0
DA:33,0
DA:34,0
DA:36,0
DA:38,0
DA:40,0
DA:42,0
DA:44,0
DA:46,0
DA:49,0
DA:50,0
DA:55,0
DA:57,0
DA:58,0
DA:61,0
DA:63,0
DA:85,0
DA:87,0
DA:95,0
DA:97,0
DA:98,0
DA:101,0
DA:102,0
DA:105,0
DA:107,0
DA:108,0
DA:112,0
DA:113,0
DA:121,0
DA:122,0
DA:123,0
DA:125,0
DA:126,0
DA:127,0
DA:135,0
DA:143,0
DA:145,0
DA:146,0
DA:150,0
DA:153,0
DA:154,0
DA:156,0
DA:165,0
DA:167,0
DA:168,0
DA:171,0
DA:173,0
DA:174,0
DA:177,0
DA:185,0
DA:186,0
DA:189,0
DA:199,0
DA:200,0
DA:202,0
DA:203,0
DA:204,0
DA:206,0
DA:207,0
DA:210,0
DA:217,0
DA:219,0
DA:220,0
DA:225,0
DA:231,0
DA:234,0
DA:235,0
DA:238,0
LF:71
LH:0
BRDA:29,0,0,0
BRDA:36,1,0,0
BRDA:36,1,1,0
BRDA:36,1,2,0
BRDA:36,1,3,0
BRDA:36,1,4,0
BRDA:57,2,0,0
BRDA:79,3,0,0
BRDA:79,3,1,0
BRDA:80,4,0,0
BRDA:80,4,1,0
BRDA:97,5,0,0
BRDA:101,6,0,0
BRDA:107,7,0,0
BRDA:107,8,0,0
BRDA:107,8,1,0
BRDA:145,9,0,0
BRDA:167,10,0,0
BRDA:171,11,0,0
BRDA:173,12,0,0
BRDA:173,13,0,0
BRDA:173,13,1,0
BRDA:185,14,0,0
BRDA:217,15,0,0
BRDA:234,16,0,0
BRF:25
BRH:0
end_of_record
TN:
SF:pages/api/agents/performance.ts
FN:5,handler
FNF:1
FNH:0
FNDA:0,handler
DA:3,0
DA:5,0
DA:6,0
DA:7,0
DA:10,0
DA:11,0
DA:13,0
DA:19,0
DA:20,0
LF:9
LH:0
BRDA:6,0,0,0
BRF:1
BRH:0
end_of_record
TN:
SF:pages/api/agents/orchestrator/receive.ts
FN:6,handler
FNF:1
FNH:0
FNDA:0,handler
DA:6,0
DA:8,0
LF:2
LH:0
BRF:0
BRH:0
end_of_record
TN:
SF:pages/api/agents/scout/receive.ts
FN:6,handler
FNF:1
FNH:0
FNDA:0,handler
DA:6,0
DA:8,0
LF:2
LH:0
BRF:0
BRH:0
end_of_record
TN:
SF:pages/api/auth/invites.ts
FN:8,handler
FN:21,createInvite
FN:74,getInvites
FN:86,(anonymous_5)
FNF:4
FNH:0
FNDA:0,handler
FNDA:0,createInvite
FNDA:0,getInvites
FNDA:0,(anonymous_5)
DA:3,0
DA:4,0
DA:5,0
DA:6,0
DA:8,0
DA:9,0
DA:11,0
DA:13,0
DA:15,0
DA:17,0
DA:22,0
DA:23,0
DA:25,0
DA:26,0
DA:30,0
DA:31,0
DA:32,0
DA:36,0
DA:48,0
DA:49,0
DA:56,0
DA:69,0
DA:70,0
DA:75,0
DA:76,0
DA:78,0
DA:79,0
DA:80,0
DA:82,0
DA:84,0
DA:86,0
DA:98,0
DA:99,0
LF:33
LH:0
BRDA:11,0,0,0
BRDA:11,0,1,0
BRDA:11,0,2,0
BRDA:25,1,0,0
BRDA:25,2,0,0
BRDA:25,2,1,0
BRDA:31,3,0,0
BRDA:38,4,0,0
BRDA:38,4,1,0
BRDA:39,5,0,0
BRDA:39,5,1,0
BRDA:41,6,0,0
BRDA:41,6,1,0
BRDA:79,7,0,0
BRDA:80,8,0,0
BRF:15
BRH:0
end_of_record
TN:
SF:pages/api/auth/login.ts
FN:7,handler
FN:105,initiateSSO
FN:121,generateMagicLink
FNF:3
FNH:0
FNDA:0,handler
FNDA:0,initiateSSO
FNDA:0,generateMagicLink
DA:3,0
DA:4,0
DA:5,0
DA:6,0
DA:7,0
DA:8,0
DA:9,0
DA:12,0
DA:13,0
DA:15,0
DA:16,0
DA:19,0
DA:21,0
DA:23,0
DA:24,0
DA:27,0
DA:32,0
DA:49,0
DA:54,0
DA:58,0
DA:60,0
DA:65,0
DA:68,0
DA:71,0
DA:79,0
DA:83,0
DA:89,0
DA:92,0
DA:93,0
DA:98,0
DA:101,0
DA:107,0
DA:113,0
DA:114,0
DA:115,0
DA:118,0
DA:122,0
DA:123,0
DA:126,0
DA:134,0
LF:40
LH:0
BRDA:8,0,0,0
BRDA:15,1,0,0
BRDA:15,2,0,0
BRDA:15,2,1,0
BRDA:21,3,0,0
BRDA:23,4,0,0
BRDA:27,5,0,0
BRDA:27,5,1,0
BRDA:49,6,0,0
BRDA:49,6,1,0
BRDA:58,7,0,0
BRDA:58,8,0,0
BRDA:58,8,1,0
BRDA:60,9,0,0
BRDA:60,9,1,0
BRDA:93,10,0,0
BRDA:93,10,1,0
BRDA:95,11,0,0
BRDA:95,11,1,0
BRDA:114,12,0,0
BRF:20
BRH:0
end_of_record
TN:
SF:pages/api/auth/sessions.ts
FN:7,handler
FN:20,getSessions
FN:37,(anonymous_4)
FN:65,revokeSession
FNF:4
FNH:0
FNDA:0,handler
FNDA:0,getSessions
FNDA:0,(anonymous_4)
FNDA:0,revokeSession
DA:3,0
DA:4,0
DA:5,0
DA:7,0
DA:8,0
DA:10,0
DA:12,0
DA:14,0
DA:16,0
DA:21,0
DA:22,0
DA:23,0
DA:24,0
DA:27,0
DA:30,0
DA:35,0
DA:37,0
DA:48,0
DA:51,0
DA:52,0
DA:58,0
DA:61,0
DA:66,0
DA:67,0
DA:68,0
DA:70,0
DA:71,0
DA:74,0
DA:75,0
DA:78,0
DA:83,0
DA:85,0
DA:91,0
DA:95,0
DA:99,0
DA:105,0
DA:108,0
DA:109,0
DA:116,0
DA:119,0
LF:40
LH:0
BRDA:10,0,0,0
BRDA:10,0,1,0
BRDA:10,0,2,0
BRDA:23,1,0,0
BRDA:55,2,0,0
BRDA:55,2,1,0
BRDA:70,3,0,0
BRDA:74,4,0,0
BRDA:83,5,0,0
BRDA:113,6,0,0
BRDA:113,6,1,0
BRF:11
BRH:0
end_of_record
TN:
SF:pages/api/auth/verify.ts
FN:9,handler
FN:109,validateMagicLinkToken
FN:117,createUserSession
FN:140,invalidateToken
FNF:4
FNH:0
FNDA:0,handler
FNDA:0,validateMagicLinkToken
FNDA:0,createUserSession
FNDA:0,invalidateToken
DA:3,0
DA:4,0
DA:5,0
DA:6,0
DA:7,0
DA:9,0
DA:10,0
DA:11,0
DA:14,0
DA:15,0
DA:17,0
DA:18,0
DA:21,0
DA:24,0
DA:25,0
DA:27,0
DA:32,0
DA:36,0
DA:37,0
DA:39,0
DA:40,0
DA:49,0
DA:52,0
DA:59,0
DA:62,0
DA:65,0
DA:70,0
DA:77,0
DA:79,0
DA:92,0
DA:95,0
DA:96,0
DA:102,0
DA:105,0
DA:110,0
DA:111,0
DA:112,0
DA:114,0
DA:118,0
DA:128,0
DA:141,0
LF:41
LH:0
BRDA:10,0,0,0
BRDA:17,1,0,0
BRDA:17,2,0,0
BRDA:17,2,1,0
BRDA:25,3,0,0
BRDA:39,4,0,0
BRDA:98,5,0,0
BRDA:98,5,1,0
BRDA:99,6,0,0
BRDA:99,6,1,0
BRDA:111,7,0,0
BRDA:111,8,0,0
BRDA:111,8,1,0
BRDA:111,8,2,0
BRDA:120,9,0,0
BRDA:120,9,1,0
BRDA:121,10,0,0
BRDA:121,10,1,0
BRDA:121,10,2,0
BRF:19
BRH:0
end_of_record
TN:
SF:pages/api/core-objects/[id].ts
FN:8,handler
FN:13,(anonymous_2)
FN:25,(anonymous_3)
FN:54,(anonymous_4)
FNF:4
FNH:0
FNDA:0,handler
FNDA:0,(anonymous_2)
FNDA:0,(anonymous_3)
FNDA:0,(anonymous_4)
DA:3,0
DA:6,0
DA:8,0
DA:9,0
DA:11,0
DA:12,0
DA:13,0
DA:15,0
DA:16,0
DA:19,0
DA:21,0
DA:23,0
DA:24,0
DA:25,0
DA:27,0
DA:28,0
DA:31,0
DA:34,0
DA:40,0
DA:42,0
DA:43,0
DA:46,0
DA:48,0
DA:50,0
DA:52,0
DA:53,0
DA:54,0
DA:56,0
DA:57,0
DA:60,0
DA:62,0
DA:64,0
DA:67,0
DA:68,0
LF:34
LH:0
BRDA:11,0,0,0
BRDA:11,0,1,0
BRDA:15,1,0,0
BRDA:23,2,0,0
BRDA:23,2,1,0
BRDA:27,3,0,0
BRDA:42,4,0,0
BRDA:52,5,0,0
BRDA:52,5,1,0
BRDA:56,6,0,0
BRF:10
BRH:0
end_of_record
TN:
SF:pages/api/core-objects/index.ts
FN:6,handler
FN:15,(anonymous_2)
FN:18,(anonymous_3)
FN:21,(anonymous_4)
FN:24,(anonymous_5)
FN:28,(anonymous_6)
FNF:6
FNH:0
FNDA:0,handler
FNDA:0,(anonymous_2)
FNDA:0,(anonymous_3)
FNDA:0,(anonymous_4)
FNDA:0,(anonymous_5)
FNDA:0,(anonymous_6)
DA:4,0
DA:6,0
DA:7,0
DA:8,0
DA:9,0
DA:11,0
DA:14,0
DA:15,0
DA:17,0
DA:18,0
DA:20,0
DA:21,0
DA:23,0
DA:24,0
DA:26,0
DA:27,0
DA:28,0
DA:31,0
DA:33,0
DA:35,0
DA:36,0
DA:37,0
DA:40,0
DA:49,0
DA:50,0
DA:53,0
DA:54,0
DA:56,0
DA:58,0
DA:61,0
DA:62,0
LF:31
LH:0
BRDA:7,0,0,0
BRDA:7,0,1,0
BRDA:14,1,0,0
BRDA:17,2,0,0
BRDA:20,3,0,0
BRDA:23,4,0,0
BRDA:26,5,0,0
BRDA:27,6,0,0
BRDA:27,6,1,0
BRDA:35,7,0,0
BRDA:35,7,1,0
BRDA:43,8,0,0
BRDA:43,8,1,0
BRDA:49,9,0,0
BRF:14
BRH:0
end_of_record
TN:
SF:pages/api/integrations/health.ts
FN:3,handleHealth
FNF:1
FNH:0
FNDA:0,handleHealth
DA:3,0
DA:4,0
DA:5,0
LF:3
LH:0
BRDA:4,0,0,0
BRF:1
BRH:0
end_of_record
TN:
SF:pages/api/integrations/webhook.ts
FN:5,handleWebhook
FNF:1
FNH:0
FNDA:0,handleWebhook
DA:3,0
DA:5,0
DA:6,0
DA:7,0
DA:8,0
DA:9,0
DA:10,0
DA:11,0
DA:13,0
DA:16,0
LF:10
LH:0
BRDA:6,0,0,0
BRDA:8,1,0,0
BRDA:8,2,0,0
BRDA:8,2,1,0
BRDA:9,3,0,0
BRDA:10,4,0,0
BRF:6
BRH:0
end_of_record
TN:
SF:pages/api/metabox/[id].ts
FN:7,handler
FN:26,handleGet
FN:59,handlePut
FN:132,handleDelete
FNF:4
FNH:0
FNDA:0,handler
FNDA:0,handleGet
FNDA:0,handlePut
FNDA:0,handleDelete
DA:1,0
DA:4,0
DA:5,0
DA:7,0
DA:8,0
DA:10,0
DA:11,0
DA:14,0
DA:15,0
DA:16,0
DA:17,0
DA:18,0
DA:19,0
DA:21,0
DA:22,0
DA:27,0
DA:28,0
DA:30,0
DA:31,0
DA:32,0
DA:34,0
DA:36,0
DA:37,0
DA:40,0
DA:43,0
DA:44,0
DA:45,0
DA:49,0
DA:54,0
DA:55,0
DA:60,0
DA:61,0
DA:63,0
DA:64,0
DA:67,0
DA:68,0
DA:69,0
DA:72,0
DA:73,0
DA:74,0
DA:77,0
DA:80,0
DA:81,0
DA:85,0
DA:86,0
DA:87,0
DA:88,0
DA:95,0
DA:100,0
DA:101,0
DA:108,0
DA:109,0
DA:110,0
DA:112,0
DA:117,0
DA:118,0
DA:124,0
DA:127,0
DA:128,0
DA:133,0
DA:134,0
DA:136,0
DA:137,0
DA:140,0
DA:141,0
DA:142,0
DA:145,0
DA:146,0
DA:147,0
DA:150,0
DA:153,0
DA:154,0
DA:157,0
DA:159,0
DA:160,0
DA:165,0
DA:168,0
DA:169,0
LF:78
LH:0
BRDA:10,0,0,0
BRDA:10,1,0,0
BRDA:10,1,1,0
BRDA:14,2,0,0
BRDA:14,2,1,0
BRDA:16,3,0,0
BRDA:16,3,1,0
BRDA:18,4,0,0
BRDA:18,4,1,0
BRDA:36,5,0,0
BRDA:43,6,0,0
BRDA:43,7,0,0
BRDA:43,7,1,0
BRDA:44,8,0,0
BRDA:63,9,0,0
BRDA:73,10,0,0
BRDA:80,11,0,0
BRDA:87,12,0,0
BRDA:96,13,0,0
BRDA:96,13,1,0
BRDA:100,14,0,0
BRDA:117,15,0,0
BRDA:117,15,1,0
BRDA:136,16,0,0
BRDA:146,17,0,0
BRDA:153,18,0,0
BRDA:159,19,0,0
BRDA:159,19,1,0
BRF:28
BRH:0
end_of_record
TN:
SF:pages/api/metabox/index.ts
FN:7,handler
FN:22,handleGet
FN:48,(anonymous_4)
FN:61,handlePost
FN:106,handlePut
FN:170,handleDelete
FNF:6
FNH:5
FNDA:13,handler
FNDA:3,handleGet
FNDA:0,(anonymous_4)
FNDA:3,handlePost
FNDA:3,handlePut
FNDA:3,handleDelete
DA:1,1
DA:4,1
DA:5,1
DA:7,13
DA:8,13
DA:9,3
DA:10,10
DA:11,3
DA:12,7
DA:13,3
DA:14,4
DA:15,3
DA:17,1
DA:18,1
DA:23,3
DA:24,3
DA:26,3
DA:27,1
DA:30,2
DA:31,2
DA:32,0
DA:35,0
DA:37,0
DA:39,0
DA:45,0
DA:48,0
DA:50,0
DA:56,2
DA:57,2
DA:62,3
DA:63,3
DA:65,3
DA:66,1
DA:70,2
DA:71,2
DA:72,2
DA:78,0
DA:79,0
DA:80,0
DA:83,0
DA:89,0
DA:91,0
DA:92,0
DA:98,0
DA:101,0
DA:102,0
DA:107,3
DA:108,3
DA:110,3
DA:111,0
DA:114,3
DA:115,3
DA:116,0
DA:119,0
DA:120,0
DA:121,0
DA:124,0
DA:125,0
DA:129,0
DA:130,0
DA:131,0
DA:138,0
DA:149,0
DA:151,0
DA:152,0
DA:153,0
DA:159,0
DA:162,0
DA:165,3
DA:166,3
DA:171,3
DA:172,3
DA:174,3
DA:175,0
DA:178,3
DA:179,3
DA:180,0
DA:183,0
DA:184,0
DA:185,0
DA:188,0
DA:189,0
DA:193,0
DA:195,0
DA:196,0
DA:201,0
DA:204,3
DA:205,3
LF:88
LH:43
BRDA:8,0,0,3
BRDA:8,0,1,10
BRDA:10,1,0,3
BRDA:10,1,1,7
BRDA:12,2,0,3
BRDA:12,2,1,4
BRDA:14,3,0,3
BRDA:14,3,1,1
BRDA:26,4,0,1
BRDA:26,5,0,3
BRDA:26,5,1,2
BRDA:37,6,0,0
BRDA:37,7,0,0
BRDA:37,7,1,0
BRDA:65,8,0,1
BRDA:65,9,0,3
BRDA:65,9,1,2
BRDA:71,10,0,2
BRDA:91,11,0,0
BRDA:91,11,1,0
BRDA:110,12,0,0
BRDA:110,13,0,3
BRDA:110,13,1,3
BRDA:120,14,0,0
BRDA:124,15,0,0
BRDA:130,16,0,0
BRDA:144,17,0,0
BRDA:144,17,1,0
BRDA:149,18,0,0
BRDA:149,18,1,0
BRDA:152,19,0,0
BRDA:152,19,1,0
BRDA:152,20,0,0
BRDA:152,20,1,0
BRDA:152,20,2,0
BRDA:174,21,0,0
BRDA:174,22,0,3
BRDA:174,22,1,3
BRDA:184,23,0,0
BRDA:188,24,0,0
BRDA:195,25,0,0
BRDA:195,25,1,0
BRF:42
BRH:19
end_of_record
TN:
SF:pages/api/phases/[id].ts
FN:9,handler
FN:34,handleGet
FN:35,(anonymous_3)
FN:44,handlePut
FN:46,(anonymous_5)
FN:74,handleDelete
FN:75,(anonymous_7)
FNF:7
FNH:0
FNDA:0,handler
FNDA:0,handleGet
FNDA:0,(anonymous_3)
FNDA:0,handlePut
FNDA:0,(anonymous_5)
FNDA:0,handleDelete
FNDA:0,(anonymous_7)
DA:2,0
DA:4,0
DA:5,0
DA:7,0
DA:9,0
DA:10,0
DA:11,0
DA:13,0
DA:14,0
DA:17,0
DA:19,0
DA:21,0
DA:23,0
DA:25,0
DA:26,0
DA:29,0
DA:30,0
DA:35,0
DA:37,0
DA:38,0
DA:41,0
DA:45,0
DA:46,0
DA:48,0
DA:49,0
DA:52,0
DA:54,0
DA:60,0
DA:62,0
DA:64,0
DA:65,0
DA:70,0
DA:75,0
DA:77,0
DA:78,0
DA:81,0
DA:82,0
DA:84,0
LF:38
LH:0
BRDA:13,0,0,0
BRDA:13,1,0,0
BRDA:13,1,1,0
BRDA:17,2,0,0
BRDA:17,2,1,0
BRDA:17,2,2,0
BRDA:17,2,3,0
BRDA:37,3,0,0
BRDA:48,4,0,0
BRDA:64,5,0,0
BRDA:77,6,0,0
BRF:11
BRH:0
end_of_record
TN:
SF:pages/api/phases/index.ts
FN:8,handler
FN:17,(anonymous_2)
FN:20,(anonymous_3)
FN:24,(anonymous_4)
FNF:4
FNH:0
FNDA:0,handler
FNDA:0,(anonymous_2)
FNDA:0,(anonymous_3)
FNDA:0,(anonymous_4)
DA:3,0
DA:6,0
DA:8,0
DA:9,0
DA:10,0
DA:11,0
DA:13,0
DA:16,0
DA:17,0
DA:19,0
DA:20,0
DA:24,0
DA:26,0
DA:28,0
DA:30,0
DA:31,0
DA:32,0
DA:35,0
DA:42,0
DA:43,0
DA:46,0
DA:47,0
DA:49,0
DA:51,0
DA:54,0
DA:55,0
LF:26
LH:0
BRDA:9,0,0,0
BRDA:9,0,1,0
BRDA:16,1,0,0
BRDA:19,2,0,0
BRDA:30,3,0,0
BRDA:30,3,1,0
BRDA:42,4,0,0
BRF:7
BRH:0
end_of_record
TN:
SF:pages/api/workflows/execute.ts
FN:3,handleExecute
FNF:1
FNH:0
FNDA:0,handleExecute
DA:3,0
DA:4,0
DA:5,0
DA:6,0
DA:7,0
DA:9,0
LF:6
LH:0
BRDA:4,0,0,0
BRDA:6,1,0,0
BRF:2
BRH:0
end_of_record
