TN:
SF:components/Button.stories.tsx
FNF:0
FNH:0
DA:3,0
DA:5,0
DA:24,0
DA:27,0
DA:34,0
DA:41,0
DA:48,0
LF:7
LH:0
BRF:0
BRH:0
end_of_record
TN:
SF:components/Button.tsx
FN:8,(anonymous_2)
FNF:1
FNH:1
FNDA:12,(anonymous_2)
DA:1,2
DA:8,2
DA:15,12
DA:16,12
DA:20,12
DA:26,12
DA:35,12
LF:7
LH:7
BRDA:10,0,0,11
BRDA:11,1,0,11
BRDA:12,2,0,10
BRF:3
BRH:3
end_of_record
TN:
SF:components/KanbanBoard.tsx
FN:14,(anonymous_4)
FN:23,(anonymous_5)
FN:24,(anonymous_6)
FN:29,(anonymous_7)
FN:38,(anonymous_8)
FNF:5
FNH:5
FNDA:7,(anonymous_4)
FNDA:21,(anonymous_5)
FNDA:18,(anonymous_6)
FNDA:21,(anonymous_7)
FNDA:6,(anonymous_8)
DA:1,2
DA:14,7
DA:15,7
DA:17,7
DA:23,7
DA:24,21
DA:30,21
DA:39,6
LF:8
LH:8
BRDA:14,0,0,4
BRF:1
BRH:1
end_of_record
TN:
SF:components/Modal.tsx
FN:11,(anonymous_2)
FNF:1
FNH:1
FNDA:5,(anonymous_2)
DA:1,2
DA:11,2
DA:18,5
DA:20,4
DA:64,5
LF:5
LH:5
BRDA:16,0,0,5
BRDA:18,1,0,1
BRF:2
BRH:2
end_of_record
TN:
SF:components/workspace/AgentActivityFeed.tsx
FN:27,(anonymous_4)
FN:37,(anonymous_5)
FN:40,(anonymous_6)
FN:43,(anonymous_7)
FN:52,(anonymous_8)
FN:79,(anonymous_9)
FN:86,(anonymous_10)
FN:113,(anonymous_11)
FN:138,(anonymous_12)
FN:147,(anonymous_13)
FN:161,(anonymous_14)
FN:171,(anonymous_15)
FN:181,(anonymous_16)
FN:196,(anonymous_17)
FN:228,(anonymous_18)
FN:231,(anonymous_19)
FN:253,(anonymous_20)
FNF:17
FNH:0
FNDA:0,(anonymous_4)
FNDA:0,(anonymous_5)
FNDA:0,(anonymous_6)
FNDA:0,(anonymous_7)
FNDA:0,(anonymous_8)
FNDA:0,(anonymous_9)
FNDA:0,(anonymous_10)
FNDA:0,(anonymous_11)
FNDA:0,(anonymous_12)
FNDA:0,(anonymous_13)
FNDA:0,(anonymous_14)
FNDA:0,(anonymous_15)
FNDA:0,(anonymous_16)
FNDA:0,(anonymous_17)
FNDA:0,(anonymous_18)
FNDA:0,(anonymous_19)
FNDA:0,(anonymous_20)
DA:1,0
DA:2,0
DA:3,0
DA:27,0
DA:33,0
DA:34,0
DA:35,0
DA:37,0
DA:38,0
DA:39,0
DA:40,0
DA:43,0
DA:44,0
DA:45,0
DA:46,0
DA:48,0
DA:51,0
DA:52,0
DA:53,0
DA:54,0
DA:56,0
DA:58,0
DA:78,0
DA:80,0
DA:81,0
DA:86,0
DA:87,0
DA:88,0
DA:90,0
DA:107,0
DA:113,0
DA:115,0
DA:116,0
DA:117,0
DA:119,0
DA:120,0
DA:138,0
DA:139,0
DA:141,0
DA:143,0
DA:147,0
DA:148,0
DA:149,0
DA:150,0
DA:151,0
DA:152,0
DA:153,0
DA:154,0
DA:155,0
DA:156,0
DA:157,0
DA:161,0
DA:162,0
DA:163,0
DA:164,0
DA:165,0
DA:166,0
DA:167,0
DA:171,0
DA:172,0
DA:173,0
DA:174,0
DA:175,0
DA:176,0
DA:177,0
DA:181,0
DA:182,0
DA:183,0
DA:184,0
DA:185,0
DA:186,0
DA:187,0
DA:189,0
DA:190,0
DA:191,0
DA:192,0
DA:193,0
DA:196,0
DA:197,0
DA:198,0
DA:199,0
DA:200,0
DA:201,0
DA:204,0
DA:229,0
DA:231,0
DA:254,0
LF:87
LH:0
BRDA:31,0,0,0
BRDA:53,1,0,0
BRDA:53,2,0,0
BRDA:53,2,1,0
BRDA:54,3,0,0
BRDA:54,4,0,0
BRDA:54,4,1,0
BRDA:56,5,0,0
BRDA:56,5,1,0
BRDA:60,6,0,0
BRDA:60,6,1,0
BRDA:61,7,0,0
BRDA:61,7,1,0
BRDA:62,8,0,0
BRDA:62,8,1,0
BRDA:64,9,0,0
BRDA:64,9,1,0
BRDA:65,10,0,0
BRDA:65,10,1,0
BRDA:66,11,0,0
BRDA:66,11,1,0
BRDA:66,12,0,0
BRDA:66,12,1,0
BRDA:67,13,0,0
BRDA:67,13,1,0
BRDA:81,14,0,0
BRDA:81,14,1,0
BRDA:81,14,2,0
BRDA:81,14,3,0
BRDA:81,14,4,0
BRDA:81,14,5,0
BRDA:88,15,0,0
BRDA:92,16,0,0
BRDA:92,16,1,0
BRDA:95,17,0,0
BRDA:95,17,1,0
BRDA:109,18,0,0
BRDA:109,18,1,0
BRDA:110,19,0,0
BRDA:110,19,1,0
BRDA:119,20,0,0
BRDA:148,21,0,0
BRDA:148,21,1,0
BRDA:148,21,2,0
BRDA:148,21,3,0
BRDA:148,21,4,0
BRDA:148,21,5,0
BRDA:148,21,6,0
BRDA:148,21,7,0
BRDA:148,21,8,0
BRDA:162,22,0,0
BRDA:162,22,1,0
BRDA:162,22,2,0
BRDA:162,22,3,0
BRDA:162,22,4,0
BRDA:172,23,0,0
BRDA:172,23,1,0
BRDA:172,23,2,0
BRDA:172,23,3,0
BRDA:172,23,4,0
BRDA:189,24,0,0
BRDA:190,25,0,0
BRDA:191,26,0,0
BRDA:192,27,0,0
BRDA:197,28,0,0
BRDA:198,29,0,0
BRDA:199,30,0,0
BRDA:200,31,0,0
BRDA:204,32,0,0
BRDA:233,33,0,0
BRDA:233,33,1,0
BRDA:247,34,0,0
BRDA:247,34,1,0
BRDA:273,35,0,0
BRDA:279,36,0,0
BRDA:285,37,0,0
BRDA:291,38,0,0
BRDA:297,39,0,0
BRF:78
BRH:0
end_of_record
TN:
SF:components/workspace/AgentCollaborationView.tsx
FN:30,(anonymous_4)
FN:41,(anonymous_5)
FN:44,(anonymous_6)
FN:47,(anonymous_7)
FN:62,(anonymous_8)
FN:85,(anonymous_9)
FN:125,(anonymous_10)
FN:132,(anonymous_11)
FN:152,(anonymous_12)
FN:188,(anonymous_13)
FN:218,(anonymous_14)
FN:227,(anonymous_15)
FN:236,(anonymous_16)
FN:246,(anonymous_17)
FN:273,(anonymous_18)
FN:276,(anonymous_19)
FN:302,(anonymous_20)
FN:303,(anonymous_21)
FN:304,(anonymous_22)
FN:341,(anonymous_23)
FN:351,(anonymous_24)
FN:381,(anonymous_25)
FN:382,(anonymous_26)
FN:383,(anonymous_27)
FN:424,(anonymous_28)
FN:425,(anonymous_29)
FN:434,(anonymous_30)
FN:435,(anonymous_31)
FN:444,(anonymous_32)
FN:445,(anonymous_33)
FN:446,(anonymous_34)
FN:480,(anonymous_35)
FN:503,(anonymous_36)
FNF:33
FNH:0
FNDA:0,(anonymous_4)
FNDA:0,(anonymous_5)
FNDA:0,(anonymous_6)
FNDA:0,(anonymous_7)
FNDA:0,(anonymous_8)
FNDA:0,(anonymous_9)
FNDA:0,(anonymous_10)
FNDA:0,(anonymous_11)
FNDA:0,(anonymous_12)
FNDA:0,(anonymous_13)
FNDA:0,(anonymous_14)
FNDA:0,(anonymous_15)
FNDA:0,(anonymous_16)
FNDA:0,(anonymous_17)
FNDA:0,(anonymous_18)
FNDA:0,(anonymous_19)
FNDA:0,(anonymous_20)
FNDA:0,(anonymous_21)
FNDA:0,(anonymous_22)
FNDA:0,(anonymous_23)
FNDA:0,(anonymous_24)
FNDA:0,(anonymous_25)
FNDA:0,(anonymous_26)
FNDA:0,(anonymous_27)
FNDA:0,(anonymous_28)
FNDA:0,(anonymous_29)
FNDA:0,(anonymous_30)
FNDA:0,(anonymous_31)
FNDA:0,(anonymous_32)
FNDA:0,(anonymous_33)
FNDA:0,(anonymous_34)
FNDA:0,(anonymous_35)
FNDA:0,(anonymous_36)
DA:1,0
DA:2,0
DA:3,0
DA:30,0
DA:35,0
DA:36,0
DA:37,0
DA:38,0
DA:39,0
DA:41,0
DA:42,0
DA:43,0
DA:44,0
DA:47,0
DA:48,0
DA:49,0
DA:50,0
DA:52,0
DA:53,0
DA:56,0
DA:62,0
DA:63,0
DA:64,0
DA:65,0
DA:66,0
DA:68,0
DA:84,0
DA:85,0
DA:86,0
DA:87,0
DA:89,0
DA:90,0
DA:92,0
DA:108,0
DA:109,0
DA:124,0
DA:126,0
DA:127,0
DA:132,0
DA:133,0
DA:134,0
DA:136,0
DA:152,0
DA:153,0
DA:167,0
DA:179,0
DA:180,0
DA:182,0
DA:184,0
DA:188,0
DA:189,0
DA:191,0
DA:192,0
DA:193,0
DA:194,0
DA:195,0
DA:196,0
DA:199,0
DA:200,0
DA:201,0
DA:202,0
DA:203,0
DA:204,0
DA:207,0
DA:208,0
DA:209,0
DA:210,0
DA:211,0
DA:214,0
DA:218,0
DA:219,0
DA:220,0
DA:221,0
DA:222,0
DA:223,0
DA:227,0
DA:228,0
DA:229,0
DA:230,0
DA:231,0
DA:232,0
DA:236,0
DA:237,0
DA:238,0
DA:239,0
DA:240,0
DA:241,0
DA:242,0
DA:246,0
DA:247,0
DA:250,0
DA:274,0
DA:276,0
DA:303,0
DA:304,0
DA:306,0
DA:308,0
DA:342,0
DA:351,0
DA:381,0
DA:382,0
DA:384,0
DA:424,0
DA:426,0
DA:434,0
DA:436,0
DA:444,0
DA:446,0
DA:447,0
DA:450,0
DA:480,0
DA:504,0
LF:112
LH:0
BRDA:58,0,0,0
BRDA:58,0,1,0
BRDA:59,1,0,0
BRDA:59,1,1,0
BRDA:86,2,0,0
BRDA:86,3,0,0
BRDA:86,3,1,0
BRDA:87,4,0,0
BRDA:87,5,0,0
BRDA:87,5,1,0
BRDA:108,6,0,0
BRDA:127,7,0,0
BRDA:127,7,1,0
BRDA:127,7,2,0
BRDA:127,7,3,0
BRDA:127,7,4,0
BRDA:127,7,5,0
BRDA:189,8,0,0
BRDA:189,8,1,0
BRDA:189,8,2,0
BRDA:189,8,3,0
BRDA:191,9,0,0
BRDA:191,9,1,0
BRDA:191,9,2,0
BRDA:191,9,3,0
BRDA:191,9,4,0
BRDA:199,10,0,0
BRDA:199,10,1,0
BRDA:199,10,2,0
BRDA:199,10,3,0
BRDA:199,10,4,0
BRDA:207,11,0,0
BRDA:207,11,1,0
BRDA:207,11,2,0
BRDA:207,11,3,0
BRDA:219,12,0,0
BRDA:219,12,1,0
BRDA:219,12,2,0
BRDA:219,12,3,0
BRDA:228,13,0,0
BRDA:228,13,1,0
BRDA:228,13,2,0
BRDA:228,13,3,0
BRDA:237,14,0,0
BRDA:237,14,1,0
BRDA:237,14,2,0
BRDA:237,14,3,0
BRDA:237,14,4,0
BRDA:250,15,0,0
BRDA:278,16,0,0
BRDA:278,16,1,0
BRDA:291,17,0,0
BRDA:306,18,0,0
BRDA:306,19,0,0
BRDA:306,19,1,0
BRDA:348,20,0,0
BRDA:348,20,1,0
BRDA:349,21,0,0
BRDA:349,21,1,0
BRDA:377,22,0,0
BRDA:381,23,0,0
BRDA:381,23,1,0
BRDA:382,24,0,0
BRDA:382,24,1,0
BRDA:382,25,0,0
BRDA:382,25,1,0
BRDA:393,26,0,0
BRDA:393,26,1,0
BRDA:394,27,0,0
BRDA:394,27,1,0
BRDA:395,28,0,0
BRDA:395,28,1,0
BRDA:401,29,0,0
BRDA:414,30,0,0
BRDA:447,31,0,0
BRDA:447,31,1,0
BRDA:453,32,0,0
BRDA:455,33,0,0
BRDA:455,33,1,0
BRDA:456,34,0,0
BRDA:456,34,1,0
BRDA:475,35,0,0
BRDA:503,36,0,0
BRDA:503,36,1,0
BRDA:509,37,0,0
BRDA:509,37,1,0
BRF:86
BRH:0
end_of_record
TN:
SF:components/workspace/AgentDashboard.tsx
FN:20,(anonymous_4)
FN:31,(anonymous_5)
FN:34,(anonymous_6)
FN:37,(anonymous_7)
FN:47,(anonymous_8)
FN:59,(anonymous_9)
FN:79,(anonymous_10)
FN:92,(anonymous_11)
FN:104,(anonymous_12)
FN:130,(anonymous_13)
FN:193,(anonymous_14)
FN:197,(anonymous_15)
FN:210,(anonymous_16)
FN:221,(anonymous_17)
FN:233,(anonymous_18)
FN:247,(anonymous_19)
FN:248,(anonymous_20)
FN:260,(anonymous_21)
FN:293,(anonymous_22)
FN:336,(anonymous_23)
FN:349,(anonymous_24)
FN:370,(anonymous_25)
FN:398,(anonymous_26)
FN:430,(anonymous_27)
FN:433,(anonymous_28)
FN:446,(anonymous_29)
FN:472,(anonymous_30)
FN:484,(anonymous_31)
FN:520,(anonymous_32)
FN:599,(anonymous_33)
FN:614,(anonymous_34)
FN:627,(anonymous_35)
FNF:32
FNH:0
FNDA:0,(anonymous_4)
FNDA:0,(anonymous_5)
FNDA:0,(anonymous_6)
FNDA:0,(anonymous_7)
FNDA:0,(anonymous_8)
FNDA:0,(anonymous_9)
FNDA:0,(anonymous_10)
FNDA:0,(anonymous_11)
FNDA:0,(anonymous_12)
FNDA:0,(anonymous_13)
FNDA:0,(anonymous_14)
FNDA:0,(anonymous_15)
FNDA:0,(anonymous_16)
FNDA:0,(anonymous_17)
FNDA:0,(anonymous_18)
FNDA:0,(anonymous_19)
FNDA:0,(anonymous_20)
FNDA:0,(anonymous_21)
FNDA:0,(anonymous_22)
FNDA:0,(anonymous_23)
FNDA:0,(anonymous_24)
FNDA:0,(anonymous_25)
FNDA:0,(anonymous_26)
FNDA:0,(anonymous_27)
FNDA:0,(anonymous_28)
FNDA:0,(anonymous_29)
FNDA:0,(anonymous_30)
FNDA:0,(anonymous_31)
FNDA:0,(anonymous_32)
FNDA:0,(anonymous_33)
FNDA:0,(anonymous_34)
FNDA:0,(anonymous_35)
DA:1,0
DA:3,0
DA:20,0
DA:25,0
DA:26,0
DA:27,0
DA:28,0
DA:29,0
DA:31,0
DA:32,0
DA:33,0
DA:34,0
DA:37,0
DA:38,0
DA:39,0
DA:40,0
DA:46,0
DA:47,0
DA:48,0
DA:50,0
DA:51,0
DA:53,0
DA:55,0
DA:59,0
DA:60,0
DA:61,0
DA:62,0
DA:69,0
DA:70,0
DA:71,0
DA:72,0
DA:75,0
DA:79,0
DA:80,0
DA:81,0
DA:82,0
DA:83,0
DA:84,0
DA:85,0
DA:88,0
DA:92,0
DA:93,0
DA:94,0
DA:95,0
DA:96,0
DA:97,0
DA:98,0
DA:99,0
DA:100,0
DA:104,0
DA:105,0
DA:106,0
DA:107,0
DA:108,0
DA:109,0
DA:113,0
DA:130,0
DA:194,0
DA:197,0
DA:210,0
DA:221,0
DA:233,0
DA:247,0
DA:248,0
DA:249,0
DA:250,0
DA:251,0
DA:252,0
DA:253,0
DA:254,0
DA:255,0
DA:256,0
DA:260,0
DA:261,0
DA:262,0
DA:263,0
DA:264,0
DA:265,0
DA:294,0
DA:337,0
DA:338,0
DA:350,0
DA:351,0
DA:370,0
DA:377,0
DA:378,0
DA:379,0
DA:381,0
DA:398,0
DA:399,0
DA:401,0
DA:431,0
DA:433,0
DA:447,0
DA:472,0
DA:484,0
DA:520,0
DA:600,0
DA:615,0
DA:627,0
LF:100
LH:0
BRDA:69,0,0,0
BRDA:83,1,0,0
BRDA:93,2,0,0
BRDA:93,2,1,0
BRDA:93,2,2,0
BRDA:93,2,3,0
BRDA:93,2,4,0
BRDA:93,2,5,0
BRDA:93,2,6,0
BRDA:105,3,0,0
BRDA:105,3,1,0
BRDA:105,3,2,0
BRDA:105,3,3,0
BRDA:113,4,0,0
BRDA:139,5,0,0
BRDA:184,6,0,0
BRDA:184,6,1,0
BRDA:204,7,0,0
BRDA:219,8,0,0
BRDA:230,9,0,0
BRDA:249,10,0,0
BRDA:249,10,1,0
BRDA:249,10,2,0
BRDA:249,10,3,0
BRDA:249,10,4,0
BRDA:249,10,5,0
BRDA:249,10,6,0
BRDA:261,11,0,0
BRDA:261,11,1,0
BRDA:261,11,2,0
BRDA:261,11,3,0
BRDA:285,12,0,0
BRDA:301,13,0,0
BRDA:338,14,0,0
BRDA:338,14,1,0
BRDA:341,15,0,0
BRDA:341,15,1,0
BRDA:346,16,0,0
BRDA:346,16,1,0
BRDA:399,17,0,0
BRDA:399,18,0,0
BRDA:399,18,1,0
BRDA:435,19,0,0
BRDA:435,19,1,0
BRDA:463,20,0,0
BRDA:503,21,0,0
BRDA:503,21,1,0
BRDA:555,22,0,0
BRDA:627,23,0,0
BRDA:627,23,1,0
BRDA:629,24,0,0
BRDA:629,24,1,0
BRDA:634,25,0,0
BRDA:634,25,1,0
BRF:54
BRH:0
end_of_record
TN:
SF:components/workspace/KanbanBoard.tsx
FN:13,(anonymous_4)
FN:21,(anonymous_5)
FN:25,(anonymous_6)
FN:29,(anonymous_7)
FN:32,(anonymous_8)
FN:33,(anonymous_9)
FN:35,(anonymous_10)
FN:38,(anonymous_11)
FN:85,(anonymous_12)
FN:89,(anonymous_13)
FN:90,(anonymous_14)
FN:104,(anonymous_15)
FN:108,(anonymous_16)
FNF:13
FNH:0
FNDA:0,(anonymous_4)
FNDA:0,(anonymous_5)
FNDA:0,(anonymous_6)
FNDA:0,(anonymous_7)
FNDA:0,(anonymous_8)
FNDA:0,(anonymous_9)
FNDA:0,(anonymous_10)
FNDA:0,(anonymous_11)
FNDA:0,(anonymous_12)
FNDA:0,(anonymous_13)
FNDA:0,(anonymous_14)
FNDA:0,(anonymous_15)
FNDA:0,(anonymous_16)
DA:1,0
DA:3,0
DA:4,0
DA:13,0
DA:18,0
DA:19,0
DA:21,0
DA:22,0
DA:25,0
DA:26,0
DA:29,0
DA:30,0
DA:32,0
DA:33,0
DA:35,0
DA:36,0
DA:38,0
DA:42,0
DA:43,0
DA:48,0
DA:50,0
DA:86,0
DA:89,0
DA:91,0
DA:92,0
DA:93,0
DA:105,0
DA:108,0
LF:28
LH:0
BRDA:30,0,0,0
BRDA:35,1,0,0
BRDA:42,2,0,0
BRDA:92,3,0,0
BRF:4
BRH:0
end_of_record
TN:
SF:components/workspace/KanbanCard.tsx
FN:11,(anonymous_2)
FN:16,(anonymous_3)
FN:31,(anonymous_4)
FN:75,(anonymous_5)
FNF:4
FNH:0
FNDA:0,(anonymous_2)
FNDA:0,(anonymous_3)
FNDA:0,(anonymous_4)
FNDA:0,(anonymous_5)
DA:1,0
DA:11,0
DA:16,0
DA:17,0
DA:19,0
DA:21,0
DA:23,0
DA:25,0
DA:27,0
DA:31,0
DA:32,0
DA:34,0
DA:36,0
DA:38,0
DA:40,0
DA:42,0
DA:76,0
LF:17
LH:0
BRDA:17,0,0,0
BRDA:17,0,1,0
BRDA:17,0,2,0
BRDA:17,0,3,0
BRDA:17,0,4,0
BRDA:32,1,0,0
BRDA:32,1,1,0
BRDA:32,1,2,0
BRDA:32,1,3,0
BRDA:32,1,4,0
BRDA:66,2,0,0
BRDA:73,3,0,0
BRDA:83,4,0,0
BRDA:94,5,0,0
BRDA:103,6,0,0
BRDA:103,6,1,0
BRDA:104,7,0,0
BRDA:104,7,1,0
BRF:18
BRH:0
end_of_record
TN:
SF:components/workspace/KanbanColumnHeader.tsx
FN:9,(anonymous_2)
FNF:1
FNH:0
FNDA:0,(anonymous_2)
DA:1,0
DA:9,0
LF:2
LH:0
BRDA:18,0,0,0
BRDA:27,1,0,0
BRDA:27,1,1,0
BRF:3
BRH:0
end_of_record
TN:
SF:components/workspace/LeftPanel.tsx
FN:7,(anonymous_2)
FN:8,(anonymous_3)
FNF:2
FNH:0
FNDA:0,(anonymous_2)
FNDA:0,(anonymous_3)
DA:1,0
DA:7,0
DA:8,0
DA:9,0
DA:11,0
DA:13,0
DA:15,0
DA:17,0
DA:19,0
DA:21,0
LF:10
LH:0
BRDA:9,0,0,0
BRDA:9,0,1,0
BRDA:9,0,2,0
BRDA:9,0,3,0
BRDA:9,0,4,0
BRDA:9,0,5,0
BRF:6
BRH:0
end_of_record
TN:
SF:components/workspace/PhaseSidebar.tsx
FN:11,(anonymous_2)
FN:16,(anonymous_3)
FN:29,(anonymous_4)
FN:53,(anonymous_5)
FN:71,(anonymous_6)
FN:93,(anonymous_7)
FNF:6
FNH:0
FNDA:0,(anonymous_2)
FNDA:0,(anonymous_3)
FNDA:0,(anonymous_4)
FNDA:0,(anonymous_5)
FNDA:0,(anonymous_6)
FNDA:0,(anonymous_7)
DA:1,0
DA:11,0
DA:16,0
DA:17,0
DA:19,0
DA:21,0
DA:23,0
DA:25,0
DA:29,0
DA:30,0
DA:32,0
DA:34,0
DA:36,0
DA:38,0
DA:54,0
DA:72,0
DA:94,0
LF:17
LH:0
BRDA:17,0,0,0
BRDA:17,0,1,0
BRDA:17,0,2,0
BRDA:17,0,3,0
BRDA:30,1,0,0
BRDA:30,1,1,0
BRDA:30,1,2,0
BRDA:30,1,3,0
BRDA:105,2,0,0
BRDA:105,2,1,0
BRDA:106,3,0,0
BRDA:106,3,1,0
BRDA:151,4,0,0
BRDA:151,4,1,0
BRDA:160,5,0,0
BRDA:160,5,1,0
BRF:16
BRH:0
end_of_record
TN:
SF:components/workspace/WorkspaceLayout.tsx
FN:65,(anonymous_2)
FNF:1
FNH:0
FNDA:0,(anonymous_2)
DA:1,0
DA:3,0
DA:4,0
DA:5,0
DA:65,0
LF:5
LH:0
BRF:0
BRH:0
end_of_record
TN:
SF:components/workspace/index.ts
FNF:0
FNH:0
DA:1,0
DA:2,0
DA:3,0
DA:4,0
DA:5,0
DA:6,0
LF:6
LH:0
BRF:0
BRH:0
end_of_record
TN:
SF:lib/betterstack.ts
FN:20,sendLog
FN:62,logError
FN:73,logInfo
FN:77,logWarn
FN:81,logDebug
FNF:5
FNH:2
FNDA:4,sendLog
FNDA:0,logError
FNDA:4,logInfo
FNDA:0,logWarn
FNDA:0,logDebug
DA:7,1
DA:22,4
DA:23,0
DA:26,0
DA:28,0
DA:31,4
DA:32,4
DA:52,0
DA:54,0
DA:58,4
DA:62,0
DA:63,0
DA:73,4
DA:74,4
DA:77,0
DA:78,0
DA:81,0
DA:82,0
LF:18
LH:7
BRDA:8,0,0,1
BRDA:8,0,1,1
BRDA:9,1,0,1
BRDA:9,1,1,1
BRDA:10,2,0,1
BRDA:10,2,1,1
BRDA:11,3,0,1
BRDA:11,3,1,0
BRDA:11,4,0,1
BRDA:11,4,1,1
BRDA:20,5,0,0
BRDA:22,6,0,0
BRDA:23,7,0,0
BRDA:52,8,0,0
BRDA:62,9,0,0
BRDA:73,10,0,0
BRDA:77,11,0,0
BRDA:81,12,0,0
BRF:18
BRH:9
end_of_record
TN:
SF:lib/env.ts
FN:35,(anonymous_6)
FN:36,(anonymous_7)
FN:37,(anonymous_8)
FN:51,(anonymous_9)
FN:52,(anonymous_10)
FNF:5
FNH:0
FNDA:0,(anonymous_6)
FNDA:0,(anonymous_7)
FNDA:0,(anonymous_8)
FNDA:0,(anonymous_9)
FNDA:0,(anonymous_10)
DA:1,0
DA:4,0
DA:35,0
DA:36,0
DA:37,0
DA:51,0
DA:52,0
DA:60,0
DA:63,0
DA:66,0
DA:73,0
DA:74,0
DA:75,0
LF:13
LH:0
BRF:0
BRH:0
end_of_record
TN:
SF:lib/mockPhaseStore.ts
FNF:0
FNH:0
DA:1,3
LF:1
LH:1
BRF:0
BRH:0
end_of_record
TN:
SF:lib/mockTaskStore.ts
FNF:0
FNH:0
DA:1,0
LF:1
LH:0
BRF:0
BRH:0
end_of_record
TN:
SF:lib/mongodb.ts
FN:22,dbConnect
FN:32,(anonymous_3)
FNF:2
FNH:0
FNDA:0,dbConnect
FNDA:0,(anonymous_3)
DA:3,0
DA:5,0
DA:7,0
DA:8,0
DA:16,0
DA:18,0
DA:19,0
DA:23,0
DA:24,0
DA:27,0
DA:28,0
DA:32,0
DA:33,0
DA:37,0
DA:38,0
DA:40,0
DA:41,0
DA:44,0
DA:47,0
LF:19
LH:0
BRDA:7,0,0,0
BRDA:18,1,0,0
BRDA:23,2,0,0
BRDA:27,3,0,0
BRF:4
BRH:0
end_of_record
TN:
SF:lib/stripe.ts
FN:12,createCustomer
FN:20,createSubscription
FNF:2
FNH:0
FNDA:0,createCustomer
FNDA:0,createSubscription
DA:3,0
DA:5,0
DA:9,0
DA:12,0
DA:13,0
DA:20,0
DA:21,0
LF:7
LH:0
BRF:0
BRH:0
end_of_record
TN:
SF:lib/agents/BaseAgent.ts
FN:87,(anonymous_1)
FN:147,(anonymous_2)
FN:155,(anonymous_3)
FN:171,(anonymous_4)
FN:196,(anonymous_5)
FN:215,(anonymous_6)
FN:222,(anonymous_7)
FNF:7
FNH:6
FNDA:8,(anonymous_1)
FNDA:5,(anonymous_2)
FNDA:2,(anonymous_3)
FNDA:2,(anonymous_4)
FNDA:3,(anonymous_5)
FNDA:5,(anonymous_6)
FNDA:0,(anonymous_7)
DA:3,10
DA:32,17
DA:88,8
DA:89,8
DA:90,8
DA:91,8
DA:92,8
DA:93,8
DA:94,8
DA:95,8
DA:102,8
DA:107,8
DA:108,8
DA:115,8
DA:116,8
DA:119,8
DA:120,0
DA:122,8
DA:123,0
DA:125,8
DA:126,0
DA:128,8
DA:129,0
DA:131,8
DA:132,0
DA:134,8
DA:135,0
DA:137,8
DA:138,0
DA:140,8
DA:141,0
DA:148,5
DA:149,5
DA:150,5
DA:151,3
DA:156,2
DA:164,2
DA:165,2
DA:168,2
DA:172,2
DA:173,2
DA:174,2
DA:175,2
DA:177,2
DA:183,2
DA:197,3
DA:198,3
DA:199,3
DA:201,3
DA:216,5
DA:217,5
DA:218,5
DA:223,0
DA:240,0
DA:241,0
DA:243,0
DA:244,0
DA:246,0
DA:247,0
DA:249,0
DA:250,0
DA:252,0
DA:253,0
DA:255,0
DA:256,0
DA:259,0
LF:66
LH:44
BRDA:93,0,0,8
BRDA:93,0,1,8
BRDA:94,1,0,8
BRDA:94,1,1,8
BRDA:104,2,0,8
BRDA:104,2,1,8
BRDA:109,3,0,8
BRDA:109,3,1,8
BRDA:110,4,0,8
BRDA:110,4,1,8
BRDA:111,5,0,8
BRDA:111,5,1,8
BRDA:112,6,0,8
BRDA:112,6,1,8
BRDA:113,7,0,8
BRDA:113,7,1,8
BRDA:119,8,0,0
BRDA:122,9,0,0
BRDA:125,10,0,0
BRDA:128,11,0,0
BRDA:131,12,0,0
BRDA:134,13,0,0
BRDA:137,14,0,0
BRDA:140,15,0,0
BRDA:150,16,0,3
BRDA:150,17,0,5
BRDA:150,17,1,2
BRDA:217,18,0,5
BRDA:240,19,0,0
BRDA:243,20,0,0
BRDA:246,21,0,0
BRDA:249,22,0,0
BRDA:252,23,0,0
BRDA:255,24,0,0
BRF:34
BRH:20
end_of_record
TN:
SF:lib/agents/logger.ts
FN:38,(anonymous_1)
FN:42,(anonymous_2)
FN:48,(anonymous_3)
FN:54,(anonymous_4)
FN:60,(anonymous_5)
FN:67,(anonymous_6)
FN:82,(anonymous_7)
FN:113,(anonymous_8)
FN:128,(anonymous_9)
FN:136,(anonymous_10)
FN:173,(anonymous_11)
FN:189,(anonymous_12)
FN:193,(anonymous_13)
FN:197,(anonymous_14)
FN:214,(anonymous_15)
FN:217,(anonymous_16)
FNF:16
FNH:2
FNDA:0,(anonymous_1)
FNDA:2,(anonymous_2)
FNDA:0,(anonymous_3)
FNDA:12,(anonymous_4)
FNDA:0,(anonymous_5)
FNDA:0,(anonymous_6)
FNDA:0,(anonymous_7)
FNDA:0,(anonymous_8)
FNDA:0,(anonymous_9)
FNDA:0,(anonymous_10)
FNDA:0,(anonymous_11)
FNDA:0,(anonymous_12)
FNDA:0,(anonymous_13)
FNDA:0,(anonymous_14)
FNDA:0,(anonymous_15)
FNDA:0,(anonymous_16)
DA:28,10
DA:29,10
DA:30,10
DA:36,10
DA:39,0
DA:43,2
DA:44,2
DA:49,0
DA:50,0
DA:55,12
DA:56,12
DA:61,0
DA:62,0
DA:68,0
DA:69,0
DA:71,0
DA:72,0
DA:76,0
DA:77,0
DA:79,0
DA:83,0
DA:84,0
DA:85,0
DA:86,0
DA:89,0
DA:90,0
DA:91,0
DA:93,0
DA:100,0
DA:101,0
DA:103,0
DA:104,0
DA:106,0
DA:109,0
DA:114,0
DA:115,0
DA:117,0
DA:118,0
DA:119,0
DA:120,0
DA:123,0
DA:124,0
DA:129,0
DA:130,0
DA:131,0
DA:137,0
DA:139,0
DA:140,0
DA:149,0
DA:152,0
DA:153,0
DA:155,0
DA:158,0
DA:159,0
DA:160,0
DA:161,0
DA:164,0
DA:165,0
DA:167,0
DA:168,0
DA:184,0
DA:185,0
DA:187,0
DA:188,0
DA:189,0
DA:192,0
DA:193,0
DA:196,0
DA:197,0
DA:200,0
DA:215,0
DA:216,0
DA:217,0
DA:220,0
DA:221,0
DA:226,14
LF:76
LH:9
BRDA:43,0,0,2
BRDA:49,1,0,0
BRDA:55,2,0,12
BRDA:61,3,0,0
BRDA:71,4,0,0
BRDA:76,5,0,0
BRDA:76,5,1,0
BRDA:84,6,0,0
BRDA:84,7,0,0
BRDA:84,7,1,0
BRDA:103,8,0,0
BRDA:103,8,1,0
BRDA:115,9,0,0
BRDA:115,9,1,0
BRDA:117,10,0,0
BRDA:117,11,0,0
BRDA:117,11,1,0
BRDA:119,12,0,0
BRDA:119,12,1,0
BRDA:123,13,0,0
BRDA:130,14,0,0
BRDA:139,15,0,0
BRDA:152,16,0,0
BRDA:152,16,1,0
BRDA:158,17,0,0
BRDA:167,18,0,0
BRDA:188,19,0,0
BRDA:188,19,1,0
BRDA:192,20,0,0
BRDA:192,20,1,0
BRDA:193,21,0,0
BRDA:193,21,1,0
BRDA:196,22,0,0
BRDA:196,22,1,0
BRDA:197,23,0,0
BRDA:197,23,1,0
BRDA:214,24,0,0
BRDA:220,25,0,0
BRF:38
BRH:2
end_of_record
TN:
SF:lib/agents/orchestrator.ts
FN:50,(anonymous_1)
FN:54,(anonymous_2)
FN:61,(anonymous_3)
FN:98,(anonymous_4)
FN:115,(anonymous_5)
FN:159,(anonymous_6)
FN:255,(anonymous_7)
FN:286,(anonymous_8)
FN:302,(anonymous_9)
FN:390,(anonymous_10)
FN:406,(anonymous_11)
FN:441,(anonymous_12)
FN:445,(anonymous_13)
FN:446,(anonymous_14)
FN:449,(anonymous_15)
FN:450,(anonymous_16)
FN:453,(anonymous_17)
FN:454,(anonymous_18)
FN:457,(anonymous_19)
FN:458,(anonymous_20)
FN:461,(anonymous_21)
FN:465,(anonymous_22)
FN:466,(anonymous_23)
FN:469,(anonymous_24)
FN:482,(anonymous_25)
FN:488,(anonymous_26)
FN:490,(anonymous_27)
FN:492,(anonymous_28)
FN:509,(anonymous_29)
FN:521,(anonymous_30)
FN:544,(anonymous_31)
FN:589,(anonymous_32)
FN:627,(anonymous_33)
FN:637,(anonymous_34)
FNF:34
FNH:8
FNDA:8,(anonymous_1)
FNDA:13,(anonymous_2)
FNDA:0,(anonymous_3)
FNDA:0,(anonymous_4)
FNDA:0,(anonymous_5)
FNDA:0,(anonymous_6)
FNDA:0,(anonymous_7)
FNDA:0,(anonymous_8)
FNDA:0,(anonymous_9)
FNDA:0,(anonymous_10)
FNDA:0,(anonymous_11)
FNDA:0,(anonymous_12)
FNDA:0,(anonymous_13)
FNDA:0,(anonymous_14)
FNDA:0,(anonymous_15)
FNDA:0,(anonymous_16)
FNDA:0,(anonymous_17)
FNDA:0,(anonymous_18)
FNDA:0,(anonymous_19)
FNDA:0,(anonymous_20)
FNDA:0,(anonymous_21)
FNDA:0,(anonymous_22)
FNDA:0,(anonymous_23)
FNDA:0,(anonymous_24)
FNDA:0,(anonymous_25)
FNDA:0,(anonymous_26)
FNDA:0,(anonymous_27)
FNDA:0,(anonymous_28)
FNDA:3,(anonymous_29)
FNDA:14,(anonymous_30)
FNDA:10,(anonymous_31)
FNDA:4,(anonymous_32)
FNDA:3,(anonymous_33)
FNDA:2,(anonymous_34)
DA:1,4
DA:4,4
DA:43,24
DA:46,8
DA:47,8
DA:48,8
DA:51,8
DA:55,13
DA:56,1
DA:58,13
DA:70,0
DA:84,0
DA:85,0
DA:87,0
DA:88,0
DA:90,0
DA:91,0
DA:94,0
DA:95,0
DA:98,0
DA:99,0
DA:100,0
DA:101,0
DA:103,0
DA:104,0
DA:108,0
DA:109,0
DA:111,0
DA:112,0
DA:116,0
DA:117,0
DA:118,0
DA:119,0
DA:122,0
DA:123,0
DA:124,0
DA:128,0
DA:135,0
DA:136,0
DA:137,0
DA:141,0
DA:142,0
DA:143,0
DA:147,0
DA:148,0
DA:149,0
DA:152,0
DA:153,0
DA:155,0
DA:156,0
DA:160,0
DA:161,0
DA:162,0
DA:163,0
DA:166,0
DA:167,0
DA:168,0
DA:171,0
DA:172,0
DA:173,0
DA:174,0
DA:177,0
DA:184,0
DA:185,0
DA:188,0
DA:191,0
DA:192,0
DA:193,0
DA:194,0
DA:195,0
DA:198,0
DA:199,0
DA:200,0
DA:204,0
DA:205,0
DA:207,0
DA:211,0
DA:217,0
DA:218,0
DA:219,0
DA:222,0
DA:223,0
DA:226,0
DA:229,0
DA:235,0
DA:236,0
DA:237,0
DA:240,0
DA:241,0
DA:242,0
DA:245,0
DA:246,0
DA:247,0
DA:250,0
DA:251,0
DA:265,0
DA:266,0
DA:267,0
DA:270,0
DA:279,0
DA:280,0
DA:282,0
DA:283,0
DA:287,0
DA:288,0
DA:289,0
DA:292,0
DA:293,0
DA:294,0
DA:297,0
DA:299,0
DA:300,0
DA:302,0
DA:303,0
DA:304,0
DA:305,0
DA:309,0
DA:319,0
DA:322,0
DA:323,0
DA:325,0
DA:327,0
DA:328,0
DA:329,0
DA:330,0
DA:333,0
DA:344,0
DA:345,0
DA:348,0
DA:350,0
DA:351,0
DA:352,0
DA:355,0
DA:356,0
DA:359,0
DA:360,0
DA:361,0
DA:363,0
DA:373,0
DA:374,0
DA:378,0
DA:379,0
DA:381,0
DA:382,0
DA:384,0
DA:385,0
DA:386,0
DA:395,0
DA:396,0
DA:397,0
DA:400,0
DA:401,0
DA:402,0
DA:406,0
DA:407,0
DA:410,0
DA:411,0
DA:415,0
DA:416,0
DA:417,0
DA:418,0
DA:419,0
DA:420,0
DA:426,0
DA:427,0
DA:428,0
DA:434,0
DA:435,0
DA:437,0
DA:438,0
DA:442,0
DA:446,0
DA:450,0
DA:454,0
DA:458,0
DA:462,0
DA:466,0
DA:476,0
DA:477,0
DA:479,0
DA:480,0
DA:482,0
DA:483,0
DA:484,0
DA:487,0
DA:488,0
DA:490,0
DA:491,0
DA:493,0
DA:494,0
DA:495,0
DA:499,0
DA:510,3
DA:511,3
DA:512,0
DA:522,14
DA:523,14
DA:524,2
DA:525,2
DA:528,12
DA:529,12
DA:530,2
DA:531,2
DA:534,10
DA:536,10
DA:537,10
DA:538,10
DA:540,10
DA:544,10
DA:546,10
DA:547,3
DA:548,3
DA:551,7
DA:561,7
DA:563,3
DA:564,3
DA:565,3
DA:581,10
DA:590,4
DA:591,4
DA:592,3
DA:595,1
DA:597,1
DA:598,3
DA:599,3
DA:600,3
DA:602,0
DA:603,0
DA:604,0
DA:618,1
DA:628,3
DA:629,1
DA:632,2
DA:633,1
DA:634,1
DA:637,1
DA:638,2
DA:639,2
DA:640,2
DA:641,2
DA:643,0
DA:644,0
DA:660,1
DA:661,1
DA:662,1
DA:663,2
DA:664,2
DA:665,2
DA:669,1
LF:249
LH:61
BRDA:55,0,0,1
BRDA:67,1,0,0
BRDA:84,2,0,0
BRDA:87,3,0,0
BRDA:90,4,0,0
BRDA:101,5,0,0
BRDA:101,6,0,0
BRDA:101,6,1,0
BRDA:117,7,0,0
BRDA:122,8,0,0
BRDA:135,9,0,0
BRDA:141,10,0,0
BRDA:161,11,0,0
BRDA:166,12,0,0
BRDA:172,13,0,0
BRDA:191,14,0,0
BRDA:191,14,1,0
BRDA:199,15,0,0
BRDA:204,16,0,0
BRDA:204,16,1,0
BRDA:217,17,0,0
BRDA:219,18,0,0
BRDA:219,18,1,0
BRDA:219,19,0,0
BRDA:219,19,1,0
BRDA:222,20,0,0
BRDA:222,20,1,0
BRDA:226,21,0,0
BRDA:226,21,1,0
BRDA:231,22,0,0
BRDA:231,22,1,0
BRDA:235,23,0,0
BRDA:237,24,0,0
BRDA:237,24,1,0
BRDA:237,25,0,0
BRDA:237,25,1,0
BRDA:241,26,0,0
BRDA:241,26,1,0
BRDA:246,27,0,0
BRDA:263,28,0,0
BRDA:266,29,0,0
BRDA:288,30,0,0
BRDA:293,31,0,0
BRDA:300,32,0,0
BRDA:300,32,1,0
BRDA:304,33,0,0
BRDA:325,34,0,0
BRDA:325,34,1,0
BRDA:329,35,0,0
BRDA:348,36,0,0
BRDA:351,37,0,0
BRDA:361,38,0,0
BRDA:396,39,0,0
BRDA:401,40,0,0
BRDA:406,41,0,0
BRDA:410,42,0,0
BRDA:415,43,0,0
BRDA:417,44,0,0
BRDA:419,45,0,0
BRDA:442,46,0,0
BRDA:442,46,1,0
BRDA:462,47,0,0
BRDA:462,47,1,0
BRDA:483,48,0,0
BRDA:483,48,1,0
BRDA:484,49,0,0
BRDA:484,49,1,0
BRDA:490,50,0,0
BRDA:490,50,1,0
BRDA:491,51,0,0
BRDA:491,51,1,0
BRDA:510,52,0,0
BRDA:511,53,0,3
BRDA:511,54,0,3
BRDA:511,54,1,3
BRDA:523,55,0,2
BRDA:529,56,0,2
BRDA:538,57,0,10
BRDA:538,57,1,0
BRDA:541,58,0,10
BRDA:541,58,1,10
BRDA:544,59,0,10
BRDA:544,59,1,0
BRDA:546,60,0,3
BRDA:547,61,0,3
BRDA:547,61,1,0
BRDA:547,62,0,3
BRDA:547,62,1,0
BRDA:548,63,0,3
BRDA:548,63,1,0
BRDA:554,64,0,7
BRDA:554,64,1,7
BRDA:563,65,0,3
BRDA:563,65,1,0
BRDA:564,66,0,3
BRDA:564,66,1,0
BRDA:564,67,0,3
BRDA:564,67,1,0
BRDA:568,68,0,3
BRDA:568,68,1,0
BRDA:570,69,0,3
BRDA:570,69,1,0
BRDA:571,70,0,3
BRDA:571,70,1,0
BRDA:591,71,0,3
BRDA:599,72,0,3
BRDA:599,72,1,0
BRDA:602,73,0,0
BRDA:602,73,1,0
BRDA:607,74,0,0
BRDA:607,74,1,0
BRDA:628,75,0,1
BRDA:632,76,0,1
BRDA:638,77,0,2
BRDA:638,77,1,0
BRDA:649,78,0,0
BRDA:649,78,1,0
BRDA:663,79,0,2
BRDA:663,79,1,0
BRDA:664,80,0,2
BRF:120
BRH:29
end_of_record
TN:
SF:lib/agents/registry.ts
FN:29,getMetaBox
FN:33,getAgent
FN:36,(anonymous_10)
FN:39,getPhaseAgents
FN:42,(anonymous_12)
FN:45,getAllMetaBoxes
FN:49,validateMetaBox
FN:81,(anonymous_15)
FN:85,(anonymous_16)
FN:92,(anonymous_17)
FN:186,(anonymous_18)
FN:201,(anonymous_19)
FN:211,(anonymous_20)
FN:219,(anonymous_21)
FN:221,(anonymous_22)
FN:224,(anonymous_23)
FN:225,(anonymous_24)
FN:230,(anonymous_25)
FN:231,(anonymous_26)
FN:236,(anonymous_27)
FN:237,(anonymous_28)
FN:242,(anonymous_29)
FN:243,(anonymous_30)
FN:270,(anonymous_31)
FN:297,(anonymous_32)
FN:303,(anonymous_33)
FN:310,(anonymous_34)
FN:342,(anonymous_35)
FN:367,(anonymous_36)
FN:371,(anonymous_37)
FN:375,(anonymous_38)
FN:379,(anonymous_39)
FN:394,(anonymous_40)
FN:411,(anonymous_41)
FN:436,(anonymous_42)
FN:445,(anonymous_43)
FN:450,(anonymous_44)
FN:455,(anonymous_45)
FNF:38
FNH:10
FNDA:18,getMetaBox
FNDA:5,getAgent
FNDA:5,(anonymous_10)
FNDA:5,getPhaseAgents
FNDA:6,(anonymous_12)
FNDA:3,getAllMetaBoxes
FNDA:3,validateMetaBox
FNDA:2,(anonymous_15)
FNDA:7,(anonymous_16)
FNDA:2,(anonymous_17)
FNDA:0,(anonymous_18)
FNDA:0,(anonymous_19)
FNDA:0,(anonymous_20)
FNDA:0,(anonymous_21)
FNDA:0,(anonymous_22)
FNDA:0,(anonymous_23)
FNDA:0,(anonymous_24)
FNDA:0,(anonymous_25)
FNDA:0,(anonymous_26)
FNDA:0,(anonymous_27)
FNDA:0,(anonymous_28)
FNDA:0,(anonymous_29)
FNDA:0,(anonymous_30)
FNDA:0,(anonymous_31)
FNDA:0,(anonymous_32)
FNDA:0,(anonymous_33)
FNDA:0,(anonymous_34)
FNDA:0,(anonymous_35)
FNDA:0,(anonymous_36)
FNDA:0,(anonymous_37)
FNDA:0,(anonymous_38)
FNDA:0,(anonymous_39)
FNDA:0,(anonymous_40)
FNDA:0,(anonymous_41)
FNDA:0,(anonymous_42)
FNDA:0,(anonymous_43)
FNDA:0,(anonymous_44)
FNDA:0,(anonymous_45)
DA:1,6
DA:5,6
DA:6,6
DA:7,6
DA:9,6
DA:29,10
DA:30,18
DA:33,7
DA:34,5
DA:35,5
DA:36,5
DA:39,7
DA:40,5
DA:41,5
DA:42,6
DA:45,5
DA:46,3
DA:49,5
DA:55,3
DA:76,8
DA:78,2
DA:79,2
DA:82,2
DA:86,7
DA:87,2
DA:89,7
DA:94,2
DA:102,2
DA:110,2
DA:118,2
DA:126,2
DA:135,2
DA:143,2
DA:152,2
DA:160,2
DA:169,2
DA:177,2
DA:187,0
DA:197,0
DA:198,0
DA:202,0
DA:203,0
DA:204,0
DA:206,0
DA:208,0
DA:212,0
DA:213,0
DA:214,0
DA:216,0
DA:220,0
DA:221,0
DA:225,0
DA:226,0
DA:231,0
DA:232,0
DA:237,0
DA:238,0
DA:243,0
DA:245,0
DA:246,0
DA:250,0
DA:251,0
DA:255,0
DA:256,0
DA:260,0
DA:261,0
DA:265,0
DA:266,0
DA:270,0
DA:271,0
DA:275,0
DA:276,0
DA:280,0
DA:281,0
DA:285,0
DA:286,0
DA:289,0
DA:290,0
DA:293,0
DA:303,0
DA:305,0
DA:306,0
DA:310,0
DA:311,0
DA:315,0
DA:316,0
DA:320,0
DA:321,0
DA:325,0
DA:326,0
DA:330,0
DA:331,0
DA:334,0
DA:337,0
DA:338,0
DA:342,0
DA:343,0
DA:344,0
DA:346,0
DA:349,0
DA:352,0
DA:353,0
DA:356,0
DA:359,0
DA:360,0
DA:361,0
DA:363,0
DA:367,0
DA:368,0
DA:372,0
DA:376,0
DA:380,0
DA:381,0
DA:382,0
DA:383,0
DA:385,0
DA:386,0
DA:387,0
DA:388,0
DA:390,0
DA:398,0
DA:400,0
DA:401,0
DA:403,0
DA:404,0
DA:406,0
DA:407,0
DA:418,0
DA:443,0
DA:444,0
DA:445,0
DA:447,0
DA:448,0
DA:450,0
DA:451,0
DA:452,0
DA:455,0
DA:456,0
DA:458,0
LF:139
LH:37
BRDA:35,0,0,2
BRDA:41,1,0,2
BRDA:86,2,0,2
BRDA:203,3,0,0
BRDA:203,3,1,0
BRDA:213,4,0,0
BRDA:216,5,0,0
BRDA:216,5,1,0
BRDA:245,6,0,0
BRDA:250,7,0,0
BRDA:250,8,0,0
BRDA:250,8,1,0
BRDA:255,9,0,0
BRDA:255,10,0,0
BRDA:255,10,1,0
BRDA:260,11,0,0
BRDA:260,12,0,0
BRDA:260,12,1,0
BRDA:265,13,0,0
BRDA:265,14,0,0
BRDA:265,14,1,0
BRDA:270,15,0,0
BRDA:270,16,0,0
BRDA:270,16,1,0
BRDA:275,17,0,0
BRDA:275,18,0,0
BRDA:275,18,1,0
BRDA:280,19,0,0
BRDA:280,20,0,0
BRDA:280,20,1,0
BRDA:285,21,0,0
BRDA:285,22,0,0
BRDA:285,22,1,0
BRDA:289,23,0,0
BRDA:289,24,0,0
BRDA:289,24,1,0
BRDA:305,25,0,0
BRDA:310,26,0,0
BRDA:315,27,0,0
BRDA:320,28,0,0
BRDA:325,29,0,0
BRDA:325,30,0,0
BRDA:325,30,1,0
BRDA:325,30,2,0
BRDA:330,31,0,0
BRDA:330,32,0,0
BRDA:330,32,1,0
BRDA:330,32,2,0
BRDA:337,33,0,0
BRDA:344,34,0,0
BRDA:368,35,0,0
BRDA:368,35,1,0
BRDA:376,36,0,0
BRDA:376,36,1,0
BRDA:381,37,0,0
BRDA:381,37,1,0
BRDA:398,38,0,0
BRDA:398,38,1,0
BRDA:398,38,2,0
BRDA:451,39,0,0
BRDA:451,39,1,0
BRDA:452,40,0,0
BRDA:452,40,1,0
BRDA:456,41,0,0
BRDA:456,41,1,0
BRF:65
BRH:3
end_of_record
TN:
SF:lib/agents/types.ts
FNF:0
FNH:0
DA:1,1
DA:24,2
DA:43,2
LF:3
LH:3
BRF:0
BRH:0
end_of_record
TN:
SF:lib/agents/fundraising/AIOutreachAgent.ts
FN:26,(anonymous_1)
FN:70,(anonymous_2)
FN:99,(anonymous_3)
FN:137,(anonymous_4)
FN:167,(anonymous_5)
FN:203,(anonymous_6)
FN:225,(anonymous_7)
FN:236,(anonymous_8)
FN:263,(anonymous_9)
FN:282,(anonymous_10)
FN:286,(anonymous_11)
FN:301,(anonymous_12)
FN:319,(anonymous_13)
FN:349,(anonymous_14)
FN:370,(anonymous_15)
FN:385,(anonymous_16)
FN:396,(anonymous_17)
FN:410,(anonymous_18)
FN:422,(anonymous_19)
FN:432,(anonymous_20)
FN:462,(anonymous_21)
FN:463,(anonymous_22)
FNF:22
FNH:0
FNDA:0,(anonymous_1)
FNDA:0,(anonymous_2)
FNDA:0,(anonymous_3)
FNDA:0,(anonymous_4)
FNDA:0,(anonymous_5)
FNDA:0,(anonymous_6)
FNDA:0,(anonymous_7)
FNDA:0,(anonymous_8)
FNDA:0,(anonymous_9)
FNDA:0,(anonymous_10)
FNDA:0,(anonymous_11)
FNDA:0,(anonymous_12)
FNDA:0,(anonymous_13)
FNDA:0,(anonymous_14)
FNDA:0,(anonymous_15)
FNDA:0,(anonymous_16)
FNDA:0,(anonymous_17)
FNDA:0,(anonymous_18)
FNDA:0,(anonymous_19)
FNDA:0,(anonymous_20)
FNDA:0,(anonymous_21)
FNDA:0,(anonymous_22)
DA:1,6
DA:23,0
DA:27,0
DA:59,0
DA:71,0
DA:72,0
DA:74,0
DA:75,0
DA:78,0
DA:79,0
DA:80,0
DA:83,0
DA:85,0
DA:86,0
DA:89,0
DA:95,0
DA:105,0
DA:106,0
DA:108,0
DA:109,0
DA:110,0
DA:111,0
DA:113,0
DA:123,0
DA:125,0
DA:132,0
DA:133,0
DA:143,0
DA:144,0
DA:147,0
DA:149,0
DA:159,0
DA:160,0
DA:162,0
DA:163,0
DA:179,0
DA:180,0
DA:182,0
DA:183,0
DA:185,0
DA:195,0
DA:196,0
DA:198,0
DA:199,0
DA:204,0
DA:205,0
DA:213,0
DA:215,0
DA:221,0
DA:226,0
DA:228,0
DA:229,0
DA:230,0
DA:233,0
DA:237,0
DA:239,0
DA:241,0
DA:242,0
DA:250,0
DA:251,0
DA:260,0
DA:264,0
DA:265,0
DA:267,0
DA:283,0
DA:287,0
DA:302,0
DA:304,0
DA:305,0
DA:308,0
DA:309,0
DA:312,0
DA:313,0
DA:316,0
DA:320,0
DA:350,0
DA:353,0
DA:354,0
DA:358,0
DA:359,0
DA:363,0
DA:364,0
DA:367,0
DA:371,0
DA:373,0
DA:386,0
DA:388,0
DA:397,0
DA:399,0
DA:400,0
DA:401,0
DA:402,0
DA:403,0
DA:404,0
DA:407,0
DA:411,0
DA:413,0
DA:414,0
DA:415,0
DA:416,0
DA:419,0
DA:423,0
DA:424,0
DA:425,0
DA:426,0
DA:428,0
DA:433,0
DA:435,0
DA:436,0
DA:444,0
DA:446,0
DA:447,0
DA:448,0
DA:449,0
DA:450,0
DA:451,0
DA:454,0
DA:463,0
LF:118
LH:1
BRDA:29,0,0,0
BRDA:29,0,1,0
BRDA:30,1,0,0
BRDA:30,1,1,0
BRDA:74,2,0,0
BRDA:79,3,0,0
BRDA:85,4,0,0
BRDA:241,5,0,0
BRDA:241,5,1,0
BRDA:243,6,0,0
BRDA:243,6,1,0
BRDA:245,7,0,0
BRDA:245,7,1,0
BRDA:250,8,0,0
BRDA:252,9,0,0
BRDA:252,9,1,0
BRDA:264,10,0,0
BRDA:264,10,1,0
BRDA:265,11,0,0
BRDA:265,11,1,0
BRDA:271,12,0,0
BRDA:271,12,1,0
BRDA:273,13,0,0
BRDA:273,13,1,0
BRDA:273,14,0,0
BRDA:273,14,1,0
BRDA:283,15,0,0
BRDA:283,15,1,0
BRDA:283,16,0,0
BRDA:283,16,1,0
BRDA:283,17,0,0
BRDA:283,17,1,0
BRDA:291,18,0,0
BRDA:291,18,1,0
BRDA:304,19,0,0
BRDA:308,20,0,0
BRDA:312,21,0,0
BRDA:353,22,0,0
BRDA:358,23,0,0
BRDA:363,24,0,0
BRDA:363,25,0,0
BRDA:363,25,1,0
BRDA:389,26,0,0
BRDA:389,26,1,0
BRDA:399,27,0,0
BRDA:399,27,1,0
BRDA:399,28,0,0
BRDA:399,28,1,0
BRDA:401,29,0,0
BRDA:401,29,1,0
BRDA:401,30,0,0
BRDA:401,30,1,0
BRDA:403,31,0,0
BRDA:403,32,0,0
BRDA:403,32,1,0
BRDA:413,33,0,0
BRDA:413,33,1,0
BRDA:413,34,0,0
BRDA:413,34,1,0
BRDA:415,35,0,0
BRDA:415,36,0,0
BRDA:415,36,1,0
BRDA:423,37,0,0
BRDA:423,37,1,0
BRDA:425,38,0,0
BRDA:425,38,1,0
BRDA:435,39,0,0
BRDA:446,40,0,0
BRDA:446,40,1,0
BRDA:449,41,0,0
BRF:70
BRH:0
end_of_record
TN:
SF:lib/agents/fundraising/InvestorResearchAgent.ts
FN:34,(anonymous_1)
FN:77,(anonymous_2)
FN:106,(anonymous_3)
FN:135,(anonymous_4)
FN:161,(anonymous_5)
FN:192,(anonymous_6)
FN:216,(anonymous_7)
FN:259,(anonymous_8)
FN:294,(anonymous_9)
FN:326,(anonymous_10)
FN:327,(anonymous_11)
FNF:11
FNH:1
FNDA:9,(anonymous_1)
FNDA:0,(anonymous_2)
FNDA:0,(anonymous_3)
FNDA:0,(anonymous_4)
FNDA:0,(anonymous_5)
FNDA:0,(anonymous_6)
FNDA:0,(anonymous_7)
FNDA:0,(anonymous_8)
FNDA:0,(anonymous_9)
FNDA:0,(anonymous_10)
FNDA:0,(anonymous_11)
DA:1,7
DA:31,10
DA:35,9
DA:67,0
DA:78,0
DA:79,0
DA:81,0
DA:82,0
DA:85,0
DA:86,0
DA:87,0
DA:90,0
DA:92,0
DA:93,0
DA:96,0
DA:102,0
DA:114,0
DA:115,0
DA:118,0
DA:121,0
DA:127,0
DA:128,0
DA:130,0
DA:131,0
DA:142,0
DA:143,0
DA:145,0
DA:147,0
DA:153,0
DA:154,0
DA:156,0
DA:157,0
DA:173,0
DA:174,0
DA:176,0
DA:178,0
DA:184,0
DA:185,0
DA:187,0
DA:188,0
DA:193,0
DA:195,0
DA:204,0
DA:206,0
DA:212,0
DA:218,0
DA:220,0
DA:260,0
DA:262,0
DA:295,0
DA:297,0
DA:327,0
LF:52
LH:3
BRDA:37,0,0,9
BRDA:37,0,1,0
BRDA:38,1,0,0
BRDA:38,1,1,0
BRDA:81,2,0,0
BRDA:86,3,0,0
BRDA:92,4,0,0
BRF:7
BRH:1
end_of_record
TN:
SF:lib/agents/fundraising/manifest.ts
FNF:0
FNH:0
DA:3,11
LF:1
LH:1
BRF:0
BRH:0
end_of_record
TN:
SF:models/Agent.ts
FNF:0
FNH:0
DA:1,1
DA:61,27
LF:2
LH:2
BRF:0
BRH:0
end_of_record
TN:
SF:models/Company.ts
FNF:0
FNH:0
DA:3,1
DA:4,1
DA:15,4
LF:3
LH:3
BRF:0
BRH:0
end_of_record
TN:
SF:models/CoreObject.ts
FNF:0
FNH:0
DA:1,1
DA:27,20
DA:84,30
LF:3
LH:3
BRF:0
BRH:0
end_of_record
TN:
SF:models/Integration.ts
FNF:0
FNH:0
DA:1,2
DA:11,18
LF:2
LH:2
BRF:0
BRH:0
end_of_record
TN:
SF:models/MetaBox.ts
FNF:0
FNH:0
DA:1,1
DA:29,6
DA:82,14
DA:87,1
LF:4
LH:4
BRF:0
BRH:0
end_of_record
TN:
SF:models/Phase.ts
FNF:0
FNH:0
DA:1,2
DA:14,13
DA:29,2
LF:3
LH:3
BRF:0
BRH:0
end_of_record
TN:
SF:models/User.ts
FNF:0
FNH:0
DA:3,1
DA:15,5
LF:2
LH:2
BRF:0
BRH:0
end_of_record
TN:
SF:pages/_app.tsx
FN:9,App
FN:10,(anonymous_3)
FN:15,(anonymous_4)
FN:29,(anonymous_5)
FN:45,(anonymous_6)
FNF:5
FNH:2
FNDA:4,App
FNDA:4,(anonymous_3)
FNDA:0,(anonymous_4)
FNDA:0,(anonymous_5)
FNDA:0,(anonymous_6)
DA:1,1
DA:3,1
DA:4,1
DA:6,1
DA:7,1
DA:9,4
DA:10,4
DA:12,4
DA:13,4
DA:16,0
DA:22,4
DA:28,4
DA:29,4
DA:30,0
DA:37,0
DA:38,0
DA:40,0
DA:44,4
DA:45,4
DA:46,0
DA:51,0
DA:52,0
LF:22
LH:14
BRDA:12,0,0,4
BRDA:12,1,0,4
BRDA:12,1,1,4
BRDA:16,2,0,0
BRDA:30,3,0,0
BRDA:30,3,1,0
BRDA:37,4,0,0
BRDA:46,5,0,0
BRDA:46,5,1,0
BRDA:51,6,0,0
BRF:10
BRH:3
end_of_record
TN:
SF:pages/dashboard.tsx
FN:5,Dashboard
FN:85,(anonymous_3)
FN:131,(anonymous_4)
FNF:3
FNH:0
FNDA:0,Dashboard
FNDA:0,(anonymous_3)
FNDA:0,(anonymous_4)
DA:1,0
DA:2,0
DA:3,0
DA:5,0
DA:6,0
DA:17,0
DA:86,0
DA:132,0
LF:8
LH:0
BRDA:90,0,0,0
BRDA:90,0,1,0
BRF:2
BRH:0
end_of_record
TN:
SF:pages/fundraising.tsx
FN:18,Fundraising
FN:179,(anonymous_3)
FN:188,(anonymous_4)
FN:221,(anonymous_5)
FN:231,(anonymous_6)
FN:291,(anonymous_7)
FN:302,(anonymous_8)
FN:306,(anonymous_9)
FN:319,(anonymous_10)
FN:344,(anonymous_11)
FN:352,(anonymous_12)
FN:373,(anonymous_13)
FN:405,(anonymous_14)
FNF:13
FNH:0
FNDA:0,Fundraising
FNDA:0,(anonymous_3)
FNDA:0,(anonymous_4)
FNDA:0,(anonymous_5)
FNDA:0,(anonymous_6)
FNDA:0,(anonymous_7)
FNDA:0,(anonymous_8)
FNDA:0,(anonymous_9)
FNDA:0,(anonymous_10)
FNDA:0,(anonymous_11)
FNDA:0,(anonymous_12)
FNDA:0,(anonymous_13)
FNDA:0,(anonymous_14)
DA:1,0
DA:2,0
DA:3,0
DA:4,0
DA:5,0
DA:18,0
DA:19,0
DA:20,0
DA:21,0
DA:23,0
DA:138,0
DA:171,0
DA:179,0
DA:180,0
DA:181,0
DA:182,0
DA:183,0
DA:184,0
DA:188,0
DA:189,0
DA:190,0
DA:191,0
DA:192,0
DA:193,0
DA:221,0
DA:231,0
DA:292,0
DA:303,0
DA:307,0
DA:308,0
DA:320,0
DA:345,0
DA:353,0
DA:373,0
DA:406,0
LF:35
LH:0
BRDA:180,0,0,0
BRDA:180,0,1,0
BRDA:180,0,2,0
BRDA:180,0,3,0
BRDA:189,1,0,0
BRDA:189,1,1,0
BRDA:189,1,2,0
BRDA:189,1,3,0
BRDA:223,2,0,0
BRDA:223,2,1,0
BRDA:233,3,0,0
BRDA:233,3,1,0
BRDA:246,4,0,0
BRDA:366,5,0,0
BRDA:366,5,1,0
BRF:15
BRH:0
end_of_record
TN:
SF:pages/hiring.tsx
FN:17,Hiring
FN:166,(anonymous_3)
FN:175,(anonymous_4)
FN:207,(anonymous_5)
FN:252,(anonymous_6)
FN:263,(anonymous_7)
FN:267,(anonymous_8)
FN:281,(anonymous_9)
FN:306,(anonymous_10)
FN:314,(anonymous_11)
FN:335,(anonymous_12)
FN:371,(anonymous_13)
FNF:12
FNH:9
FNDA:4,Hiring
FNDA:24,(anonymous_3)
FNDA:20,(anonymous_4)
FNDA:20,(anonymous_5)
FNDA:20,(anonymous_6)
FNDA:24,(anonymous_7)
FNDA:0,(anonymous_8)
FNDA:48,(anonymous_9)
FNDA:20,(anonymous_10)
FNDA:40,(anonymous_11)
FNDA:0,(anonymous_12)
FNDA:0,(anonymous_13)
DA:1,1
DA:2,1
DA:3,1
DA:17,4
DA:18,4
DA:19,4
DA:21,4
DA:125,4
DA:158,4
DA:166,4
DA:167,24
DA:168,12
DA:169,8
DA:170,4
DA:171,0
DA:175,4
DA:176,20
DA:177,4
DA:178,4
DA:179,12
DA:180,0
DA:208,20
DA:253,20
DA:264,24
DA:268,0
DA:269,0
DA:282,48
DA:307,20
DA:315,40
DA:335,0
DA:372,0
LF:31
LH:25
BRDA:167,0,0,12
BRDA:167,0,1,8
BRDA:167,0,2,4
BRDA:167,0,3,0
BRDA:176,1,0,4
BRDA:176,1,1,4
BRDA:176,1,2,12
BRDA:176,1,3,0
BRDA:211,2,0,12
BRDA:211,2,1,8
BRDA:216,3,0,12
BRDA:216,3,1,8
BRDA:328,4,0,4
BRDA:328,4,1,0
BRF:14
BRH:11
end_of_record
TN:
SF:pages/index.tsx
FN:5,Homepage
FN:129,(anonymous_3)
FN:153,(anonymous_4)
FNF:3
FNH:3
FNDA:4,Homepage
FNDA:24,(anonymous_3)
FNDA:32,(anonymous_4)
DA:1,1
DA:2,1
DA:3,1
DA:5,4
DA:6,4
DA:39,4
DA:130,24
DA:154,32
LF:8
LH:8
BRF:0
BRH:0
end_of_record
TN:
SF:pages/login.tsx
FN:5,Login
FN:10,(anonymous_3)
FN:15,(anonymous_4)
FN:21,(anonymous_5)
FN:65,(anonymous_6)
FNF:5
FNH:1
FNDA:4,Login
FNDA:0,(anonymous_3)
FNDA:0,(anonymous_4)
FNDA:0,(anonymous_5)
FNDA:0,(anonymous_6)
DA:1,1
DA:2,1
DA:3,1
DA:5,4
DA:6,4
DA:7,4
DA:8,4
DA:10,4
DA:11,0
DA:12,0
DA:15,0
DA:16,0
DA:17,0
DA:21,4
DA:23,0
DA:65,0
LF:16
LH:9
BRDA:51,0,0,4
BRDA:78,1,0,0
BRDA:78,1,1,4
BRF:3
BRH:2
end_of_record
TN:
SF:pages/marketing.tsx
FN:17,Marketing
FN:137,(anonymous_3)
FN:146,(anonymous_4)
FN:178,(anonymous_5)
FN:223,(anonymous_6)
FN:234,(anonymous_7)
FN:238,(anonymous_8)
FN:252,(anonymous_9)
FN:277,(anonymous_10)
FN:285,(anonymous_11)
FN:306,(anonymous_12)
FN:342,(anonymous_13)
FNF:12
FNH:0
FNDA:0,Marketing
FNDA:0,(anonymous_3)
FNDA:0,(anonymous_4)
FNDA:0,(anonymous_5)
FNDA:0,(anonymous_6)
FNDA:0,(anonymous_7)
FNDA:0,(anonymous_8)
FNDA:0,(anonymous_9)
FNDA:0,(anonymous_10)
FNDA:0,(anonymous_11)
FNDA:0,(anonymous_12)
FNDA:0,(anonymous_13)
DA:1,0
DA:2,0
DA:3,0
DA:17,0
DA:18,0
DA:19,0
DA:21,0
DA:96,0
DA:129,0
DA:137,0
DA:138,0
DA:139,0
DA:140,0
DA:141,0
DA:142,0
DA:146,0
DA:147,0
DA:148,0
DA:149,0
DA:150,0
DA:151,0
DA:179,0
DA:224,0
DA:235,0
DA:239,0
DA:240,0
DA:253,0
DA:278,0
DA:286,0
DA:306,0
DA:343,0
LF:31
LH:0
BRDA:138,0,0,0
BRDA:138,0,1,0
BRDA:138,0,2,0
BRDA:138,0,3,0
BRDA:147,1,0,0
BRDA:147,1,1,0
BRDA:147,1,2,0
BRDA:147,1,3,0
BRDA:182,2,0,0
BRDA:182,2,1,0
BRDA:187,3,0,0
BRDA:187,3,1,0
BRDA:299,4,0,0
BRDA:299,4,1,0
BRF:14
BRH:0
end_of_record
TN:
SF:pages/product.tsx
FN:17,Product
FN:155,(anonymous_3)
FN:164,(anonymous_4)
FN:196,(anonymous_5)
FN:241,(anonymous_6)
FN:252,(anonymous_7)
FN:256,(anonymous_8)
FN:270,(anonymous_9)
FN:295,(anonymous_10)
FN:303,(anonymous_11)
FN:324,(anonymous_12)
FN:360,(anonymous_13)
FNF:12
FNH:0
FNDA:0,Product
FNDA:0,(anonymous_3)
FNDA:0,(anonymous_4)
FNDA:0,(anonymous_5)
FNDA:0,(anonymous_6)
FNDA:0,(anonymous_7)
FNDA:0,(anonymous_8)
FNDA:0,(anonymous_9)
FNDA:0,(anonymous_10)
FNDA:0,(anonymous_11)
FNDA:0,(anonymous_12)
FNDA:0,(anonymous_13)
DA:1,0
DA:2,0
DA:3,0
DA:17,0
DA:18,0
DA:19,0
DA:21,0
DA:114,0
DA:147,0
DA:155,0
DA:156,0
DA:157,0
DA:158,0
DA:159,0
DA:160,0
DA:164,0
DA:165,0
DA:166,0
DA:167,0
DA:168,0
DA:169,0
DA:197,0
DA:242,0
DA:253,0
DA:257,0
DA:258,0
DA:271,0
DA:296,0
DA:304,0
DA:324,0
DA:361,0
LF:31
LH:0
BRDA:156,0,0,0
BRDA:156,0,1,0
BRDA:156,0,2,0
BRDA:156,0,3,0
BRDA:165,1,0,0
BRDA:165,1,1,0
BRDA:165,1,2,0
BRDA:165,1,3,0
BRDA:200,2,0,0
BRDA:200,2,1,0
BRDA:205,3,0,0
BRDA:205,3,1,0
BRDA:317,4,0,0
BRDA:317,4,1,0
BRF:14
BRH:0
end_of_record
TN:
SF:pages/reporting.tsx
FN:4,Reporting
FNF:1
FNH:0
FNDA:0,Reporting
DA:1,0
DA:2,0
DA:4,0
LF:3
LH:0
BRF:0
BRH:0
end_of_record
TN:
SF:pages/selling.tsx
FN:17,Selling
FN:155,(anonymous_3)
FN:164,(anonymous_4)
FN:196,(anonymous_5)
FN:241,(anonymous_6)
FN:252,(anonymous_7)
FN:256,(anonymous_8)
FN:270,(anonymous_9)
FN:295,(anonymous_10)
FN:303,(anonymous_11)
FN:324,(anonymous_12)
FN:360,(anonymous_13)
FNF:12
FNH:0
FNDA:0,Selling
FNDA:0,(anonymous_3)
FNDA:0,(anonymous_4)
FNDA:0,(anonymous_5)
FNDA:0,(anonymous_6)
FNDA:0,(anonymous_7)
FNDA:0,(anonymous_8)
FNDA:0,(anonymous_9)
FNDA:0,(anonymous_10)
FNDA:0,(anonymous_11)
FNDA:0,(anonymous_12)
FNDA:0,(anonymous_13)
DA:1,0
DA:2,0
DA:3,0
DA:17,0
DA:18,0
DA:19,0
DA:21,0
DA:114,0
DA:147,0
DA:155,0
DA:156,0
DA:157,0
DA:158,0
DA:159,0
DA:160,0
DA:164,0
DA:165,0
DA:166,0
DA:167,0
DA:168,0
DA:169,0
DA:197,0
DA:242,0
DA:253,0
DA:257,0
DA:258,0
DA:271,0
DA:296,0
DA:304,0
DA:324,0
DA:361,0
LF:31
LH:0
BRDA:156,0,0,0
BRDA:156,0,1,0
BRDA:156,0,2,0
BRDA:156,0,3,0
BRDA:165,1,0,0
BRDA:165,1,1,0
BRDA:165,1,2,0
BRDA:165,1,3,0
BRDA:200,2,0,0
BRDA:200,2,1,0
BRDA:205,3,0,0
BRDA:205,3,1,0
BRDA:317,4,0,0
BRDA:317,4,1,0
BRF:14
BRH:0
end_of_record
TN:
SF:pages/settings.tsx
FN:4,Settings
FNF:1
FNH:1
FNDA:4,Settings
DA:1,1
DA:2,1
DA:4,4
LF:3
LH:3
BRF:0
BRH:0
end_of_record
TN:
SF:pages/test-betterstack.tsx
FN:5,TestBetterStack
FN:13,(anonymous_2)
FN:15,(anonymous_3)
FN:22,(anonymous_4)
FN:29,(anonymous_5)
FN:36,(anonymous_6)
FN:43,(anonymous_7)
FNF:7
FNH:0
FNDA:0,TestBetterStack
FNDA:0,(anonymous_2)
FNDA:0,(anonymous_3)
FNDA:0,(anonymous_4)
FNDA:0,(anonymous_5)
FNDA:0,(anonymous_6)
FNDA:0,(anonymous_7)
DA:1,0
DA:3,0
DA:5,0
DA:6,0
DA:13,0
DA:15,0
DA:16,0
DA:18,0
DA:22,0
DA:25,0
DA:29,0
DA:32,0
DA:36,0
DA:39,0
DA:43,0
DA:45,0
DA:47,0
DA:51,0
LF:18
LH:0
BRDA:63,0,0,0
BRDA:63,0,1,0
BRDA:65,1,0,0
BRDA:65,1,1,0
BRDA:72,2,0,0
BRDA:72,2,1,0
BRDA:74,3,0,0
BRDA:74,3,1,0
BRDA:81,4,0,0
BRDA:81,4,1,0
BRDA:83,5,0,0
BRDA:83,5,1,0
BRDA:90,6,0,0
BRDA:90,6,1,0
BRDA:92,7,0,0
BRDA:92,7,1,0
BRF:16
BRH:0
end_of_record
TN:
SF:pages/test-dashboard.tsx
FN:15,(anonymous_1)
FN:17,TestDashboard
FN:22,(anonymous_3)
FN:37,(anonymous_4)
FN:40,(anonymous_5)
FN:61,(anonymous_6)
FNF:6
FNH:4
FNDA:0,(anonymous_1)
FNDA:8,TestDashboard
FNDA:4,(anonymous_3)
FNDA:4,(anonymous_4)
FNDA:4,(anonymous_5)
FNDA:0,(anonymous_6)
DA:1,1
DA:15,1
DA:17,4
DA:18,8
DA:19,8
DA:20,8
DA:22,8
DA:23,4
DA:24,4
DA:25,4
DA:26,4
DA:27,0
DA:28,0
DA:29,0
DA:31,4
DA:33,4
DA:37,8
DA:38,4
DA:39,4
DA:40,4
DA:62,0
LF:21
LH:17
BRDA:15,0,0,0
BRDA:15,0,1,0
BRDA:27,1,0,0
BRF:3
BRH:0
end_of_record
TN:
SF:pages/workspace-demo.tsx
FN:55,(anonymous_4)
FN:60,(anonymous_5)
FN:75,(anonymous_6)
FN:79,(anonymous_7)
FNF:4
FNH:0
FNDA:0,(anonymous_4)
FNDA:0,(anonymous_5)
FNDA:0,(anonymous_6)
FNDA:0,(anonymous_7)
DA:1,0
DA:3,0
DA:6,0
DA:30,0
DA:31,0
DA:32,0
DA:34,0
DA:55,0
DA:56,0
DA:57,0
DA:58,0
DA:60,0
DA:61,0
DA:62,0
DA:63,0
DA:64,0
DA:65,0
DA:66,0
DA:67,0
DA:69,0
DA:71,0
DA:75,0
DA:76,0
DA:79,0
DA:80,0
DA:81,0
DA:82,0
DA:83,0
DA:84,0
DA:89,0
DA:90,0
DA:92,0
DA:94,0
DA:112,0
LF:34
LH:0
BRDA:65,0,0,0
BRDA:69,1,0,0
BRDA:69,1,1,0
BRDA:81,2,0,0
BRDA:89,3,0,0
BRDA:92,4,0,0
BRDA:92,4,1,0
BRF:7
BRH:0
end_of_record
TN:
SF:pages/api/test-status.ts
FN:22,handler
FNF:1
FNH:1
FNDA:24,handler
DA:1,3
DA:2,3
DA:3,3
DA:4,3
DA:8,3
DA:22,24
DA:23,24
DA:24,7
DA:27,17
DA:29,17
DA:30,17
DA:34,17
DA:36,1
DA:37,16
DA:39,14
DA:40,14
DA:41,14
DA:42,14
DA:44,14
DA:45,48998
DA:46,754
DA:47,48244
DA:48,754
DA:52,14
DA:54,14
DA:64,2
DA:65,2
DA:67,0
DA:68,0
DA:70,0
DA:73,0
DA:75,0
DA:80,0
DA:84,14
DA:87,14
DA:105,14
DA:107,1
DA:108,1
LF:38
LH:32
BRDA:23,0,0,7
BRDA:34,1,0,1
BRDA:34,1,1,16
BRDA:37,2,0,14
BRDA:37,2,1,2
BRDA:45,3,0,754
BRDA:45,3,1,48244
BRDA:47,4,0,754
BRDA:52,5,0,13
BRDA:52,5,1,1
BRDA:67,6,0,0
BRDA:67,6,1,0
BRF:12
BRH:10
end_of_record
TN:
SF:pages/api/agents/execute.ts
FN:6,handler
FNF:1
FNH:1
FNDA:11,handler
DA:3,2
DA:6,11
DA:7,11
DA:8,4
DA:11,7
DA:12,7
DA:14,7
DA:15,3
DA:18,4
DA:24,4
DA:27,4
DA:29,1
DA:32,3
DA:35,1
DA:46,3
DA:47,3
LF:16
LH:16
BRDA:7,0,0,4
BRDA:14,1,0,3
BRDA:14,2,0,7
BRDA:14,2,1,5
BRDA:27,3,0,1
BRDA:27,3,1,3
BRDA:40,4,0,1
BRDA:40,4,1,1
BRDA:49,5,0,3
BRDA:49,5,1,0
BRF:10
BRH:9
end_of_record
TN:
SF:pages/api/agents/performance.ts
FN:5,handler
FNF:1
FNH:0
FNDA:0,handler
DA:3,0
DA:5,0
DA:6,0
DA:7,0
DA:10,0
DA:11,0
DA:13,0
DA:19,0
DA:20,0
LF:9
LH:0
BRDA:6,0,0,0
BRF:1
BRH:0
end_of_record
TN:
SF:pages/api/agents/orchestrator/receive.ts
FN:6,handler
FNF:1
FNH:1
FNDA:3,handler
DA:6,3
DA:8,3
LF:2
LH:2
BRF:0
BRH:0
end_of_record
TN:
SF:pages/api/agents/scout/receive.ts
FN:6,handler
FNF:1
FNH:1
FNDA:10,handler
DA:6,10
DA:8,10
LF:2
LH:2
BRF:0
BRH:0
end_of_record
TN:
SF:pages/api/core-objects/[id].ts
FN:7,handler
FN:12,(anonymous_2)
FN:24,(anonymous_3)
FN:53,(anonymous_4)
FNF:4
FNH:0
FNDA:0,handler
FNDA:0,(anonymous_2)
FNDA:0,(anonymous_3)
FNDA:0,(anonymous_4)
DA:2,0
DA:5,0
DA:7,0
DA:8,0
DA:10,0
DA:11,0
DA:12,0
DA:14,0
DA:15,0
DA:18,0
DA:20,0
DA:22,0
DA:23,0
DA:24,0
DA:26,0
DA:27,0
DA:30,0
DA:33,0
DA:39,0
DA:41,0
DA:42,0
DA:45,0
DA:47,0
DA:49,0
DA:51,0
DA:52,0
DA:53,0
DA:55,0
DA:56,0
DA:59,0
DA:61,0
DA:63,0
DA:66,0
DA:67,0
LF:34
LH:0
BRDA:10,0,0,0
BRDA:10,0,1,0
BRDA:14,1,0,0
BRDA:22,2,0,0
BRDA:22,2,1,0
BRDA:26,3,0,0
BRDA:41,4,0,0
BRDA:51,5,0,0
BRDA:51,5,1,0
BRDA:55,6,0,0
BRF:10
BRH:0
end_of_record
TN:
SF:pages/api/core-objects/index.ts
FN:7,handler
FN:16,(anonymous_2)
FN:19,(anonymous_3)
FN:22,(anonymous_4)
FN:25,(anonymous_5)
FN:29,(anonymous_6)
FNF:6
FNH:0
FNDA:0,handler
FNDA:0,(anonymous_2)
FNDA:0,(anonymous_3)
FNDA:0,(anonymous_4)
FNDA:0,(anonymous_5)
FNDA:0,(anonymous_6)
DA:2,0
DA:5,0
DA:7,0
DA:8,0
DA:9,0
DA:10,0
DA:12,0
DA:15,0
DA:16,0
DA:18,0
DA:19,0
DA:21,0
DA:22,0
DA:24,0
DA:25,0
DA:27,0
DA:28,0
DA:29,0
DA:32,0
DA:34,0
DA:36,0
DA:37,0
DA:38,0
DA:41,0
DA:50,0
DA:51,0
DA:54,0
DA:55,0
DA:57,0
DA:59,0
DA:62,0
DA:63,0
LF:32
LH:0
BRDA:8,0,0,0
BRDA:8,0,1,0
BRDA:15,1,0,0
BRDA:18,2,0,0
BRDA:21,3,0,0
BRDA:24,4,0,0
BRDA:27,5,0,0
BRDA:28,6,0,0
BRDA:28,6,1,0
BRDA:36,7,0,0
BRDA:36,7,1,0
BRDA:44,8,0,0
BRDA:44,8,1,0
BRDA:50,9,0,0
BRF:14
BRH:0
end_of_record
TN:
SF:pages/api/phases/[id].ts
FN:9,handler
FN:34,handleGet
FN:35,(anonymous_3)
FN:44,handlePut
FN:46,(anonymous_5)
FN:74,handleDelete
FN:75,(anonymous_7)
FNF:7
FNH:4
FNDA:6,handler
FNDA:1,handleGet
FNDA:0,(anonymous_3)
FNDA:1,handlePut
FNDA:0,(anonymous_5)
FNDA:1,handleDelete
FNDA:0,(anonymous_7)
DA:2,1
DA:4,1
DA:5,1
DA:7,1
DA:9,6
DA:10,6
DA:11,6
DA:13,6
DA:14,2
DA:17,4
DA:19,1
DA:21,1
DA:23,1
DA:25,1
DA:26,1
DA:29,0
DA:30,0
DA:35,1
DA:37,1
DA:38,1
DA:41,0
DA:45,1
DA:46,1
DA:48,1
DA:49,1
DA:52,0
DA:54,0
DA:60,0
DA:62,0
DA:64,0
DA:65,0
DA:70,0
DA:75,1
DA:77,1
DA:78,1
DA:81,0
DA:82,0
DA:84,0
LF:38
LH:25
BRDA:13,0,0,2
BRDA:13,1,0,6
BRDA:13,1,1,4
BRDA:17,2,0,1
BRDA:17,2,1,1
BRDA:17,2,2,1
BRDA:17,2,3,1
BRDA:37,3,0,1
BRDA:48,4,0,1
BRDA:64,5,0,0
BRDA:77,6,0,1
BRF:11
BRH:10
end_of_record
TN:
SF:pages/api/phases/index.ts
FN:7,handler
FN:16,(anonymous_2)
FN:19,(anonymous_3)
FN:23,(anonymous_4)
FNF:4
FNH:1
FNDA:7,handler
FNDA:0,(anonymous_2)
FNDA:0,(anonymous_3)
FNDA:0,(anonymous_4)
DA:2,1
DA:5,1
DA:7,7
DA:8,7
DA:9,2
DA:10,2
DA:12,2
DA:15,2
DA:16,0
DA:18,2
DA:19,0
DA:23,2
DA:25,2
DA:27,0
DA:29,5
DA:30,4
DA:31,4
DA:34,4
DA:41,4
DA:42,4
DA:45,0
DA:46,0
DA:48,0
DA:50,0
DA:53,1
DA:54,1
LF:26
LH:19
BRDA:8,0,0,2
BRDA:8,0,1,5
BRDA:15,1,0,0
BRDA:18,2,0,0
BRDA:29,3,0,4
BRDA:29,3,1,1
BRDA:41,4,0,4
BRF:7
BRH:5
end_of_record
